#
# A fatal error has been detected by the Java Runtime Environment:
#
#  SIGSEGV (0xb) at pc=0x00007f61d161f32e, pid=19903, tid=0x00007f6157fff700
#
# JRE version: Java(TM) SE Runtime Environment (8.0_211-b12) (build 1.8.0_211-b12)
# Java VM: Java HotSpot(TM) 64-Bit Server VM (25.211-b12 mixed mode linux-amd64 compressed oops)
# Problematic frame:
# J 7732 C1 org.codehaus.groovy.runtime.ArrayUtil.createArray(Ljava/lang/Object;Ljava/lang/Object;Ljava/lang/Object;Ljava/lang/Object;)[Ljava/lang/Object; (21 bytes) @ 0x00007f61d161f32e [0x00007f61d161f200+0x12e]
#
# Failed to write core dump. Core dumps have been disabled. To enable core dumping, try "ulimit -c unlimited" before starting Java again
#
# If you would like to submit a bug report, please visit:
#   http://bugreport.java.com/bugreport/crash.jsp
#

---------------  T H R E A D  ---------------

Current thread (0x00007f61e18cd800):  JavaThread "http-nio-8080-exec-8" daemon [_thread_in_Java, id=19950, stack(0x00007f6157eff000,0x00007f6158000000)]

siginfo: si_signo: 11 (SIGSEGV), si_code: 1 (SEGV_MAPERR), si_addr: 0x0000000000000028

Registers:
RAX=0x00000000f29b8130, RBX=0x0000000100000f28, RCX=0x0000000000000028, RDX=0x0000000000000000
RSP=0x00007f6157ff31f0, RBP=0x00007f6157ff32a8, RSI=0x00000000f29b8144, RDI=0x00007f61e39a0000
R8 =0x00007f6100001fa0, R9 =0x00000000d15d74b0, R10=0x00000000d15d74b0, R11=0x00007f6157ff3660
R12=0x0000000000000000, R13=0x00007f61bf1d4978, R14=0x00007f6157ff32e8, R15=0x00007f61e18cd800
RIP=0x00007f61d161f32e, EFLAGS=0x0000000000010297, CSGSFS=0x002b000000000033, ERR=0x0000000000000004
  TRAPNO=0x000000000000000e

Top of Stack: (sp=0x00007f6157ff31f0)
0x00007f6157ff31f0:   00007f61ce02eeb0 00007f61e18cd800
0x00007f6157ff3200:   00007f61d05a75d0 00007f6100000000
0x00007f6157ff3210:   00007f6157ff3330 00007f6157ff32c0
0x00007f6157ff3220:   00007f6157ff32a8 00007f61d05aa040
0x00007f6157ff3230:   00007f61d05aa040 00007f6100001fa0
0x00007f6157ff3240:   00007f61bf1d4978 00007f6157ff3660
0x00007f6157ff3250:   00000000d15d74b0 00000000d2ff3038
0x00007f6157ff3260:   00000000fc364050 00007f6157ff3268
0x00007f6157ff3270:   00007f61ce0338d3 00007f6157ff32e8
0x00007f6157ff3280:   00007f61ce035830 0000000000000000
0x00007f6157ff3290:   00007f61ce033940 00007f6157ff3238
0x00007f6157ff32a0:   00007f6157ff32c0 00007f6157ff3330
0x00007f6157ff32b0:   00007f61d05aa114 00000000fc364050
0x00007f6157ff32c0:   00007f6100001fa0 00007f61bf1d4978
0x00007f6157ff32d0:   00007f6157ff3660 00000000d15d74b0
0x00007f6157ff32e0:   00000000d2ff3038 00000000fc364050
0x00007f6157ff32f0:   00007f6157ff32f0 00007f61570a6248
0x00007f6157ff3300:   00007f6157ff3358 00007f61570b3a78
0x00007f6157ff3310:   0000000000000000 00007f61570a6288
0x00007f6157ff3320:   00007f6157ff32c0 00007f6157ff3348
0x00007f6157ff3330:   00007f6157ff33a0 00007f61d05aa040
0x00007f6157ff3340:   00000000fc362808 00007f6100001fa0
0x00007f6157ff3350:   00007f61bf1d4978 00007f6157ff3660
0x00007f6157ff3360:   00007f6157ff3360 00007f615709b39c
0x00007f6157ff3370:   00007f6157ff33d0 00007f61570b1a58
0x00007f6157ff3380:   0000000000000000 00007f615709b3a0
0x00007f6157ff3390:   00007f6157ff3348 00007f6157ff33b0
0x00007f6157ff33a0:   00007f6157ff3418 00007f61d05aa114
0x00007f6157ff33b0:   00007f6100001fa0 00007f61bf1d4978
0x00007f6157ff33c0:   00007f6157ff3660 0000000000000000
0x00007f6157ff33d0:   00000000fc434b00 00007f6157ff33d8
0x00007f6157ff33e0:   00007f61bf1d4919 00007f6157ff3440 

Instructions: (pc=0x00007f61d161f32e)
0x00007f61d161f30e:   08 48 c1 e3 03 41 8b 53 08 48 c1 e2 03 48 8b 9b
0x00007f61d161f31e:   e8 00 00 00 48 3b d3 0f 84 28 00 00 00 8b 4b 0c
0x00007f61d161f32e:   48 3b 1c 0a 0f 84 1b 00 00 00 83 f9 18 0f 85 0f
0x00007f61d161f33e:   01 00 00 52 53 e8 d8 11 08 ff 5a 5b 83 fb 00 0f 

Register to memory mapping:

RAX=0x00000000f29b8130 is an oop
[Ljava.lang.Object; 
 - klass: 'java/lang/Object'[]
 - length: 4
RBX=0x0000000100000f28 is pointing into metadata
RCX=0x0000000000000028 is an unknown value
RDX=0x0000000000000000 is an unknown value
RSP=0x00007f6157ff31f0 is pointing into the stack for thread: 0x00007f61e18cd800
RBP=0x00007f6157ff32a8 is pointing into the stack for thread: 0x00007f61e18cd800
RSI=0x00000000f29b8144 is an unknown value
RDI=0x00007f61e39a0000 is an unknown value
R8 =0x00007f6100001fa0 is an unknown value
R9 =0x00000000d15d74b0 is an oop
java.lang.Class 
 - klass: 'java/lang/Class'
R10=0x00000000d15d74b0 is an oop
java.lang.Class 
 - klass: 'java/lang/Class'
R11=0x00007f6157ff3660 is pointing into the stack for thread: 0x00007f61e18cd800
R12=0x0000000000000000 is an unknown value
R13={method} {0x00007f61bf1d4978} 'executeQuery' '(Ljava/lang/CharSequence;Ljava/util/Map;Ljava/util/Map;)Ljava/util/List;' in 'webec/Module'
R14=0x00007f6157ff32e8 is pointing into the stack for thread: 0x00007f61e18cd800
R15=0x00007f61e18cd800 is a thread


Stack: [0x00007f6157eff000,0x00007f6158000000],  sp=0x00007f6157ff31f0,  free space=976k
Native frames: (J=compiled Java code, j=interpreted, Vv=VM code, C=native code)
J 7732 C1 org.codehaus.groovy.runtime.ArrayUtil.createArray(Ljava/lang/Object;Ljava/lang/Object;Ljava/lang/Object;Ljava/lang/Object;)[Ljava/lang/Object; (21 bytes) @ 0x00007f61d161f32e [0x00007f61d161f200+0x12e]
j  org.codehaus.groovy.runtime.callsite.AbstractCallSite.call(Ljava/lang/Object;Ljava/lang/Object;Ljava/lang/Object;Ljava/lang/Object;Ljava/lang/Object;)Ljava/lang/Object;+43
j  webec.Module$$ERPhf3WK.executeQuery(Ljava/lang/CharSequence;Ljava/util/Map;Ljava/util/Map;)Ljava/util/List;+16
j  webec.Module$$DRPhf3WK.executeQuery(Lwebec/Module;Ljava/lang/CharSequence;Ljava/util/Map;Ljava/util/Map;)Ljava/util/List;+4
j  webec.Module.executeQuery(Ljava/lang/CharSequence;Ljava/util/Map;Ljava/util/Map;)Ljava/util/List;+25
v  ~StubRoutines::call_stub
V  [libjvm.so+0x68842b]  JavaCalls::call_helper(JavaValue*, methodHandle*, JavaCallArguments*, Thread*)+0xddb
V  [libjvm.so+0x999e55]  Reflection::invoke(instanceKlassHandle, methodHandle, Handle, bool, objArrayHandle, BasicType, objArrayHandle, bool, Thread*)+0xb65
V  [libjvm.so+0x99b796]  Reflection::invoke_method(oopDesc*, Handle, objArrayHandle, Thread*)+0x126
V  [libjvm.so+0x6fd472]  JVM_InvokeMethod+0x102
J 2064  sun.reflect.NativeMethodAccessorImpl.invoke0(Ljava/lang/reflect/Method;Ljava/lang/Object;[Ljava/lang/Object;)Ljava/lang/Object; (0 bytes) @ 0x00007f61d0b4acad [0x00007f61d0b4abc0+0xed]
J 2063 C1 sun.reflect.NativeMethodAccessorImpl.invoke(Ljava/lang/Object;[Ljava/lang/Object;)Ljava/lang/Object; (104 bytes) @ 0x00007f61d0b4b354 [0x00007f61d0b4afe0+0x374]
J 803 C1 sun.reflect.DelegatingMethodAccessorImpl.invoke(Ljava/lang/Object;[Ljava/lang/Object;)Ljava/lang/Object; (10 bytes) @ 0x00007f61d0936304 [0x00007f61d09362c0+0x44]
J 802 C1 java.lang.reflect.Method.invoke(Ljava/lang/Object;[Ljava/lang/Object;)Ljava/lang/Object; (62 bytes) @ 0x00007f61d0935f14 [0x00007f61d0935e20+0xf4]
J 1918 C1 org.springsource.loaded.ri.ReflectiveInterceptor.jlrMethodInvoke(Ljava/lang/reflect/Method;Ljava/lang/Object;[Ljava/lang/Object;)Ljava/lang/Object; (2214 bytes) @ 0x00007f61d0af8fd4 [0x00007f61d0af79a0+0x1634]
J 3649 C1 org.codehaus.groovy.reflection.CachedMethod.invoke(Ljava/lang/Object;[Ljava/lang/Object;)Ljava/lang/Object; (70 bytes) @ 0x00007f61d0e7f734 [0x00007f61d0e7f700+0x34]
J 1946 C1 groovy.lang.MetaMethod.doMethodInvoke(Ljava/lang/Object;[Ljava/lang/Object;)Ljava/lang/Object; (22 bytes) @ 0x00007f61d0b15014 [0x00007f61d0b14fa0+0x74]
J 3641 C1 groovy.lang.MetaClassImpl.getProperty(Ljava/lang/Class;Ljava/lang/Object;Ljava/lang/String;ZZ)Ljava/lang/Object; (396 bytes) @ 0x00007f61d0e77cc4 [0x00007f61d0e76fe0+0xce4]
J 7005 C1 groovy.lang.ExpandoMetaClass.getProperty(Ljava/lang/Class;Ljava/lang/Object;Ljava/lang/String;ZZ)Ljava/lang/Object; (71 bytes) @ 0x00007f61d1482b5c [0x00007f61d14829e0+0x17c]
J 7868 C1 groovy.lang.ExpandoMetaClass.getProperty(Ljava/lang/Object;Ljava/lang/String;)Ljava/lang/Object; (43 bytes) @ 0x00007f61d1657bcc [0x00007f61d1657ac0+0x10c]
j  org.codehaus.groovy.runtime.callsite.PogoMetaClassGetPropertySite.getProperty(Ljava/lang/Object;)Ljava/lang/Object;+9
J 7730 C1 org.codehaus.groovy.runtime.callsite.GetEffectivePogoPropertySite.callGetProperty(Ljava/lang/Object;)Ljava/lang/Object; (56 bytes) @ 0x00007f61d161df44 [0x00007f61d161dce0+0x264]
j  grails.plugin.formfields.FormFieldsTagLib.displayAssociation(Ljava/lang/Object;Lorg/grails/datastore/mapping/model/PersistentEntity;)Ljava/lang/CharSequence;+93
v  ~StubRoutines::call_stub
V  [libjvm.so+0x68842b]  JavaCalls::call_helper(JavaValue*, methodHandle*, JavaCallArguments*, Thread*)+0xddb
V  [libjvm.so+0x999e55]  Reflection::invoke(instanceKlassHandle, methodHandle, Handle, bool, objArrayHandle, BasicType, objArrayHandle, bool, Thread*)+0xb65
V  [libjvm.so+0x99b796]  Reflection::invoke_method(oopDesc*, Handle, objArrayHandle, Thread*)+0x126
V  [libjvm.so+0x6fd472]  JVM_InvokeMethod+0x102
J 2064  sun.reflect.NativeMethodAccessorImpl.invoke0(Ljava/lang/reflect/Method;Ljava/lang/Object;[Ljava/lang/Object;)Ljava/lang/Object; (0 bytes) @ 0x00007f61d0b4acad [0x00007f61d0b4abc0+0xed]
J 2063 C1 sun.reflect.NativeMethodAccessorImpl.invoke(Ljava/lang/Object;[Ljava/lang/Object;)Ljava/lang/Object; (104 bytes) @ 0x00007f61d0b4b354 [0x00007f61d0b4afe0+0x374]
J 803 C1 sun.reflect.DelegatingMethodAccessorImpl.invoke(Ljava/lang/Object;[Ljava/lang/Object;)Ljava/lang/Object; (10 bytes) @ 0x00007f61d0936304 [0x00007f61d09362c0+0x44]
J 802 C1 java.lang.reflect.Method.invoke(Ljava/lang/Object;[Ljava/lang/Object;)Ljava/lang/Object; (62 bytes) @ 0x00007f61d0935f14 [0x00007f61d0935e20+0xf4]
J 1918 C1 org.springsource.loaded.ri.ReflectiveInterceptor.jlrMethodInvoke(Ljava/lang/reflect/Method;Ljava/lang/Object;[Ljava/lang/Object;)Ljava/lang/Object; (2214 bytes) @ 0x00007f61d0af9124 [0x00007f61d0af79a0+0x1784]
J 6605 C1 org.codehaus.groovy.runtime.callsite.PogoMetaMethodSite$PogoCachedMethodSiteNoUnwrapNoCoerce.invoke(Ljava/lang/Object;[Ljava/lang/Object;)Ljava/lang/Object; (37 bytes) @ 0x00007f61d0c82794 [0x00007f61d0c82760+0x34]
J 6636 C1 org.codehaus.groovy.runtime.callsite.PogoMetaMethodSite.callCurrent(Lgroovy/lang/GroovyObject;[Ljava/lang/Object;)Ljava/lang/Object; (29 bytes) @ 0x00007f61d13deabc [0x00007f61d13dea00+0xbc]
J 6636 C1 org.codehaus.groovy.runtime.callsite.PogoMetaMethodSite.callCurrent(Lgroovy/lang/GroovyObject;[Ljava/lang/Object;)Ljava/lang/Object; (29 bytes) @ 0x00007f61d13deb14 [0x00007f61d13dea00+0x114]
J 6944 C1 org.codehaus.groovy.runtime.callsite.AbstractCallSite.callCurrent(Lgroovy/lang/GroovyObject;Ljava/lang/Object;Ljava/lang/Object;)Ljava/lang/Object; (42 bytes) @ 0x00007f61d145c9c4 [0x00007f61d145c7e0+0x1e4]
j  grails.plugin.formfields.FormFieldsTagLib.renderDefaultDisplay(Ljava/util/Map;Ljava/util/Map;Ljava/lang/String;Ljava/lang/String;)Ljava/lang/CharSequence;+288
v  ~StubRoutines::call_stub
V  [libjvm.so+0x68842b]  JavaCalls::call_helper(JavaValue*, methodHandle*, JavaCallArguments*, Thread*)+0xddb
V  [libjvm.so+0x999e55]  Reflection::invoke(instanceKlassHandle, methodHandle, Handle, bool, objArrayHandle, BasicType, objArrayHandle, bool, Thread*)+0xb65
V  [libjvm.so+0x99b796]  Reflection::invoke_method(oopDesc*, Handle, objArrayHandle, Thread*)+0x126
V  [libjvm.so+0x6fd472]  JVM_InvokeMethod+0x102
J 2064  sun.reflect.NativeMethodAccessorImpl.invoke0(Ljava/lang/reflect/Method;Ljava/lang/Object;[Ljava/lang/Object;)Ljava/lang/Object; (0 bytes) @ 0x00007f61d0b4acad [0x00007f61d0b4abc0+0xed]
J 2063 C1 sun.reflect.NativeMethodAccessorImpl.invoke(Ljava/lang/Object;[Ljava/lang/Object;)Ljava/lang/Object; (104 bytes) @ 0x00007f61d0b4b354 [0x00007f61d0b4afe0+0x374]
J 803 C1 sun.reflect.DelegatingMethodAccessorImpl.invoke(Ljava/lang/Object;[Ljava/lang/Object;)Ljava/lang/Object; (10 bytes) @ 0x00007f61d0936304 [0x00007f61d09362c0+0x44]
J 802 C1 java.lang.reflect.Method.invoke(Ljava/lang/Object;[Ljava/lang/Object;)Ljava/lang/Object; (62 bytes) @ 0x00007f61d0935f14 [0x00007f61d0935e20+0xf4]
J 1918 C1 org.springsource.loaded.ri.ReflectiveInterceptor.jlrMethodInvoke(Ljava/lang/reflect/Method;Ljava/lang/Object;[Ljava/lang/Object;)Ljava/lang/Object; (2214 bytes) @ 0x00007f61d0af9124 [0x00007f61d0af79a0+0x1784]
J 6605 C1 org.codehaus.groovy.runtime.callsite.PogoMetaMethodSite$PogoCachedMethodSiteNoUnwrapNoCoerce.invoke(Ljava/lang/Object;[Ljava/lang/Object;)Ljava/lang/Object; (37 bytes) @ 0x00007f61d0c82794 [0x00007f61d0c82760+0x34]
J 6636 C1 org.codehaus.groovy.runtime.callsite.PogoMetaMethodSite.callCurrent(Lgroovy/lang/GroovyObject;[Ljava/lang/Object;)Ljava/lang/Object; (29 bytes) @ 0x00007f61d13deabc [0x00007f61d13dea00+0xbc]
j  org.codehaus.groovy.runtime.callsite.AbstractCallSite.callCurrent(Lgroovy/lang/GroovyObject;Ljava/lang/Object;Ljava/lang/Object;Ljava/lang/Object;Ljava/lang/Object;)Ljava/lang/Object;+46
j  grails.plugin.formfields.FormFieldsTagLib.renderDisplayWidget(Lgrails/plugin/formfields/BeanPropertyAccessor;Ljava/util/Map;Ljava/util/Map;Ljava/lang/String;Ljava/lang/String;)Ljava/lang/CharSequence;+394
v  ~StubRoutines::call_stub
V  [libjvm.so+0x68842b]  JavaCalls::call_helper(JavaValue*, methodHandle*, JavaCallArguments*, Thread*)+0xddb
V  [libjvm.so+0x999e55]  Reflection::invoke(instanceKlassHandle, methodHandle, Handle, bool, objArrayHandle, BasicType, objArrayHandle, bool, Thread*)+0xb65
V  [libjvm.so+0x99b796]  Reflection::invoke_method(oopDesc*, Handle, objArrayHandle, Thread*)+0x126
V  [libjvm.so+0x6fd472]  JVM_InvokeMethod+0x102
J 2064  sun.reflect.NativeMethodAccessorImpl.invoke0(Ljava/lang/reflect/Method;Ljava/lang/Object;[Ljava/lang/Object;)Ljava/lang/Object; (0 bytes) @ 0x00007f61d0b4acad [0x00007f61d0b4abc0+0xed]
J 2063 C1 sun.reflect.NativeMethodAccessorImpl.invoke(Ljava/lang/Object;[Ljava/lang/Object;)Ljava/lang/Object; (104 bytes) @ 0x00007f61d0b4b354 [0x00007f61d0b4afe0+0x374]
J 803 C1 sun.reflect.DelegatingMethodAccessorImpl.invoke(Ljava/lang/Object;[Ljava/lang/Object;)Ljava/lang/Object; (10 bytes) @ 0x00007f61d0936304 [0x00007f61d09362c0+0x44]
J 802 C1 java.lang.reflect.Method.invoke(Ljava/lang/Object;[Ljava/lang/Object;)Ljava/lang/Object; (62 bytes) @ 0x00007f61d0935f14 [0x00007f61d0935e20+0xf4]
J 1918 C1 org.springsource.loaded.ri.ReflectiveInterceptor.jlrMethodInvoke(Ljava/lang/reflect/Method;Ljava/lang/Object;[Ljava/lang/Object;)Ljava/lang/Object; (2214 bytes) @ 0x00007f61d0af9124 [0x00007f61d0af79a0+0x1784]
J 3649 C1 org.codehaus.groovy.reflection.CachedMethod.invoke(Ljava/lang/Object;[Ljava/lang/Object;)Ljava/lang/Object; (70 bytes) @ 0x00007f61d0e7f734 [0x00007f61d0e7f700+0x34]
J 1946 C1 groovy.lang.MetaMethod.doMethodInvoke(Ljava/lang/Object;[Ljava/lang/Object;)Ljava/lang/Object; (22 bytes) @ 0x00007f61d0b15014 [0x00007f61d0b14fa0+0x74]
J 3625 C1 org.codehaus.groovy.runtime.metaclass.ClosureMetaClass.invokeMethod(Ljava/lang/Class;Ljava/lang/Object;Ljava/lang/String;[Ljava/lang/Object;ZZ)Ljava/lang/Object; (872 bytes) @ 0x00007f61d0e6b284 [0x00007f61d0e6a0e0+0x11a4]
J 1917 C1 groovy.lang.MetaClassImpl.invokeMethod(Ljava/lang/Object;Ljava/lang/String;[Ljava/lang/Object;)Ljava/lang/Object; (14 bytes) @ 0x00007f61d0af691c [0x00007f61d0af68c0+0x5c]
J 6615 C1 org.codehaus.groovy.runtime.callsite.PogoMetaClassSite.callCurrent(Lgroovy/lang/GroovyObject;[Ljava/lang/Object;)Ljava/lang/Object; (92 bytes) @ 0x00007f61d13d4bcc [0x00007f61d13d4ac0+0x10c]
j  grails.plugin.formfields.FormFieldsTagLib$_closure8.doCall(Ljava/lang/Object;Ljava/lang/Object;)Ljava/lang/Object;+1001
v  ~StubRoutines::call_stub
V  [libjvm.so+0x68842b]  JavaCalls::call_helper(JavaValue*, methodHandle*, JavaCallArguments*, Thread*)+0xddb
V  [libjvm.so+0x999e55]  Reflection::invoke(instanceKlassHandle, methodHandle, Handle, bool, objArrayHandle, BasicType, objArrayHandle, bool, Thread*)+0xb65
V  [libjvm.so+0x99b796]  Reflection::invoke_method(oopDesc*, Handle, objArrayHandle, Thread*)+0x126
V  [libjvm.so+0x6fd472]  JVM_InvokeMethod+0x102
J 2064  sun.reflect.NativeMethodAccessorImpl.invoke0(Ljava/lang/reflect/Method;Ljava/lang/Object;[Ljava/lang/Object;)Ljava/lang/Object; (0 bytes) @ 0x00007f61d0b4acad [0x00007f61d0b4abc0+0xed]
J 2063 C1 sun.reflect.NativeMethodAccessorImpl.invoke(Ljava/lang/Object;[Ljava/lang/Object;)Ljava/lang/Object; (104 bytes) @ 0x00007f61d0b4b354 [0x00007f61d0b4afe0+0x374]
J 803 C1 sun.reflect.DelegatingMethodAccessorImpl.invoke(Ljava/lang/Object;[Ljava/lang/Object;)Ljava/lang/Object; (10 bytes) @ 0x00007f61d0936304 [0x00007f61d09362c0+0x44]
J 802 C1 java.lang.reflect.Method.invoke(Ljava/lang/Object;[Ljava/lang/Object;)Ljava/lang/Object; (62 bytes) @ 0x00007f61d0935f14 [0x00007f61d0935e20+0xf4]
J 1918 C1 org.springsource.loaded.ri.ReflectiveInterceptor.jlrMethodInvoke(Ljava/lang/reflect/Method;Ljava/lang/Object;[Ljava/lang/Object;)Ljava/lang/Object; (2214 bytes) @ 0x00007f61d0af9124 [0x00007f61d0af79a0+0x1784]
J 3649 C1 org.codehaus.groovy.reflection.CachedMethod.invoke(Ljava/lang/Object;[Ljava/lang/Object;)Ljava/lang/Object; (70 bytes) @ 0x00007f61d0e7f734 [0x00007f61d0e7f700+0x34]
J 1946 C1 groovy.lang.MetaMethod.doMethodInvoke(Ljava/lang/Object;[Ljava/lang/Object;)Ljava/lang/Object; (22 bytes) @ 0x00007f61d0b15014 [0x00007f61d0b14fa0+0x74]
J 3625 C1 org.codehaus.groovy.runtime.metaclass.ClosureMetaClass.invokeMethod(Ljava/lang/Class;Ljava/lang/Object;Ljava/lang/String;[Ljava/lang/Object;ZZ)Ljava/lang/Object; (872 bytes) @ 0x00007f61d0e6b2bc [0x00007f61d0e6a0e0+0x11dc]
J 1917 C1 groovy.lang.MetaClassImpl.invokeMethod(Ljava/lang/Object;Ljava/lang/String;[Ljava/lang/Object;)Ljava/lang/Object; (14 bytes) @ 0x00007f61d0af691c [0x00007f61d0af68c0+0x5c]
J 4184 C1 groovy.lang.Closure.call([Ljava/lang/Object;)Ljava/lang/Object; (30 bytes) @ 0x00007f61d0f826fc [0x00007f61d0f82680+0x7c]
j  org.grails.gsp.GroovyPage.invokeTagLibClosure(Ljava/lang/String;Ljava/lang/String;Lgroovy/lang/Closure;Ljava/util/Map;Lgroovy/lang/Closure;ZLjava/util/Map;)V+193
j  org.grails.gsp.GroovyPage.invokeTag(Ljava/lang/String;Ljava/lang/String;ILjava/util/Map;I)V+258
j  org.grails.gsp.GroovyPage$invokeTag$4.callCurrent(Lgroovy/lang/GroovyObject;[Ljava/lang/Object;)Ljava/lang/Object;+43
j  gsp_fields_templates__fields_table_gsp.run()Ljava/lang/Object;+799
j  org.grails.gsp.GroovyPageWritable.doWriteTo(Lorg/grails/taglib/encoder/OutputContext;Ljava/io/Writer;)Ljava/io/Writer;+373
j  org.grails.gsp.GroovyPageWritable.writeTo(Ljava/io/Writer;)Ljava/io/Writer;+13
j  org.grails.web.gsp.GroovyPagesTemplateRenderer.makeTemplate(Lorg/grails/web/servlet/mvc/GrailsWebRequest;Lgroovy/text/Template;Ljava/util/Map;Ljava/lang/Object;Ljava/io/Writer;)V+326
j  org.grails.web.gsp.GroovyPagesTemplateRenderer.render(Lorg/grails/web/servlet/mvc/GrailsWebRequest;Lorg/grails/taglib/TemplateVariableBinding;Ljava/util/Map;Ljava/lang/Object;Ljava/io/Writer;)V+162
j  org.grails.plugins.web.taglib.RenderTagLib$_closure7.doCall(Ljava/util/Map;Ljava/lang/Object;)Ljava/lang/Object;+74
v  ~StubRoutines::call_stub
V  [libjvm.so+0x68842b]  JavaCalls::call_helper(JavaValue*, methodHandle*, JavaCallArguments*, Thread*)+0xddb
V  [libjvm.so+0x999e55]  Reflection::invoke(instanceKlassHandle, methodHandle, Handle, bool, objArrayHandle, BasicType, objArrayHandle, bool, Thread*)+0xb65
V  [libjvm.so+0x99b796]  Reflection::invoke_method(oopDesc*, Handle, objArrayHandle, Thread*)+0x126
V  [libjvm.so+0x6fd472]  JVM_InvokeMethod+0x102
J 2064  sun.reflect.NativeMethodAccessorImpl.invoke0(Ljava/lang/reflect/Method;Ljava/lang/Object;[Ljava/lang/Object;)Ljava/lang/Object; (0 bytes) @ 0x00007f61d0b4acad [0x00007f61d0b4abc0+0xed]
J 2063 C1 sun.reflect.NativeMethodAccessorImpl.invoke(Ljava/lang/Object;[Ljava/lang/Object;)Ljava/lang/Object; (104 bytes) @ 0x00007f61d0b4b354 [0x00007f61d0b4afe0+0x374]
J 803 C1 sun.reflect.DelegatingMethodAccessorImpl.invoke(Ljava/lang/Object;[Ljava/lang/Object;)Ljava/lang/Object; (10 bytes) @ 0x00007f61d0936304 [0x00007f61d09362c0+0x44]
...<more frames>...


---------------  P R O C E S S  ---------------

Java Threads: ( => current thread )
  0x00007f61e0017800 JavaThread "DestroyJavaVM" [_thread_blocked, id=19904, stack(0x00007f61e68b3000,0x00007f61e69b3000)]
  0x00007f61e1941800 JavaThread "Thread-6" daemon [_thread_blocked, id=19959, stack(0x00007f61575f6000,0x00007f61576f7000)]
  0x00007f61e1933800 JavaThread "Thread-8" [_thread_blocked, id=19958, stack(0x00007f61576f7000,0x00007f61577f8000)]
  0x00007f61e192c000 JavaThread "Thread-7" daemon [_thread_in_native, id=19957, stack(0x00007f61577f8000,0x00007f61578f9000)]
  0x00007f61e18da000 JavaThread "http-nio-8080-AsyncTimeout" daemon [_thread_blocked, id=19956, stack(0x00007f61578f9000,0x00007f61579fa000)]
  0x00007f61e18d8000 JavaThread "http-nio-8080-Acceptor-0" daemon [_thread_in_native, id=19955, stack(0x00007f61579fa000,0x00007f6157afb000)]
  0x00007f61e18d5800 JavaThread "http-nio-8080-ClientPoller-1" daemon [_thread_in_native, id=19954, stack(0x00007f6157afb000,0x00007f6157bfc000)]
  0x00007f61e18d4800 JavaThread "http-nio-8080-ClientPoller-0" daemon [_thread_in_native, id=19953, stack(0x00007f6157bfc000,0x00007f6157cfd000)]
  0x00007f61e18d1800 JavaThread "http-nio-8080-exec-10" daemon [_thread_blocked, id=19952, stack(0x00007f6157cfd000,0x00007f6157dfe000)]
  0x00007f61e18cf800 JavaThread "http-nio-8080-exec-9" daemon [_thread_blocked, id=19951, stack(0x00007f6157dfe000,0x00007f6157eff000)]
=>0x00007f61e18cd800 JavaThread "http-nio-8080-exec-8" daemon [_thread_in_Java, id=19950, stack(0x00007f6157eff000,0x00007f6158000000)]
  0x00007f61e17cc800 JavaThread "http-nio-8080-exec-7" daemon [_thread_blocked, id=19949, stack(0x00007f61bc0d7000,0x00007f61bc1d8000)]
  0x00007f61e17ca800 JavaThread "http-nio-8080-exec-6" daemon [_thread_blocked, id=19948, stack(0x00007f61bc1d8000,0x00007f61bc2d9000)]
  0x00007f61e17c8800 JavaThread "http-nio-8080-exec-5" daemon [_thread_blocked, id=19947, stack(0x00007f61bc2d9000,0x00007f61bc3da000)]
  0x00007f61e17c7000 JavaThread "http-nio-8080-exec-4" daemon [_thread_blocked, id=19946, stack(0x00007f61bc3da000,0x00007f61bc4db000)]
  0x00007f61e1491800 JavaThread "http-nio-8080-exec-3" daemon [_thread_blocked, id=19945, stack(0x00007f61bc4db000,0x00007f61bc5dc000)]
  0x00007f61e1490000 JavaThread "http-nio-8080-exec-2" daemon [_thread_blocked, id=19944, stack(0x00007f61bc5dc000,0x00007f61bc6dd000)]
  0x00007f61e148e800 JavaThread "http-nio-8080-exec-1" daemon [_thread_blocked, id=19943, stack(0x00007f61bc6dd000,0x00007f61bc7de000)]
  0x00007f61e04f0800 JavaThread "NioBlockingSelector.BlockPoller-1" daemon [_thread_in_native, id=19942, stack(0x00007f61bc7de000,0x00007f61bc8df000)]
  0x00007f61e1761000 JavaThread "container-0" [_thread_blocked, id=19941, stack(0x00007f61bcedf000,0x00007f61bcfe0000)]
  0x00007f61e175b000 JavaThread "ContainerBackgroundProcessor[StandardEngine[Tomcat]]" daemon [_thread_blocked, id=19940, stack(0x00007f61bcfe0000,0x00007f61bd0e1000)]
  0x00007f61e069c800 JavaThread "Tomcat JDBC Pool Cleaner[414493378:1557154811526]" daemon [_thread_blocked, id=19936, stack(0x00007f61bf4f5000,0x00007f61bf5f6000)]
  0x00007f61e07cd000 JavaThread "FileSystemWatcher: files=#27 cl=sun.misc.Launcher$AppClassLoader@18b4aac2" daemon [_thread_blocked, id=19923, stack(0x00007f61c722d000,0x00007f61c732e000)]
  0x00007f61e076a800 JavaThread "Service Thread" daemon [_thread_blocked, id=19921, stack(0x00007f61c742f000,0x00007f61c7530000)]
  0x00007f61e0742800 JavaThread "C1 CompilerThread2" daemon [_thread_blocked, id=19920, stack(0x00007f61c7531000,0x00007f61c7631000)]
  0x00007f61e0732000 JavaThread "C2 CompilerThread1" daemon [_thread_blocked, id=19919, stack(0x00007f61cc0c2000,0x00007f61cc1c2000)]
  0x00007f61e0739800 JavaThread "C2 CompilerThread0" daemon [_thread_blocked, id=19918, stack(0x00007f61cc1c3000,0x00007f61cc2c3000)]
  0x00007f61e018c800 JavaThread "Signal Dispatcher" daemon [_thread_blocked, id=19917, stack(0x00007f61cc622000,0x00007f61cc723000)]
  0x00007f61e0158800 JavaThread "Finalizer" daemon [_thread_blocked, id=19916, stack(0x00007f61cc723000,0x00007f61cc824000)]
  0x00007f61e0156000 JavaThread "Reference Handler" daemon [_thread_blocked, id=19915, stack(0x00007f61cc824000,0x00007f61cc925000)]

Other Threads:
  0x00007f61e014c800 VMThread [stack: 0x00007f61cc926000,0x00007f61cca26000] [id=19914]
  0x00007f61e076d000 WatcherThread [stack: 0x00007f61c732f000,0x00007f61c742f000] [id=19922]

VM state:not at safepoint (normal execution)

VM Mutex/Monitor currently owned by a thread: None

heap address: 0x00000000d0000000, size: 768 MB, Compressed Oops mode: 32-bit
Narrow klass base: 0x0000000000000000, Narrow klass shift: 3
Compressed class space size: 1073741824 Address: 0x0000000100000000

Heap:
 PSYoungGen      total 220160K, used 72154K [0x00000000f0000000, 0x0000000100000000, 0x0000000100000000)
  eden space 180736K, 23% used [0x00000000f0000000,0x00000000f29f03a8,0x00000000fb080000)
  from space 39424K, 74% used [0x00000000fb080000,0x00000000fcd06460,0x00000000fd700000)
  to   space 41472K, 0% used [0x00000000fd780000,0x00000000fd780000,0x0000000100000000)
 ParOldGen       total 524288K, used 85008K [0x00000000d0000000, 0x00000000f0000000, 0x00000000f0000000)
  object space 524288K, 16% used [0x00000000d0000000,0x00000000d53040a0,0x00000000f0000000)
 Metaspace       used 67546K, capacity 70386K, committed 70656K, reserved 1110016K
  class space    used 8719K, capacity 9649K, committed 9728K, reserved 1048576K

Card table byte_map: [0x00007f61e4020000,0x00007f61e41a1000] byte_map_base: 0x00007f61e39a0000

Marking Bits: (ParMarkBitMap*) 0x00007f61e5d5bd80
 Begin Bits: [0x00007f61ce4de000, 0x00007f61cf0de000)
 End Bits:   [0x00007f61cf0de000, 0x00007f61cfcde000)

Polling page: 0x00007f61e69cb000

CodeCache: size=245760Kb used=17111Kb max_used=17111Kb free=228648Kb
 bounds [0x00007f61d05a2000, 0x00007f61d1662000, 0x00007f61df5a2000]
 total_blobs=8514 nmethods=7721 adapters=704
 compilation: enabled

Compilation events (10 events):
Event: 90,684 Thread 0x00007f61e0742800 7873   !   1       org.h2.jdbc.JdbcResultSet::getString (23 bytes)
Event: 90,684 Thread 0x00007f61e0742800 nmethod 7873 0x00007f61d1659710 code [0x00007f61d16598a0, 0x00007f61d1659aa8]
Event: 90,685 Thread 0x00007f61e0742800 7874       1       java.util.Collections$SingletonSet::contains (9 bytes)
Event: 90,685 Thread 0x00007f61e0742800 nmethod 7874 0x00007f61d1659c50 code [0x00007f61d1659dc0, 0x00007f61d1659f28]
Event: 90,685 Thread 0x00007f61e0742800 7875       1       java.util.Collections::eq (22 bytes)
Event: 90,685 Thread 0x00007f61e0742800 nmethod 7875 0x00007f61d1659fd0 code [0x00007f61d165a140, 0x00007f61d165a288]
Event: 90,685 Thread 0x00007f61e0742800 7877   !   1       org.codehaus.groovy.runtime.callsite.GetEffectivePogoPropertySite::callGroovyObjectGetProperty (56 bytes)
Event: 90,686 Thread 0x00007f61e0742800 nmethod 7877 0x00007f61d165a310 code [0x00007f61d165a4e0, 0x00007f61d165a948]
Event: 90,686 Thread 0x00007f61e0742800 7876       1       grails.web.api.WebAttributes$Trait$Helper::currentRequestAttributes (14 bytes)
Event: 90,686 Thread 0x00007f61e0742800 nmethod 7876 0x00007f61d165ac90 code [0x00007f61d165ae40, 0x00007f61d165b118]

GC Heap History (10 events):
Event: 26,084 GC heap before
{Heap before GC invocations=24 (full 3):
 PSYoungGen      total 219136K, used 174592K [0x00000000f0000000, 0x0000000100000000, 0x0000000100000000)
  eden space 174592K, 100% used [0x00000000f0000000,0x00000000faa80000,0x00000000faa80000)
  from space 44544K, 0% used [0x00000000fd480000,0x00000000fd480000,0x0000000100000000)
  to   space 43008K, 0% used [0x00000000faa80000,0x00000000faa80000,0x00000000fd480000)
 ParOldGen       total 524288K, used 84976K [0x00000000d0000000, 0x00000000f0000000, 0x00000000f0000000)
  object space 524288K, 16% used [0x00000000d0000000,0x00000000d52fc0a0,0x00000000f0000000)
 Metaspace       used 61347K, capacity 62530K, committed 62848K, reserved 1103872K
  class space    used 7650K, capacity 7938K, committed 8064K, reserved 1048576K
Event: 26,089 GC heap after
Heap after GC invocations=24 (full 3):
 PSYoungGen      total 217600K, used 5672K [0x00000000f0000000, 0x0000000100000000, 0x0000000100000000)
  eden space 174592K, 0% used [0x00000000f0000000,0x00000000f0000000,0x00000000faa80000)
  from space 43008K, 13% used [0x00000000faa80000,0x00000000fb00a0a0,0x00000000fd480000)
  to   space 43520K, 0% used [0x00000000fd580000,0x00000000fd580000,0x0000000100000000)
 ParOldGen       total 524288K, used 84984K [0x00000000d0000000, 0x00000000f0000000, 0x00000000f0000000)
  object space 524288K, 16% used [0x00000000d0000000,0x00000000d52fe0a0,0x00000000f0000000)
 Metaspace       used 61347K, capacity 62530K, committed 62848K, reserved 1103872K
  class space    used 7650K, capacity 7938K, committed 8064K, reserved 1048576K
}
Event: 27,338 GC heap before
{Heap before GC invocations=25 (full 3):
 PSYoungGen      total 217600K, used 180264K [0x00000000f0000000, 0x0000000100000000, 0x0000000100000000)
  eden space 174592K, 100% used [0x00000000f0000000,0x00000000faa80000,0x00000000faa80000)
  from space 43008K, 13% used [0x00000000faa80000,0x00000000fb00a0a0,0x00000000fd480000)
  to   space 43520K, 0% used [0x00000000fd580000,0x00000000fd580000,0x0000000100000000)
 ParOldGen       total 524288K, used 84984K [0x00000000d0000000, 0x00000000f0000000, 0x00000000f0000000)
  object space 524288K, 16% used [0x00000000d0000000,0x00000000d52fe0a0,0x00000000f0000000)
 Metaspace       used 62969K, capacity 64300K, committed 64640K, reserved 1105920K
  class space    used 7875K, capacity 8215K, committed 8320K, reserved 1048576K
Event: 27,348 GC heap after
Heap after GC invocations=25 (full 3):
 PSYoungGen      total 219136K, used 10072K [0x00000000f0000000, 0x0000000100000000, 0x0000000100000000)
  eden space 175616K, 0% used [0x00000000f0000000,0x00000000f0000000,0x00000000fab80000)
  from space 43520K, 23% used [0x00000000fd580000,0x00000000fdf56180,0x0000000100000000)
  to   space 43008K, 0% used [0x00000000fab80000,0x00000000fab80000,0x00000000fd580000)
 ParOldGen       total 524288K, used 84984K [0x00000000d0000000, 0x00000000f0000000, 0x00000000f0000000)
  object space 524288K, 16% used [0x00000000d0000000,0x00000000d52fe0a0,0x00000000f0000000)
 Metaspace       used 62969K, capacity 64300K, committed 64640K, reserved 1105920K
  class space    used 7875K, capacity 8215K, committed 8320K, reserved 1048576K
}
Event: 28,502 GC heap before
{Heap before GC invocations=26 (full 3):
 PSYoungGen      total 219136K, used 185688K [0x00000000f0000000, 0x0000000100000000, 0x0000000100000000)
  eden space 175616K, 100% used [0x00000000f0000000,0x00000000fab80000,0x00000000fab80000)
  from space 43520K, 23% used [0x00000000fd580000,0x00000000fdf56180,0x0000000100000000)
  to   space 43008K, 0% used [0x00000000fab80000,0x00000000fab80000,0x00000000fd580000)
 ParOldGen       total 524288K, used 84984K [0x00000000d0000000, 0x00000000f0000000, 0x00000000f0000000)
  object space 524288K, 16% used [0x00000000d0000000,0x00000000d52fe0a0,0x00000000f0000000)
 Metaspace       used 64373K, capacity 66128K, committed 66432K, reserved 1107968K
  class space    used 8170K, capacity 8712K, committed 8832K, reserved 1048576K
Event: 28,515 GC heap after
Heap after GC invocations=26 (full 3):
 PSYoungGen      total 218624K, used 14273K [0x00000000f0000000, 0x0000000100000000, 0x0000000100000000)
  eden space 175616K, 0% used [0x00000000f0000000,0x00000000f0000000,0x00000000fab80000)
  from space 43008K, 33% used [0x00000000fab80000,0x00000000fb970448,0x00000000fd580000)
  to   space 41984K, 0% used [0x00000000fd700000,0x00000000fd700000,0x0000000100000000)
 ParOldGen       total 524288K, used 84992K [0x00000000d0000000, 0x00000000f0000000, 0x00000000f0000000)
  object space 524288K, 16% used [0x00000000d0000000,0x00000000d53000a0,0x00000000f0000000)
 Metaspace       used 64373K, capacity 66128K, committed 66432K, reserved 1107968K
  class space    used 8170K, capacity 8712K, committed 8832K, reserved 1048576K
}
Event: 32,305 GC heap before
{Heap before GC invocations=27 (full 3):
 PSYoungGen      total 218624K, used 189889K [0x00000000f0000000, 0x0000000100000000, 0x0000000100000000)
  eden space 175616K, 100% used [0x00000000f0000000,0x00000000fab80000,0x00000000fab80000)
  from space 43008K, 33% used [0x00000000fab80000,0x00000000fb970448,0x00000000fd580000)
  to   space 41984K, 0% used [0x00000000fd700000,0x00000000fd700000,0x0000000100000000)
 ParOldGen       total 524288K, used 84992K [0x00000000d0000000, 0x00000000f0000000, 0x00000000f0000000)
  object space 524288K, 16% used [0x00000000d0000000,0x00000000d53000a0,0x00000000f0000000)
 Metaspace       used 65764K, capacity 68248K, committed 68480K, reserved 1107968K
  class space    used 8469K, capacity 9298K, committed 9344K, reserved 1048576K
Event: 32,354 GC heap after
Heap after GC invocations=27 (full 3):
 PSYoungGen      total 222720K, used 18239K [0x00000000f0000000, 0x0000000100000000, 0x0000000100000000)
  eden space 180736K, 0% used [0x00000000f0000000,0x00000000f0000000,0x00000000fb080000)
  from space 41984K, 43% used [0x00000000fd700000,0x00000000fe8cfd28,0x0000000100000000)
  to   space 39424K, 0% used [0x00000000fb080000,0x00000000fb080000,0x00000000fd700000)
 ParOldGen       total 524288K, used 85000K [0x00000000d0000000, 0x00000000f0000000, 0x00000000f0000000)
  object space 524288K, 16% used [0x00000000d0000000,0x00000000d53020a0,0x00000000f0000000)
 Metaspace       used 65764K, capacity 68248K, committed 68480K, reserved 1107968K
  class space    used 8469K, capacity 9298K, committed 9344K, reserved 1048576K
}
Event: 56,744 GC heap before
{Heap before GC invocations=28 (full 3):
 PSYoungGen      total 222720K, used 198975K [0x00000000f0000000, 0x0000000100000000, 0x0000000100000000)
  eden space 180736K, 100% used [0x00000000f0000000,0x00000000fb080000,0x00000000fb080000)
  from space 41984K, 43% used [0x00000000fd700000,0x00000000fe8cfd28,0x0000000100000000)
  to   space 39424K, 0% used [0x00000000fb080000,0x00000000fb080000,0x00000000fd700000)
 ParOldGen       total 524288K, used 85000K [0x00000000d0000000, 0x00000000f0000000, 0x00000000f0000000)
  object space 524288K, 16% used [0x00000000d0000000,0x00000000d53020a0,0x00000000f0000000)
 Metaspace       used 67404K, capacity 70116K, committed 70400K, reserved 1110016K
  class space    used 8685K, capacity 9608K, committed 9728K, reserved 1048576K
Event: 56,765 GC heap after
Heap after GC invocations=28 (full 3):
 PSYoungGen      total 220160K, used 29209K [0x00000000f0000000, 0x0000000100000000, 0x0000000100000000)
  eden space 180736K, 0% used [0x00000000f0000000,0x00000000f0000000,0x00000000fb080000)
  from space 39424K, 74% used [0x00000000fb080000,0x00000000fcd06460,0x00000000fd700000)
  to   space 41472K, 0% used [0x00000000fd780000,0x00000000fd780000,0x0000000100000000)
 ParOldGen       total 524288K, used 85008K [0x00000000d0000000, 0x00000000f0000000, 0x00000000f0000000)
  object space 524288K, 16% used [0x00000000d0000000,0x00000000d53040a0,0x00000000f0000000)
 Metaspace       used 67404K, capacity 70116K, committed 70400K, reserved 1110016K
  class space    used 8685K, capacity 9608K, committed 9728K, reserved 1048576K
}

Deoptimization events (0 events):
No events

Classes redefined (0 events):
No events

Internal exceptions (10 events):
Event: 90,668 Thread 0x00007f61e18cd800 Exception <a 'java/lang/ClassNotFoundException': org/grails/datastore/mapping/dirty/checking/DirtyCheckableCustomizer> (0x00000000f2819178) thrown at [/HUDSON/workspace/8-2-build-linux-amd64/jdk8u211/12973/hotspot/src/share/vm/classfile/systemDictionary.c
Event: 90,669 Thread 0x00007f61e18cd800 Exception <a 'java/lang/ClassNotFoundException': org/grails/datastore/gorm/GormEntityCustomizer> (0x00000000f2845860) thrown at [/HUDSON/workspace/8-2-build-linux-amd64/jdk8u211/12973/hotspot/src/share/vm/classfile/systemDictionary.cpp, line 210]
Event: 90,671 Thread 0x00007f61e18cd800 Exception <a 'java/lang/ClassNotFoundException': grails/artefact/DomainClassCustomizer> (0x00000000f2874de8) thrown at [/HUDSON/workspace/8-2-build-linux-amd64/jdk8u211/12973/hotspot/src/share/vm/classfile/systemDictionary.cpp, line 210]
Event: 90,672 Thread 0x00007f61e18cd800 Exception <a 'java/lang/ClassNotFoundException': grails/web/databinding/WebDataBindingCustomizer> (0x00000000f289d960) thrown at [/HUDSON/workspace/8-2-build-linux-amd64/jdk8u211/12973/hotspot/src/share/vm/classfile/systemDictionary.cpp, line 210]
Event: 90,674 Thread 0x00007f61e18cd800 Exception <a 'java/lang/ClassNotFoundException': grails/gorm/EntityCustomizer> (0x00000000f28c02d8) thrown at [/HUDSON/workspace/8-2-build-linux-amd64/jdk8u211/12973/hotspot/src/share/vm/classfile/systemDictionary.cpp, line 210]
Event: 90,675 Thread 0x00007f61e18cd800 Exception <a 'java/lang/ClassNotFoundException': org/grails/datastore/mapping/dirty/checking/DirtyCheckable$Trait$FieldHelperCustomizer> (0x00000000f28faeb8) thrown at [/HUDSON/workspace/8-2-build-linux-amd64/jdk8u211/12973/hotspot/src/share/vm/classfile/
Event: 90,677 Thread 0x00007f61e18cd800 Exception <a 'java/lang/ClassNotFoundException': org/grails/datastore/gorm/GormValidateable$Trait$FieldHelperCustomizer> (0x00000000f2930540) thrown at [/HUDSON/workspace/8-2-build-linux-amd64/jdk8u211/12973/hotspot/src/share/vm/classfile/systemDictionary
Event: 90,678 Thread 0x00007f61e18cd800 Exception <a 'java/lang/ClassNotFoundException': groovy/lang/GroovyObjectCustomizer> (0x00000000f2954e28) thrown at [/HUDSON/workspace/8-2-build-linux-amd64/jdk8u211/12973/hotspot/src/share/vm/classfile/systemDictionary.cpp, line 210]
Event: 90,683 Thread 0x00007f61e18cd800 Exception <a 'java/lang/ClassCastException'> (0x00000000f299a050) thrown at [/HUDSON/workspace/8-2-build-linux-amd64/jdk8u211/12973/hotspot/src/share/vm/runtime/sharedRuntime.cpp, line 605]
Event: 90,688 Thread 0x00007f61e18cd800 Implicit null exception at 0x00007f61d161f32e to 0x0000000000000000

Events (10 events):
Event: 90,677 loading class org/grails/datastore/gorm/GormValidateable$Trait$FieldHelperCustomizer
Event: 90,677 loading class org/grails/datastore/gorm/GormValidateable$Trait$FieldHelperCustomizer done
Event: 90,677 loading class groovy/lang/GroovyObjectCustomizer
Event: 90,677 loading class groovy/lang/GroovyObjectCustomizer done
Event: 90,677 loading class groovy/lang/GroovyObjectCustomizer
Event: 90,677 loading class groovy/lang/GroovyObjectCustomizer done
Event: 90,677 loading class groovy/lang/GroovyObjectCustomizer
Event: 90,678 loading class groovy/lang/GroovyObjectCustomizer done
Event: 90,680 Executing VM operation: RevokeBias
Event: 90,680 Executing VM operation: RevokeBias done


Dynamic libraries:
00400000-00401000 r-xp 00000000 103:02 1182106                           /usr/lib/jvm/jdk1.8.0_211/bin/java
00600000-00601000 r--p 00000000 103:02 1182106                           /usr/lib/jvm/jdk1.8.0_211/bin/java
00601000-00602000 rw-p 00001000 103:02 1182106                           /usr/lib/jvm/jdk1.8.0_211/bin/java
01aff000-01b20000 rw-p 00000000 00:00 0                                  [heap]
d0000000-100980000 rw-p 00000000 00:00 0 
100980000-140000000 ---p 00000000 00:00 0 
7f6148000000-7f6148021000 rw-p 00000000 00:00 0 
7f6148021000-7f614c000000 ---p 00000000 00:00 0 
7f614c000000-7f614c021000 rw-p 00000000 00:00 0 
7f614c021000-7f6150000000 ---p 00000000 00:00 0 
7f6150000000-7f61502c1000 rw-p 00000000 00:00 0 
7f61502c1000-7f6154000000 ---p 00000000 00:00 0 
7f6156ff6000-7f6157176000 rw-p 00000000 00:00 0 
7f6157176000-7f61571f6000 ---p 00000000 00:00 0 
7f61571f6000-7f61573f6000 rw-p 00000000 00:00 0 
7f61573f6000-7f61575f6000 rw-p 00000000 00:00 0 
7f61575f6000-7f61575f9000 ---p 00000000 00:00 0 
7f61575f9000-7f61576f7000 rw-p 00000000 00:00 0 
7f61576f7000-7f61576fa000 ---p 00000000 00:00 0 
7f61576fa000-7f61577f8000 rw-p 00000000 00:00 0 
7f61577f8000-7f61577fb000 ---p 00000000 00:00 0 
7f61577fb000-7f61578f9000 rw-p 00000000 00:00 0 
7f61578f9000-7f61578fc000 ---p 00000000 00:00 0 
7f61578fc000-7f61579fa000 rw-p 00000000 00:00 0 
7f61579fa000-7f61579fd000 ---p 00000000 00:00 0 
7f61579fd000-7f6157afb000 rw-p 00000000 00:00 0 
7f6157afb000-7f6157afe000 ---p 00000000 00:00 0 
7f6157afe000-7f6157bfc000 rw-p 00000000 00:00 0 
7f6157bfc000-7f6157bff000 ---p 00000000 00:00 0 
7f6157bff000-7f6157cfd000 rw-p 00000000 00:00 0 
7f6157cfd000-7f6157d00000 ---p 00000000 00:00 0 
7f6157d00000-7f6157dfe000 rw-p 00000000 00:00 0 
7f6157dfe000-7f6157e01000 ---p 00000000 00:00 0 
7f6157e01000-7f6157eff000 rw-p 00000000 00:00 0 
7f6157eff000-7f6157f02000 ---p 00000000 00:00 0 
7f6157f02000-7f6158000000 rw-p 00000000 00:00 0 
7f6158000000-7f61580c0000 rw-p 00000000 00:00 0 
7f61580c0000-7f615c000000 ---p 00000000 00:00 0 
7f615c000000-7f615c022000 rw-p 00000000 00:00 0 
7f615c022000-7f6160000000 ---p 00000000 00:00 0 
7f6160000000-7f6160021000 rw-p 00000000 00:00 0 
7f6160021000-7f6164000000 ---p 00000000 00:00 0 
7f6164000000-7f6164021000 rw-p 00000000 00:00 0 
7f6164021000-7f6168000000 ---p 00000000 00:00 0 
7f6168000000-7f6168021000 rw-p 00000000 00:00 0 
7f6168021000-7f616c000000 ---p 00000000 00:00 0 
7f616c000000-7f616c021000 rw-p 00000000 00:00 0 
7f616c021000-7f6170000000 ---p 00000000 00:00 0 
7f6170000000-7f6170021000 rw-p 00000000 00:00 0 
7f6170021000-7f6174000000 ---p 00000000 00:00 0 
7f6174000000-7f61741fe000 rw-p 00000000 00:00 0 
7f61741fe000-7f6178000000 ---p 00000000 00:00 0 
7f6178000000-7f6178021000 rw-p 00000000 00:00 0 
7f6178021000-7f617c000000 ---p 00000000 00:00 0 
7f617c000000-7f617c021000 rw-p 00000000 00:00 0 
7f617c021000-7f6180000000 ---p 00000000 00:00 0 
7f6180000000-7f6180037000 rw-p 00000000 00:00 0 
7f6180037000-7f6184000000 ---p 00000000 00:00 0 
7f6184000000-7f618406a000 rw-p 00000000 00:00 0 
7f618406a000-7f6188000000 ---p 00000000 00:00 0 
7f6188000000-7f6188437000 rw-p 00000000 00:00 0 
7f6188437000-7f618c000000 ---p 00000000 00:00 0 
7f618c000000-7f618c1e4000 rw-p 00000000 00:00 0 
7f618c1e4000-7f6190000000 ---p 00000000 00:00 0 
7f6190000000-7f6190021000 rw-p 00000000 00:00 0 
7f6190021000-7f6194000000 ---p 00000000 00:00 0 
7f6194000000-7f6194021000 rw-p 00000000 00:00 0 
7f6194021000-7f6198000000 ---p 00000000 00:00 0 
7f6198000000-7f6198021000 rw-p 00000000 00:00 0 
7f6198021000-7f619c000000 ---p 00000000 00:00 0 
7f619c000000-7f619cd37000 rw-p 00000000 00:00 0 
7f619cd37000-7f61a0000000 ---p 00000000 00:00 0 
7f61a0000000-7f61a0021000 rw-p 00000000 00:00 0 
7f61a0021000-7f61a4000000 ---p 00000000 00:00 0 
7f61a4000000-7f61a405e000 rw-p 00000000 00:00 0 
7f61a405e000-7f61a8000000 ---p 00000000 00:00 0 
7f61a8000000-7f61a8021000 rw-p 00000000 00:00 0 
7f61a8021000-7f61ac000000 ---p 00000000 00:00 0 
7f61ac000000-7f61ac021000 rw-p 00000000 00:00 0 
7f61ac021000-7f61b0000000 ---p 00000000 00:00 0 
7f61b0000000-7f61b0021000 rw-p 00000000 00:00 0 
7f61b0021000-7f61b4000000 ---p 00000000 00:00 0 
7f61b4000000-7f61b4021000 rw-p 00000000 00:00 0 
7f61b4021000-7f61b8000000 ---p 00000000 00:00 0 
7f61b8000000-7f61b8021000 rw-p 00000000 00:00 0 
7f61b8021000-7f61bc000000 ---p 00000000 00:00 0 
7f61bc0d7000-7f61bc0da000 ---p 00000000 00:00 0 
7f61bc0da000-7f61bc1d8000 rw-p 00000000 00:00 0 
7f61bc1d8000-7f61bc1db000 ---p 00000000 00:00 0 
7f61bc1db000-7f61bc2d9000 rw-p 00000000 00:00 0 
7f61bc2d9000-7f61bc2dc000 ---p 00000000 00:00 0 
7f61bc2dc000-7f61bc3da000 rw-p 00000000 00:00 0 
7f61bc3da000-7f61bc3dd000 ---p 00000000 00:00 0 
7f61bc3dd000-7f61bc4db000 rw-p 00000000 00:00 0 
7f61bc4db000-7f61bc4de000 ---p 00000000 00:00 0 
7f61bc4de000-7f61bc5dc000 rw-p 00000000 00:00 0 
7f61bc5dc000-7f61bc5df000 ---p 00000000 00:00 0 
7f61bc5df000-7f61bc6dd000 rw-p 00000000 00:00 0 
7f61bc6dd000-7f61bc6e0000 ---p 00000000 00:00 0 
7f61bc6e0000-7f61bc7de000 rw-p 00000000 00:00 0 
7f61bc7de000-7f61bc7e1000 ---p 00000000 00:00 0 
7f61bc7e1000-7f61bcadf000 rw-p 00000000 00:00 0 
7f61bcadf000-7f61bccdf000 rw-p 00000000 00:00 0 
7f61bccdf000-7f61bcedf000 rw-p 00000000 00:00 0 
7f61bcedf000-7f61bcee2000 ---p 00000000 00:00 0 
7f61bcee2000-7f61bcfe0000 rw-p 00000000 00:00 0 
7f61bcfe0000-7f61bcfe3000 ---p 00000000 00:00 0 
7f61bcfe3000-7f61bd0e1000 rw-p 00000000 00:00 0 
7f61bd0e1000-7f61bd0e4000 ---p 00000000 00:00 0 
7f61bd0e4000-7f61bd3e2000 rw-p 00000000 00:00 0 
7f61bd3e2000-7f61bd5e2000 rw-p 00000000 00:00 0 
7f61bd5e2000-7f61bd7e2000 rw-p 00000000 00:00 0 
7f61bd7e2000-7f61bd9e2000 rw-p 00000000 00:00 0 
7f61bd9e2000-7f61bdbe2000 rw-p 00000000 00:00 0 
7f61bdbe2000-7f61bdde2000 rw-p 00000000 00:00 0 
7f61bdde2000-7f61bdfe2000 rw-p 00000000 00:00 0 
7f61bdfe2000-7f61be1e2000 rw-p 00000000 00:00 0 
7f61be1e2000-7f61be3e2000 rw-p 00000000 00:00 0 
7f61be3e2000-7f61be5e2000 rw-p 00000000 00:00 0 
7f61be5e2000-7f61be7e2000 rw-p 00000000 00:00 0 
7f61be7e2000-7f61be7f3000 r-xp 00000000 103:02 1443773                   /usr/lib/jvm/jdk1.8.0_211/jre/lib/amd64/libnio.so
7f61be7f3000-7f61be9f2000 ---p 00011000 103:02 1443773                   /usr/lib/jvm/jdk1.8.0_211/jre/lib/amd64/libnio.so
7f61be9f2000-7f61be9f3000 r--p 00010000 103:02 1443773                   /usr/lib/jvm/jdk1.8.0_211/jre/lib/amd64/libnio.so
7f61be9f3000-7f61be9f4000 rw-p 00011000 103:02 1443773                   /usr/lib/jvm/jdk1.8.0_211/jre/lib/amd64/libnio.so
7f61be9f4000-7f61bebf4000 rw-p 00000000 00:00 0 
7f61bebf4000-7f61bedf4000 rw-p 00000000 00:00 0 
7f61bedf4000-7f61beff4000 rw-p 00000000 00:00 0 
7f61beff4000-7f61bf1f4000 rw-p 00000000 00:00 0 
7f61bf1f4000-7f61bf1f7000 ---p 00000000 00:00 0 
7f61bf1f7000-7f61bf4f5000 rw-p 00000000 00:00 0 
7f61bf4f5000-7f61bf4f8000 ---p 00000000 00:00 0 
7f61bf4f8000-7f61bf5f6000 rw-p 00000000 00:00 0 
7f61bf5f6000-7f61bf5ff000 r-xp 00000000 103:02 1443714                   /usr/lib/jvm/jdk1.8.0_211/jre/lib/amd64/libmanagement.so
7f61bf5ff000-7f61bf7fe000 ---p 00009000 103:02 1443714                   /usr/lib/jvm/jdk1.8.0_211/jre/lib/amd64/libmanagement.so
7f61bf7fe000-7f61bf7ff000 r--p 00008000 103:02 1443714                   /usr/lib/jvm/jdk1.8.0_211/jre/lib/amd64/libmanagement.so
7f61bf7ff000-7f61bf800000 rw-p 00009000 103:02 1443714                   /usr/lib/jvm/jdk1.8.0_211/jre/lib/amd64/libmanagement.so
7f61bf800000-7f61bfa00000 rw-p 00000000 00:00 0 
7f61bfa00000-7f61bfc00000 rw-p 00000000 00:00 0 
7f61bfc00000-7f61bfe00000 rw-p 00000000 00:00 0 
7f61bfe00000-7f61c0000000 rw-p 00000000 00:00 0 
7f61c0000000-7f61c0021000 rw-p 00000000 00:00 0 
7f61c0021000-7f61c4000000 ---p 00000000 00:00 0 
7f61c4015000-7f61c7016000 rw-p 00000000 00:00 0 
7f61c7016000-7f61c702c000 r-xp 00000000 103:02 1443713                   /usr/lib/jvm/jdk1.8.0_211/jre/lib/amd64/libnet.so
7f61c702c000-7f61c722b000 ---p 00016000 103:02 1443713                   /usr/lib/jvm/jdk1.8.0_211/jre/lib/amd64/libnet.so
7f61c722b000-7f61c722c000 r--p 00015000 103:02 1443713                   /usr/lib/jvm/jdk1.8.0_211/jre/lib/amd64/libnet.so
7f61c722c000-7f61c722d000 rw-p 00016000 103:02 1443713                   /usr/lib/jvm/jdk1.8.0_211/jre/lib/amd64/libnet.so
7f61c722d000-7f61c7230000 ---p 00000000 00:00 0 
7f61c7230000-7f61c732e000 rw-p 00000000 00:00 0 
7f61c732e000-7f61c732f000 ---p 00000000 00:00 0 
7f61c732f000-7f61c742f000 rw-p 00000000 00:00 0 
7f61c742f000-7f61c7432000 ---p 00000000 00:00 0 
7f61c7432000-7f61c7530000 rw-p 00000000 00:00 0 
7f61c7530000-7f61c7531000 ---p 00000000 00:00 0 
7f61c7531000-7f61c7534000 ---p 00000000 00:00 0 
7f61c7534000-7f61c7631000 rw-p 00000000 00:00 0 
7f61c7631000-7f61c8000000 r--p 00000000 103:02 20321                     /usr/lib/locale/locale-archive
7f61c8000000-7f61c804b000 rw-p 00000000 00:00 0 
7f61c804b000-7f61cc000000 ---p 00000000 00:00 0 
7f61cc00f000-7f61cc014000 r--s 002f9000 103:02 1182164                   /usr/lib/jvm/jdk1.8.0_211/jre/lib/charsets.jar
7f61cc014000-7f61cc0a9000 r--s 01112000 103:02 1443690                   /usr/lib/jvm/jdk1.8.0_211/jre/lib/ext/jfxrt.jar
7f61cc0a9000-7f61cc0ae000 r--s 000a3000 103:02 1182214                   /usr/lib/jvm/jdk1.8.0_211/jre/lib/jsse.jar
7f61cc0ae000-7f61cc0c1000 r--s 00345000 103:02 1182206                   /usr/lib/jvm/jdk1.8.0_211/jre/lib/resources.jar
7f61cc0c1000-7f61cc0c2000 ---p 00000000 00:00 0 
7f61cc0c2000-7f61cc0c5000 ---p 00000000 00:00 0 
7f61cc0c5000-7f61cc1c2000 rw-p 00000000 00:00 0 
7f61cc1c2000-7f61cc1c3000 ---p 00000000 00:00 0 
7f61cc1c3000-7f61cc1c6000 ---p 00000000 00:00 0 
7f61cc1c6000-7f61cc2c3000 rw-p 00000000 00:00 0 
7f61cc2c3000-7f61cc2ca000 r--s 00065000 103:02 129580                    /home/mzh/.gradle/caches/modules-2/files-2.1/org.springframework/springloaded/1.2.8.RELEASE/b60bac05b0451cdc1863bfec617f39aa0dcaaa43/springloaded-1.2.8.RELEASE.jar
7f61cc2ca000-7f61cc303000 r--s 00382000 103:02 129496                    /home/mzh/.gradle/caches/modules-2/files-2.1/com.google.javascript/closure-compiler-unshaded/v20160713/7df7b683e16c93f65361a15356283599ba012c78/closure-compiler-unshaded-v20160713.jar
7f61cc303000-7f61cc310000 r--s 00109000 103:02 129495                    /home/mzh/.gradle/caches/modules-2/files-2.1/org.mozilla/rhino/1.7R4/e982f2136574b9a423186fbaeaaa98dc3e5a5288/rhino-1.7R4.jar
7f61cc310000-7f61cc31d000 r--s 00083000 103:02 129555                    /home/mzh/.gradle/caches/modules-2/files-2.1/commons-collections/commons-collections/3.2.2/8ad72fe39fa8c91eaaf12aadb21e0c3661fe26d5/commons-collections-3.2.2.jar
7f61cc31d000-7f61cc324000 r--s 0003f000 103:02 1714632                   /home/mzh/.m2/repository/commons-codec/commons-codec/1.10/commons-codec-1.10.jar
7f61cc324000-7f61cc328000 r--s 0000c000 103:02 129545                    /home/mzh/.gradle/caches/modules-2/files-2.1/javax.validation/validation-api/1.1.0.Final/8613ae82954779d518631e05daa73a6a954817d5/validation-api-1.1.0.Final.jar
7f61cc328000-7f61cc32b000 r--s 00029000 103:02 129554                    /home/mzh/.gradle/caches/modules-2/files-2.1/commons-validator/commons-validator/1.5.1/86d05a46e8f064b300657f751b5a98c62807e2a0/commons-validator-1.5.1.jar
7f61cc32b000-7f61cc331000 r--s 00027000 103:02 129762                    /home/mzh/.gradle/caches/modules-2/files-2.1/opensymphony/sitemesh/2.4/fa84c82cce30a9a632c08dd2277d63993d972cf5/sitemesh-2.4.jar
7f61cc331000-7f61cc333000 r--s 00007000 103:02 129706                    /home/mzh/.gradle/caches/modules-2/files-2.1/org.grails/grails-web-taglib/3.3.1/ca323146797a4ff2bb4f630890f4c400a0860395/grails-web-taglib-3.3.1.jar
7f61cc333000-7f61cc336000 r--s 00015000 103:02 129712                    /home/mzh/.gradle/caches/modules-2/files-2.1/org.grails/grails-taglib/3.3.1/772e8b5f992f6602cab07c7a58ab2924f97eed02/grails-taglib-3.3.1.jar
7f61cc336000-7f61cc339000 r--s 0001d000 103:02 129450                    /home/mzh/.gradle/caches/modules-2/files-2.1/org.codehaus.groovy/groovy-json/2.4.15/f6f6890181821246398cd44ba1fdf74f55717697/groovy-json-2.4.15.jar
7f61cc339000-7f61cc33d000 r--s 00042000 103:02 129761                    /home/mzh/.gradle/caches/modules-2/files-2.1/com.fasterxml.jackson.core/jackson-core/2.8.11/876ead1db19f0c9e79c9789273a3ef8c6fd6c29b/jackson-core-2.8.11.jar
7f61cc33d000-7f61cc340000 r--s 0000b000 103:02 129760                    /home/mzh/.gradle/caches/modules-2/files-2.1/com.fasterxml.jackson.core/jackson-annotations/2.8.0/45b426f7796b741035581a176744d91090e2e6fb/jackson-annotations-2.8.0.jar
7f61cc340000-7f61cc341000 r--s 00005000 103:02 129727                    /home/mzh/.gradle/caches/modules-2/files-2.1/org.grails/grails-codecs/3.3.8/f4e7982847a92749a25f31adf972c61b38ed87f8/grails-codecs-3.3.8.jar
7f61cc341000-7f61cc34a000 r--s 0002d000 103:02 129759                    /home/mzh/.gradle/caches/modules-2/files-2.1/xml-apis/xml-apis/1.4.01/3789d9fada2d3d458c4ba2de349d48780f381ee3/xml-apis-1.4.01.jar
7f61cc34a000-7f61cc34c000 r--s 00008000 103:02 129494                    /home/mzh/.gradle/caches/modules-2/files-2.1/javax.el/javax.el-api/2.2.4/1287562cc3f0ff5439ded6f2949e73ce1c0edaab/javax.el-api-2.2.4.jar
7f61cc34c000-7f61cc35d000 r--s 000a1000 103:02 129747                    /home/mzh/.gradle/caches/modules-2/files-2.1/org.hibernate/hibernate-validator/5.3.6.Final/4c730be8bf55a8e9a61e79a2f2c079abf48b718/hibernate-validator-5.3.6.Final.jar
7f61cc35d000-7f61cc365000 r--s 0005f000 103:02 129457                    /home/mzh/.gradle/caches/modules-2/files-2.1/org.grails/grails-datastore-gorm-hibernate-core/6.1.10.RELEASE/f9399493d6803451b6380b9b782e6435f7fb9971/grails-datastore-gorm-hibernate-core-6.1.10.RELEASE.jar
7f61cc365000-7f61cc377000 r--s 000b9000 103:02 129492                    /home/mzh/.gradle/caches/modules-2/files-2.1/org.springframework/spring-web/4.3.18.RELEASE/e41042a70a7d80da52261c1dfc569c7518b70dce/spring-web-4.3.18.RELEASE.jar
7f61cc377000-7f61cc37c000 r--s 00026000 103:02 129758                    /home/mzh/.gradle/caches/modules-2/files-2.1/org.grails/scaffolding-core/1.1.1/c79e9bd310896f3afbba331170c54fa2ce7f9a5d/scaffolding-core-1.1.1.jar
7f61cc37c000-7f61cc37f000 r--s 00016000 103:02 129459                    /home/mzh/.gradle/caches/modules-2/files-2.1/org.grails/grails-datastore-gorm-validation/6.1.10.RELEASE/75d8a598a9dbe80069146fdd844efe2a9cd6c35f/grails-datastore-gorm-validation-6.1.10.RELEASE.jar
7f61cc37f000-7f61cc381000 r--s 00014000 103:02 129757                    /home/mzh/.gradle/caches/modules-2/files-2.1/org.apache.tomcat.embed/tomcat-embed-logging-log4j/8.5.2/53bdd1eebc7393713261d178ac096a742423f940/tomcat-embed-logging-log4j-8.5.2.jar
7f61cc381000-7f61cc392000 r--s 000d0000 103:02 129458                    /home/mzh/.gradle/caches/modules-2/files-2.1/org.grails/grails-datastore-gorm/6.1.10.RELEASE/e748f1a1100aca901b280e37991d822364c01378/grails-datastore-gorm-6.1.10.RELEASE.jar
7f61cc392000-7f61cc395000 r--s 00012000 103:02 129734                    /home/mzh/.gradle/caches/modules-2/files-2.1/org.codehaus.groovy/groovy-sql/2.4.15/591ed2582868cb47fcac04eb50923faf52bfd231/groovy-sql-2.4.15.jar
7f61cc395000-7f61cc39f000 r--s 00060000 103:02 129497                    /home/mzh/.gradle/caches/modules-2/files-2.1/org.springframework/spring-jdbc/4.3.18.RELEASE/816bc40759cd07ec50b86b1472aa021813387114/spring-jdbc-4.3.18.RELEASE.jar
7f61cc39f000-7f61cc3a1000 r--s 00006000 103:02 129709                    /home/mzh/.gradle/caches/modules-2/files-2.1/org.grails/grails-plugin-domain-class/3.3.8/ed5b2131d09e557784bc454274ddaa3faf848c03/grails-plugin-domain-class-3.3.8.jar
7f61cc3a1000-7f61cc3a2000 r--s 00004000 103:02 129697                    /home/mzh/.gradle/caches/modules-2/files-2.1/org.grails/grails-plugin-validation/3.3.8/b52a0d5ec7d75703677c24d9c759b51ccb4291b5/grails-plugin-validation-3.3.8.jar
7f61cc3a2000-7f61cc3a4000 r--s 00009000 103:02 129696                    /home/mzh/.gradle/caches/modules-2/files-2.1/org.grails/grails-plugin-mimetypes/3.3.8/6efd7478161e84cd8c08b80465da3df5bbd0b1d3/grails-plugin-mimetypes-3.3.8.jar
7f61cc3a4000-7f61cc3a6000 r--s 0000b000 103:02 129704                    /home/mzh/.gradle/caches/modules-2/files-2.1/org.grails/grails-web-sitemesh/3.3.1/d639808f26ff1e16e32cb86129fd847961575abe/grails-web-sitemesh-3.3.1.jar
7f61cc3a6000-7f61cc3a8000 r--s 00011000 103:02 129703                    /home/mzh/.gradle/caches/modules-2/files-2.1/org.grails/grails-web-gsp/3.3.1/5670ed8376f739528fdb21de0514d2cc22c5a276/grails-web-gsp-3.3.1.jar
7f61cc3a8000-7f61cc3a9000 r--s 00005000 103:02 129702                    /home/mzh/.gradle/caches/modules-2/files-2.1/org.grails/grails-web-mvc/3.3.8/425ab101208d3865e9722ae79583bf2d933d6714/grails-web-mvc-3.3.8.jar
7f61cc3a9000-7f61cc3ac000 r--s 0002a000 103:02 129705                    /home/mzh/.gradle/caches/modules-2/files-2.1/org.grails/grails-web-url-mappings/3.3.8/eeb5dc5408de15afb394a69b3e9f766c45d51a34/grails-web-url-mappings-3.3.8.jar
7f61cc3ac000-7f61cc3af000 r--s 00014000 103:02 129701                    /home/mzh/.gradle/caches/modules-2/files-2.1/org.grails/grails-web-databinding/3.3.8/3c852dd8c191eeffbe0c760bda80d97bc67dc5aa/grails-web-databinding-3.3.8.jar
7f61cc3af000-7f61cc3b4000 r--s 00029000 103:02 129736                    /home/mzh/.gradle/caches/modules-2/files-2.1/org.springframework/spring-context-support/4.3.18.RELEASE/d14d5b7c7fd060e345d5aebbe151e27d2c69ba6a/spring-context-support-4.3.18.RELEASE.jar
7f61cc3b4000-7f61cc3c5000 r--s 000d0000 103:02 129735                    /home/mzh/.gradle/caches/modules-2/files-2.1/org.springframework/spring-webmvc/4.3.18.RELEASE/67ad7f59830df97ab73f8c7ab53ea33ae7dcb68/spring-webmvc-4.3.18.RELEASE.jar
7f61cc3c5000-7f61cc3c8000 r--s 00027000 103:02 129711                    /home/mzh/.gradle/caches/modules-2/files-2.1/org.grails/grails-gsp/3.3.1/88115473871aeb898b590958ef2ba8a9cbd7dbb0/grails-gsp-3.3.1.jar
7f61cc3c8000-7f61cc3cd000 r--s 00029000 103:02 129713                    /home/mzh/.gradle/caches/modules-2/files-2.1/org.grails/grails-encoder/3.3.8/abe512a81f4e5369bc88c8c4259e39576a6565b4/grails-encoder-3.3.8.jar
7f61cc3cd000-7f61cc3d0000 r--s 0000f000 103:02 129726                    /home/mzh/.gradle/caches/modules-2/files-2.1/org.grails/grails-databinding/3.3.8/e3a1cdca8521b71d1e07645ec2bfe34493930c42/grails-databinding-3.3.8.jar
7f61cc3d0000-7f61cc3d2000 r--s 00002000 103:02 129756                    /home/mzh/.gradle/caches/modules-2/files-2.1/org.apache.tomcat/tomcat-annotations-api/8.5.32/bc805a49362036d2705bbe051053f11120869fd/tomcat-annotations-api-8.5.32.jar
7f61cc3d2000-7f61cc3e4000 r--s 0011f000 103:02 129755                    /home/mzh/.gradle/caches/modules-2/files-2.1/com.fasterxml.jackson.core/jackson-databind/2.8.11.2/2c5051e8e84d2c16316b758ebf746f9e90bef5a4/jackson-databind-2.8.11.2.jar
7f61cc3e4000-7f61cc3e5000 r--s 00003000 103:02 129546                    /home/mzh/.gradle/caches/modules-2/files-2.1/javax.transaction/jta/1.1/2ca09f0b36ca7d71b762e14ea2ff09d5eac57558/jta-1.1.jar
7f61cc3e5000-7f61cc3eb000 r--s 0003d000 103:02 1321579                   /home/mzh/.m2/repository/org/yaml/snakeyaml/1.17/snakeyaml-1.17.jar
7f61cc3eb000-7f61cc3ee000 r--s 00016000 103:02 129454                    /home/mzh/.gradle/caches/modules-2/files-2.1/org.codehaus.groovy/groovy-templates/2.4.15/b5cbe971f2950452c1d431ea0135dd8de2d5f58e/groovy-templates-2.4.15.jar
7f61cc3ee000-7f61cc3f2000 r--s 00031000 103:02 129455                    /home/mzh/.gradle/caches/modules-2/files-2.1/org.codehaus.groovy/groovy-xml/2.4.15/40865f59469e6b0808c9c304bd17038997220c72/groovy-xml-2.4.15.jar
7f61cc3f2000-7f61cc3f8000 r--s 0003e000 103:02 129738                    /home/mzh/.gradle/caches/modules-2/files-2.1/org.springframework/spring-expression/4.3.18.RELEASE/64f2270bfd9d615c8c3b9d94995867f39391ed30/spring-expression-4.3.18.RELEASE.jar
7f61cc3f8000-7f61cc401000 r--s 00054000 103:02 129737                    /home/mzh/.gradle/caches/modules-2/files-2.1/org.springframework/spring-aop/4.3.18.RELEASE/dd930265a504563d76de79864ae3196f6e9035e0/spring-aop-4.3.18.RELEASE.jar
7f61cc401000-7f61cc403000 r--s 0000e000 103:02 1321614                   /home/mzh/.m2/repository/commons-logging/commons-logging/1.2/commons-logging-1.2.jar
7f61cc403000-7f61cc40e000 r--s 0006a000 103:02 129754                    /home/mzh/.gradle/caches/modules-2/files-2.1/ch.qos.logback/logback-core/1.1.11/88b8df40340eed549fb07e2613879bf6b006704d/logback-core-1.1.11.jar
7f61cc40e000-7f61cc412000 r--s 00049000 103:02 129472                    /home/mzh/.gradle/caches/modules-2/files-2.1/com.bertramlabs.plugins/asset-pipeline-core/2.14.8/4e1c17bbfb623fc66df7e5577a0be11973749cd7/asset-pipeline-core-2.14.8.jar
7f61cc412000-7f61cc414000 r--s 0000b000 103:02 129752                    /home/mzh/.gradle/caches/modules-2/files-2.1/org.apache.tomcat/tomcat-juli/8.5.32/c659f0c0bc6e1124bf3461ca51b25724a2335cf6/tomcat-juli-8.5.32.jar
7f61cc414000-7f61cc416000 r--s 00007000 103:02 129751                    /home/mzh/.gradle/caches/modules-2/files-2.1/javax.el/el-api/2.1.2-b03/1ac087d9d1a632d2ff82fa1e8b6610aca025ff2a/el-api-2.1.2-b03.jar
7f61cc416000-7f61cc418000 r--s 0001f000 103:02 129700                    /home/mzh/.gradle/caches/modules-2/files-2.1/org.grails/grails-web-jsp/3.3.1/e45c3adb5f6fc6c7761227457d09114ec41c55fe/grails-web-jsp-3.3.1.jar
7f61cc418000-7f61cc419000 r--s 00004000 103:02 129695                    /home/mzh/.gradle/caches/modules-2/files-2.1/org.grails/grails-plugin-codecs/3.3.8/55f4d0afad4134069100cdb952fb156129ad1af1/grails-plugin-codecs-3.3.8.jar
7f61cc419000-7f61cc41e000 r--s 00041000 103:02 129750                    /home/mzh/.gradle/caches/modules-2/files-2.1/commons-lang/commons-lang/2.6/ce1edb914c94ebc388f086c6827e8bdeec71ac2/commons-lang-2.6.jar
7f61cc41e000-7f61cc420000 r--s 0000b000 103:02 129699                    /home/mzh/.gradle/caches/modules-2/files-2.1/org.grails/grails-web-gsp-taglib/3.3.1/28e0c0776c9f5c6109b79a89860161db3369fe81/grails-web-gsp-taglib-3.3.1.jar
7f61cc420000-7f61cc423000 r--s 00010000 103:02 129482                    /home/mzh/.gradle/caches/modules-2/files-2.1/org.hibernate.common/hibernate-commons-annotations/5.0.1.Final/71e1cff3fcb20d3b3af4f3363c3ddb24d33c6879/hibernate-commons-annotations-5.0.1.Final.jar
7f61cc423000-7f61cc428000 r--s 00048000 103:02 129491                    /home/mzh/.gradle/caches/modules-2/files-2.1/dom4j/dom4j/1.6.1/5d3ccc056b6f056dbf0dddfdf43894b9065a8f94/dom4j-1.6.1.jar
7f61cc428000-7f61cc42a000 r--s 0000e000 103:02 129749                    /home/mzh/.gradle/caches/modules-2/files-2.1/com.fasterxml/classmate/1.3.4/3d5f48f10bbe4eb7bd862f10c0583be2e0053c6/classmate-1.3.4.jar
7f61cc42a000-7f61cc42d000 r--s 0002b000 103:02 129489                    /home/mzh/.gradle/caches/modules-2/files-2.1/org.jboss/jandex/2.0.3.Final/bfc4d6257dbff7a33a357f0de116be6ff951d849/jandex-2.0.3.Final.jar
7f61cc42d000-7f61cc42e000 r--s 00003000 103:02 129488                    /home/mzh/.gradle/caches/modules-2/files-2.1/org.apache.geronimo.specs/geronimo-jta_1.1_spec/1.1.1/aabab3165b8ea936b9360abbf448459c0d04a5a4/geronimo-jta_1.1_spec-1.1.1.jar
7f61cc42e000-7f61cc433000 r--s 00068000 103:02 129487                    /home/mzh/.gradle/caches/modules-2/files-2.1/antlr/antlr/2.7.7/83cd2cd674a217ade95a4bb83a8a14f351f48bd0/antlr-2.7.7.jar
7f61cc433000-7f61cc435000 r--s 0000f000 103:02 129748                    /home/mzh/.gradle/caches/modules-2/files-2.1/org.jboss.logging/jboss-logging/3.3.2.Final/3789d00e859632e6c6206adc0c71625559e6e3b0/jboss-logging-3.3.2.Final.jar
7f61cc435000-7f61cc43f000 r--s 0006b000 103:02 129471                    /home/mzh/.gradle/caches/modules-2/files-2.1/org.springframework/spring-orm/4.3.18.RELEASE/f5f7cef67e9729f0f96a89441ae24980c7339da8/spring-orm-4.3.18.RELEASE.jar
7f61cc43f000-7f61cc443000 r--s 00039000 103:02 129456                    /home/mzh/.gradle/caches/modules-2/files-2.1/org.grails/grails-datastore-gorm-hibernate5/6.1.10.RELEASE/e936dddf7b76f8d21d21ae1e4b995bd1f0e02ddf/grails-datastore-gorm-hibernate5-6.1.10.RELEASE.jar
7f61cc443000-7f61cc446000 r--s 00012000 103:02 129446                    /home/mzh/.gradle/caches/modules-2/files-2.1/org.grails/grails-datastore-gorm-support/6.1.10.RELEASE/2bb769978840f8ac440252c03ae5dd6e472cc07e/grails-datastore-gorm-support-6.1.10.RELEASE.jar
7f61cc446000-7f61cc447000 r--s 00002000 103:02 129448                    /home/mzh/.gradle/caches/modules-2/files-2.1/org.grails/grails-datastore-web/6.1.10.RELEASE/699f0312c2f584da0d5cc71fcf9f04410fbedec5/grails-datastore-web-6.1.10.RELEASE.jar
7f61cc447000-7f61cc449000 r--s 00003000 103:02 129724                    /home/mzh/.gradle/caches/modules-2/files-2.1/org.grails/grails-events-compat/3.3.2/1250482ac83841a19c75b150777a2d2c28592d33/grails-events-compat-3.3.2.jar
7f61cc449000-7f61cc44a000 r--s 00007000 103:02 129725                    /home/mzh/.gradle/caches/modules-2/files-2.1/org.grails/grails-events-transform/3.3.2/645c93ccb03ea27a23d6ac25265b01e5a63b9525/grails-events-transform-3.3.2.jar
7f61cc44a000-7f61cc44c000 r--s 0000b000 103:02 129733                    /home/mzh/.gradle/caches/modules-2/files-2.1/org.grails/grails-events/3.3.2/a4c70fc8c391d8060d715ea68bfe4ff87761fd02/grails-events-3.3.2.jar
7f61cc44c000-7f61cc44e000 r--s 00020000 103:02 129744                    /home/mzh/.gradle/caches/modules-2/files-2.1/org.grails.plugins/fields/2.2.8/bfb21b4e1c05db9f105159d12bcac0389b1ac464/fields-2.2.8.jar
7f61cc44e000-7f61cc451000 r--s 0000e000 103:02 129732                    /home/mzh/.gradle/caches/modules-2/files-2.1/org.grails/grails-async/3.3.2/df2d4d6d96161b1105298a951c6fff31dd52e1e9/grails-async-3.3.2.jar
7f61cc451000-7f61cc45b000 r--s 000aa000 103:02 129486                    /home/mzh/.gradle/caches/modules-2/files-2.1/org.javassist/javassist/3.21.0-GA/598244f595db5c5fb713731eddbb1c91a58d959b/javassist-3.21.0-GA.jar
7f61cc45b000-7f61cc45e000 r--s 00016000 103:02 129710                    /home/mzh/.gradle/caches/modules-2/files-2.1/org.grails/grails-validation/3.3.8/ea17d94d6f6943742cc56ecc4614ff5ce1b05d27/grails-validation-3.3.8.jar
7f61cc45e000-7f61cc462000 r--s 0001e000 103:02 129743                    /home/mzh/.gradle/caches/modules-2/files-2.1/org.grails.plugins/converters/3.3.1/afc1ea5fa7d7d52e83017856fa5a651d38145048/converters-3.3.1.jar
7f61cc462000-7f61cc464000 r--s 00005000 103:02 129708                    /home/mzh/.gradle/caches/modules-2/files-2.1/org.grails/grails-plugin-datasource/3.3.8/a95588e21436d6d3b1baa8cedae2a06c52a7bf0c/grails-plugin-datasource-3.3.8.jar
7f61cc464000-7f61cc467000 r--s 00019000 103:02 129692                    /home/mzh/.gradle/caches/modules-2/files-2.1/org.grails/grails-plugin-controllers/3.3.8/7f0c6309c03c0b844e83161451f59ddda2079f48/grails-plugin-controllers-3.3.8.jar
7f61cc467000-7f61cc468000 r--s 00005000 103:02 129698                    /home/mzh/.gradle/caches/modules-2/files-2.1/org.grails/grails-web/3.3.8/4aa794850b39b2359652e1ae0cbe151c25ed48c/grails-web-3.3.8.jar
7f61cc468000-7f61cc46c000 r--s 00028000 103:02 129707                    /home/mzh/.gradle/caches/modules-2/files-2.1/org.grails/grails-web-common/3.3.8/b31f5b9ea65cdb0640cecf0b7ae6e20de617aad7/grails-web-common-3.3.8.jar
7f61cc46c000-7f61cc471000 r--s 0003a000 103:02 129740                    /home/mzh/.gradle/caches/modules-2/files-2.1/org.apache.tomcat.embed/tomcat-embed-websocket/8.5.32/ea5302e378f1449d4e5dda79e8d810c1e7931f91/tomcat-embed-websocket-8.5.32.jar
7f61cc471000-7f61cc476000 r--s 00037000 103:02 129742                    /home/mzh/.gradle/caches/modules-2/files-2.1/org.apache.tomcat.embed/tomcat-embed-el/8.5.32/e4fd0ee015d83fa1c5ec93ff1d05bdaf9a4480c5/tomcat-embed-el-8.5.32.jar
7f61cc476000-7f61cc49f000 r--s 002d3000 103:02 129741                    /home/mzh/.gradle/caches/modules-2/files-2.1/org.apache.tomcat.embed/tomcat-embed-core/8.5.32/6bc6896200146010cc4666bdc6b9b0cbb453ee22/tomcat-embed-core-8.5.32.jar
7f61cc49f000-7f61cc4af000 r--s 00079000 103:02 129682                    /home/mzh/.gradle/caches/modules-2/files-2.1/org.springframework.boot/spring-boot-actuator/1.5.15.RELEASE/85be178d2300533b477127614a18fdba0929fa24/spring-boot-actuator-1.5.15.RELEASE.jar
7f61cc4af000-7f61cc4b0000 r--s 00000000 103:02 129680                    /home/mzh/.gradle/caches/modules-2/files-2.1/org.springframework.boot/spring-boot-starter/1.5.15.RELEASE/5b4419f4c8960eafba0b4f588b27dbbde9ea9abd/spring-boot-starter-1.5.15.RELEASE.jar
7f61cc4b0000-7f61cc4b4000 r--s 00040000 103:02 129739                    /home/mzh/.gradle/caches/modules-2/files-2.1/xalan/serializer/2.7.2/24247f3bb052ee068971393bdb83e04512bb1c3c/serializer-2.7.2.jar
7f61cc4b4000-7f61cc4c2000 r--s 00081000 103:02 129460                    /home/mzh/.gradle/caches/modules-2/files-2.1/org.grails/grails-datastore-core/6.1.10.RELEASE/b4d509cb463f0d945773cbc27d4be2dc2cc943e3/grails-datastore-core-6.1.10.RELEASE.jar
7f61cc4c2000-7f61cc4c3000 r--s 00009000 103:02 129728                    /home/mzh/.gradle/caches/modules-2/files-2.1/org.grails/grails-spring/3.3.8/651f0a45cbc62c9c17afb25607e6335c715a41d5/grails-spring-3.3.8.jar
7f61cc4c3000-7f61cc4c7000 r--s 0003a000 103:02 1321571                   /home/mzh/.m2/repository/org/grails/grails-bootstrap/3.3.8/grails-bootstrap-3.3.8.jar
7f61cc4c7000-7f61cc4e0000 r--s 000fe000 103:02 129493                    /home/mzh/.gradle/caches/modules-2/files-2.1/org.springframework/spring-context/4.3.18.RELEASE/d302953b509e6d380856e245bf80c29770c08c98/spring-context-4.3.18.RELEASE.jar
7f61cc4e0000-7f61cc4ee000 r--s 000ad000 103:02 129499                    /home/mzh/.gradle/caches/modules-2/files-2.1/org.springframework/spring-beans/4.3.18.RELEASE/27460686b16b3ffee60bb3365cd56bba6ed860ff/spring-beans-4.3.18.RELEASE.jar
7f61cc4ee000-7f61cc4f6000 r--s 0003a000 103:02 129498                    /home/mzh/.gradle/caches/modules-2/files-2.1/org.springframework/spring-tx/4.3.18.RELEASE/b6b7938f7d8ba412b6663a8b950592557c2d996e/spring-tx-4.3.18.RELEASE.jar
7f61cc4f6000-7f61cc50d000 r--s 000fe000 103:02 129501                    /home/mzh/.gradle/caches/modules-2/files-2.1/org.springframework/spring-core/4.3.18.RELEASE/4acbce682c3dfe38181d57b7e0792e2cc21e4f77/spring-core-4.3.18.RELEASE.jar
7f61cc50d000-7f61cc511000 r--s 00019000 103:02 129544                    /home/mzh/.gradle/caches/modules-2/files-2.1/com.googlecode.concurrentlinkedhashmap/concurrentlinkedhashmap-lru/1.4.2/2eaf3d3c9746d526ff7e5b93931d482c3887e6ac/concurrentlinkedhashmap-lru-1.4.2.jar
7f61cc511000-7f61cc516000 r--s 00017000 103:02 129485                    /home/mzh/.gradle/caches/modules-2/files-2.1/org.hibernate.javax.persistence/hibernate-jpa-2.1-api/1.0.0.Final/5e731d961297e5a07290bfaf3db1fbc8bbbf405a/hibernate-jpa-2.1-api-1.0.0.Final.jar
7f61cc516000-7f61cc518000 r--s 00009000 103:02 129465                    /home/mzh/.gradle/caches/modules-2/files-2.1/org.slf4j/slf4j-api/1.7.25/da76ca59f6a57ee3102f8f9bd9cee742973efa8a/slf4j-api-1.7.25.jar
7f61cc518000-7f61cc565000 r--s 0042b000 103:02 129462                    /home/mzh/.gradle/caches/modules-2/files-2.1/org.codehaus.groovy/groovy/2.4.15/74b7e0b99526c569e3a59cb84dbcc6204d601ee6/groovy-2.4.15.jar
7f61cc565000-7f61cc575000 r--s 00097000 103:02 129731                    /home/mzh/.gradle/caches/modules-2/files-2.1/org.springframework.boot/spring-boot/1.5.15.RELEASE/79126cdbd541d1fd9a1497efddb00848bf7b201/spring-boot-1.5.15.RELEASE.jar
7f61cc575000-7f61cc577000 r--s 00004000 103:02 129730                    /home/mzh/.gradle/caches/modules-2/files-2.1/org.slf4j/log4j-over-slf4j/1.7.25/a87bb47468f47ee7aabbd54f93e133d4215769c3/log4j-over-slf4j-1.7.25.jar
7f61cc577000-7f61cc579000 r--s 00000000 103:02 129729                    /home/mzh/.gradle/caches/modules-2/files-2.1/org.slf4j/jul-to-slf4j/1.7.25/af5364cd6679bfffb114f0dec8a157aaa283b76/jul-to-slf4j-1.7.25.jar
7f61cc579000-7f61cc57b000 r--s 00003000 103:02 129463                    /home/mzh/.gradle/caches/modules-2/files-2.1/org.slf4j/jcl-over-slf4j/1.7.25/f8c32b13ff142a513eeb5b6330b1588dcb2c0461/jcl-over-slf4j-1.7.25.jar
7f61cc57b000-7f61cc582000 r--s 00045000 103:02 129723                    /home/mzh/.gradle/caches/modules-2/files-2.1/ch.qos.logback/logback-classic/1.1.11/ccedfbacef4a6515d2983e3f89ed753d5d4fb665/logback-classic-1.1.11.jar
7f61cc582000-7f61cc585000 r--s 00022000 103:02 129721                    /home/mzh/.gradle/caches/modules-2/files-2.1/org.apache.tomcat/tomcat-jdbc/8.5.32/9d2bf02f75c1f72b5346b60263d44b1a1ab8da43/tomcat-jdbc-8.5.32.jar
7f61cc585000-7f61cc595000 r--s 001c7000 103:02 129720                    /home/mzh/.gradle/caches/modules-2/files-2.1/com.h2database/h2/1.4.197/bb391050048ca8ae3e32451b5a3714ecd3596a46/h2-1.4.197.jar
7f61cc595000-7f61cc601000 r--s 0050a000 103:02 129718                    /home/mzh/.gradle/caches/modules-2/files-2.1/org.hibernate/hibernate-core/5.1.5.Final/28366d161d448e82370e5bbd871eb2835ba0fb7b/hibernate-core-5.1.5.Final.jar
7f61cc601000-7f61cc622000 r--s 000e6000 103:02 129764                    /home/mzh/.gradle/caches/modules-2/files-2.1/org.springframework.boot/spring-boot-autoconfigure/1.5.15.RELEASE/9cb093e335fc58e61581edcb959813b62731ef8e/spring-boot-autoconfigure-1.5.15.RELEASE.jar
7f61cc622000-7f61cc625000 ---p 00000000 00:00 0 
7f61cc625000-7f61cc723000 rw-p 00000000 00:00 0 
7f61cc723000-7f61cc726000 ---p 00000000 00:00 0 
7f61cc726000-7f61cc824000 rw-p 00000000 00:00 0 
7f61cc824000-7f61cc827000 ---p 00000000 00:00 0 
7f61cc827000-7f61cc925000 rw-p 00000000 00:00 0 
7f61cc925000-7f61cc926000 ---p 00000000 00:00 0 
7f61cc926000-7f61cd984000 rw-p 00000000 00:00 0 
7f61cd984000-7f61cdb5e000 r--s 03d6d000 103:02 1182165                   /usr/lib/jvm/jdk1.8.0_211/jre/lib/rt.jar
7f61cdb5e000-7f61cfcde000 rw-p 00000000 00:00 0 
7f61cfcde000-7f61cfcdf000 ---p 00000000 00:00 0 
7f61cfcdf000-7f61cfddf000 rw-p 00000000 00:00 0 
7f61cfddf000-7f61cfde0000 ---p 00000000 00:00 0 
7f61cfde0000-7f61cfee0000 rw-p 00000000 00:00 0 
7f61cfee0000-7f61cfee1000 ---p 00000000 00:00 0 
7f61cfee1000-7f61cffe1000 rw-p 00000000 00:00 0 
7f61cffe1000-7f61cffe2000 ---p 00000000 00:00 0 
7f61cffe2000-7f61d0225000 rw-p 00000000 00:00 0 
7f61d0225000-7f61d05a2000 ---p 00000000 00:00 0 
7f61d05a2000-7f61d1662000 rwxp 00000000 00:00 0 
7f61d1662000-7f61df5a2000 ---p 00000000 00:00 0 
7f61df5a2000-7f61df5bd000 r-xp 00000000 103:02 1443736                   /usr/lib/jvm/jdk1.8.0_211/jre/lib/amd64/libzip.so
7f61df5bd000-7f61df7bc000 ---p 0001b000 103:02 1443736                   /usr/lib/jvm/jdk1.8.0_211/jre/lib/amd64/libzip.so
7f61df7bc000-7f61df7bd000 r--p 0001a000 103:02 1443736                   /usr/lib/jvm/jdk1.8.0_211/jre/lib/amd64/libzip.so
7f61df7bd000-7f61df7be000 rw-p 0001b000 103:02 1443736                   /usr/lib/jvm/jdk1.8.0_211/jre/lib/amd64/libzip.so
7f61df7be000-7f61df7c9000 r-xp 00000000 103:02 12803                     /lib/x86_64-linux-gnu/libnss_files-2.27.so
7f61df7c9000-7f61df9c8000 ---p 0000b000 103:02 12803                     /lib/x86_64-linux-gnu/libnss_files-2.27.so
7f61df9c8000-7f61df9c9000 r--p 0000a000 103:02 12803                     /lib/x86_64-linux-gnu/libnss_files-2.27.so
7f61df9c9000-7f61df9ca000 rw-p 0000b000 103:02 12803                     /lib/x86_64-linux-gnu/libnss_files-2.27.so
7f61df9ca000-7f61df9d0000 rw-p 00000000 00:00 0 
7f61df9d0000-7f61df9e7000 r-xp 00000000 103:02 12797                     /lib/x86_64-linux-gnu/libnsl-2.27.so
7f61df9e7000-7f61dfbe6000 ---p 00017000 103:02 12797                     /lib/x86_64-linux-gnu/libnsl-2.27.so
7f61dfbe6000-7f61dfbe7000 r--p 00016000 103:02 12797                     /lib/x86_64-linux-gnu/libnsl-2.27.so
7f61dfbe7000-7f61dfbe8000 rw-p 00017000 103:02 12797                     /lib/x86_64-linux-gnu/libnsl-2.27.so
7f61dfbe8000-7f61dfbea000 rw-p 00000000 00:00 0 
7f61dfbea000-7f61dfbf5000 r-xp 00000000 103:02 12814                     /lib/x86_64-linux-gnu/libnss_nis-2.27.so
7f61dfbf5000-7f61dfdf4000 ---p 0000b000 103:02 12814                     /lib/x86_64-linux-gnu/libnss_nis-2.27.so
7f61dfdf4000-7f61dfdf5000 r--p 0000a000 103:02 12814                     /lib/x86_64-linux-gnu/libnss_nis-2.27.so
7f61dfdf5000-7f61dfdf6000 rw-p 0000b000 103:02 12814                     /lib/x86_64-linux-gnu/libnss_nis-2.27.so
7f61dfdf6000-7f61dfdfe000 r-xp 00000000 103:02 12799                     /lib/x86_64-linux-gnu/libnss_compat-2.27.so
7f61dfdfe000-7f61dfffe000 ---p 00008000 103:02 12799                     /lib/x86_64-linux-gnu/libnss_compat-2.27.so
7f61dfffe000-7f61dffff000 r--p 00008000 103:02 12799                     /lib/x86_64-linux-gnu/libnss_compat-2.27.so
7f61dffff000-7f61e0000000 rw-p 00009000 103:02 12799                     /lib/x86_64-linux-gnu/libnss_compat-2.27.so
7f61e0000000-7f61e1962000 rw-p 00000000 00:00 0 
7f61e1962000-7f61e4000000 ---p 00000000 00:00 0 
7f61e4000000-7f61e4002000 r--s 0001e000 103:02 129722                    /home/mzh/.gradle/caches/modules-2/files-2.1/com.bertramlabs.plugins/asset-pipeline-grails/2.14.8/b7a8bc6c1a6d7c499cd1a001d6d886365062b9e7/asset-pipeline-grails-2.14.8.jar
7f61e4002000-7f61e4005000 r--s 00018000 103:02 129719                    /home/mzh/.gradle/caches/modules-2/files-2.1/org.glassfish.web/el-impl/2.1.2-b03/6bab1211b6e6b191fdbf06067bd05d2f75a62ac0/el-impl-2.1.2-b03.jar
7f61e4005000-7f61e400a000 r--s 0004b000 103:02 129694                    /home/mzh/.gradle/caches/modules-2/files-2.1/org.grails.plugins/gsp/3.3.1/7b40598abe73d8535b2dd4503467d5c0c415b7b5/gsp-3.3.1.jar
7f61e400a000-7f61e400b000 r--s 00006000 103:02 129445                    /home/mzh/.gradle/caches/modules-2/files-2.1/org.grails.plugins/hibernate5/6.1.10/6929b4844ceaa1f933a1cf74e32cca9c007d2bb8/hibernate5-6.1.10.jar
7f61e400b000-7f61e400d000 r--s 00006000 103:02 129717                    /home/mzh/.gradle/caches/modules-2/files-2.1/org.grails.plugins/scaffolding/3.4.1/3794a2154aa473fd2281e1e36de398815a63e740/scaffolding-3.4.1.jar
7f61e400d000-7f61e4010000 r--s 0000c000 103:02 129686                    /home/mzh/.gradle/caches/modules-2/files-2.1/org.grails.plugins/async/3.3.2/849be6dcabfba176078915404451c4b4479c6d49/async-3.3.2.jar
7f61e4010000-7f61e4012000 r--s 00011000 103:02 129716                    /home/mzh/.gradle/caches/modules-2/files-2.1/org.grails.plugins/cache/4.0.0/72be24e2f8b3e5407048f5cc5186dcd32e8de841/cache-4.0.0.jar
7f61e4012000-7f61e4020000 r--s 000b0000 103:02 129714                    /home/mzh/.gradle/caches/modules-2/files-2.1/org.grails/grails-core/3.3.8/d535a1f07ed1a1ce388bc18c8b63a3f3abd1aeee/grails-core-3.3.8.jar
7f61e4020000-7f61e41a1000 rw-p 00000000 00:00 0 
7f61e41a1000-7f61e41ab000 r-xp 00000000 103:02 1443738                   /usr/lib/jvm/jdk1.8.0_211/jre/lib/amd64/libinstrument.so
7f61e41ab000-7f61e43aa000 ---p 0000a000 103:02 1443738                   /usr/lib/jvm/jdk1.8.0_211/jre/lib/amd64/libinstrument.so
7f61e43aa000-7f61e43ab000 r--p 00009000 103:02 1443738                   /usr/lib/jvm/jdk1.8.0_211/jre/lib/amd64/libinstrument.so
7f61e43ab000-7f61e43ac000 rw-p 0000a000 103:02 1443738                   /usr/lib/jvm/jdk1.8.0_211/jre/lib/amd64/libinstrument.so
7f61e43ac000-7f61e43d8000 r-xp 00000000 103:02 1443727                   /usr/lib/jvm/jdk1.8.0_211/jre/lib/amd64/libjava.so
7f61e43d8000-7f61e45d8000 ---p 0002c000 103:02 1443727                   /usr/lib/jvm/jdk1.8.0_211/jre/lib/amd64/libjava.so
7f61e45d8000-7f61e45d9000 r--p 0002c000 103:02 1443727                   /usr/lib/jvm/jdk1.8.0_211/jre/lib/amd64/libjava.so
7f61e45d9000-7f61e45db000 rw-p 0002d000 103:02 1443727                   /usr/lib/jvm/jdk1.8.0_211/jre/lib/amd64/libjava.so
7f61e45db000-7f61e45e8000 r-xp 00000000 103:02 1443718                   /usr/lib/jvm/jdk1.8.0_211/jre/lib/amd64/libverify.so
7f61e45e8000-7f61e47e7000 ---p 0000d000 103:02 1443718                   /usr/lib/jvm/jdk1.8.0_211/jre/lib/amd64/libverify.so
7f61e47e7000-7f61e47e9000 r--p 0000c000 103:02 1443718                   /usr/lib/jvm/jdk1.8.0_211/jre/lib/amd64/libverify.so
7f61e47e9000-7f61e47ea000 rw-p 0000e000 103:02 1443718                   /usr/lib/jvm/jdk1.8.0_211/jre/lib/amd64/libverify.so
7f61e47ea000-7f61e47f1000 r-xp 00000000 103:02 12852                     /lib/x86_64-linux-gnu/librt-2.27.so
7f61e47f1000-7f61e49f0000 ---p 00007000 103:02 12852                     /lib/x86_64-linux-gnu/librt-2.27.so
7f61e49f0000-7f61e49f1000 r--p 00006000 103:02 12852                     /lib/x86_64-linux-gnu/librt-2.27.so
7f61e49f1000-7f61e49f2000 rw-p 00007000 103:02 12852                     /lib/x86_64-linux-gnu/librt-2.27.so
7f61e49f2000-7f61e4b8f000 r-xp 00000000 103:02 12776                     /lib/x86_64-linux-gnu/libm-2.27.so
7f61e4b8f000-7f61e4d8e000 ---p 0019d000 103:02 12776                     /lib/x86_64-linux-gnu/libm-2.27.so
7f61e4d8e000-7f61e4d8f000 r--p 0019c000 103:02 12776                     /lib/x86_64-linux-gnu/libm-2.27.so
7f61e4d8f000-7f61e4d90000 rw-p 0019d000 103:02 12776                     /lib/x86_64-linux-gnu/libm-2.27.so
7f61e4d90000-7f61e5a78000 r-xp 00000000 103:02 1443734                   /usr/lib/jvm/jdk1.8.0_211/jre/lib/amd64/server/libjvm.so
7f61e5a78000-7f61e5c77000 ---p 00ce8000 103:02 1443734                   /usr/lib/jvm/jdk1.8.0_211/jre/lib/amd64/server/libjvm.so
7f61e5c77000-7f61e5d0d000 r--p 00ce7000 103:02 1443734                   /usr/lib/jvm/jdk1.8.0_211/jre/lib/amd64/server/libjvm.so
7f61e5d0d000-7f61e5d3e000 rw-p 00d7d000 103:02 1443734                   /usr/lib/jvm/jdk1.8.0_211/jre/lib/amd64/server/libjvm.so
7f61e5d3e000-7f61e5d79000 rw-p 00000000 00:00 0 
7f61e5d79000-7f61e5f60000 r-xp 00000000 103:02 12723                     /lib/x86_64-linux-gnu/libc-2.27.so
7f61e5f60000-7f61e6160000 ---p 001e7000 103:02 12723                     /lib/x86_64-linux-gnu/libc-2.27.so
7f61e6160000-7f61e6164000 r--p 001e7000 103:02 12723                     /lib/x86_64-linux-gnu/libc-2.27.so
7f61e6164000-7f61e6166000 rw-p 001eb000 103:02 12723                     /lib/x86_64-linux-gnu/libc-2.27.so
7f61e6166000-7f61e616a000 rw-p 00000000 00:00 0 
7f61e616a000-7f61e616d000 r-xp 00000000 103:02 12740                     /lib/x86_64-linux-gnu/libdl-2.27.so
7f61e616d000-7f61e636c000 ---p 00003000 103:02 12740                     /lib/x86_64-linux-gnu/libdl-2.27.so
7f61e636c000-7f61e636d000 r--p 00002000 103:02 12740                     /lib/x86_64-linux-gnu/libdl-2.27.so
7f61e636d000-7f61e636e000 rw-p 00003000 103:02 12740                     /lib/x86_64-linux-gnu/libdl-2.27.so
7f61e636e000-7f61e6385000 r-xp 00000000 103:02 1442856                   /usr/lib/jvm/jdk1.8.0_211/lib/amd64/jli/libjli.so
7f61e6385000-7f61e6584000 ---p 00017000 103:02 1442856                   /usr/lib/jvm/jdk1.8.0_211/lib/amd64/jli/libjli.so
7f61e6584000-7f61e6585000 r--p 00016000 103:02 1442856                   /usr/lib/jvm/jdk1.8.0_211/lib/amd64/jli/libjli.so
7f61e6585000-7f61e6586000 rw-p 00017000 103:02 1442856                   /usr/lib/jvm/jdk1.8.0_211/lib/amd64/jli/libjli.so
7f61e6586000-7f61e65a0000 r-xp 00000000 103:02 12846                     /lib/x86_64-linux-gnu/libpthread-2.27.so
7f61e65a0000-7f61e679f000 ---p 0001a000 103:02 12846                     /lib/x86_64-linux-gnu/libpthread-2.27.so
7f61e679f000-7f61e67a0000 r--p 00019000 103:02 12846                     /lib/x86_64-linux-gnu/libpthread-2.27.so
7f61e67a0000-7f61e67a1000 rw-p 0001a000 103:02 12846                     /lib/x86_64-linux-gnu/libpthread-2.27.so
7f61e67a1000-7f61e67a5000 rw-p 00000000 00:00 0 
7f61e67a5000-7f61e67cc000 r-xp 00000000 103:02 12695                     /lib/x86_64-linux-gnu/ld-2.27.so
7f61e67cc000-7f61e67cd000 r--s 00001000 103:02 129688                    /home/mzh/.gradle/caches/modules-2/files-2.1/org.grails.plugins/events/3.3.2/c43aed0886464bc62b8ef2c4963ea1bedeb19e6/events-3.3.2.jar
7f61e67cd000-7f61e67ce000 r--s 00008000 103:02 129690                    /home/mzh/.gradle/caches/modules-2/files-2.1/org.grails/grails-plugin-interceptors/3.3.8/4230f5e53d8c50415f70e84cfc283bbe4a3e73b1/grails-plugin-interceptors-3.3.8.jar
7f61e67ce000-7f61e67d0000 r--s 00004000 103:02 129691                    /home/mzh/.gradle/caches/modules-2/files-2.1/org.grails/grails-plugin-url-mappings/3.3.8/4f5727cb0224d23640a9483503c837c1cfeb7e5e/grails-plugin-url-mappings-3.3.8.jar
7f61e67d0000-7f61e67d2000 r--s 00003000 103:02 129685                    /home/mzh/.gradle/caches/modules-2/files-2.1/org.grails/grails-plugin-services/3.3.8/3cb9c7dfc54107346e6deaffcb144f3019096cfa/grails-plugin-services-3.3.8.jar
7f61e67d2000-7f61e68b2000 rw-p 00000000 00:00 0 
7f61e68b2000-7f61e68b3000 ---p 00000000 00:00 0 
7f61e68b3000-7f61e68b6000 ---p 00000000 00:00 0 
7f61e68b6000-7f61e69b7000 rw-p 00000000 00:00 0 
7f61e69b7000-7f61e69b8000 r--s 00003000 103:02 129693                    /home/mzh/.gradle/caches/modules-2/files-2.1/org.grails/grails-plugin-i18n/3.3.8/a01c648c61520a89dcbe57b57656ed8d98995852/grails-plugin-i18n-3.3.8.jar
7f61e69b8000-7f61e69b9000 r--s 00004000 103:02 129684                    /home/mzh/.gradle/caches/modules-2/files-2.1/org.grails/grails-plugin-databinding/3.3.8/5dfc9e914c81c413ebf432e1c5459794ce673291/grails-plugin-databinding-3.3.8.jar
7f61e69b9000-7f61e69bd000 r--s 00031000 103:02 129689                    /home/mzh/.gradle/caches/modules-2/files-2.1/org.grails/grails-plugin-rest/3.3.8/8c6bc7985e3941e60336443e9f833b29ec573451/grails-plugin-rest-3.3.8.jar
7f61e69bd000-7f61e69be000 r--s 00000000 103:02 129683                    /home/mzh/.gradle/caches/modules-2/files-2.1/org.grails/grails-logging/3.3.8/2c8647c42d85b7708d239ba3b2c2b422514f4fe9/grails-logging-3.3.8.jar
7f61e69be000-7f61e69bf000 r--s 00001000 103:02 129687                    /home/mzh/.gradle/caches/modules-2/files-2.1/org.grails/grails-web-boot/3.3.8/173becb00d5a1d7cb1f1a44533d9ca8efd9843a/grails-web-boot-3.3.8.jar
7f61e69bf000-7f61e69c0000 r--s 00000000 103:02 129715                    /home/mzh/.gradle/caches/modules-2/files-2.1/org.springframework.boot/spring-boot-starter-tomcat/1.5.15.RELEASE/4e1bf3cd8480137b32c61d6f0fb54a4b81406a80/spring-boot-starter-tomcat-1.5.15.RELEASE.jar
7f61e69c0000-7f61e69c1000 r--s 00000000 103:02 129679                    /home/mzh/.gradle/caches/modules-2/files-2.1/org.springframework.boot/spring-boot-starter-actuator/1.5.15.RELEASE/2f2e793c6c4592d99e58cf0668d1fcf2a84247f2/spring-boot-starter-actuator-1.5.15.RELEASE.jar
7f61e69c1000-7f61e69c2000 r--s 00000000 103:02 129681                    /home/mzh/.gradle/caches/modules-2/files-2.1/org.springframework.boot/spring-boot-starter-logging/1.5.15.RELEASE/3a0d1b63705bb75ac54884c6c169b1e1908f1375/spring-boot-starter-logging-1.5.15.RELEASE.jar
7f61e69c2000-7f61e69ca000 rw-s 00000000 103:02 131143                    /tmp/hsperfdata_mzh/19903
7f61e69ca000-7f61e69cb000 rw-p 00000000 00:00 0 
7f61e69cb000-7f61e69cc000 r--p 00000000 00:00 0 
7f61e69cc000-7f61e69cd000 r--p 00027000 103:02 12695                     /lib/x86_64-linux-gnu/ld-2.27.so
7f61e69cd000-7f61e69ce000 rw-p 00028000 103:02 12695                     /lib/x86_64-linux-gnu/ld-2.27.so
7f61e69ce000-7f61e69cf000 rw-p 00000000 00:00 0 
7ffff7443000-7ffff7469000 rw-p 00000000 00:00 0                          [stack]
7ffff74d6000-7ffff74d9000 r--p 00000000 00:00 0                          [vvar]
7ffff74d9000-7ffff74db000 r-xp 00000000 00:00 0                          [vdso]
ffffffffff600000-ffffffffff601000 r-xp 00000000 00:00 0                  [vsyscall]

VM Arguments:
jvm_args: -Dendpoints.shutdown.enabled=true -Denv=development -Dfull.stacktrace=true -Dgrails.env=development -Dgrails.full.stacktrace=true -Dinfo.app.grailsVersion=3.3.8 -Dinfo.app.name=fs19-de-graded-exercise-mzhKU -Dinfo.app.version=0.1 -Djdk.reflect.allowGetCallerClass=true -Drun.active=true -Dshow.stacktrace=true -Dspring.output.ansi.enabled=always -Dspring.profiles.active -Dspringloaded=inclusions=grails.plugins..*;synchronize=true;allowSplitPackages=true;cacheDir=/home/mzh/mnt-data/00_fhnw/fs19-de-graded-exercise-mzhKU/build/springloaded -Dverbose=false -XX:+TieredCompilation -XX:TieredStopAtLevel=1 -XX:CICompilerCount=3 -javaagent:/home/mzh/.gradle/caches/modules-2/files-2.1/org.springframework/springloaded/1.2.8.RELEASE/b60bac05b0451cdc1863bfec617f39aa0dcaaa43/springloaded-1.2.8.RELEASE.jar -Xverify:none -Xms768m -Xmx768m -Dfile.encoding=UTF-8 -Duser.country=US -Duser.language=en -Duser.variant 
java_command: webec.Application
java_class_path (initial): /home/mzh/mnt-data/00_fhnw/fs19-de-graded-exercise-mzhKU/src/main/resources:/home/mzh/mnt-data/00_fhnw/fs19-de-graded-exercise-mzhKU/grails-app/views:/home/mzh/mnt-data/00_fhnw/fs19-de-graded-exercise-mzhKU/grails-app/i18n:/home/mzh/mnt-data/00_fhnw/fs19-de-graded-exercise-mzhKU/grails-app/conf:/home/mzh/mnt-data/00_fhnw/fs19-de-graded-exercise-mzhKU/build/classes/main:/home/mzh/mnt-data/00_fhnw/fs19-de-graded-exercise-mzhKU/build/resources/main:/home/mzh/mnt-data/00_fhnw/fs19-de-graded-exercise-mzhKU/gsp-classes:/home/mzh/.gradle/caches/modules-2/files-2.1/org.springframework.boot/spring-boot-starter-logging/1.5.15.RELEASE/3a0d1b63705bb75ac54884c6c169b1e1908f1375/spring-boot-starter-logging-1.5.15.RELEASE.jar:/home/mzh/.gradle/caches/modules-2/files-2.1/org.springframework.boot/spring-boot-autoconfigure/1.5.15.RELEASE/9cb093e335fc58e61581edcb959813b62731ef8e/spring-boot-autoconfigure-1.5.15.RELEASE.jar:/home/mzh/.gradle/caches/modules-2/files-2.1/org.grails/grails-core/3.3.8/d535a1f07ed1a1ce388bc18c8b63a3f3abd1aeee/grails-core-3.3.8.jar:/home/mzh/.gradle/caches/modules-2/files-2.1/org.springframework.boot/spring-boot-starter-actuator/1.5.15.RELEASE/2f2e793c6c4592d99e58cf0668d1fcf2a84247f2/spring-boot-starter-actuator-1.5.15.RELEASE.jar:/home/mzh/.gradle/caches/modules-2/files-2.1/org.springframework.boot/spring-boot-starter-tomcat/1.5.15.RELEASE/4e1bf3cd8480137b32c61d6f0fb54a4b81406a80/spring-boot-starter-tomcat-1.5.15.RELEASE.jar:/home/mzh/.gradle/caches/modules-2/files-2.1/org.grails/grails-web-boot/3.3.8/173becb00d5a1d7cb1f1a44533d9ca8efd9843a/grails-web-boot-3.3.8.jar:/home/mzh/.gradle/caches/modules-2/files-2.1/org.grails/grails-logging/3.3.8/2c8647c42d85b7708d239ba3b2c2b422514f4fe9/grails-logging-3.3.8.jar:/home/mzh/.gradle/caches/modules-2/files-2.1/org.grails/grails-plugin-rest/3.3.8/8c6bc7985e3941e60336443e9f833b29ec573451/grails-plugin-rest-3.3.8.jar:/home/mzh/.gradle/caches/modules-2/files-2.1/org.grails/grails-plugin-databin
Launcher Type: SUN_STANDARD

Environment Variables:
PATH=/home/mzh/.local/bin:/usr/local/sbin:/usr/local/bin:/usr/sbin:/usr/bin:/sbin:/bin:/usr/games:/usr/local/games:/snap/bin
USERNAME=mzh
SHELL=/bin/bash
DISPLAY=:0

Signal Handlers:
SIGSEGV: [libjvm.so+0xad3d90], sa_mask[0]=11111111011111111101111111111110, sa_flags=SA_RESTART|SA_SIGINFO
SIGBUS: [libjvm.so+0xad3d90], sa_mask[0]=11111111011111111101111111111110, sa_flags=SA_RESTART|SA_SIGINFO
SIGFPE: [libjvm.so+0x90b8b0], sa_mask[0]=11111111011111111101111111111110, sa_flags=SA_RESTART|SA_SIGINFO
SIGPIPE: [libjvm.so+0x90b8b0], sa_mask[0]=11111111011111111101111111111110, sa_flags=SA_RESTART|SA_SIGINFO
SIGXFSZ: [libjvm.so+0x90b8b0], sa_mask[0]=11111111011111111101111111111110, sa_flags=SA_RESTART|SA_SIGINFO
SIGILL: [libjvm.so+0x90b8b0], sa_mask[0]=11111111011111111101111111111110, sa_flags=SA_RESTART|SA_SIGINFO
SIGUSR1: SIG_DFL, sa_mask[0]=00000000000000000000000000000000, sa_flags=none
SIGUSR2: [libjvm.so+0x90b780], sa_mask[0]=00100000000000000000000000000000, sa_flags=SA_RESTART|SA_SIGINFO
SIGHUP: SIG_IGN, sa_mask[0]=00000000000000000000000000000000, sa_flags=none
SIGINT: [libjvm.so+0x90bda0], sa_mask[0]=11111111011111111101111111111110, sa_flags=SA_RESTART|SA_SIGINFO
SIGTERM: [libjvm.so+0x90bda0], sa_mask[0]=11111111011111111101111111111110, sa_flags=SA_RESTART|SA_SIGINFO
SIGQUIT: [libjvm.so+0x90bda0], sa_mask[0]=11111111011111111101111111111110, sa_flags=SA_RESTART|SA_SIGINFO


---------------  S Y S T E M  ---------------

OS:DISTRIB_ID=Ubuntu
DISTRIB_RELEASE=18.04
DISTRIB_CODENAME=bionic
DISTRIB_DESCRIPTION="Ubuntu 18.04.2 LTS"

uname:Linux 4.18.0-17-generic #18~18.04.1-Ubuntu SMP Fri Mar 15 15:27:12 UTC 2019 x86_64
libc:glibc 2.27 NPTL 2.27 
rlimit: STACK 8192k, CORE 0k, NPROC 30015, NOFILE 1048576, AS infinity
load average:2,66 1,21 0,86

/proc/meminfo:
MemTotal:        8046520 kB
MemFree:          725688 kB
MemAvailable:    1631204 kB
Buffers:          194184 kB
Cached:          1261284 kB
SwapCached:        23392 kB
Active:          5725080 kB
Inactive:        1153668 kB
Active(anon):    5108124 kB
Inactive(anon):   703700 kB
Active(file):     616956 kB
Inactive(file):   449968 kB
Unevictable:         140 kB
Mlocked:             140 kB
SwapTotal:       2097148 kB
SwapFree:        1036020 kB
Dirty:             19488 kB
Writeback:             0 kB
AnonPages:       5407748 kB
Mapped:           354356 kB
Shmem:            388032 kB
Slab:             259196 kB
SReclaimable:     127208 kB
SUnreclaim:       131988 kB
KernelStack:       17248 kB
PageTables:        72052 kB
NFS_Unstable:          0 kB
Bounce:                0 kB
WritebackTmp:          0 kB
CommitLimit:     6120408 kB
Committed_AS:   12819704 kB
VmallocTotal:   34359738367 kB
VmallocUsed:           0 kB
VmallocChunk:          0 kB
HardwareCorrupted:     0 kB
AnonHugePages:         0 kB
ShmemHugePages:        0 kB
ShmemPmdMapped:        0 kB
CmaTotal:              0 kB
CmaFree:               0 kB
HugePages_Total:       0
HugePages_Free:        0
HugePages_Rsvd:        0
HugePages_Surp:        0
Hugepagesize:       2048 kB
Hugetlb:               0 kB
DirectMap4k:      788084 kB
DirectMap2M:     7479296 kB
DirectMap1G:           0 kB

container (cgroup) information:
container_type: cgroupv1
cpu_cpuset_cpus: 0-3
cpu_memory_nodes: 0
active_processor_count: 4
cpu_quota: -1
cpu_period: 100000
cpu_shares: -1
memory_limit_in_bytes: -1
memory_and_swap_limit_in_bytes: -2
memory_soft_limit_in_bytes: -1
memory_usage_in_bytes: 6830096384
memory_max_usage_in_bytes: 7826128896


CPU:total 4 (initial active 4) (2 cores per cpu, 2 threads per core) family 6 model 142 stepping 9, cmov, cx8, fxsr, mmx, sse, sse2, sse3, ssse3, sse4.1, sse4.2, popcnt, avx, avx2, aes, clmul, erms, 3dnowpref, lzcnt, ht, tsc, tscinvbit, bmi1, bmi2, adx

/proc/cpuinfo:
processor	: 0
vendor_id	: GenuineIntel
cpu family	: 6
model		: 142
model name	: Intel(R) Core(TM) i5-7200U CPU @ 2.50GHz
stepping	: 9
microcode	: 0x8e
cpu MHz		: 2944.023
cache size	: 3072 KB
physical id	: 0
siblings	: 4
core id		: 0
cpu cores	: 2
apicid		: 0
initial apicid	: 0
fpu		: yes
fpu_exception	: yes
cpuid level	: 22
wp		: yes
flags		: fpu vme de pse tsc msr pae mce cx8 apic sep mtrr pge mca cmov pat pse36 clflush dts acpi mmx fxsr sse sse2 ss ht tm pbe syscall nx pdpe1gb rdtscp lm constant_tsc art arch_perfmon pebs bts rep_good nopl xtopology nonstop_tsc cpuid aperfmperf tsc_known_freq pni pclmulqdq dtes64 monitor ds_cpl vmx est tm2 ssse3 sdbg fma cx16 xtpr pdcm pcid sse4_1 sse4_2 x2apic movbe popcnt tsc_deadline_timer aes xsave avx f16c rdrand lahf_lm abm 3dnowprefetch cpuid_fault epb invpcid_single pti ssbd ibrs ibpb stibp tpr_shadow vnmi flexpriority ept vpid fsgsbase tsc_adjust bmi1 avx2 smep bmi2 erms invpcid mpx rdseed adx smap clflushopt intel_pt xsaveopt xsavec xgetbv1 xsaves dtherm ida arat pln pts hwp hwp_notify hwp_act_window hwp_epp flush_l1d
bugs		: cpu_meltdown spectre_v1 spectre_v2 spec_store_bypass l1tf
bogomips	: 5424.00
clflush size	: 64
cache_alignment	: 64
address sizes	: 39 bits physical, 48 bits virtual
power management:

processor	: 1
vendor_id	: GenuineIntel
cpu family	: 6
model		: 142
model name	: Intel(R) Core(TM) i5-7200U CPU @ 2.50GHz
stepping	: 9
microcode	: 0x8e
cpu MHz		: 3034.791
cache size	: 3072 KB
physical id	: 0
siblings	: 4
core id		: 1
cpu cores	: 2
apicid		: 2
initial apicid	: 2
fpu		: yes
fpu_exception	: yes
cpuid level	: 22
wp		: yes
flags		: fpu vme de pse tsc msr pae mce cx8 apic sep mtrr pge mca cmov pat pse36 clflush dts acpi mmx fxsr sse sse2 ss ht tm pbe syscall nx pdpe1gb rdtscp lm constant_tsc art arch_perfmon pebs bts rep_good nopl xtopology nonstop_tsc cpuid aperfmperf tsc_known_freq pni pclmulqdq dtes64 monitor ds_cpl vmx est tm2 ssse3 sdbg fma cx16 xtpr pdcm pcid sse4_1 sse4_2 x2apic movbe popcnt tsc_deadline_timer aes xsave avx f16c rdrand lahf_lm abm 3dnowprefetch cpuid_fault epb invpcid_single pti tpr_shadow vnmi flexpriority ept vpid fsgsbase tsc_adjust bmi1 avx2 smep bmi2 erms invpcid mpx rdseed adx smap clflushopt intel_pt xsaveopt xsavec xgetbv1 xsaves dtherm ida arat pln pts hwp hwp_notify hwp_act_window hwp_epp
bugs		: cpu_meltdown spectre_v1 spectre_v2 spec_store_bypass l1tf
bogomips	: 5424.00
clflush size	: 64
cache_alignment	: 64
address sizes	: 39 bits physical, 48 bits virtual
power management:

processor	: 2
vendor_id	: GenuineIntel
cpu family	: 6
model		: 142
model name	: Intel(R) Core(TM) i5-7200U CPU @ 2.50GHz
stepping	: 9
microcode	: 0x8e
cpu MHz		: 3067.561
cache size	: 3072 KB
physical id	: 0
siblings	: 4
core id		: 0
cpu cores	: 2
apicid		: 1
initial apicid	: 1
fpu		: yes
fpu_exception	: yes
cpuid level	: 22
wp		: yes
flags		: fpu vme de pse tsc msr pae mce cx8 apic sep mtrr pge mca cmov pat pse36 clflush dts acpi mmx fxsr sse sse2 ss ht tm pbe syscall nx pdpe1gb rdtscp lm constant_tsc art arch_perfmon pebs bts rep_good nopl xtopology nonstop_tsc cpuid aperfmperf tsc_known_freq pni pclmulqdq dtes64 monitor ds_cpl vmx est tm2 ssse3 sdbg fma cx16 xtpr pdcm pcid sse4_1 sse4_2 x2apic movbe popcnt tsc_deadline_timer aes xsave avx f16c rdrand lahf_lm abm 3dnowprefetch cpuid_fault epb invpcid_single pti ssbd ibrs ibpb stibp tpr_shadow vnmi flexpriority ept vpid fsgsbase tsc_adjust bmi1 avx2 smep bmi2 erms invpcid mpx rdseed adx smap clflushopt intel_pt xsaveopt xsavec xgetbv1 xsaves dtherm ida arat pln pts hwp hwp_notify hwp_act_window hwp_epp flush_l1d
bugs		: cpu_meltdown spectre_v1 spectre_v2 spec_store_bypass l1tf
bogomips	: 5424.00
clflush size	: 64
cache_alignment	: 64
address sizes	: 39 bits physical, 48 bits virtual
power management:

processor	: 3
vendor_id	: GenuineIntel
cpu family	: 6
model		: 142
model name	: Intel(R) Core(TM) i5-7200U CPU @ 2.50GHz
stepping	: 9
microcode	: 0x8e
cpu MHz		: 3054.565
cache size	: 3072 KB
physical id	: 0
siblings	: 4
core id		: 1
cpu cores	: 2
apicid		: 3
initial apicid	: 3
fpu		: yes
fpu_exception	: yes
cpuid level	: 22
wp		: yes
flags		: fpu vme de pse tsc msr pae mce cx8 apic sep mtrr pge mca cmov pat pse36 clflush dts acpi mmx fxsr sse sse2 ss ht tm pbe syscall nx pdpe1gb rdtscp lm constant_tsc art arch_perfmon pebs bts rep_good nopl xtopology nonstop_tsc cpuid aperfmperf tsc_known_freq pni pclmulqdq dtes64 monitor ds_cpl vmx est tm2 ssse3 sdbg fma cx16 xtpr pdcm pcid sse4_1 sse4_2 x2apic movbe popcnt tsc_deadline_timer aes xsave avx f16c rdrand lahf_lm abm 3dnowprefetch cpuid_fault epb invpcid_single pti ssbd ibrs ibpb stibp tpr_shadow vnmi flexpriority ept vpid fsgsbase tsc_adjust bmi1 avx2 smep bmi2 erms invpcid mpx rdseed adx smap clflushopt intel_pt xsaveopt xsavec xgetbv1 xsaves dtherm ida arat pln pts hwp hwp_notify hwp_act_window hwp_epp flush_l1d
bugs		: cpu_meltdown spectre_v1 spectre_v2 spec_store_bypass l1tf
bogomips	: 5424.00
clflush size	: 64
cache_alignment	: 64
address sizes	: 39 bits physical, 48 bits virtual
power management:



Memory: 4k page, physical 8046520k(725688k free), swap 2097148k(1036020k free)

vm_info: Java HotSpot(TM) 64-Bit Server VM (25.211-b12) for linux-amd64 JRE (1.8.0_211-b12), built on Apr  1 2019 20:39:34 by "java_re" with gcc 7.3.0

time: Mon May  6 17:01:28 2019
timezone: CEST
elapsed time: 90 seconds (0d 0h 1m 30s)

