#
# A fatal error has been detected by the Java Runtime Environment:
#
#  SIGSEGV (0xb) at pc=0x00007f2ffd01c2f1, pid=18427, tid=0x00007f2faf4fa700
#
# JRE version: Java(TM) SE Runtime Environment (8.0_211-b12) (build 1.8.0_211-b12)
# Java VM: Java HotSpot(TM) 64-Bit Server VM (25.211-b12 mixed mode linux-amd64 compressed oops)
# Problematic frame:
# j  org.codehaus.groovy.runtime.ArrayUtil.createArray(Ljava/lang/Object;Ljava/lang/Object;Ljava/lang/Object;)[Ljava/lang/Object;+1
#
# Failed to write core dump. Core dumps have been disabled. To enable core dumping, try "ulimit -c unlimited" before starting Java again
#
# If you would like to submit a bug report, please visit:
#   http://bugreport.java.com/bugreport/crash.jsp
#

---------------  T H R E A D  ---------------

Current thread (0x00007f300d94c000):  JavaThread "http-nio-8080-exec-4" daemon [_thread_in_Java, id=18461, stack(0x00007f2faf3fa000,0x00007f2faf4fb000)]

siginfo: si_signo: 11 (SIGSEGV), si_code: 1 (SEGV_MAPERR), si_addr: 0x00000007aa393da8

Registers:
RAX=0x0000000100000f28, RBX=0x00000007aa393d80, RCX=0x0000000000000028, RDX=0x00000000f3d5d09c
RSP=0x00007f2faf4ef7a8, RBP=0x00007f2faf4ef808, RSI=0xfffffffffffffff8, RDI=0x00007f300d94c000
R8 =0x0000000000000000, R9 =0x0000000000000001, R10=0x00007f3014f4eba0, R11=0x0000000000000004
R12=0x0000000000000000, R13=0x00007f2ffccdd32b, R14=0x00007f2faf4ef828, R15=0x00007f300d94c000
RIP=0x00007f2ffd01c2f1, EFLAGS=0x0000000000010212, CSGSFS=0x002b000000000033, ERR=0x0000000000000004
  TRAPNO=0x000000000000000e

Top of Stack: (sp=0x00007f2faf4ef7a8)
0x00007f2faf4ef7a8:   00007f2ff5472848 0000000000000001
0x00007f2faf4ef7b8:   00000000f3d5d088 00000000f3d5d088
0x00007f2faf4ef7c8:   00007f2faf4ef7c8 00007f2ffccdd321
0x00007f2faf4ef7d8:   00007f2faf4ef828 00007f2ffcd732a0
0x00007f2faf4ef7e8:   0000000000000000 00007f2ffccdd360
0x00007f2faf4ef7f8:   0000000000000000 00007f2faf4ef818
0x00007f2faf4ef808:   00007f2faf4ef880 00007f2ffd008040
0x00007f2faf4ef818:   00007f2f00001fa0 00007f2ff5472848
0x00007f2faf4ef828:   00000000d16e1848 00000000d2f5d908
0x00007f2faf4ef838:   00000000fae998f8 00007f2faf4ef840
0x00007f2faf4ef848:   00007f2ffccd57bf 00007f2faf4ef8b8
0x00007f2faf4ef858:   00007f2ffccd7830 0000000000000000
0x00007f2faf4ef868:   00007f2ffccd5820 00007f2faf4ef818
0x00007f2faf4ef878:   00007f2faf4ef898 00007f2faf4ef900
0x00007f2faf4ef888:   00007f2ffd008114 00000000fae998f8
0x00007f2faf4ef898:   00007f2f00001fa0 00007f2ff5472848
0x00007f2faf4ef8a8:   00000000d16e1848 00000000d2f5d908
0x00007f2faf4ef8b8:   00000000fae998f8 00007f2faf4ef8c0
0x00007f2faf4ef8c8:   00007f2fae0020f7 00007f2faf4ef920
0x00007f2faf4ef8d8:   00007f2fae00fe60 0000000000000000
0x00007f2faf4ef8e8:   00007f2fae002130 00007f2faf4ef898
0x00007f2faf4ef8f8:   00007f2faf4ef918 00007f2faf4ef968
0x00007f2faf4ef908:   00007f2ffd008040 00000000fae780a0
0x00007f2faf4ef918:   00007f2f00001fa0 00007f2ff5472848
0x00007f2faf4ef928:   00007f2faf4ef928 00007f2fadff742a
0x00007f2faf4ef938:   00007f2faf4ef990 00007f2fae00de40
0x00007f2faf4ef948:   0000000000000000 00007f2fadff7430
0x00007f2faf4ef958:   00007f2faf4ef918 00007f2faf4ef978
0x00007f2faf4ef968:   00007f2faf4ef9d8 00007f2ffd008114
0x00007f2faf4ef978:   00007f2f00001fa0 00007f2ff5472848
0x00007f2faf4ef988:   0000000000000000 00000000fb2ff668
0x00007f2faf4ef998:   00007f2faf4ef998 00007f2ff54727f8 

Instructions: (pc=0x00007f2ffd01c2f1)
0x00007f2ffd01c2d1:   89 59 10 bf 01 00 00 00 48 89 79 18 48 83 c1 30
0x00007f2ffd01c2e1:   48 89 4d e0 48 3b d8 0f 84 5a 00 00 00 8b 48 0c
0x00007f2ffd01c2f1:   48 3b 04 0b 0f 84 4d 00 00 00 83 f9 18 0f 85 22
0x00007f2ffd01c301:   00 00 00 50 48 8b c0 57 48 8b 7b 20 8b 0f 48 83 

Register to memory mapping:

RAX=0x0000000100000f28 is pointing into metadata
RBX=0x00000007aa393d80 is an unknown value
RCX=0x0000000000000028 is an unknown value
RDX=0x00000000f3d5d09c is an unknown value
RSP=0x00007f2faf4ef7a8 is pointing into the stack for thread: 0x00007f300d94c000
RBP=0x00007f2faf4ef808 is pointing into the stack for thread: 0x00007f300d94c000
RSI=0xfffffffffffffff8 is an unknown value
RDI=0x00007f300d94c000 is a thread
R8 =0x0000000000000000 is an unknown value
R9 =0x0000000000000001 is an unknown value
R10=0x00007f3014f4eba0: <offset 0xfdcba0> in /usr/lib/jvm/jdk1.8.0_211/jre/lib/amd64/server/libjvm.so at 0x00007f3013f72000
R11=0x0000000000000004 is an unknown value
R12=0x0000000000000000 is an unknown value
R13=0x00007f2ffccdd32b is pointing into metadata
R14=0x00007f2faf4ef828 is pointing into the stack for thread: 0x00007f300d94c000
R15=0x00007f300d94c000 is a thread


Stack: [0x00007f2faf3fa000,0x00007f2faf4fb000],  sp=0x00007f2faf4ef7a8,  free space=981k
Native frames: (J=compiled Java code, j=interpreted, Vv=VM code, C=native code)
j  org.codehaus.groovy.runtime.ArrayUtil.createArray(Ljava/lang/Object;Ljava/lang/Object;Ljava/lang/Object;)[Ljava/lang/Object;+1
j  org.codehaus.groovy.runtime.callsite.AbstractCallSite.call(Ljava/lang/Object;Ljava/lang/Object;Ljava/lang/Object;Ljava/lang/Object;)Ljava/lang/Object;+39
j  webec.Module$$ERPhXJoO.executeQuery(Ljava/lang/CharSequence;Ljava/util/Collection;)Ljava/util/List;+15
j  webec.Module$$DRPhXJoO.executeQuery(Lwebec/Module;Ljava/lang/CharSequence;Ljava/util/Collection;)Ljava/util/List;+2
j  webec.Module.executeQuery(Ljava/lang/CharSequence;Ljava/util/Collection;)Ljava/util/List;+24
v  ~StubRoutines::call_stub
V  [libjvm.so+0x68842b]  JavaCalls::call_helper(JavaValue*, methodHandle*, JavaCallArguments*, Thread*)+0xddb
V  [libjvm.so+0x999e55]  Reflection::invoke(instanceKlassHandle, methodHandle, Handle, bool, objArrayHandle, BasicType, objArrayHandle, bool, Thread*)+0xb65
V  [libjvm.so+0x99b796]  Reflection::invoke_method(oopDesc*, Handle, objArrayHandle, Thread*)+0x126
V  [libjvm.so+0x6fd472]  JVM_InvokeMethod+0x102
J 2048  sun.reflect.NativeMethodAccessorImpl.invoke0(Ljava/lang/reflect/Method;Ljava/lang/Object;[Ljava/lang/Object;)Ljava/lang/Object; (0 bytes) @ 0x00007f2ffd5a02ad [0x00007f2ffd5a01c0+0xed]
J 2047 C1 sun.reflect.NativeMethodAccessorImpl.invoke(Ljava/lang/Object;[Ljava/lang/Object;)Ljava/lang/Object; (104 bytes) @ 0x00007f2ffd5a0954 [0x00007f2ffd5a05e0+0x374]
J 806 C1 sun.reflect.DelegatingMethodAccessorImpl.invoke(Ljava/lang/Object;[Ljava/lang/Object;)Ljava/lang/Object; (10 bytes) @ 0x00007f2ffd396984 [0x00007f2ffd396940+0x44]
J 805 C1 java.lang.reflect.Method.invoke(Ljava/lang/Object;[Ljava/lang/Object;)Ljava/lang/Object; (62 bytes) @ 0x00007f2ffd396594 [0x00007f2ffd3964a0+0xf4]
J 1911 C1 org.springsource.loaded.ri.ReflectiveInterceptor.jlrMethodInvoke(Ljava/lang/reflect/Method;Ljava/lang/Object;[Ljava/lang/Object;)Ljava/lang/Object; (2214 bytes) @ 0x00007f2ffd559f14 [0x00007f2ffd5588e0+0x1634]
J 3648 C1 org.codehaus.groovy.reflection.CachedMethod.invoke(Ljava/lang/Object;[Ljava/lang/Object;)Ljava/lang/Object; (70 bytes) @ 0x00007f2ffd8dd7b4 [0x00007f2ffd8dd780+0x34]
J 3265 C1 groovy.lang.MetaMethod.doMethodInvoke(Ljava/lang/Object;[Ljava/lang/Object;)Ljava/lang/Object; (22 bytes) @ 0x00007f2ffd8018d4 [0x00007f2ffd801860+0x74]
J 5675 C1 org.codehaus.groovy.runtime.metaclass.MethodMetaProperty$GetBeanMethodMetaProperty.getProperty(Ljava/lang/Object;)Ljava/lang/Object; (12 bytes) @ 0x00007f2ffdc5ddcc [0x00007f2ffdc5dd80+0x4c]
j  org.codehaus.groovy.runtime.callsite.GetEffectivePogoPropertySite.getProperty(Ljava/lang/Object;)Ljava/lang/Object;+5
J 7731 C1 org.codehaus.groovy.runtime.callsite.GetEffectivePogoPropertySite.callGetProperty(Ljava/lang/Object;)Ljava/lang/Object; (56 bytes) @ 0x00007f2ffe052684 [0x00007f2ffe052420+0x264]
j  grails.plugin.formfields.FormFieldsTagLib.displayAssociation(Ljava/lang/Object;Lorg/grails/datastore/mapping/model/PersistentEntity;)Ljava/lang/CharSequence;+93
j  sun.reflect.GeneratedMethodAccessor268.invoke(Ljava/lang/Object;[Ljava/lang/Object;)Ljava/lang/Object;+48
J 806 C1 sun.reflect.DelegatingMethodAccessorImpl.invoke(Ljava/lang/Object;[Ljava/lang/Object;)Ljava/lang/Object; (10 bytes) @ 0x00007f2ffd396984 [0x00007f2ffd396940+0x44]
J 805 C1 java.lang.reflect.Method.invoke(Ljava/lang/Object;[Ljava/lang/Object;)Ljava/lang/Object; (62 bytes) @ 0x00007f2ffd396594 [0x00007f2ffd3964a0+0xf4]
J 1911 C1 org.springsource.loaded.ri.ReflectiveInterceptor.jlrMethodInvoke(Ljava/lang/reflect/Method;Ljava/lang/Object;[Ljava/lang/Object;)Ljava/lang/Object; (2214 bytes) @ 0x00007f2ffd55a064 [0x00007f2ffd5588e0+0x1784]
J 6643 C1 org.codehaus.groovy.runtime.callsite.PogoMetaMethodSite$PogoCachedMethodSiteNoUnwrapNoCoerce.invoke(Ljava/lang/Object;[Ljava/lang/Object;)Ljava/lang/Object; (37 bytes) @ 0x00007f2ffde41954 [0x00007f2ffde41920+0x34]
J 6671 C1 org.codehaus.groovy.runtime.callsite.PogoMetaMethodSite.callCurrent(Lgroovy/lang/GroovyObject;[Ljava/lang/Object;)Ljava/lang/Object; (29 bytes) @ 0x00007f2ffde4fa3c [0x00007f2ffde4f980+0xbc]
J 6671 C1 org.codehaus.groovy.runtime.callsite.PogoMetaMethodSite.callCurrent(Lgroovy/lang/GroovyObject;[Ljava/lang/Object;)Ljava/lang/Object; (29 bytes) @ 0x00007f2ffde4fa94 [0x00007f2ffde4f980+0x114]
J 6983 C1 org.codehaus.groovy.runtime.callsite.AbstractCallSite.callCurrent(Lgroovy/lang/GroovyObject;Ljava/lang/Object;Ljava/lang/Object;)Ljava/lang/Object; (42 bytes) @ 0x00007f2ffded20c4 [0x00007f2ffded1ee0+0x1e4]
j  grails.plugin.formfields.FormFieldsTagLib.renderDefaultDisplay(Ljava/util/Map;Ljava/util/Map;Ljava/lang/String;Ljava/lang/String;)Ljava/lang/CharSequence;+288
j  sun.reflect.GeneratedMethodAccessor265.invoke(Ljava/lang/Object;[Ljava/lang/Object;)Ljava/lang/Object;+64
J 806 C1 sun.reflect.DelegatingMethodAccessorImpl.invoke(Ljava/lang/Object;[Ljava/lang/Object;)Ljava/lang/Object; (10 bytes) @ 0x00007f2ffd396984 [0x00007f2ffd396940+0x44]
J 805 C1 java.lang.reflect.Method.invoke(Ljava/lang/Object;[Ljava/lang/Object;)Ljava/lang/Object; (62 bytes) @ 0x00007f2ffd396594 [0x00007f2ffd3964a0+0xf4]
J 1911 C1 org.springsource.loaded.ri.ReflectiveInterceptor.jlrMethodInvoke(Ljava/lang/reflect/Method;Ljava/lang/Object;[Ljava/lang/Object;)Ljava/lang/Object; (2214 bytes) @ 0x00007f2ffd55a064 [0x00007f2ffd5588e0+0x1784]
J 6643 C1 org.codehaus.groovy.runtime.callsite.PogoMetaMethodSite$PogoCachedMethodSiteNoUnwrapNoCoerce.invoke(Ljava/lang/Object;[Ljava/lang/Object;)Ljava/lang/Object; (37 bytes) @ 0x00007f2ffde41954 [0x00007f2ffde41920+0x34]
J 6671 C1 org.codehaus.groovy.runtime.callsite.PogoMetaMethodSite.callCurrent(Lgroovy/lang/GroovyObject;[Ljava/lang/Object;)Ljava/lang/Object; (29 bytes) @ 0x00007f2ffde4fa3c [0x00007f2ffde4f980+0xbc]
J 8613 C1 org.codehaus.groovy.runtime.callsite.AbstractCallSite.callCurrent(Lgroovy/lang/GroovyObject;Ljava/lang/Object;Ljava/lang/Object;Ljava/lang/Object;Ljava/lang/Object;)Ljava/lang/Object; (50 bytes) @ 0x00007f2ffe1f5494 [0x00007f2ffe1f51e0+0x2b4]
j  grails.plugin.formfields.FormFieldsTagLib.renderDisplayWidget(Lgrails/plugin/formfields/BeanPropertyAccessor;Ljava/util/Map;Ljava/util/Map;Ljava/lang/String;Ljava/lang/String;)Ljava/lang/CharSequence;+394
j  sun.reflect.GeneratedMethodAccessor264.invoke(Ljava/lang/Object;[Ljava/lang/Object;)Ljava/lang/Object;+72
J 806 C1 sun.reflect.DelegatingMethodAccessorImpl.invoke(Ljava/lang/Object;[Ljava/lang/Object;)Ljava/lang/Object; (10 bytes) @ 0x00007f2ffd396984 [0x00007f2ffd396940+0x44]
J 805 C1 java.lang.reflect.Method.invoke(Ljava/lang/Object;[Ljava/lang/Object;)Ljava/lang/Object; (62 bytes) @ 0x00007f2ffd396594 [0x00007f2ffd3964a0+0xf4]
J 1911 C1 org.springsource.loaded.ri.ReflectiveInterceptor.jlrMethodInvoke(Ljava/lang/reflect/Method;Ljava/lang/Object;[Ljava/lang/Object;)Ljava/lang/Object; (2214 bytes) @ 0x00007f2ffd55a064 [0x00007f2ffd5588e0+0x1784]
J 3648 C1 org.codehaus.groovy.reflection.CachedMethod.invoke(Ljava/lang/Object;[Ljava/lang/Object;)Ljava/lang/Object; (70 bytes) @ 0x00007f2ffd8dd7b4 [0x00007f2ffd8dd780+0x34]
J 3265 C1 groovy.lang.MetaMethod.doMethodInvoke(Ljava/lang/Object;[Ljava/lang/Object;)Ljava/lang/Object; (22 bytes) @ 0x00007f2ffd8018d4 [0x00007f2ffd801860+0x74]
J 3569 C1 org.codehaus.groovy.runtime.metaclass.ClosureMetaClass.invokeMethod(Ljava/lang/Class;Ljava/lang/Object;Ljava/lang/String;[Ljava/lang/Object;ZZ)Ljava/lang/Object; (872 bytes) @ 0x00007f2ffd8a0e44 [0x00007f2ffd89fca0+0x11a4]
J 1910 C1 groovy.lang.MetaClassImpl.invokeMethod(Ljava/lang/Object;Ljava/lang/String;[Ljava/lang/Object;)Ljava/lang/Object; (14 bytes) @ 0x00007f2ffd55785c [0x00007f2ffd557800+0x5c]
J 6650 C1 org.codehaus.groovy.runtime.callsite.PogoMetaClassSite.callCurrent(Lgroovy/lang/GroovyObject;[Ljava/lang/Object;)Ljava/lang/Object; (92 bytes) @ 0x00007f2ffde4578c [0x00007f2ffde45680+0x10c]
j  grails.plugin.formfields.FormFieldsTagLib$_closure8.doCall(Ljava/lang/Object;Ljava/lang/Object;)Ljava/lang/Object;+1001
j  sun.reflect.GeneratedMethodAccessor329.invoke(Ljava/lang/Object;[Ljava/lang/Object;)Ljava/lang/Object;+48
J 806 C1 sun.reflect.DelegatingMethodAccessorImpl.invoke(Ljava/lang/Object;[Ljava/lang/Object;)Ljava/lang/Object; (10 bytes) @ 0x00007f2ffd396984 [0x00007f2ffd396940+0x44]
J 805 C1 java.lang.reflect.Method.invoke(Ljava/lang/Object;[Ljava/lang/Object;)Ljava/lang/Object; (62 bytes) @ 0x00007f2ffd396594 [0x00007f2ffd3964a0+0xf4]
J 1911 C1 org.springsource.loaded.ri.ReflectiveInterceptor.jlrMethodInvoke(Ljava/lang/reflect/Method;Ljava/lang/Object;[Ljava/lang/Object;)Ljava/lang/Object; (2214 bytes) @ 0x00007f2ffd55a064 [0x00007f2ffd5588e0+0x1784]
J 3648 C1 org.codehaus.groovy.reflection.CachedMethod.invoke(Ljava/lang/Object;[Ljava/lang/Object;)Ljava/lang/Object; (70 bytes) @ 0x00007f2ffd8dd7b4 [0x00007f2ffd8dd780+0x34]
J 3265 C1 groovy.lang.MetaMethod.doMethodInvoke(Ljava/lang/Object;[Ljava/lang/Object;)Ljava/lang/Object; (22 bytes) @ 0x00007f2ffd8018d4 [0x00007f2ffd801860+0x74]
J 3569 C1 org.codehaus.groovy.runtime.metaclass.ClosureMetaClass.invokeMethod(Ljava/lang/Class;Ljava/lang/Object;Ljava/lang/String;[Ljava/lang/Object;ZZ)Ljava/lang/Object; (872 bytes) @ 0x00007f2ffd8a0e7c [0x00007f2ffd89fca0+0x11dc]
J 1910 C1 groovy.lang.MetaClassImpl.invokeMethod(Ljava/lang/Object;Ljava/lang/String;[Ljava/lang/Object;)Ljava/lang/Object; (14 bytes) @ 0x00007f2ffd55785c [0x00007f2ffd557800+0x5c]
J 4179 C1 groovy.lang.Closure.call([Ljava/lang/Object;)Ljava/lang/Object; (30 bytes) @ 0x00007f2ffd9d27fc [0x00007f2ffd9d2780+0x7c]
J 9076 C1 org.grails.gsp.GroovyPage.invokeTagLibClosure(Ljava/lang/String;Ljava/lang/String;Lgroovy/lang/Closure;Ljava/util/Map;Lgroovy/lang/Closure;ZLjava/util/Map;)V (239 bytes) @ 0x00007f2ffe310f2c [0x00007f2ffe3108e0+0x64c]
J 8477 C1 org.grails.gsp.GroovyPage.invokeTag(Ljava/lang/String;Ljava/lang/String;ILjava/util/Map;I)V (791 bytes) @ 0x00007f2ffe1bead4 [0x00007f2ffe1be0c0+0xa14]
j  org.grails.gsp.GroovyPage$invokeTag$4.callCurrent(Lgroovy/lang/GroovyObject;[Ljava/lang/Object;)Ljava/lang/Object;+43
j  gsp_fields_templates__fields_table_gsp.run()Ljava/lang/Object;+799
j  org.grails.gsp.GroovyPageWritable.doWriteTo(Lorg/grails/taglib/encoder/OutputContext;Ljava/io/Writer;)Ljava/io/Writer;+373
j  org.grails.gsp.GroovyPageWritable.writeTo(Ljava/io/Writer;)Ljava/io/Writer;+13
j  org.grails.web.gsp.GroovyPagesTemplateRenderer.makeTemplate(Lorg/grails/web/servlet/mvc/GrailsWebRequest;Lgroovy/text/Template;Ljava/util/Map;Ljava/lang/Object;Ljava/io/Writer;)V+326
j  org.grails.web.gsp.GroovyPagesTemplateRenderer.render(Lorg/grails/web/servlet/mvc/GrailsWebRequest;Lorg/grails/taglib/TemplateVariableBinding;Ljava/util/Map;Ljava/lang/Object;Ljava/io/Writer;)V+162
j  org.grails.plugins.web.taglib.RenderTagLib$_closure7.doCall(Ljava/util/Map;Ljava/lang/Object;)Ljava/lang/Object;+74
v  ~StubRoutines::call_stub
V  [libjvm.so+0x68842b]  JavaCalls::call_helper(JavaValue*, methodHandle*, JavaCallArguments*, Thread*)+0xddb
V  [libjvm.so+0x999e55]  Reflection::invoke(instanceKlassHandle, methodHandle, Handle, bool, objArrayHandle, BasicType, objArrayHandle, bool, Thread*)+0xb65
V  [libjvm.so+0x99b796]  Reflection::invoke_method(oopDesc*, Handle, objArrayHandle, Thread*)+0x126
V  [libjvm.so+0x6fd472]  JVM_InvokeMethod+0x102
J 2048  sun.reflect.NativeMethodAccessorImpl.invoke0(Ljava/lang/reflect/Method;Ljava/lang/Object;[Ljava/lang/Object;)Ljava/lang/Object; (0 bytes) @ 0x00007f2ffd5a02ad [0x00007f2ffd5a01c0+0xed]
J 2047 C1 sun.reflect.NativeMethodAccessorImpl.invoke(Ljava/lang/Object;[Ljava/lang/Object;)Ljava/lang/Object; (104 bytes) @ 0x00007f2ffd5a0954 [0x00007f2ffd5a05e0+0x374]
J 806 C1 sun.reflect.DelegatingMethodAccessorImpl.invoke(Ljava/lang/Object;[Ljava/lang/Object;)Ljava/lang/Object; (10 bytes) @ 0x00007f2ffd396984 [0x00007f2ffd396940+0x44]
J 805 C1 java.lang.reflect.Method.invoke(Ljava/lang/Object;[Ljava/lang/Object;)Ljava/lang/Object; (62 bytes) @ 0x00007f2ffd396594 [0x00007f2ffd3964a0+0xf4]
J 1911 C1 org.springsource.loaded.ri.ReflectiveInterceptor.jlrMethodInvoke(Ljava/lang/reflect/Method;Ljava/lang/Object;[Ljava/lang/Object;)Ljava/lang/Object; (2214 bytes) @ 0x00007f2ffd55a064 [0x00007f2ffd5588e0+0x1784]
J 3648 C1 org.codehaus.groovy.reflection.CachedMethod.invoke(Ljava/lang/Object;[Ljava/lang/Object;)Ljava/lang/Object; (70 bytes) @ 0x00007f2ffd8dd7b4 [0x00007f2ffd8dd780+0x34]
J 3265 C1 groovy.lang.MetaMethod.doMethodInvoke(Ljava/lang/Object;[Ljava/lang/Object;)Ljava/lang/Object; (22 bytes) @ 0x00007f2ffd8018d4 [0x00007f2ffd801860+0x74]
J 3569 C1 org.codehaus.groovy.runtime.metaclass.ClosureMetaClass.invokeMethod(Ljava/lang/Class;Ljava/lang/Object;Ljava/lang/String;[Ljava/lang/Object;ZZ)Ljava/lang/Object; (872 bytes) @ 0x00007f2ffd8a0e7c [0x00007f2ffd89fca0+0x11dc]
J 1910 C1 groovy.lang.MetaClassImpl.invokeMethod(Ljava/lang/Object;Ljava/lang/String;[Ljava/lang/Object;)Ljava/lang/Object; (14 bytes) @ 0x00007f2ffd55785c [0x00007f2ffd557800+0x5c]
J 4179 C1 groovy.lang.Closure.call([Ljava/lang/Object;)Ljava/lang/Object; (30 bytes) @ 0x00007f2ffd9d27fc [0x00007f2ffd9d2780+0x7c]
J 8342 C1 org.grails.taglib.TagOutput.captureTagOutput(Lorg/grails/taglib/TagLibraryLookup;Ljava/lang/String;Ljava/lang/String;Ljava/util/Map;Ljava/lang/Object;Lorg/grails/taglib/encoder/OutputContext;)Ljava/lang/Object; (558 bytes) @ 0x00007f2ffe17f914 [0x00007f2ffe17eae0+0xe34]
j  org.grails.taglib.TagLibraryMetaUtils$_registerMethodMissingForTags_closure3.doCall(Ljava/util/Map;)Ljava/lang/Object;+46
j  sun.reflect.GeneratedMethodAccessor191.invoke(Ljava/lang/Object;[Ljava/lang/Object;)Ljava/lang/Object;+40
J 806 C1 sun.reflect.DelegatingMethodAccessorImpl.invoke(Ljava/lang/Object;[Ljava/lang/Object;)Ljava/lang/Object; (10 bytes) @ 0x00007f2ffd396984 [0x00007f2ffd396940+0x44]
J 805 C1 java.lang.reflect.Method.invoke(Ljava/lang/Object;[Ljava/lang/Object;)Ljava/lang/Object; (62 bytes) @ 0x00007f2ffd396594 [0x00007f2ffd3964a0+0xf4]
J 1911 C1 org.springsource.loaded.ri.ReflectiveInterceptor.jlrMethodInvoke(Ljava/lang/reflect/Method;Ljava/lang/Object;[Ljava/lang/Object;)Ljava/lang/Object; (2214 bytes) @ 0x00007f2ffd55a064 [0x00007f2ffd5588e0+0x1784]
J 3648 C1 org.codehaus.groovy.reflection.CachedMethod.invoke(Ljava/lang/Object;[Ljava/lang/Object;)Ljava/lang/Object; (70 bytes) @ 0x00007f2ffd8dd7b4 [0x00007f2ffd8dd780+0x34]
J 8599 C1 org.codehaus.groovy.runtime.metaclass.ClosureMetaMethod.invoke(Ljava/lang/Object;[Ljava/lang/Object;)Ljava/lang/Object; (32 bytes) @ 0x00007f2ffe1ee9ec [0x00007f2ffe1ee920+0xcc]
J 3265 C1 groovy.lang.MetaMethod.doMethodInvoke(Ljava/lang/Object;[Ljava/lang/Object;)Ljava/lang/Object; (22 bytes) @ 0x00007f2ffd8018d4 [0x00007f2ffd801860+0x74]
J 3569 C1 org.codehaus.groovy.runtime.metaclass.ClosureMetaClass.invokeMethod(Ljava/lang/Class;Ljava/lang/Object;Ljava/lang/String;[Ljava/lang/Object;ZZ)Ljava/lang/Object; (872 bytes) @ 0x00007f2ffd8a0e44 [0x00007f2ffd89fca0+0x11a4]
J 1910 C1 groovy.lang.MetaClassImpl.invokeMethod(Ljava/lang/Object;Ljava/lang/String;[Ljava/lang/Object;)Ljava/lang/Object; (14 bytes) @ 0x00007f2ffd55785c [0x00007f2ffd557800+0x5c]
J 6650 C1 org.codehaus.groovy.runtime.callsite.PogoMetaClassSite.callCurrent(Lgroovy/lang/GroovyObject;[Ljava/lang/Object;)Ljava/lang/Object; (92 bytes) @ 0x00007f2ffde4578c [0x00007f2ffde45680+0x10c]
J 6664 C1 org.codehaus.groovy.runtime.callsite.AbstractCallSite.callCurrent(Lgroovy/lang/GroovyObject;Ljava/lang/Object;)Ljava/lang/Object; (37 bytes) @ 0x00007f2ffde4d324 [0x00007f2ffde4d1a0+0x184]
j  grails.plugin.formfields.FormFieldsTagLib$_closure4.doCall(Ljava/lang/Object;Ljava/lang/Object;)Ljava/lang/Object;+492
v  ~StubRoutines::call_stub
V  [libjvm.so+0x68842b]  JavaCalls::call_helper(JavaValue*, methodHandle*, JavaCallArguments*, Thread*)+0xddb
V  [libjvm.so+0x999e55]  Reflection::invoke(instanceKlassHandle, methodHandle, Handle, bool, objArrayHandle, BasicType, objArrayHandle, bool, Thread*)+0xb65
V  [libjvm.so+0x99b796]  Reflection::invoke_method(oopDesc*, Handle, objArrayHandle, Thread*)+0x126
V  [libjvm.so+0x6fd472]  JVM_InvokeMethod+0x102
...<more frames>...


---------------  P R O C E S S  ---------------

Java Threads: ( => current thread )
  0x00007f300c017800 JavaThread "DestroyJavaVM" [_thread_blocked, id=18433, stack(0x00007f3015a95000,0x00007f3015b95000)]
  0x00007f300d9b2800 JavaThread "Thread-6" daemon [_thread_blocked, id=18474, stack(0x00007f2fae6ed000,0x00007f2fae7ee000)]
  0x00007f300d9b1000 JavaThread "Thread-8" [_thread_blocked, id=18473, stack(0x00007f2fae7ee000,0x00007f2fae8ef000)]
  0x00007f300d9aa800 JavaThread "Thread-7" daemon [_thread_in_native, id=18472, stack(0x00007f2fae8ef000,0x00007f2fae9f0000)]
  0x00007f300d992000 JavaThread "http-nio-8080-AsyncTimeout" daemon [_thread_blocked, id=18471, stack(0x00007f2fae9f0000,0x00007f2faeaf1000)]
  0x00007f300d990000 JavaThread "http-nio-8080-Acceptor-0" daemon [_thread_in_native, id=18470, stack(0x00007f2faeaf1000,0x00007f2faebf2000)]
  0x00007f300d98d800 JavaThread "http-nio-8080-ClientPoller-1" daemon [_thread_in_native, id=18469, stack(0x00007f2faebf2000,0x00007f2faecf3000)]
  0x00007f300d973800 JavaThread "http-nio-8080-ClientPoller-0" daemon [_thread_in_native, id=18468, stack(0x00007f2faecf3000,0x00007f2faedf4000)]
  0x00007f300d957800 JavaThread "http-nio-8080-exec-10" daemon [_thread_blocked, id=18467, stack(0x00007f2faedf4000,0x00007f2faeef5000)]
  0x00007f300d955800 JavaThread "http-nio-8080-exec-9" daemon [_thread_blocked, id=18466, stack(0x00007f2faeef5000,0x00007f2faeff6000)]
  0x00007f300d953800 JavaThread "http-nio-8080-exec-8" daemon [_thread_blocked, id=18465, stack(0x00007f2faeff6000,0x00007f2faf0f7000)]
  0x00007f300d951800 JavaThread "http-nio-8080-exec-7" daemon [_thread_blocked, id=18464, stack(0x00007f2faf0f7000,0x00007f2faf1f8000)]
  0x00007f300d94f800 JavaThread "http-nio-8080-exec-6" daemon [_thread_blocked, id=18463, stack(0x00007f2faf1f8000,0x00007f2faf2f9000)]
  0x00007f300d94e000 JavaThread "http-nio-8080-exec-5" daemon [_thread_blocked, id=18462, stack(0x00007f2faf2f9000,0x00007f2faf3fa000)]
=>0x00007f300d94c000 JavaThread "http-nio-8080-exec-4" daemon [_thread_in_Java, id=18461, stack(0x00007f2faf3fa000,0x00007f2faf4fb000)]
  0x00007f300d94a000 JavaThread "http-nio-8080-exec-3" daemon [_thread_blocked, id=18460, stack(0x00007f2faf4fb000,0x00007f2faf5fc000)]
  0x00007f300d948800 JavaThread "http-nio-8080-exec-2" daemon [_thread_blocked, id=18459, stack(0x00007f2faf5fc000,0x00007f2faf6fd000)]
  0x00007f300d947000 JavaThread "http-nio-8080-exec-1" daemon [_thread_blocked, id=18458, stack(0x00007f2faf6fd000,0x00007f2faf7fe000)]
  0x00007f300d945000 JavaThread "NioBlockingSelector.BlockPoller-1" daemon [_thread_in_native, id=18457, stack(0x00007f2faf7fe000,0x00007f2faf8ff000)]
  0x00007f300d71c800 JavaThread "container-0" [_thread_blocked, id=18456, stack(0x00007f2fafeff000,0x00007f2fb0000000)]
  0x00007f300d716800 JavaThread "ContainerBackgroundProcessor[StandardEngine[Tomcat]]" daemon [_thread_blocked, id=18455, stack(0x00007f2fec0fe000,0x00007f2fec1ff000)]
  0x00007f300c1ee800 JavaThread "Tomcat JDBC Pool Cleaner[414493378:1557152602816]" daemon [_thread_blocked, id=18451, stack(0x00007f2ff579b000,0x00007f2ff589c000)]
  0x00007f300c7bd000 JavaThread "FileSystemWatcher: files=#27 cl=sun.misc.Launcher$AppClassLoader@18b4aac2" daemon [_thread_blocked, id=18447, stack(0x00007f2ff64bd000,0x00007f2ff65be000)]
  0x00007f300c762800 JavaThread "Service Thread" daemon [_thread_blocked, id=18445, stack(0x00007f2ff66d2000,0x00007f2ff67d3000)]
  0x00007f300c742800 JavaThread "C1 CompilerThread2" daemon [_thread_blocked, id=18444, stack(0x00007f2ff67d4000,0x00007f2ff68d4000)]
  0x00007f300c732000 JavaThread "C2 CompilerThread1" daemon [_thread_blocked, id=18443, stack(0x00007f2ff68d5000,0x00007f2ff69d5000)]
  0x00007f300c739800 JavaThread "C2 CompilerThread0" daemon [_thread_blocked, id=18442, stack(0x00007f2ff69d6000,0x00007f2ff6ad6000)]
  0x00007f300c18c800 JavaThread "Signal Dispatcher" daemon [_thread_blocked, id=18441, stack(0x00007f2ff6d28000,0x00007f2ff6e29000)]
  0x00007f300c158800 JavaThread "Finalizer" daemon [_thread_blocked, id=18440, stack(0x00007f2ff77f8000,0x00007f2ff78f9000)]
  0x00007f300c156000 JavaThread "Reference Handler" daemon [_thread_blocked, id=18439, stack(0x00007f2ff78f9000,0x00007f2ff79fa000)]

Other Threads:
  0x00007f300c14c800 VMThread [stack: 0x00007f2ff79fb000,0x00007f2ff7afb000] [id=18438]
  0x00007f300c765000 WatcherThread [stack: 0x00007f2ff65d2000,0x00007f2ff66d2000] [id=18446]

VM state:not at safepoint (normal execution)

VM Mutex/Monitor currently owned by a thread: None

heap address: 0x00000000d0000000, size: 768 MB, Compressed Oops mode: 32-bit
Narrow klass base: 0x0000000000000000, Narrow klass shift: 3
Compressed class space size: 1073741824 Address: 0x0000000100000000

Heap:
 PSYoungGen      total 198144K, used 97969K [0x00000000f0000000, 0x0000000100000000, 0x0000000100000000)
  eden space 162816K, 38% used [0x00000000f0000000,0x00000000f3d6aec8,0x00000000f9f00000)
  from space 35328K, 99% used [0x00000000f9f00000,0x00000000fc141860,0x00000000fc180000)
  to   space 51200K, 0% used [0x00000000fce00000,0x00000000fce00000,0x0000000100000000)
 ParOldGen       total 524288K, used 84985K [0x00000000d0000000, 0x00000000f0000000, 0x00000000f0000000)
  object space 524288K, 16% used [0x00000000d0000000,0x00000000d52fe740,0x00000000f0000000)
 Metaspace       used 69540K, capacity 73212K, committed 73472K, reserved 1112064K
  class space    used 9016K, capacity 10151K, committed 10240K, reserved 1048576K

Card table byte_map: [0x00007f30123e4000,0x00007f3012565000] byte_map_base: 0x00007f3011d64000

Marking Bits: (ParMarkBitMap*) 0x00007f3014f3dd80
 Begin Bits: [0x00007f30106e0000, 0x00007f30112e0000)
 End Bits:   [0x00007f30112e0000, 0x00007f3011ee0000)

Polling page: 0x00007f3015bad000

CodeCache: size=245760Kb used=19582Kb max_used=19582Kb free=226177Kb
 bounds [0x00007f2ffd000000, 0x00007f2ffe330000, 0x00007f300c000000]
 total_blobs=9689 nmethods=8896 adapters=704
 compilation: enabled

Compilation events (10 events):
Event: 472,890 Thread 0x00007f300c742800 9117       1       org.grails.datastore.mapping.proxy.EntityProxyMethodHandler::invokeEntityProxyMethods (89 bytes)
Event: 472,890 Thread 0x00007f300c742800 nmethod 9117 0x00007f2ffe323810 code [0x00007f2ffe323a00, 0x00007f2ffe323d58]
Event: 472,890 Thread 0x00007f300c742800 9118       1       org.h2.expression.Parameter::setValue (6 bytes)
Event: 472,890 Thread 0x00007f300c742800 nmethod 9118 0x00007f2ffe323f90 code [0x00007f2ffe3240e0, 0x00007f2ffe324210]
Event: 472,891 Thread 0x00007f300c742800 9119       1       com.googlecode.concurrentlinkedhashmap.ConcurrentLinkedHashMap$DiscardingQueue::poll (2 bytes)
Event: 472,891 Thread 0x00007f300c742800 nmethod 9119 0x00007f2ffe324290 code [0x00007f2ffe3243e0, 0x00007f2ffe3244f0]
Event: 472,891 Thread 0x00007f300c742800 9121       1       groovy.lang.MetaClassImpl::doChooseMostSpecificParams (145 bytes)
Event: 472,892 Thread 0x00007f300c742800 nmethod 9121 0x00007f2ffe324550 code [0x00007f2ffe324740, 0x00007f2ffe324c78]
Event: 472,892 Thread 0x00007f300c742800 9120       1       org.grails.commons.DefaultGrailsCodecClass$StateAwareEncoderWrapper::isApplyToSafelyEncoded (10 bytes)
Event: 472,892 Thread 0x00007f300c742800 nmethod 9120 0x00007f2ffe325190 code [0x00007f2ffe325300, 0x00007f2ffe325448]

GC Heap History (10 events):
Event: 216,567 GC heap before
{Heap before GC invocations=28 (full 3):
 PSYoungGen      total 216064K, used 185491K [0x00000000f0000000, 0x0000000100000000, 0x0000000100000000)
  eden space 167936K, 100% used [0x00000000f0000000,0x00000000fa400000,0x00000000fa400000)
  from space 48128K, 36% used [0x00000000fd100000,0x00000000fe224cf0,0x0000000100000000)
  to   space 46080K, 0% used [0x00000000fa400000,0x00000000fa400000,0x00000000fd100000)
 ParOldGen       total 524288K, used 84945K [0x00000000d0000000, 0x00000000f0000000, 0x00000000f0000000)
  object space 524288K, 16% used [0x00000000d0000000,0x00000000d52f4740,0x00000000f0000000)
 Metaspace       used 67309K, capacity 69962K, committed 70016K, reserved 1110016K
  class space    used 8643K, capacity 9557K, committed 9600K, reserved 1048576K
Event: 216,603 GC heap after
Heap after GC invocations=28 (full 3):
 PSYoungGen      total 214016K, used 28834K [0x00000000f0000000, 0x0000000100000000, 0x0000000100000000)
  eden space 167936K, 0% used [0x00000000f0000000,0x00000000f0000000,0x00000000fa400000)
  from space 46080K, 62% used [0x00000000fa400000,0x00000000fc028978,0x00000000fd100000)
  to   space 46592K, 0% used [0x00000000fd280000,0x00000000fd280000,0x0000000100000000)
 ParOldGen       total 524288K, used 84953K [0x00000000d0000000, 0x00000000f0000000, 0x00000000f0000000)
  object space 524288K, 16% used [0x00000000d0000000,0x00000000d52f6740,0x00000000f0000000)
 Metaspace       used 67309K, capacity 69962K, committed 70016K, reserved 1110016K
  class space    used 8643K, capacity 9557K, committed 9600K, reserved 1048576K
}
Event: 254,094 GC heap before
{Heap before GC invocations=29 (full 3):
 PSYoungGen      total 214016K, used 196770K [0x00000000f0000000, 0x0000000100000000, 0x0000000100000000)
  eden space 167936K, 100% used [0x00000000f0000000,0x00000000fa400000,0x00000000fa400000)
  from space 46080K, 62% used [0x00000000fa400000,0x00000000fc028978,0x00000000fd100000)
  to   space 46592K, 0% used [0x00000000fd280000,0x00000000fd280000,0x0000000100000000)
 ParOldGen       total 524288K, used 84953K [0x00000000d0000000, 0x00000000f0000000, 0x00000000f0000000)
  object space 524288K, 16% used [0x00000000d0000000,0x00000000d52f6740,0x00000000f0000000)
 Metaspace       used 67927K, capacity 71056K, committed 71296K, reserved 1110016K
  class space    used 8752K, capacity 9740K, committed 9856K, reserved 1048576K
Event: 254,117 GC heap after
Heap after GC invocations=29 (full 3):
 PSYoungGen      total 214528K, used 29634K [0x00000000f0000000, 0x0000000100000000, 0x0000000100000000)
  eden space 167936K, 0% used [0x00000000f0000000,0x00000000f0000000,0x00000000fa400000)
  from space 46592K, 63% used [0x00000000fd280000,0x00000000fef70b88,0x0000000100000000)
  to   space 47104K, 0% used [0x00000000fa400000,0x00000000fa400000,0x00000000fd200000)
 ParOldGen       total 524288K, used 84961K [0x00000000d0000000, 0x00000000f0000000, 0x00000000f0000000)
  object space 524288K, 16% used [0x00000000d0000000,0x00000000d52f8740,0x00000000f0000000)
 Metaspace       used 67927K, capacity 71056K, committed 71296K, reserved 1110016K
  class space    used 8752K, capacity 9740K, committed 9856K, reserved 1048576K
}
Event: 368,734 GC heap before
{Heap before GC invocations=30 (full 3):
 PSYoungGen      total 214528K, used 197570K [0x00000000f0000000, 0x0000000100000000, 0x0000000100000000)
  eden space 167936K, 100% used [0x00000000f0000000,0x00000000fa400000,0x00000000fa400000)
  from space 46592K, 63% used [0x00000000fd280000,0x00000000fef70b88,0x0000000100000000)
  to   space 47104K, 0% used [0x00000000fa400000,0x00000000fa400000,0x00000000fd200000)
 ParOldGen       total 524288K, used 84961K [0x00000000d0000000, 0x00000000f0000000, 0x00000000f0000000)
  object space 524288K, 16% used [0x00000000d0000000,0x00000000d52f8740,0x00000000f0000000)
 Metaspace       used 68687K, capacity 72080K, committed 72192K, reserved 1112064K
  class space    used 8892K, capacity 9939K, committed 9984K, reserved 1048576K
Event: 368,767 GC heap after
Heap after GC invocations=30 (full 3):
 PSYoungGen      total 199680K, used 31538K [0x00000000f0000000, 0x0000000100000000, 0x0000000100000000)
  eden space 167936K, 0% used [0x00000000f0000000,0x00000000f0000000,0x00000000fa400000)
  from space 31744K, 99% used [0x00000000fa400000,0x00000000fc2ccba0,0x00000000fc300000)
  to   space 48640K, 0% used [0x00000000fd080000,0x00000000fd080000,0x0000000100000000)
 ParOldGen       total 524288K, used 84969K [0x00000000d0000000, 0x00000000f0000000, 0x00000000f0000000)
  object space 524288K, 16% used [0x00000000d0000000,0x00000000d52fa740,0x00000000f0000000)
 Metaspace       used 68687K, capacity 72080K, committed 72192K, reserved 1112064K
  class space    used 8892K, capacity 9939K, committed 9984K, reserved 1048576K
}
Event: 369,806 GC heap before
{Heap before GC invocations=31 (full 3):
 PSYoungGen      total 199680K, used 199474K [0x00000000f0000000, 0x0000000100000000, 0x0000000100000000)
  eden space 167936K, 100% used [0x00000000f0000000,0x00000000fa400000,0x00000000fa400000)
  from space 31744K, 99% used [0x00000000fa400000,0x00000000fc2ccba0,0x00000000fc300000)
  to   space 48640K, 0% used [0x00000000fd080000,0x00000000fd080000,0x0000000100000000)
 ParOldGen       total 524288K, used 84969K [0x00000000d0000000, 0x00000000f0000000, 0x00000000f0000000)
  object space 524288K, 16% used [0x00000000d0000000,0x00000000d52fa740,0x00000000f0000000)
 Metaspace       used 68893K, capacity 72444K, committed 72576K, reserved 1112064K
  class space    used 8949K, capacity 10048K, committed 10112K, reserved 1048576K
Event: 369,828 GC heap after
Heap after GC invocations=31 (full 3):
 PSYoungGen      total 211456K, used 32489K [0x00000000f0000000, 0x0000000100000000, 0x0000000100000000)
  eden space 162816K, 0% used [0x00000000f0000000,0x00000000f0000000,0x00000000f9f00000)
  from space 48640K, 66% used [0x00000000fd080000,0x00000000ff03a440,0x0000000100000000)
  to   space 49664K, 0% used [0x00000000f9f00000,0x00000000f9f00000,0x00000000fcf80000)
 ParOldGen       total 524288K, used 84977K [0x00000000d0000000, 0x00000000f0000000, 0x00000000f0000000)
  object space 524288K, 16% used [0x00000000d0000000,0x00000000d52fc740,0x00000000f0000000)
 Metaspace       used 68893K, capacity 72444K, committed 72576K, reserved 1112064K
  class space    used 8949K, capacity 10048K, committed 10112K, reserved 1048576K
}
Event: 456,574 GC heap before
{Heap before GC invocations=32 (full 3):
 PSYoungGen      total 211456K, used 195305K [0x00000000f0000000, 0x0000000100000000, 0x0000000100000000)
  eden space 162816K, 100% used [0x00000000f0000000,0x00000000f9f00000,0x00000000f9f00000)
  from space 48640K, 66% used [0x00000000fd080000,0x00000000ff03a440,0x0000000100000000)
  to   space 49664K, 0% used [0x00000000f9f00000,0x00000000f9f00000,0x00000000fcf80000)
 ParOldGen       total 524288K, used 84977K [0x00000000d0000000, 0x00000000f0000000, 0x00000000f0000000)
  object space 524288K, 16% used [0x00000000d0000000,0x00000000d52fc740,0x00000000f0000000)
 Metaspace       used 69106K, capacity 72758K, committed 72832K, reserved 1112064K
  class space    used 8964K, capacity 10086K, committed 10112K, reserved 1048576K
Event: 456,596 GC heap after
Heap after GC invocations=32 (full 3):
 PSYoungGen      total 198144K, used 35078K [0x00000000f0000000, 0x0000000100000000, 0x0000000100000000)
  eden space 162816K, 0% used [0x00000000f0000000,0x00000000f0000000,0x00000000f9f00000)
  from space 35328K, 99% used [0x00000000f9f00000,0x00000000fc141860,0x00000000fc180000)
  to   space 51200K, 0% used [0x00000000fce00000,0x00000000fce00000,0x0000000100000000)
 ParOldGen       total 524288K, used 84985K [0x00000000d0000000, 0x00000000f0000000, 0x00000000f0000000)
  object space 524288K, 16% used [0x00000000d0000000,0x00000000d52fe740,0x00000000f0000000)
 Metaspace       used 69106K, capacity 72758K, committed 72832K, reserved 1112064K
  class space    used 8964K, capacity 10086K, committed 10112K, reserved 1048576K
}

Deoptimization events (0 events):
No events

Classes redefined (0 events):
No events

Internal exceptions (10 events):
Event: 467,787 Thread 0x00007f300d955800 Exception <a 'java/lang/ArrayIndexOutOfBoundsException'> (0x00000000f25a7388) thrown at [/HUDSON/workspace/8-2-build-linux-amd64/jdk8u211/12973/hotspot/src/share/vm/runtime/sharedRuntime.cpp, line 605]
Event: 467,789 Thread 0x00007f300d955800 Exception <a 'java/lang/ClassCastException'> (0x00000000f25c2310) thrown at [/HUDSON/workspace/8-2-build-linux-amd64/jdk8u211/12973/hotspot/src/share/vm/runtime/sharedRuntime.cpp, line 605]
Event: 467,835 Thread 0x00007f300d955800 Exception <a 'java/lang/reflect/InvocationTargetException'> (0x00000000f285a450) thrown at [/HUDSON/workspace/8-2-build-linux-amd64/jdk8u211/12973/hotspot/src/share/vm/runtime/reflection.cpp, line 1092]
Event: 467,836 Thread 0x00007f300d955800 Exception <a 'java/lang/reflect/InvocationTargetException'> (0x00000000f285e578) thrown at [/HUDSON/workspace/8-2-build-linux-amd64/jdk8u211/12973/hotspot/src/share/vm/runtime/reflection.cpp, line 1092]
Event: 472,888 Thread 0x00007f300d94c000 Exception <a 'java/lang/ClassCastException'> (0x00000000f3d3bc20) thrown at [/HUDSON/workspace/8-2-build-linux-amd64/jdk8u211/12973/hotspot/src/share/vm/runtime/sharedRuntime.cpp, line 605]
Event: 472,888 Thread 0x00007f300d94c000 Exception <a 'java/lang/ClassCastException'> (0x00000000f3d3cb48) thrown at [/HUDSON/workspace/8-2-build-linux-amd64/jdk8u211/12973/hotspot/src/share/vm/runtime/sharedRuntime.cpp, line 605]
Event: 472,888 Thread 0x00007f300d94c000 Exception <a 'java/lang/ClassCastException'> (0x00000000f3d3dbd8) thrown at [/HUDSON/workspace/8-2-build-linux-amd64/jdk8u211/12973/hotspot/src/share/vm/runtime/sharedRuntime.cpp, line 605]
Event: 472,889 Thread 0x00007f300d94c000 Exception <a 'java/lang/ClassCastException'> (0x00000000f3d418c8) thrown at [/HUDSON/workspace/8-2-build-linux-amd64/jdk8u211/12973/hotspot/src/share/vm/runtime/sharedRuntime.cpp, line 605]
Event: 472,889 Thread 0x00007f300d94c000 Exception <a 'java/lang/ClassCastException'> (0x00000000f3d42968) thrown at [/HUDSON/workspace/8-2-build-linux-amd64/jdk8u211/12973/hotspot/src/share/vm/runtime/sharedRuntime.cpp, line 605]
Event: 472,889 Thread 0x00007f300d94c000 Exception <a 'java/lang/ClassCastException'> (0x00000000f3d43a80) thrown at [/HUDSON/workspace/8-2-build-linux-amd64/jdk8u211/12973/hotspot/src/share/vm/runtime/sharedRuntime.cpp, line 605]

Events (10 events):
Event: 467,935 Executing VM operation: RevokeBias
Event: 467,935 Executing VM operation: RevokeBias done
Event: 467,935 Executing VM operation: RevokeBias
Event: 467,935 Executing VM operation: RevokeBias done
Event: 467,987 Executing VM operation: RevokeBias
Event: 467,987 Executing VM operation: RevokeBias done
Event: 472,861 Executing VM operation: RevokeBias
Event: 472,861 Executing VM operation: RevokeBias done
Event: 472,863 Executing VM operation: RevokeBias
Event: 472,863 Executing VM operation: RevokeBias done


Dynamic libraries:
00400000-00401000 r-xp 00000000 103:02 1182106                           /usr/lib/jvm/jdk1.8.0_211/bin/java
00600000-00601000 r--p 00000000 103:02 1182106                           /usr/lib/jvm/jdk1.8.0_211/bin/java
00601000-00602000 rw-p 00001000 103:02 1182106                           /usr/lib/jvm/jdk1.8.0_211/bin/java
00e5b000-00e7c000 rw-p 00000000 00:00 0                                  [heap]
d0000000-100a00000 rw-p 00000000 00:00 0 
100a00000-140000000 ---p 00000000 00:00 0 
7f2f74000000-7f2f7403b000 rw-p 00000000 00:00 0 
7f2f7403b000-7f2f78000000 ---p 00000000 00:00 0 
7f2f7c000000-7f2f7c37b000 rw-p 00000000 00:00 0 
7f2f7c37b000-7f2f80000000 ---p 00000000 00:00 0 
7f2f80000000-7f2f80079000 rw-p 00000000 00:00 0 
7f2f80079000-7f2f84000000 ---p 00000000 00:00 0 
7f2f84000000-7f2f840b9000 rw-p 00000000 00:00 0 
7f2f840b9000-7f2f88000000 ---p 00000000 00:00 0 
7f2f88000000-7f2f88021000 rw-p 00000000 00:00 0 
7f2f88021000-7f2f8c000000 ---p 00000000 00:00 0 
7f2f8c000000-7f2f8c2d9000 rw-p 00000000 00:00 0 
7f2f8c2d9000-7f2f90000000 ---p 00000000 00:00 0 
7f2f90000000-7f2f90021000 rw-p 00000000 00:00 0 
7f2f90021000-7f2f94000000 ---p 00000000 00:00 0 
7f2f94000000-7f2f94021000 rw-p 00000000 00:00 0 
7f2f94021000-7f2f98000000 ---p 00000000 00:00 0 
7f2f98000000-7f2f98069000 rw-p 00000000 00:00 0 
7f2f98069000-7f2f9c000000 ---p 00000000 00:00 0 
7f2f9c000000-7f2f9c021000 rw-p 00000000 00:00 0 
7f2f9c021000-7f2fa0000000 ---p 00000000 00:00 0 
7f2fa0000000-7f2fa01bf000 rw-p 00000000 00:00 0 
7f2fa01bf000-7f2fa4000000 ---p 00000000 00:00 0 
7f2fa4000000-7f2fa4021000 rw-p 00000000 00:00 0 
7f2fa4021000-7f2fa8000000 ---p 00000000 00:00 0 
7f2fa8000000-7f2fa8021000 rw-p 00000000 00:00 0 
7f2fa8021000-7f2fac000000 ---p 00000000 00:00 0 
7f2fadeed000-7f2fae0ad000 rw-p 00000000 00:00 0 
7f2fae0ad000-7f2fae0ed000 ---p 00000000 00:00 0 
7f2fae0ed000-7f2fae2ed000 rw-p 00000000 00:00 0 
7f2fae2ed000-7f2fae4ed000 rw-p 00000000 00:00 0 
7f2fae4ed000-7f2fae6ed000 rw-p 00000000 00:00 0 
7f2fae6ed000-7f2fae6f0000 ---p 00000000 00:00 0 
7f2fae6f0000-7f2fae7ee000 rw-p 00000000 00:00 0 
7f2fae7ee000-7f2fae7f1000 ---p 00000000 00:00 0 
7f2fae7f1000-7f2fae8ef000 rw-p 00000000 00:00 0 
7f2fae8ef000-7f2fae8f2000 ---p 00000000 00:00 0 
7f2fae8f2000-7f2fae9f0000 rw-p 00000000 00:00 0 
7f2fae9f0000-7f2fae9f3000 ---p 00000000 00:00 0 
7f2fae9f3000-7f2faeaf1000 rw-p 00000000 00:00 0 
7f2faeaf1000-7f2faeaf4000 ---p 00000000 00:00 0 
7f2faeaf4000-7f2faebf2000 rw-p 00000000 00:00 0 
7f2faebf2000-7f2faebf5000 ---p 00000000 00:00 0 
7f2faebf5000-7f2faecf3000 rw-p 00000000 00:00 0 
7f2faecf3000-7f2faecf6000 ---p 00000000 00:00 0 
7f2faecf6000-7f2faedf4000 rw-p 00000000 00:00 0 
7f2faedf4000-7f2faedf7000 ---p 00000000 00:00 0 
7f2faedf7000-7f2faeef5000 rw-p 00000000 00:00 0 
7f2faeef5000-7f2faeef8000 ---p 00000000 00:00 0 
7f2faeef8000-7f2faeff6000 rw-p 00000000 00:00 0 
7f2faeff6000-7f2faeff9000 ---p 00000000 00:00 0 
7f2faeff9000-7f2faf0f7000 rw-p 00000000 00:00 0 
7f2faf0f7000-7f2faf0fa000 ---p 00000000 00:00 0 
7f2faf0fa000-7f2faf1f8000 rw-p 00000000 00:00 0 
7f2faf1f8000-7f2faf1fb000 ---p 00000000 00:00 0 
7f2faf1fb000-7f2faf2f9000 rw-p 00000000 00:00 0 
7f2faf2f9000-7f2faf2fc000 ---p 00000000 00:00 0 
7f2faf2fc000-7f2faf3fa000 rw-p 00000000 00:00 0 
7f2faf3fa000-7f2faf3fd000 ---p 00000000 00:00 0 
7f2faf3fd000-7f2faf4fb000 rw-p 00000000 00:00 0 
7f2faf4fb000-7f2faf4fe000 ---p 00000000 00:00 0 
7f2faf4fe000-7f2faf5fc000 rw-p 00000000 00:00 0 
7f2faf5fc000-7f2faf5ff000 ---p 00000000 00:00 0 
7f2faf5ff000-7f2faf6fd000 rw-p 00000000 00:00 0 
7f2faf6fd000-7f2faf700000 ---p 00000000 00:00 0 
7f2faf700000-7f2faf7fe000 rw-p 00000000 00:00 0 
7f2faf7fe000-7f2faf801000 ---p 00000000 00:00 0 
7f2faf801000-7f2fafaff000 rw-p 00000000 00:00 0 
7f2fafaff000-7f2fafcff000 rw-p 00000000 00:00 0 
7f2fafcff000-7f2fafeff000 rw-p 00000000 00:00 0 
7f2fafeff000-7f2faff02000 ---p 00000000 00:00 0 
7f2faff02000-7f2fb0000000 rw-p 00000000 00:00 0 
7f2fb0000000-7f2fb0048000 rw-p 00000000 00:00 0 
7f2fb0048000-7f2fb4000000 ---p 00000000 00:00 0 
7f2fb4000000-7f2fb4072000 rw-p 00000000 00:00 0 
7f2fb4072000-7f2fb8000000 ---p 00000000 00:00 0 
7f2fb8000000-7f2fb8045000 rw-p 00000000 00:00 0 
7f2fb8045000-7f2fbc000000 ---p 00000000 00:00 0 
7f2fbc000000-7f2fbc1ac000 rw-p 00000000 00:00 0 
7f2fbc1ac000-7f2fc0000000 ---p 00000000 00:00 0 
7f2fc0000000-7f2fc0021000 rw-p 00000000 00:00 0 
7f2fc0021000-7f2fc4000000 ---p 00000000 00:00 0 
7f2fc4000000-7f2fc4021000 rw-p 00000000 00:00 0 
7f2fc4021000-7f2fc8000000 ---p 00000000 00:00 0 
7f2fc8000000-7f2fc8021000 rw-p 00000000 00:00 0 
7f2fc8021000-7f2fcc000000 ---p 00000000 00:00 0 
7f2fcc000000-7f2fcce40000 rw-p 00000000 00:00 0 
7f2fcce40000-7f2fd0000000 ---p 00000000 00:00 0 
7f2fd0000000-7f2fd0021000 rw-p 00000000 00:00 0 
7f2fd0021000-7f2fd4000000 ---p 00000000 00:00 0 
7f2fd4000000-7f2fd405e000 rw-p 00000000 00:00 0 
7f2fd405e000-7f2fd8000000 ---p 00000000 00:00 0 
7f2fd8000000-7f2fd8021000 rw-p 00000000 00:00 0 
7f2fd8021000-7f2fdc000000 ---p 00000000 00:00 0 
7f2fdc000000-7f2fdc021000 rw-p 00000000 00:00 0 
7f2fdc021000-7f2fe0000000 ---p 00000000 00:00 0 
7f2fe0000000-7f2fe0028000 rw-p 00000000 00:00 0 
7f2fe0028000-7f2fe4000000 ---p 00000000 00:00 0 
7f2fe4000000-7f2fe404a000 rw-p 00000000 00:00 0 
7f2fe404a000-7f2fe8000000 ---p 00000000 00:00 0 
7f2fe8000000-7f2fe8037000 rw-p 00000000 00:00 0 
7f2fe8037000-7f2fec000000 ---p 00000000 00:00 0 
7f2fec0fe000-7f2fec101000 ---p 00000000 00:00 0 
7f2fec101000-7f2fec3ff000 rw-p 00000000 00:00 0 
7f2fec3ff000-7f2fec5ff000 rw-p 00000000 00:00 0 
7f2fec5ff000-7f2fec7ff000 rw-p 00000000 00:00 0 
7f2fec7ff000-7f2fec9ff000 rw-p 00000000 00:00 0 
7f2fec9ff000-7f2fecbff000 rw-p 00000000 00:00 0 
7f2fecbff000-7f2fecdff000 rw-p 00000000 00:00 0 
7f2fecdff000-7f2fecfff000 rw-p 00000000 00:00 0 
7f2fecfff000-7f2ff0000000 rw-p 00000000 00:00 0 
7f2ff0000000-7f2ff0021000 rw-p 00000000 00:00 0 
7f2ff0021000-7f2ff4000000 ---p 00000000 00:00 0 
7f2ff40e8000-7f2ff40eb000 ---p 00000000 00:00 0 
7f2ff40eb000-7f2ff41e9000 rw-p 00000000 00:00 0 
7f2ff41e9000-7f2ff41ee000 r--s 002f9000 103:02 1182164                   /usr/lib/jvm/jdk1.8.0_211/jre/lib/charsets.jar
7f2ff41ee000-7f2ff43ee000 rw-p 00000000 00:00 0 
7f2ff43ee000-7f2ff45ee000 rw-p 00000000 00:00 0 
7f2ff45ee000-7f2ff47ee000 rw-p 00000000 00:00 0 
7f2ff47ee000-7f2ff49ee000 rw-p 00000000 00:00 0 
7f2ff49ee000-7f2ff4a83000 r--s 01112000 103:02 1443690                   /usr/lib/jvm/jdk1.8.0_211/jre/lib/ext/jfxrt.jar
7f2ff4a83000-7f2ff4a94000 r-xp 00000000 103:02 1443773                   /usr/lib/jvm/jdk1.8.0_211/jre/lib/amd64/libnio.so
7f2ff4a94000-7f2ff4c93000 ---p 00011000 103:02 1443773                   /usr/lib/jvm/jdk1.8.0_211/jre/lib/amd64/libnio.so
7f2ff4c93000-7f2ff4c94000 r--p 00010000 103:02 1443773                   /usr/lib/jvm/jdk1.8.0_211/jre/lib/amd64/libnio.so
7f2ff4c94000-7f2ff4c95000 rw-p 00011000 103:02 1443773                   /usr/lib/jvm/jdk1.8.0_211/jre/lib/amd64/libnio.so
7f2ff4c95000-7f2ff4e95000 rw-p 00000000 00:00 0 
7f2ff4e95000-7f2ff5095000 rw-p 00000000 00:00 0 
7f2ff5095000-7f2ff5295000 rw-p 00000000 00:00 0 
7f2ff5295000-7f2ff5495000 rw-p 00000000 00:00 0 
7f2ff5495000-7f2ff5498000 ---p 00000000 00:00 0 
7f2ff5498000-7f2ff5796000 rw-p 00000000 00:00 0 
7f2ff5796000-7f2ff579b000 r--s 000a3000 103:02 1182214                   /usr/lib/jvm/jdk1.8.0_211/jre/lib/jsse.jar
7f2ff579b000-7f2ff579e000 ---p 00000000 00:00 0 
7f2ff579e000-7f2ff589c000 rw-p 00000000 00:00 0 
7f2ff589c000-7f2ff58a5000 r-xp 00000000 103:02 1443714                   /usr/lib/jvm/jdk1.8.0_211/jre/lib/amd64/libmanagement.so
7f2ff58a5000-7f2ff5aa4000 ---p 00009000 103:02 1443714                   /usr/lib/jvm/jdk1.8.0_211/jre/lib/amd64/libmanagement.so
7f2ff5aa4000-7f2ff5aa5000 r--p 00008000 103:02 1443714                   /usr/lib/jvm/jdk1.8.0_211/jre/lib/amd64/libmanagement.so
7f2ff5aa5000-7f2ff5aa6000 rw-p 00009000 103:02 1443714                   /usr/lib/jvm/jdk1.8.0_211/jre/lib/amd64/libmanagement.so
7f2ff5aa6000-7f2ff5ca6000 rw-p 00000000 00:00 0 
7f2ff5ca6000-7f2ff5ea6000 rw-p 00000000 00:00 0 
7f2ff5ea6000-7f2ff60a6000 rw-p 00000000 00:00 0 
7f2ff60a6000-7f2ff62a6000 rw-p 00000000 00:00 0 
7f2ff62a6000-7f2ff62bc000 r-xp 00000000 103:02 1443713                   /usr/lib/jvm/jdk1.8.0_211/jre/lib/amd64/libnet.so
7f2ff62bc000-7f2ff64bb000 ---p 00016000 103:02 1443713                   /usr/lib/jvm/jdk1.8.0_211/jre/lib/amd64/libnet.so
7f2ff64bb000-7f2ff64bc000 r--p 00015000 103:02 1443713                   /usr/lib/jvm/jdk1.8.0_211/jre/lib/amd64/libnet.so
7f2ff64bc000-7f2ff64bd000 rw-p 00016000 103:02 1443713                   /usr/lib/jvm/jdk1.8.0_211/jre/lib/amd64/libnet.so
7f2ff64bd000-7f2ff64c0000 ---p 00000000 00:00 0 
7f2ff64c0000-7f2ff65be000 rw-p 00000000 00:00 0 
7f2ff65be000-7f2ff65d1000 r--s 00345000 103:02 1182206                   /usr/lib/jvm/jdk1.8.0_211/jre/lib/resources.jar
7f2ff65d1000-7f2ff65d2000 ---p 00000000 00:00 0 
7f2ff65d2000-7f2ff66d2000 rw-p 00000000 00:00 0 
7f2ff66d2000-7f2ff66d5000 ---p 00000000 00:00 0 
7f2ff66d5000-7f2ff67d3000 rw-p 00000000 00:00 0 
7f2ff67d3000-7f2ff67d4000 ---p 00000000 00:00 0 
7f2ff67d4000-7f2ff67d7000 ---p 00000000 00:00 0 
7f2ff67d7000-7f2ff68d4000 rw-p 00000000 00:00 0 
7f2ff68d4000-7f2ff68d5000 ---p 00000000 00:00 0 
7f2ff68d5000-7f2ff68d8000 ---p 00000000 00:00 0 
7f2ff68d8000-7f2ff69d5000 rw-p 00000000 00:00 0 
7f2ff69d5000-7f2ff69d6000 ---p 00000000 00:00 0 
7f2ff69d6000-7f2ff69d9000 ---p 00000000 00:00 0 
7f2ff69d9000-7f2ff6ad6000 rw-p 00000000 00:00 0 
7f2ff6ad6000-7f2ff6add000 r--s 00065000 103:02 129580                    /home/mzh/.gradle/caches/modules-2/files-2.1/org.springframework/springloaded/1.2.8.RELEASE/b60bac05b0451cdc1863bfec617f39aa0dcaaa43/springloaded-1.2.8.RELEASE.jar
7f2ff6add000-7f2ff6b16000 r--s 00382000 103:02 129496                    /home/mzh/.gradle/caches/modules-2/files-2.1/com.google.javascript/closure-compiler-unshaded/v20160713/7df7b683e16c93f65361a15356283599ba012c78/closure-compiler-unshaded-v20160713.jar
7f2ff6b16000-7f2ff6b23000 r--s 00109000 103:02 129495                    /home/mzh/.gradle/caches/modules-2/files-2.1/org.mozilla/rhino/1.7R4/e982f2136574b9a423186fbaeaaa98dc3e5a5288/rhino-1.7R4.jar
7f2ff6b23000-7f2ff6b30000 r--s 00083000 103:02 129555                    /home/mzh/.gradle/caches/modules-2/files-2.1/commons-collections/commons-collections/3.2.2/8ad72fe39fa8c91eaaf12aadb21e0c3661fe26d5/commons-collections-3.2.2.jar
7f2ff6b30000-7f2ff6b37000 r--s 0003f000 103:02 1714632                   /home/mzh/.m2/repository/commons-codec/commons-codec/1.10/commons-codec-1.10.jar
7f2ff6b37000-7f2ff6b3b000 r--s 0000c000 103:02 129545                    /home/mzh/.gradle/caches/modules-2/files-2.1/javax.validation/validation-api/1.1.0.Final/8613ae82954779d518631e05daa73a6a954817d5/validation-api-1.1.0.Final.jar
7f2ff6b3b000-7f2ff6b3e000 r--s 00029000 103:02 129554                    /home/mzh/.gradle/caches/modules-2/files-2.1/commons-validator/commons-validator/1.5.1/86d05a46e8f064b300657f751b5a98c62807e2a0/commons-validator-1.5.1.jar
7f2ff6b3e000-7f2ff6b44000 r--s 00027000 103:02 129762                    /home/mzh/.gradle/caches/modules-2/files-2.1/opensymphony/sitemesh/2.4/fa84c82cce30a9a632c08dd2277d63993d972cf5/sitemesh-2.4.jar
7f2ff6b44000-7f2ff6b46000 r--s 00007000 103:02 129706                    /home/mzh/.gradle/caches/modules-2/files-2.1/org.grails/grails-web-taglib/3.3.1/ca323146797a4ff2bb4f630890f4c400a0860395/grails-web-taglib-3.3.1.jar
7f2ff6b46000-7f2ff6b49000 r--s 00015000 103:02 129712                    /home/mzh/.gradle/caches/modules-2/files-2.1/org.grails/grails-taglib/3.3.1/772e8b5f992f6602cab07c7a58ab2924f97eed02/grails-taglib-3.3.1.jar
7f2ff6b49000-7f2ff6b4c000 r--s 0001d000 103:02 129450                    /home/mzh/.gradle/caches/modules-2/files-2.1/org.codehaus.groovy/groovy-json/2.4.15/f6f6890181821246398cd44ba1fdf74f55717697/groovy-json-2.4.15.jar
7f2ff6b4c000-7f2ff6b50000 r--s 00042000 103:02 129761                    /home/mzh/.gradle/caches/modules-2/files-2.1/com.fasterxml.jackson.core/jackson-core/2.8.11/876ead1db19f0c9e79c9789273a3ef8c6fd6c29b/jackson-core-2.8.11.jar
7f2ff6b50000-7f2ff6b53000 r--s 0000b000 103:02 129760                    /home/mzh/.gradle/caches/modules-2/files-2.1/com.fasterxml.jackson.core/jackson-annotations/2.8.0/45b426f7796b741035581a176744d91090e2e6fb/jackson-annotations-2.8.0.jar
7f2ff6b53000-7f2ff6b54000 r--s 00005000 103:02 129727                    /home/mzh/.gradle/caches/modules-2/files-2.1/org.grails/grails-codecs/3.3.8/f4e7982847a92749a25f31adf972c61b38ed87f8/grails-codecs-3.3.8.jar
7f2ff6b54000-7f2ff6b5d000 r--s 0002d000 103:02 129759                    /home/mzh/.gradle/caches/modules-2/files-2.1/xml-apis/xml-apis/1.4.01/3789d9fada2d3d458c4ba2de349d48780f381ee3/xml-apis-1.4.01.jar
7f2ff6b5d000-7f2ff6b5f000 r--s 00008000 103:02 129494                    /home/mzh/.gradle/caches/modules-2/files-2.1/javax.el/javax.el-api/2.2.4/1287562cc3f0ff5439ded6f2949e73ce1c0edaab/javax.el-api-2.2.4.jar
7f2ff6b5f000-7f2ff6b70000 r--s 000a1000 103:02 129747                    /home/mzh/.gradle/caches/modules-2/files-2.1/org.hibernate/hibernate-validator/5.3.6.Final/4c730be8bf55a8e9a61e79a2f2c079abf48b718/hibernate-validator-5.3.6.Final.jar
7f2ff6b70000-7f2ff6b78000 r--s 0005f000 103:02 129457                    /home/mzh/.gradle/caches/modules-2/files-2.1/org.grails/grails-datastore-gorm-hibernate-core/6.1.10.RELEASE/f9399493d6803451b6380b9b782e6435f7fb9971/grails-datastore-gorm-hibernate-core-6.1.10.RELEASE.jar
7f2ff6b78000-7f2ff6b8a000 r--s 000b9000 103:02 129492                    /home/mzh/.gradle/caches/modules-2/files-2.1/org.springframework/spring-web/4.3.18.RELEASE/e41042a70a7d80da52261c1dfc569c7518b70dce/spring-web-4.3.18.RELEASE.jar
7f2ff6b8a000-7f2ff6b8f000 r--s 00026000 103:02 129758                    /home/mzh/.gradle/caches/modules-2/files-2.1/org.grails/scaffolding-core/1.1.1/c79e9bd310896f3afbba331170c54fa2ce7f9a5d/scaffolding-core-1.1.1.jar
7f2ff6b8f000-7f2ff6b92000 r--s 00016000 103:02 129459                    /home/mzh/.gradle/caches/modules-2/files-2.1/org.grails/grails-datastore-gorm-validation/6.1.10.RELEASE/75d8a598a9dbe80069146fdd844efe2a9cd6c35f/grails-datastore-gorm-validation-6.1.10.RELEASE.jar
7f2ff6b92000-7f2ff6b94000 r--s 00014000 103:02 129757                    /home/mzh/.gradle/caches/modules-2/files-2.1/org.apache.tomcat.embed/tomcat-embed-logging-log4j/8.5.2/53bdd1eebc7393713261d178ac096a742423f940/tomcat-embed-logging-log4j-8.5.2.jar
7f2ff6b94000-7f2ff6ba5000 r--s 000d0000 103:02 129458                    /home/mzh/.gradle/caches/modules-2/files-2.1/org.grails/grails-datastore-gorm/6.1.10.RELEASE/e748f1a1100aca901b280e37991d822364c01378/grails-datastore-gorm-6.1.10.RELEASE.jar
7f2ff6ba5000-7f2ff6ba8000 r--s 00012000 103:02 129734                    /home/mzh/.gradle/caches/modules-2/files-2.1/org.codehaus.groovy/groovy-sql/2.4.15/591ed2582868cb47fcac04eb50923faf52bfd231/groovy-sql-2.4.15.jar
7f2ff6ba8000-7f2ff6bb2000 r--s 00060000 103:02 129497                    /home/mzh/.gradle/caches/modules-2/files-2.1/org.springframework/spring-jdbc/4.3.18.RELEASE/816bc40759cd07ec50b86b1472aa021813387114/spring-jdbc-4.3.18.RELEASE.jar
7f2ff6bb2000-7f2ff6bb4000 r--s 00006000 103:02 129709                    /home/mzh/.gradle/caches/modules-2/files-2.1/org.grails/grails-plugin-domain-class/3.3.8/ed5b2131d09e557784bc454274ddaa3faf848c03/grails-plugin-domain-class-3.3.8.jar
7f2ff6bb4000-7f2ff6bb5000 r--s 00004000 103:02 129697                    /home/mzh/.gradle/caches/modules-2/files-2.1/org.grails/grails-plugin-validation/3.3.8/b52a0d5ec7d75703677c24d9c759b51ccb4291b5/grails-plugin-validation-3.3.8.jar
7f2ff6bb5000-7f2ff6bb7000 r--s 00009000 103:02 129696                    /home/mzh/.gradle/caches/modules-2/files-2.1/org.grails/grails-plugin-mimetypes/3.3.8/6efd7478161e84cd8c08b80465da3df5bbd0b1d3/grails-plugin-mimetypes-3.3.8.jar
7f2ff6bb7000-7f2ff6bb9000 r--s 0000b000 103:02 129704                    /home/mzh/.gradle/caches/modules-2/files-2.1/org.grails/grails-web-sitemesh/3.3.1/d639808f26ff1e16e32cb86129fd847961575abe/grails-web-sitemesh-3.3.1.jar
7f2ff6bb9000-7f2ff6bbb000 r--s 00011000 103:02 129703                    /home/mzh/.gradle/caches/modules-2/files-2.1/org.grails/grails-web-gsp/3.3.1/5670ed8376f739528fdb21de0514d2cc22c5a276/grails-web-gsp-3.3.1.jar
7f2ff6bbb000-7f2ff6bbc000 r--s 00005000 103:02 129702                    /home/mzh/.gradle/caches/modules-2/files-2.1/org.grails/grails-web-mvc/3.3.8/425ab101208d3865e9722ae79583bf2d933d6714/grails-web-mvc-3.3.8.jar
7f2ff6bbc000-7f2ff6bbf000 r--s 0002a000 103:02 129705                    /home/mzh/.gradle/caches/modules-2/files-2.1/org.grails/grails-web-url-mappings/3.3.8/eeb5dc5408de15afb394a69b3e9f766c45d51a34/grails-web-url-mappings-3.3.8.jar
7f2ff6bbf000-7f2ff6bc2000 r--s 00014000 103:02 129701                    /home/mzh/.gradle/caches/modules-2/files-2.1/org.grails/grails-web-databinding/3.3.8/3c852dd8c191eeffbe0c760bda80d97bc67dc5aa/grails-web-databinding-3.3.8.jar
7f2ff6bc2000-7f2ff6bc7000 r--s 00029000 103:02 129736                    /home/mzh/.gradle/caches/modules-2/files-2.1/org.springframework/spring-context-support/4.3.18.RELEASE/d14d5b7c7fd060e345d5aebbe151e27d2c69ba6a/spring-context-support-4.3.18.RELEASE.jar
7f2ff6bc7000-7f2ff6bd8000 r--s 000d0000 103:02 129735                    /home/mzh/.gradle/caches/modules-2/files-2.1/org.springframework/spring-webmvc/4.3.18.RELEASE/67ad7f59830df97ab73f8c7ab53ea33ae7dcb68/spring-webmvc-4.3.18.RELEASE.jar
7f2ff6bd8000-7f2ff6bdb000 r--s 00027000 103:02 129711                    /home/mzh/.gradle/caches/modules-2/files-2.1/org.grails/grails-gsp/3.3.1/88115473871aeb898b590958ef2ba8a9cbd7dbb0/grails-gsp-3.3.1.jar
7f2ff6bdb000-7f2ff6be0000 r--s 00029000 103:02 129713                    /home/mzh/.gradle/caches/modules-2/files-2.1/org.grails/grails-encoder/3.3.8/abe512a81f4e5369bc88c8c4259e39576a6565b4/grails-encoder-3.3.8.jar
7f2ff6be0000-7f2ff6be3000 r--s 0000f000 103:02 129726                    /home/mzh/.gradle/caches/modules-2/files-2.1/org.grails/grails-databinding/3.3.8/e3a1cdca8521b71d1e07645ec2bfe34493930c42/grails-databinding-3.3.8.jar
7f2ff6be3000-7f2ff6be5000 r--s 00002000 103:02 129756                    /home/mzh/.gradle/caches/modules-2/files-2.1/org.apache.tomcat/tomcat-annotations-api/8.5.32/bc805a49362036d2705bbe051053f11120869fd/tomcat-annotations-api-8.5.32.jar
7f2ff6be5000-7f2ff6bf7000 r--s 0011f000 103:02 129755                    /home/mzh/.gradle/caches/modules-2/files-2.1/com.fasterxml.jackson.core/jackson-databind/2.8.11.2/2c5051e8e84d2c16316b758ebf746f9e90bef5a4/jackson-databind-2.8.11.2.jar
7f2ff6bf7000-7f2ff6bf8000 r--s 00003000 103:02 129546                    /home/mzh/.gradle/caches/modules-2/files-2.1/javax.transaction/jta/1.1/2ca09f0b36ca7d71b762e14ea2ff09d5eac57558/jta-1.1.jar
7f2ff6bf8000-7f2ff6bfe000 r--s 0003d000 103:02 1321579                   /home/mzh/.m2/repository/org/yaml/snakeyaml/1.17/snakeyaml-1.17.jar
7f2ff6bfe000-7f2ff6c01000 r--s 00016000 103:02 129454                    /home/mzh/.gradle/caches/modules-2/files-2.1/org.codehaus.groovy/groovy-templates/2.4.15/b5cbe971f2950452c1d431ea0135dd8de2d5f58e/groovy-templates-2.4.15.jar
7f2ff6c01000-7f2ff6c05000 r--s 00031000 103:02 129455                    /home/mzh/.gradle/caches/modules-2/files-2.1/org.codehaus.groovy/groovy-xml/2.4.15/40865f59469e6b0808c9c304bd17038997220c72/groovy-xml-2.4.15.jar
7f2ff6c05000-7f2ff6c0b000 r--s 0003e000 103:02 129738                    /home/mzh/.gradle/caches/modules-2/files-2.1/org.springframework/spring-expression/4.3.18.RELEASE/64f2270bfd9d615c8c3b9d94995867f39391ed30/spring-expression-4.3.18.RELEASE.jar
7f2ff6c0b000-7f2ff6c14000 r--s 00054000 103:02 129737                    /home/mzh/.gradle/caches/modules-2/files-2.1/org.springframework/spring-aop/4.3.18.RELEASE/dd930265a504563d76de79864ae3196f6e9035e0/spring-aop-4.3.18.RELEASE.jar
7f2ff6c14000-7f2ff6c16000 r--s 0000e000 103:02 1321614                   /home/mzh/.m2/repository/commons-logging/commons-logging/1.2/commons-logging-1.2.jar
7f2ff6c16000-7f2ff6c21000 r--s 0006a000 103:02 129754                    /home/mzh/.gradle/caches/modules-2/files-2.1/ch.qos.logback/logback-core/1.1.11/88b8df40340eed549fb07e2613879bf6b006704d/logback-core-1.1.11.jar
7f2ff6c21000-7f2ff6c25000 r--s 00049000 103:02 129472                    /home/mzh/.gradle/caches/modules-2/files-2.1/com.bertramlabs.plugins/asset-pipeline-core/2.14.8/4e1c17bbfb623fc66df7e5577a0be11973749cd7/asset-pipeline-core-2.14.8.jar
7f2ff6c25000-7f2ff6c27000 r--s 0000b000 103:02 129752                    /home/mzh/.gradle/caches/modules-2/files-2.1/org.apache.tomcat/tomcat-juli/8.5.32/c659f0c0bc6e1124bf3461ca51b25724a2335cf6/tomcat-juli-8.5.32.jar
7f2ff6c27000-7f2ff6c29000 r--s 00007000 103:02 129751                    /home/mzh/.gradle/caches/modules-2/files-2.1/javax.el/el-api/2.1.2-b03/1ac087d9d1a632d2ff82fa1e8b6610aca025ff2a/el-api-2.1.2-b03.jar
7f2ff6c29000-7f2ff6c2b000 r--s 0001f000 103:02 129700                    /home/mzh/.gradle/caches/modules-2/files-2.1/org.grails/grails-web-jsp/3.3.1/e45c3adb5f6fc6c7761227457d09114ec41c55fe/grails-web-jsp-3.3.1.jar
7f2ff6c2b000-7f2ff6c2c000 r--s 00004000 103:02 129695                    /home/mzh/.gradle/caches/modules-2/files-2.1/org.grails/grails-plugin-codecs/3.3.8/55f4d0afad4134069100cdb952fb156129ad1af1/grails-plugin-codecs-3.3.8.jar
7f2ff6c2c000-7f2ff6c31000 r--s 00041000 103:02 129750                    /home/mzh/.gradle/caches/modules-2/files-2.1/commons-lang/commons-lang/2.6/ce1edb914c94ebc388f086c6827e8bdeec71ac2/commons-lang-2.6.jar
7f2ff6c31000-7f2ff6c33000 r--s 0000b000 103:02 129699                    /home/mzh/.gradle/caches/modules-2/files-2.1/org.grails/grails-web-gsp-taglib/3.3.1/28e0c0776c9f5c6109b79a89860161db3369fe81/grails-web-gsp-taglib-3.3.1.jar
7f2ff6c33000-7f2ff6c36000 r--s 00010000 103:02 129482                    /home/mzh/.gradle/caches/modules-2/files-2.1/org.hibernate.common/hibernate-commons-annotations/5.0.1.Final/71e1cff3fcb20d3b3af4f3363c3ddb24d33c6879/hibernate-commons-annotations-5.0.1.Final.jar
7f2ff6c36000-7f2ff6c3b000 r--s 00048000 103:02 129491                    /home/mzh/.gradle/caches/modules-2/files-2.1/dom4j/dom4j/1.6.1/5d3ccc056b6f056dbf0dddfdf43894b9065a8f94/dom4j-1.6.1.jar
7f2ff6c3b000-7f2ff6c3d000 r--s 0000e000 103:02 129749                    /home/mzh/.gradle/caches/modules-2/files-2.1/com.fasterxml/classmate/1.3.4/3d5f48f10bbe4eb7bd862f10c0583be2e0053c6/classmate-1.3.4.jar
7f2ff6c3d000-7f2ff6c40000 r--s 0002b000 103:02 129489                    /home/mzh/.gradle/caches/modules-2/files-2.1/org.jboss/jandex/2.0.3.Final/bfc4d6257dbff7a33a357f0de116be6ff951d849/jandex-2.0.3.Final.jar
7f2ff6c40000-7f2ff6c41000 r--s 00003000 103:02 129488                    /home/mzh/.gradle/caches/modules-2/files-2.1/org.apache.geronimo.specs/geronimo-jta_1.1_spec/1.1.1/aabab3165b8ea936b9360abbf448459c0d04a5a4/geronimo-jta_1.1_spec-1.1.1.jar
7f2ff6c41000-7f2ff6c46000 r--s 00068000 103:02 129487                    /home/mzh/.gradle/caches/modules-2/files-2.1/antlr/antlr/2.7.7/83cd2cd674a217ade95a4bb83a8a14f351f48bd0/antlr-2.7.7.jar
7f2ff6c46000-7f2ff6c48000 r--s 0000f000 103:02 129748                    /home/mzh/.gradle/caches/modules-2/files-2.1/org.jboss.logging/jboss-logging/3.3.2.Final/3789d00e859632e6c6206adc0c71625559e6e3b0/jboss-logging-3.3.2.Final.jar
7f2ff6c48000-7f2ff6c52000 r--s 0006b000 103:02 129471                    /home/mzh/.gradle/caches/modules-2/files-2.1/org.springframework/spring-orm/4.3.18.RELEASE/f5f7cef67e9729f0f96a89441ae24980c7339da8/spring-orm-4.3.18.RELEASE.jar
7f2ff6c52000-7f2ff6c56000 r--s 00039000 103:02 129456                    /home/mzh/.gradle/caches/modules-2/files-2.1/org.grails/grails-datastore-gorm-hibernate5/6.1.10.RELEASE/e936dddf7b76f8d21d21ae1e4b995bd1f0e02ddf/grails-datastore-gorm-hibernate5-6.1.10.RELEASE.jar
7f2ff6c56000-7f2ff6c59000 r--s 00012000 103:02 129446                    /home/mzh/.gradle/caches/modules-2/files-2.1/org.grails/grails-datastore-gorm-support/6.1.10.RELEASE/2bb769978840f8ac440252c03ae5dd6e472cc07e/grails-datastore-gorm-support-6.1.10.RELEASE.jar
7f2ff6c59000-7f2ff6c5a000 r--s 00002000 103:02 129448                    /home/mzh/.gradle/caches/modules-2/files-2.1/org.grails/grails-datastore-web/6.1.10.RELEASE/699f0312c2f584da0d5cc71fcf9f04410fbedec5/grails-datastore-web-6.1.10.RELEASE.jar
7f2ff6c5a000-7f2ff6c5c000 r--s 00003000 103:02 129724                    /home/mzh/.gradle/caches/modules-2/files-2.1/org.grails/grails-events-compat/3.3.2/1250482ac83841a19c75b150777a2d2c28592d33/grails-events-compat-3.3.2.jar
7f2ff6c5c000-7f2ff6c5d000 r--s 00007000 103:02 129725                    /home/mzh/.gradle/caches/modules-2/files-2.1/org.grails/grails-events-transform/3.3.2/645c93ccb03ea27a23d6ac25265b01e5a63b9525/grails-events-transform-3.3.2.jar
7f2ff6c5d000-7f2ff6c5f000 r--s 0000b000 103:02 129733                    /home/mzh/.gradle/caches/modules-2/files-2.1/org.grails/grails-events/3.3.2/a4c70fc8c391d8060d715ea68bfe4ff87761fd02/grails-events-3.3.2.jar
7f2ff6c5f000-7f2ff6c61000 r--s 00020000 103:02 129744                    /home/mzh/.gradle/caches/modules-2/files-2.1/org.grails.plugins/fields/2.2.8/bfb21b4e1c05db9f105159d12bcac0389b1ac464/fields-2.2.8.jar
7f2ff6c61000-7f2ff6c64000 r--s 0000e000 103:02 129732                    /home/mzh/.gradle/caches/modules-2/files-2.1/org.grails/grails-async/3.3.2/df2d4d6d96161b1105298a951c6fff31dd52e1e9/grails-async-3.3.2.jar
7f2ff6c64000-7f2ff6c6e000 r--s 000aa000 103:02 129486                    /home/mzh/.gradle/caches/modules-2/files-2.1/org.javassist/javassist/3.21.0-GA/598244f595db5c5fb713731eddbb1c91a58d959b/javassist-3.21.0-GA.jar
7f2ff6c6e000-7f2ff6c71000 r--s 00016000 103:02 129710                    /home/mzh/.gradle/caches/modules-2/files-2.1/org.grails/grails-validation/3.3.8/ea17d94d6f6943742cc56ecc4614ff5ce1b05d27/grails-validation-3.3.8.jar
7f2ff6c71000-7f2ff6c75000 r--s 0001e000 103:02 129743                    /home/mzh/.gradle/caches/modules-2/files-2.1/org.grails.plugins/converters/3.3.1/afc1ea5fa7d7d52e83017856fa5a651d38145048/converters-3.3.1.jar
7f2ff6c75000-7f2ff6c77000 r--s 00005000 103:02 129708                    /home/mzh/.gradle/caches/modules-2/files-2.1/org.grails/grails-plugin-datasource/3.3.8/a95588e21436d6d3b1baa8cedae2a06c52a7bf0c/grails-plugin-datasource-3.3.8.jar
7f2ff6c77000-7f2ff6c7a000 r--s 00019000 103:02 129692                    /home/mzh/.gradle/caches/modules-2/files-2.1/org.grails/grails-plugin-controllers/3.3.8/7f0c6309c03c0b844e83161451f59ddda2079f48/grails-plugin-controllers-3.3.8.jar
7f2ff6c7a000-7f2ff6c7b000 r--s 00005000 103:02 129698                    /home/mzh/.gradle/caches/modules-2/files-2.1/org.grails/grails-web/3.3.8/4aa794850b39b2359652e1ae0cbe151c25ed48c/grails-web-3.3.8.jar
7f2ff6c7b000-7f2ff6c7f000 r--s 00028000 103:02 129707                    /home/mzh/.gradle/caches/modules-2/files-2.1/org.grails/grails-web-common/3.3.8/b31f5b9ea65cdb0640cecf0b7ae6e20de617aad7/grails-web-common-3.3.8.jar
7f2ff6c7f000-7f2ff6c84000 r--s 0003a000 103:02 129740                    /home/mzh/.gradle/caches/modules-2/files-2.1/org.apache.tomcat.embed/tomcat-embed-websocket/8.5.32/ea5302e378f1449d4e5dda79e8d810c1e7931f91/tomcat-embed-websocket-8.5.32.jar
7f2ff6c84000-7f2ff6c89000 r--s 00037000 103:02 129742                    /home/mzh/.gradle/caches/modules-2/files-2.1/org.apache.tomcat.embed/tomcat-embed-el/8.5.32/e4fd0ee015d83fa1c5ec93ff1d05bdaf9a4480c5/tomcat-embed-el-8.5.32.jar
7f2ff6c89000-7f2ff6cb2000 r--s 002d3000 103:02 129741                    /home/mzh/.gradle/caches/modules-2/files-2.1/org.apache.tomcat.embed/tomcat-embed-core/8.5.32/6bc6896200146010cc4666bdc6b9b0cbb453ee22/tomcat-embed-core-8.5.32.jar
7f2ff6cb2000-7f2ff6cc2000 r--s 00079000 103:02 129682                    /home/mzh/.gradle/caches/modules-2/files-2.1/org.springframework.boot/spring-boot-actuator/1.5.15.RELEASE/85be178d2300533b477127614a18fdba0929fa24/spring-boot-actuator-1.5.15.RELEASE.jar
7f2ff6cc2000-7f2ff6cc3000 r--s 00000000 103:02 129680                    /home/mzh/.gradle/caches/modules-2/files-2.1/org.springframework.boot/spring-boot-starter/1.5.15.RELEASE/5b4419f4c8960eafba0b4f588b27dbbde9ea9abd/spring-boot-starter-1.5.15.RELEASE.jar
7f2ff6cc3000-7f2ff6cc7000 r--s 00040000 103:02 129739                    /home/mzh/.gradle/caches/modules-2/files-2.1/xalan/serializer/2.7.2/24247f3bb052ee068971393bdb83e04512bb1c3c/serializer-2.7.2.jar
7f2ff6cc7000-7f2ff6cd5000 r--s 00081000 103:02 129460                    /home/mzh/.gradle/caches/modules-2/files-2.1/org.grails/grails-datastore-core/6.1.10.RELEASE/b4d509cb463f0d945773cbc27d4be2dc2cc943e3/grails-datastore-core-6.1.10.RELEASE.jar
7f2ff6cd5000-7f2ff6cd9000 r--s 0003a000 103:02 1321571                   /home/mzh/.m2/repository/org/grails/grails-bootstrap/3.3.8/grails-bootstrap-3.3.8.jar
7f2ff6cd9000-7f2ff6cf2000 r--s 000fe000 103:02 129493                    /home/mzh/.gradle/caches/modules-2/files-2.1/org.springframework/spring-context/4.3.18.RELEASE/d302953b509e6d380856e245bf80c29770c08c98/spring-context-4.3.18.RELEASE.jar
7f2ff6cf2000-7f2ff6d00000 r--s 000ad000 103:02 129499                    /home/mzh/.gradle/caches/modules-2/files-2.1/org.springframework/spring-beans/4.3.18.RELEASE/27460686b16b3ffee60bb3365cd56bba6ed860ff/spring-beans-4.3.18.RELEASE.jar
7f2ff6d00000-7f2ff6d08000 r--s 0003a000 103:02 129498                    /home/mzh/.gradle/caches/modules-2/files-2.1/org.springframework/spring-tx/4.3.18.RELEASE/b6b7938f7d8ba412b6663a8b950592557c2d996e/spring-tx-4.3.18.RELEASE.jar
7f2ff6d08000-7f2ff6d1f000 r--s 000fe000 103:02 129501                    /home/mzh/.gradle/caches/modules-2/files-2.1/org.springframework/spring-core/4.3.18.RELEASE/4acbce682c3dfe38181d57b7e0792e2cc21e4f77/spring-core-4.3.18.RELEASE.jar
7f2ff6d1f000-7f2ff6d23000 r--s 00019000 103:02 129544                    /home/mzh/.gradle/caches/modules-2/files-2.1/com.googlecode.concurrentlinkedhashmap/concurrentlinkedhashmap-lru/1.4.2/2eaf3d3c9746d526ff7e5b93931d482c3887e6ac/concurrentlinkedhashmap-lru-1.4.2.jar
7f2ff6d23000-7f2ff6d28000 r--s 00017000 103:02 129485                    /home/mzh/.gradle/caches/modules-2/files-2.1/org.hibernate.javax.persistence/hibernate-jpa-2.1-api/1.0.0.Final/5e731d961297e5a07290bfaf3db1fbc8bbbf405a/hibernate-jpa-2.1-api-1.0.0.Final.jar
7f2ff6d28000-7f2ff6d2b000 ---p 00000000 00:00 0 
7f2ff6d2b000-7f2ff6e29000 rw-p 00000000 00:00 0 
7f2ff6e29000-7f2ff77f8000 r--p 00000000 103:02 20321                     /usr/lib/locale/locale-archive
7f2ff77f8000-7f2ff77fb000 ---p 00000000 00:00 0 
7f2ff77fb000-7f2ff78f9000 rw-p 00000000 00:00 0 
7f2ff78f9000-7f2ff78fc000 ---p 00000000 00:00 0 
7f2ff78fc000-7f2ff79fa000 rw-p 00000000 00:00 0 
7f2ff79fa000-7f2ff79fb000 ---p 00000000 00:00 0 
7f2ff79fb000-7f2ff8000000 rw-p 00000000 00:00 0 
7f2ff8000000-7f2ff8024000 rw-p 00000000 00:00 0 
7f2ff8024000-7f2ffc000000 ---p 00000000 00:00 0 
7f2ffc000000-7f2ffc001000 r--s 00009000 103:02 129728                    /home/mzh/.gradle/caches/modules-2/files-2.1/org.grails/grails-spring/3.3.8/651f0a45cbc62c9c17afb25607e6335c715a41d5/grails-spring-3.3.8.jar
7f2ffc001000-7f2ffc003000 r--s 00009000 103:02 129465                    /home/mzh/.gradle/caches/modules-2/files-2.1/org.slf4j/slf4j-api/1.7.25/da76ca59f6a57ee3102f8f9bd9cee742973efa8a/slf4j-api-1.7.25.jar
7f2ffc003000-7f2ffc050000 r--s 0042b000 103:02 129462                    /home/mzh/.gradle/caches/modules-2/files-2.1/org.codehaus.groovy/groovy/2.4.15/74b7e0b99526c569e3a59cb84dbcc6204d601ee6/groovy-2.4.15.jar
7f2ffc050000-7f2ffc060000 r--s 00097000 103:02 129731                    /home/mzh/.gradle/caches/modules-2/files-2.1/org.springframework.boot/spring-boot/1.5.15.RELEASE/79126cdbd541d1fd9a1497efddb00848bf7b201/spring-boot-1.5.15.RELEASE.jar
7f2ffc060000-7f2ffc062000 r--s 00004000 103:02 129730                    /home/mzh/.gradle/caches/modules-2/files-2.1/org.slf4j/log4j-over-slf4j/1.7.25/a87bb47468f47ee7aabbd54f93e133d4215769c3/log4j-over-slf4j-1.7.25.jar
7f2ffc062000-7f2ffc064000 r--s 00000000 103:02 129729                    /home/mzh/.gradle/caches/modules-2/files-2.1/org.slf4j/jul-to-slf4j/1.7.25/af5364cd6679bfffb114f0dec8a157aaa283b76/jul-to-slf4j-1.7.25.jar
7f2ffc064000-7f2ffc066000 r--s 00003000 103:02 129463                    /home/mzh/.gradle/caches/modules-2/files-2.1/org.slf4j/jcl-over-slf4j/1.7.25/f8c32b13ff142a513eeb5b6330b1588dcb2c0461/jcl-over-slf4j-1.7.25.jar
7f2ffc066000-7f2ffc06d000 r--s 00045000 103:02 129723                    /home/mzh/.gradle/caches/modules-2/files-2.1/ch.qos.logback/logback-classic/1.1.11/ccedfbacef4a6515d2983e3f89ed753d5d4fb665/logback-classic-1.1.11.jar
7f2ffc06d000-7f2ffc06f000 r--s 0001e000 103:02 129722                    /home/mzh/.gradle/caches/modules-2/files-2.1/com.bertramlabs.plugins/asset-pipeline-grails/2.14.8/b7a8bc6c1a6d7c499cd1a001d6d886365062b9e7/asset-pipeline-grails-2.14.8.jar
7f2ffc06f000-7f2ffc072000 r--s 00022000 103:02 129721                    /home/mzh/.gradle/caches/modules-2/files-2.1/org.apache.tomcat/tomcat-jdbc/8.5.32/9d2bf02f75c1f72b5346b60263d44b1a1ab8da43/tomcat-jdbc-8.5.32.jar
7f2ffc072000-7f2ffc082000 r--s 001c7000 103:02 129720                    /home/mzh/.gradle/caches/modules-2/files-2.1/com.h2database/h2/1.4.197/bb391050048ca8ae3e32451b5a3714ecd3596a46/h2-1.4.197.jar
7f2ffc082000-7f2ffc085000 r--s 00018000 103:02 129719                    /home/mzh/.gradle/caches/modules-2/files-2.1/org.glassfish.web/el-impl/2.1.2-b03/6bab1211b6e6b191fdbf06067bd05d2f75a62ac0/el-impl-2.1.2-b03.jar
7f2ffc085000-7f2ffc08a000 r--s 0004b000 103:02 129694                    /home/mzh/.gradle/caches/modules-2/files-2.1/org.grails.plugins/gsp/3.3.1/7b40598abe73d8535b2dd4503467d5c0c415b7b5/gsp-3.3.1.jar
7f2ffc08a000-7f2ffc0f6000 r--s 0050a000 103:02 129718                    /home/mzh/.gradle/caches/modules-2/files-2.1/org.hibernate/hibernate-core/5.1.5.Final/28366d161d448e82370e5bbd871eb2835ba0fb7b/hibernate-core-5.1.5.Final.jar
7f2ffc0f6000-7f2ffc0f7000 r--s 00006000 103:02 129445                    /home/mzh/.gradle/caches/modules-2/files-2.1/org.grails.plugins/hibernate5/6.1.10/6929b4844ceaa1f933a1cf74e32cca9c007d2bb8/hibernate5-6.1.10.jar
7f2ffc0f7000-7f2ffc0f9000 r--s 00006000 103:02 129717                    /home/mzh/.gradle/caches/modules-2/files-2.1/org.grails.plugins/scaffolding/3.4.1/3794a2154aa473fd2281e1e36de398815a63e740/scaffolding-3.4.1.jar
7f2ffc0f9000-7f2ffd000000 rw-p 00000000 00:00 0 
7f2ffd000000-7f2ffe330000 rwxp 00000000 00:00 0 
7f2ffe330000-7f300c000000 ---p 00000000 00:00 0 
7f300c000000-7f300d9d0000 rw-p 00000000 00:00 0 
7f300d9d0000-7f3010000000 ---p 00000000 00:00 0 
7f3010000000-7f3010003000 r--s 0000c000 103:02 129686                    /home/mzh/.gradle/caches/modules-2/files-2.1/org.grails.plugins/async/3.3.2/849be6dcabfba176078915404451c4b4479c6d49/async-3.3.2.jar
7f3010003000-7f3010005000 r--s 00011000 103:02 129716                    /home/mzh/.gradle/caches/modules-2/files-2.1/org.grails.plugins/cache/4.0.0/72be24e2f8b3e5407048f5cc5186dcd32e8de841/cache-4.0.0.jar
7f3010005000-7f3010013000 r--s 000b0000 103:02 129714                    /home/mzh/.gradle/caches/modules-2/files-2.1/org.grails/grails-core/3.3.8/d535a1f07ed1a1ce388bc18c8b63a3f3abd1aeee/grails-core-3.3.8.jar
7f3010013000-7f3010034000 r--s 000e6000 103:02 129764                    /home/mzh/.gradle/caches/modules-2/files-2.1/org.springframework.boot/spring-boot-autoconfigure/1.5.15.RELEASE/9cb093e335fc58e61581edcb959813b62731ef8e/spring-boot-autoconfigure-1.5.15.RELEASE.jar
7f3010034000-7f3010386000 rw-p 00000000 00:00 0 
7f3010386000-7f3010560000 r--s 03d6d000 103:02 1182165                   /usr/lib/jvm/jdk1.8.0_211/jre/lib/rt.jar
7f3010560000-7f3011ee0000 rw-p 00000000 00:00 0 
7f3011ee0000-7f3011ee1000 ---p 00000000 00:00 0 
7f3011ee1000-7f3011fe1000 rw-p 00000000 00:00 0 
7f3011fe1000-7f3011fe2000 ---p 00000000 00:00 0 
7f3011fe2000-7f30120e2000 rw-p 00000000 00:00 0 
7f30120e2000-7f30120e3000 ---p 00000000 00:00 0 
7f30120e3000-7f30121e3000 rw-p 00000000 00:00 0 
7f30121e3000-7f30121e4000 ---p 00000000 00:00 0 
7f30121e4000-7f30125b2000 rw-p 00000000 00:00 0 
7f30125b2000-7f3012925000 ---p 00000000 00:00 0 
7f3012925000-7f3012940000 r-xp 00000000 103:02 1443736                   /usr/lib/jvm/jdk1.8.0_211/jre/lib/amd64/libzip.so
7f3012940000-7f3012b3f000 ---p 0001b000 103:02 1443736                   /usr/lib/jvm/jdk1.8.0_211/jre/lib/amd64/libzip.so
7f3012b3f000-7f3012b40000 r--p 0001a000 103:02 1443736                   /usr/lib/jvm/jdk1.8.0_211/jre/lib/amd64/libzip.so
7f3012b40000-7f3012b41000 rw-p 0001b000 103:02 1443736                   /usr/lib/jvm/jdk1.8.0_211/jre/lib/amd64/libzip.so
7f3012b41000-7f3012b4c000 r-xp 00000000 103:02 12803                     /lib/x86_64-linux-gnu/libnss_files-2.27.so
7f3012b4c000-7f3012d4b000 ---p 0000b000 103:02 12803                     /lib/x86_64-linux-gnu/libnss_files-2.27.so
7f3012d4b000-7f3012d4c000 r--p 0000a000 103:02 12803                     /lib/x86_64-linux-gnu/libnss_files-2.27.so
7f3012d4c000-7f3012d4d000 rw-p 0000b000 103:02 12803                     /lib/x86_64-linux-gnu/libnss_files-2.27.so
7f3012d4d000-7f3012d53000 rw-p 00000000 00:00 0 
7f3012d53000-7f3012d6a000 r-xp 00000000 103:02 12797                     /lib/x86_64-linux-gnu/libnsl-2.27.so
7f3012d6a000-7f3012f69000 ---p 00017000 103:02 12797                     /lib/x86_64-linux-gnu/libnsl-2.27.so
7f3012f69000-7f3012f6a000 r--p 00016000 103:02 12797                     /lib/x86_64-linux-gnu/libnsl-2.27.so
7f3012f6a000-7f3012f6b000 rw-p 00017000 103:02 12797                     /lib/x86_64-linux-gnu/libnsl-2.27.so
7f3012f6b000-7f3012f6d000 rw-p 00000000 00:00 0 
7f3012f6d000-7f3012f78000 r-xp 00000000 103:02 12814                     /lib/x86_64-linux-gnu/libnss_nis-2.27.so
7f3012f78000-7f3013177000 ---p 0000b000 103:02 12814                     /lib/x86_64-linux-gnu/libnss_nis-2.27.so
7f3013177000-7f3013178000 r--p 0000a000 103:02 12814                     /lib/x86_64-linux-gnu/libnss_nis-2.27.so
7f3013178000-7f3013179000 rw-p 0000b000 103:02 12814                     /lib/x86_64-linux-gnu/libnss_nis-2.27.so
7f3013179000-7f3013181000 r-xp 00000000 103:02 12799                     /lib/x86_64-linux-gnu/libnss_compat-2.27.so
7f3013181000-7f3013381000 ---p 00008000 103:02 12799                     /lib/x86_64-linux-gnu/libnss_compat-2.27.so
7f3013381000-7f3013382000 r--p 00008000 103:02 12799                     /lib/x86_64-linux-gnu/libnss_compat-2.27.so
7f3013382000-7f3013383000 rw-p 00009000 103:02 12799                     /lib/x86_64-linux-gnu/libnss_compat-2.27.so
7f3013383000-7f301338d000 r-xp 00000000 103:02 1443738                   /usr/lib/jvm/jdk1.8.0_211/jre/lib/amd64/libinstrument.so
7f301338d000-7f301358c000 ---p 0000a000 103:02 1443738                   /usr/lib/jvm/jdk1.8.0_211/jre/lib/amd64/libinstrument.so
7f301358c000-7f301358d000 r--p 00009000 103:02 1443738                   /usr/lib/jvm/jdk1.8.0_211/jre/lib/amd64/libinstrument.so
7f301358d000-7f301358e000 rw-p 0000a000 103:02 1443738                   /usr/lib/jvm/jdk1.8.0_211/jre/lib/amd64/libinstrument.so
7f301358e000-7f30135ba000 r-xp 00000000 103:02 1443727                   /usr/lib/jvm/jdk1.8.0_211/jre/lib/amd64/libjava.so
7f30135ba000-7f30137ba000 ---p 0002c000 103:02 1443727                   /usr/lib/jvm/jdk1.8.0_211/jre/lib/amd64/libjava.so
7f30137ba000-7f30137bb000 r--p 0002c000 103:02 1443727                   /usr/lib/jvm/jdk1.8.0_211/jre/lib/amd64/libjava.so
7f30137bb000-7f30137bd000 rw-p 0002d000 103:02 1443727                   /usr/lib/jvm/jdk1.8.0_211/jre/lib/amd64/libjava.so
7f30137bd000-7f30137ca000 r-xp 00000000 103:02 1443718                   /usr/lib/jvm/jdk1.8.0_211/jre/lib/amd64/libverify.so
7f30137ca000-7f30139c9000 ---p 0000d000 103:02 1443718                   /usr/lib/jvm/jdk1.8.0_211/jre/lib/amd64/libverify.so
7f30139c9000-7f30139cb000 r--p 0000c000 103:02 1443718                   /usr/lib/jvm/jdk1.8.0_211/jre/lib/amd64/libverify.so
7f30139cb000-7f30139cc000 rw-p 0000e000 103:02 1443718                   /usr/lib/jvm/jdk1.8.0_211/jre/lib/amd64/libverify.so
7f30139cc000-7f30139d3000 r-xp 00000000 103:02 12852                     /lib/x86_64-linux-gnu/librt-2.27.so
7f30139d3000-7f3013bd2000 ---p 00007000 103:02 12852                     /lib/x86_64-linux-gnu/librt-2.27.so
7f3013bd2000-7f3013bd3000 r--p 00006000 103:02 12852                     /lib/x86_64-linux-gnu/librt-2.27.so
7f3013bd3000-7f3013bd4000 rw-p 00007000 103:02 12852                     /lib/x86_64-linux-gnu/librt-2.27.so
7f3013bd4000-7f3013d71000 r-xp 00000000 103:02 12776                     /lib/x86_64-linux-gnu/libm-2.27.so
7f3013d71000-7f3013f70000 ---p 0019d000 103:02 12776                     /lib/x86_64-linux-gnu/libm-2.27.so
7f3013f70000-7f3013f71000 r--p 0019c000 103:02 12776                     /lib/x86_64-linux-gnu/libm-2.27.so
7f3013f71000-7f3013f72000 rw-p 0019d000 103:02 12776                     /lib/x86_64-linux-gnu/libm-2.27.so
7f3013f72000-7f3014c5a000 r-xp 00000000 103:02 1443734                   /usr/lib/jvm/jdk1.8.0_211/jre/lib/amd64/server/libjvm.so
7f3014c5a000-7f3014e59000 ---p 00ce8000 103:02 1443734                   /usr/lib/jvm/jdk1.8.0_211/jre/lib/amd64/server/libjvm.so
7f3014e59000-7f3014eef000 r--p 00ce7000 103:02 1443734                   /usr/lib/jvm/jdk1.8.0_211/jre/lib/amd64/server/libjvm.so
7f3014eef000-7f3014f20000 rw-p 00d7d000 103:02 1443734                   /usr/lib/jvm/jdk1.8.0_211/jre/lib/amd64/server/libjvm.so
7f3014f20000-7f3014f5b000 rw-p 00000000 00:00 0 
7f3014f5b000-7f3015142000 r-xp 00000000 103:02 12723                     /lib/x86_64-linux-gnu/libc-2.27.so
7f3015142000-7f3015342000 ---p 001e7000 103:02 12723                     /lib/x86_64-linux-gnu/libc-2.27.so
7f3015342000-7f3015346000 r--p 001e7000 103:02 12723                     /lib/x86_64-linux-gnu/libc-2.27.so
7f3015346000-7f3015348000 rw-p 001eb000 103:02 12723                     /lib/x86_64-linux-gnu/libc-2.27.so
7f3015348000-7f301534c000 rw-p 00000000 00:00 0 
7f301534c000-7f301534f000 r-xp 00000000 103:02 12740                     /lib/x86_64-linux-gnu/libdl-2.27.so
7f301534f000-7f301554e000 ---p 00003000 103:02 12740                     /lib/x86_64-linux-gnu/libdl-2.27.so
7f301554e000-7f301554f000 r--p 00002000 103:02 12740                     /lib/x86_64-linux-gnu/libdl-2.27.so
7f301554f000-7f3015550000 rw-p 00003000 103:02 12740                     /lib/x86_64-linux-gnu/libdl-2.27.so
7f3015550000-7f3015567000 r-xp 00000000 103:02 1442856                   /usr/lib/jvm/jdk1.8.0_211/lib/amd64/jli/libjli.so
7f3015567000-7f3015766000 ---p 00017000 103:02 1442856                   /usr/lib/jvm/jdk1.8.0_211/lib/amd64/jli/libjli.so
7f3015766000-7f3015767000 r--p 00016000 103:02 1442856                   /usr/lib/jvm/jdk1.8.0_211/lib/amd64/jli/libjli.so
7f3015767000-7f3015768000 rw-p 00017000 103:02 1442856                   /usr/lib/jvm/jdk1.8.0_211/lib/amd64/jli/libjli.so
7f3015768000-7f3015782000 r-xp 00000000 103:02 12846                     /lib/x86_64-linux-gnu/libpthread-2.27.so
7f3015782000-7f3015981000 ---p 0001a000 103:02 12846                     /lib/x86_64-linux-gnu/libpthread-2.27.so
7f3015981000-7f3015982000 r--p 00019000 103:02 12846                     /lib/x86_64-linux-gnu/libpthread-2.27.so
7f3015982000-7f3015983000 rw-p 0001a000 103:02 12846                     /lib/x86_64-linux-gnu/libpthread-2.27.so
7f3015983000-7f3015987000 rw-p 00000000 00:00 0 
7f3015987000-7f30159ae000 r-xp 00000000 103:02 12695                     /lib/x86_64-linux-gnu/ld-2.27.so
7f30159ae000-7f30159af000 r--s 00001000 103:02 129688                    /home/mzh/.gradle/caches/modules-2/files-2.1/org.grails.plugins/events/3.3.2/c43aed0886464bc62b8ef2c4963ea1bedeb19e6/events-3.3.2.jar
7f30159af000-7f30159b0000 r--s 00008000 103:02 129690                    /home/mzh/.gradle/caches/modules-2/files-2.1/org.grails/grails-plugin-interceptors/3.3.8/4230f5e53d8c50415f70e84cfc283bbe4a3e73b1/grails-plugin-interceptors-3.3.8.jar
7f30159b0000-7f30159b2000 r--s 00004000 103:02 129691                    /home/mzh/.gradle/caches/modules-2/files-2.1/org.grails/grails-plugin-url-mappings/3.3.8/4f5727cb0224d23640a9483503c837c1cfeb7e5e/grails-plugin-url-mappings-3.3.8.jar
7f30159b2000-7f30159b4000 r--s 00003000 103:02 129685                    /home/mzh/.gradle/caches/modules-2/files-2.1/org.grails/grails-plugin-services/3.3.8/3cb9c7dfc54107346e6deaffcb144f3019096cfa/grails-plugin-services-3.3.8.jar
7f30159b4000-7f3015a94000 rw-p 00000000 00:00 0 
7f3015a94000-7f3015a95000 ---p 00000000 00:00 0 
7f3015a95000-7f3015a98000 ---p 00000000 00:00 0 
7f3015a98000-7f3015b99000 rw-p 00000000 00:00 0 
7f3015b99000-7f3015b9a000 r--s 00003000 103:02 129693                    /home/mzh/.gradle/caches/modules-2/files-2.1/org.grails/grails-plugin-i18n/3.3.8/a01c648c61520a89dcbe57b57656ed8d98995852/grails-plugin-i18n-3.3.8.jar
7f3015b9a000-7f3015b9b000 r--s 00004000 103:02 129684                    /home/mzh/.gradle/caches/modules-2/files-2.1/org.grails/grails-plugin-databinding/3.3.8/5dfc9e914c81c413ebf432e1c5459794ce673291/grails-plugin-databinding-3.3.8.jar
7f3015b9b000-7f3015b9f000 r--s 00031000 103:02 129689                    /home/mzh/.gradle/caches/modules-2/files-2.1/org.grails/grails-plugin-rest/3.3.8/8c6bc7985e3941e60336443e9f833b29ec573451/grails-plugin-rest-3.3.8.jar
7f3015b9f000-7f3015ba0000 r--s 00000000 103:02 129683                    /home/mzh/.gradle/caches/modules-2/files-2.1/org.grails/grails-logging/3.3.8/2c8647c42d85b7708d239ba3b2c2b422514f4fe9/grails-logging-3.3.8.jar
7f3015ba0000-7f3015ba1000 r--s 00001000 103:02 129687                    /home/mzh/.gradle/caches/modules-2/files-2.1/org.grails/grails-web-boot/3.3.8/173becb00d5a1d7cb1f1a44533d9ca8efd9843a/grails-web-boot-3.3.8.jar
7f3015ba1000-7f3015ba2000 r--s 00000000 103:02 129715                    /home/mzh/.gradle/caches/modules-2/files-2.1/org.springframework.boot/spring-boot-starter-tomcat/1.5.15.RELEASE/4e1bf3cd8480137b32c61d6f0fb54a4b81406a80/spring-boot-starter-tomcat-1.5.15.RELEASE.jar
7f3015ba2000-7f3015ba3000 r--s 00000000 103:02 129679                    /home/mzh/.gradle/caches/modules-2/files-2.1/org.springframework.boot/spring-boot-starter-actuator/1.5.15.RELEASE/2f2e793c6c4592d99e58cf0668d1fcf2a84247f2/spring-boot-starter-actuator-1.5.15.RELEASE.jar
7f3015ba3000-7f3015ba4000 r--s 00000000 103:02 129681                    /home/mzh/.gradle/caches/modules-2/files-2.1/org.springframework.boot/spring-boot-starter-logging/1.5.15.RELEASE/3a0d1b63705bb75ac54884c6c169b1e1908f1375/spring-boot-starter-logging-1.5.15.RELEASE.jar
7f3015ba4000-7f3015bac000 rw-s 00000000 103:02 131296                    /tmp/hsperfdata_mzh/18427
7f3015bac000-7f3015bad000 rw-p 00000000 00:00 0 
7f3015bad000-7f3015bae000 r--p 00000000 00:00 0 
7f3015bae000-7f3015baf000 r--p 00027000 103:02 12695                     /lib/x86_64-linux-gnu/ld-2.27.so
7f3015baf000-7f3015bb0000 rw-p 00028000 103:02 12695                     /lib/x86_64-linux-gnu/ld-2.27.so
7f3015bb0000-7f3015bb1000 rw-p 00000000 00:00 0 
7ffd76bae000-7ffd76bd4000 rw-p 00000000 00:00 0                          [stack]
7ffd76bd6000-7ffd76bd9000 r--p 00000000 00:00 0                          [vvar]
7ffd76bd9000-7ffd76bdb000 r-xp 00000000 00:00 0                          [vdso]
ffffffffff600000-ffffffffff601000 r-xp 00000000 00:00 0                  [vsyscall]

VM Arguments:
jvm_args: -Dendpoints.shutdown.enabled=true -Denv=development -Dfull.stacktrace=true -Dgrails.env=development -Dgrails.full.stacktrace=true -Dinfo.app.grailsVersion=3.3.8 -Dinfo.app.name=fs19-de-graded-exercise-mzhKU -Dinfo.app.version=0.1 -Djdk.reflect.allowGetCallerClass=true -Drun.active=true -Dshow.stacktrace=true -Dspring.output.ansi.enabled=always -Dspring.profiles.active -Dspringloaded=inclusions=grails.plugins..*;synchronize=true;allowSplitPackages=true;cacheDir=/home/mzh/mnt-data/00_fhnw/fs19-de-graded-exercise-mzhKU/build/springloaded -Dverbose=false -XX:+TieredCompilation -XX:TieredStopAtLevel=1 -XX:CICompilerCount=3 -javaagent:/home/mzh/.gradle/caches/modules-2/files-2.1/org.springframework/springloaded/1.2.8.RELEASE/b60bac05b0451cdc1863bfec617f39aa0dcaaa43/springloaded-1.2.8.RELEASE.jar -Xverify:none -Xms768m -Xmx768m -Dfile.encoding=UTF-8 -Duser.country=US -Duser.language=en -Duser.variant 
java_command: webec.Application
java_class_path (initial): /home/mzh/mnt-data/00_fhnw/fs19-de-graded-exercise-mzhKU/src/main/resources:/home/mzh/mnt-data/00_fhnw/fs19-de-graded-exercise-mzhKU/grails-app/views:/home/mzh/mnt-data/00_fhnw/fs19-de-graded-exercise-mzhKU/grails-app/i18n:/home/mzh/mnt-data/00_fhnw/fs19-de-graded-exercise-mzhKU/grails-app/conf:/home/mzh/mnt-data/00_fhnw/fs19-de-graded-exercise-mzhKU/build/classes/main:/home/mzh/mnt-data/00_fhnw/fs19-de-graded-exercise-mzhKU/build/resources/main:/home/mzh/mnt-data/00_fhnw/fs19-de-graded-exercise-mzhKU/gsp-classes:/home/mzh/.gradle/caches/modules-2/files-2.1/org.springframework.boot/spring-boot-starter-logging/1.5.15.RELEASE/3a0d1b63705bb75ac54884c6c169b1e1908f1375/spring-boot-starter-logging-1.5.15.RELEASE.jar:/home/mzh/.gradle/caches/modules-2/files-2.1/org.springframework.boot/spring-boot-autoconfigure/1.5.15.RELEASE/9cb093e335fc58e61581edcb959813b62731ef8e/spring-boot-autoconfigure-1.5.15.RELEASE.jar:/home/mzh/.gradle/caches/modules-2/files-2.1/org.grails/grails-core/3.3.8/d535a1f07ed1a1ce388bc18c8b63a3f3abd1aeee/grails-core-3.3.8.jar:/home/mzh/.gradle/caches/modules-2/files-2.1/org.springframework.boot/spring-boot-starter-actuator/1.5.15.RELEASE/2f2e793c6c4592d99e58cf0668d1fcf2a84247f2/spring-boot-starter-actuator-1.5.15.RELEASE.jar:/home/mzh/.gradle/caches/modules-2/files-2.1/org.springframework.boot/spring-boot-starter-tomcat/1.5.15.RELEASE/4e1bf3cd8480137b32c61d6f0fb54a4b81406a80/spring-boot-starter-tomcat-1.5.15.RELEASE.jar:/home/mzh/.gradle/caches/modules-2/files-2.1/org.grails/grails-web-boot/3.3.8/173becb00d5a1d7cb1f1a44533d9ca8efd9843a/grails-web-boot-3.3.8.jar:/home/mzh/.gradle/caches/modules-2/files-2.1/org.grails/grails-logging/3.3.8/2c8647c42d85b7708d239ba3b2c2b422514f4fe9/grails-logging-3.3.8.jar:/home/mzh/.gradle/caches/modules-2/files-2.1/org.grails/grails-plugin-rest/3.3.8/8c6bc7985e3941e60336443e9f833b29ec573451/grails-plugin-rest-3.3.8.jar:/home/mzh/.gradle/caches/modules-2/files-2.1/org.grails/grails-plugin-databin
Launcher Type: SUN_STANDARD

Environment Variables:
PATH=/home/mzh/.local/bin:/usr/local/sbin:/usr/local/bin:/usr/sbin:/usr/bin:/sbin:/bin:/usr/games:/usr/local/games:/snap/bin
USERNAME=mzh
SHELL=/bin/bash
DISPLAY=:0

Signal Handlers:
SIGSEGV: [libjvm.so+0xad3d90], sa_mask[0]=11111111011111111101111111111110, sa_flags=SA_RESTART|SA_SIGINFO
SIGBUS: [libjvm.so+0xad3d90], sa_mask[0]=11111111011111111101111111111110, sa_flags=SA_RESTART|SA_SIGINFO
SIGFPE: [libjvm.so+0x90b8b0], sa_mask[0]=11111111011111111101111111111110, sa_flags=SA_RESTART|SA_SIGINFO
SIGPIPE: [libjvm.so+0x90b8b0], sa_mask[0]=11111111011111111101111111111110, sa_flags=SA_RESTART|SA_SIGINFO
SIGXFSZ: [libjvm.so+0x90b8b0], sa_mask[0]=11111111011111111101111111111110, sa_flags=SA_RESTART|SA_SIGINFO
SIGILL: [libjvm.so+0x90b8b0], sa_mask[0]=11111111011111111101111111111110, sa_flags=SA_RESTART|SA_SIGINFO
SIGUSR1: SIG_DFL, sa_mask[0]=00000000000000000000000000000000, sa_flags=none
SIGUSR2: [libjvm.so+0x90b780], sa_mask[0]=00100000000000000000000000000000, sa_flags=SA_RESTART|SA_SIGINFO
SIGHUP: SIG_IGN, sa_mask[0]=00000000000000000000000000000000, sa_flags=none
SIGINT: [libjvm.so+0x90bda0], sa_mask[0]=11111111011111111101111111111110, sa_flags=SA_RESTART|SA_SIGINFO
SIGTERM: [libjvm.so+0x90bda0], sa_mask[0]=11111111011111111101111111111110, sa_flags=SA_RESTART|SA_SIGINFO
SIGQUIT: [libjvm.so+0x90bda0], sa_mask[0]=11111111011111111101111111111110, sa_flags=SA_RESTART|SA_SIGINFO


---------------  S Y S T E M  ---------------

OS:DISTRIB_ID=Ubuntu
DISTRIB_RELEASE=18.04
DISTRIB_CODENAME=bionic
DISTRIB_DESCRIPTION="Ubuntu 18.04.2 LTS"

uname:Linux 4.18.0-17-generic #18~18.04.1-Ubuntu SMP Fri Mar 15 15:27:12 UTC 2019 x86_64
libc:glibc 2.27 NPTL 2.27 
rlimit: STACK 8192k, CORE 0k, NPROC 30015, NOFILE 1048576, AS infinity
load average:0,95 0,88 0,93

/proc/meminfo:
MemTotal:        8046520 kB
MemFree:          143384 kB
MemAvailable:     734448 kB
Buffers:          146052 kB
Cached:          1201808 kB
SwapCached:        23028 kB
Active:          6220128 kB
Inactive:        1210668 kB
Active(anon):    5791876 kB
Inactive(anon):   883764 kB
Active(file):     428252 kB
Inactive(file):   326904 kB
Unevictable:         140 kB
Mlocked:             140 kB
SwapTotal:       2097148 kB
SwapFree:         991168 kB
Dirty:             13916 kB
Writeback:             0 kB
AnonPages:       6067484 kB
Mapped:           409088 kB
Shmem:            592704 kB
Slab:             258344 kB
SReclaimable:     121988 kB
SUnreclaim:       136356 kB
KernelStack:       18848 kB
PageTables:        85268 kB
NFS_Unstable:          0 kB
Bounce:                0 kB
WritebackTmp:          0 kB
CommitLimit:     6120408 kB
Committed_AS:   15434032 kB
VmallocTotal:   34359738367 kB
VmallocUsed:           0 kB
VmallocChunk:          0 kB
HardwareCorrupted:     0 kB
AnonHugePages:         0 kB
ShmemHugePages:        0 kB
ShmemPmdMapped:        0 kB
CmaTotal:              0 kB
CmaFree:               0 kB
HugePages_Total:       0
HugePages_Free:        0
HugePages_Rsvd:        0
HugePages_Surp:        0
Hugepagesize:       2048 kB
Hugetlb:               0 kB
DirectMap4k:      779892 kB
DirectMap2M:     7487488 kB
DirectMap1G:           0 kB

container (cgroup) information:
container_type: cgroupv1
cpu_cpuset_cpus: 0-3
cpu_memory_nodes: 0
active_processor_count: 4
cpu_quota: -1
cpu_period: 100000
cpu_shares: -1
memory_limit_in_bytes: -1
memory_and_swap_limit_in_bytes: -2
memory_soft_limit_in_bytes: -1
memory_usage_in_bytes: 7504072704
memory_max_usage_in_bytes: 7826128896


CPU:total 4 (initial active 4) (2 cores per cpu, 2 threads per core) family 6 model 142 stepping 9, cmov, cx8, fxsr, mmx, sse, sse2, sse3, ssse3, sse4.1, sse4.2, popcnt, avx, avx2, aes, clmul, erms, 3dnowpref, lzcnt, ht, tsc, tscinvbit, bmi1, bmi2, adx

/proc/cpuinfo:
processor	: 0
vendor_id	: GenuineIntel
cpu family	: 6
model		: 142
model name	: Intel(R) Core(TM) i5-7200U CPU @ 2.50GHz
stepping	: 9
microcode	: 0x8e
cpu MHz		: 792.546
cache size	: 3072 KB
physical id	: 0
siblings	: 4
core id		: 0
cpu cores	: 2
apicid		: 0
initial apicid	: 0
fpu		: yes
fpu_exception	: yes
cpuid level	: 22
wp		: yes
flags		: fpu vme de pse tsc msr pae mce cx8 apic sep mtrr pge mca cmov pat pse36 clflush dts acpi mmx fxsr sse sse2 ss ht tm pbe syscall nx pdpe1gb rdtscp lm constant_tsc art arch_perfmon pebs bts rep_good nopl xtopology nonstop_tsc cpuid aperfmperf tsc_known_freq pni pclmulqdq dtes64 monitor ds_cpl vmx est tm2 ssse3 sdbg fma cx16 xtpr pdcm pcid sse4_1 sse4_2 x2apic movbe popcnt tsc_deadline_timer aes xsave avx f16c rdrand lahf_lm abm 3dnowprefetch cpuid_fault epb invpcid_single pti ssbd ibrs ibpb stibp tpr_shadow vnmi flexpriority ept vpid fsgsbase tsc_adjust bmi1 avx2 smep bmi2 erms invpcid mpx rdseed adx smap clflushopt intel_pt xsaveopt xsavec xgetbv1 xsaves dtherm ida arat pln pts hwp hwp_notify hwp_act_window hwp_epp flush_l1d
bugs		: cpu_meltdown spectre_v1 spectre_v2 spec_store_bypass l1tf
bogomips	: 5424.00
clflush size	: 64
cache_alignment	: 64
address sizes	: 39 bits physical, 48 bits virtual
power management:

processor	: 1
vendor_id	: GenuineIntel
cpu family	: 6
model		: 142
model name	: Intel(R) Core(TM) i5-7200U CPU @ 2.50GHz
stepping	: 9
microcode	: 0x8e
cpu MHz		: 805.615
cache size	: 3072 KB
physical id	: 0
siblings	: 4
core id		: 1
cpu cores	: 2
apicid		: 2
initial apicid	: 2
fpu		: yes
fpu_exception	: yes
cpuid level	: 22
wp		: yes
flags		: fpu vme de pse tsc msr pae mce cx8 apic sep mtrr pge mca cmov pat pse36 clflush dts acpi mmx fxsr sse sse2 ss ht tm pbe syscall nx pdpe1gb rdtscp lm constant_tsc art arch_perfmon pebs bts rep_good nopl xtopology nonstop_tsc cpuid aperfmperf tsc_known_freq pni pclmulqdq dtes64 monitor ds_cpl vmx est tm2 ssse3 sdbg fma cx16 xtpr pdcm pcid sse4_1 sse4_2 x2apic movbe popcnt tsc_deadline_timer aes xsave avx f16c rdrand lahf_lm abm 3dnowprefetch cpuid_fault epb invpcid_single pti tpr_shadow vnmi flexpriority ept vpid fsgsbase tsc_adjust bmi1 avx2 smep bmi2 erms invpcid mpx rdseed adx smap clflushopt intel_pt xsaveopt xsavec xgetbv1 xsaves dtherm ida arat pln pts hwp hwp_notify hwp_act_window hwp_epp
bugs		: cpu_meltdown spectre_v1 spectre_v2 spec_store_bypass l1tf
bogomips	: 5424.00
clflush size	: 64
cache_alignment	: 64
address sizes	: 39 bits physical, 48 bits virtual
power management:

processor	: 2
vendor_id	: GenuineIntel
cpu family	: 6
model		: 142
model name	: Intel(R) Core(TM) i5-7200U CPU @ 2.50GHz
stepping	: 9
microcode	: 0x8e
cpu MHz		: 801.026
cache size	: 3072 KB
physical id	: 0
siblings	: 4
core id		: 0
cpu cores	: 2
apicid		: 1
initial apicid	: 1
fpu		: yes
fpu_exception	: yes
cpuid level	: 22
wp		: yes
flags		: fpu vme de pse tsc msr pae mce cx8 apic sep mtrr pge mca cmov pat pse36 clflush dts acpi mmx fxsr sse sse2 ss ht tm pbe syscall nx pdpe1gb rdtscp lm constant_tsc art arch_perfmon pebs bts rep_good nopl xtopology nonstop_tsc cpuid aperfmperf tsc_known_freq pni pclmulqdq dtes64 monitor ds_cpl vmx est tm2 ssse3 sdbg fma cx16 xtpr pdcm pcid sse4_1 sse4_2 x2apic movbe popcnt tsc_deadline_timer aes xsave avx f16c rdrand lahf_lm abm 3dnowprefetch cpuid_fault epb invpcid_single pti ssbd ibrs ibpb stibp tpr_shadow vnmi flexpriority ept vpid fsgsbase tsc_adjust bmi1 avx2 smep bmi2 erms invpcid mpx rdseed adx smap clflushopt intel_pt xsaveopt xsavec xgetbv1 xsaves dtherm ida arat pln pts hwp hwp_notify hwp_act_window hwp_epp flush_l1d
bugs		: cpu_meltdown spectre_v1 spectre_v2 spec_store_bypass l1tf
bogomips	: 5424.00
clflush size	: 64
cache_alignment	: 64
address sizes	: 39 bits physical, 48 bits virtual
power management:

processor	: 3
vendor_id	: GenuineIntel
cpu family	: 6
model		: 142
model name	: Intel(R) Core(TM) i5-7200U CPU @ 2.50GHz
stepping	: 9
microcode	: 0x8e
cpu MHz		: 800.482
cache size	: 3072 KB
physical id	: 0
siblings	: 4
core id		: 1
cpu cores	: 2
apicid		: 3
initial apicid	: 3
fpu		: yes
fpu_exception	: yes
cpuid level	: 22
wp		: yes
flags		: fpu vme de pse tsc msr pae mce cx8 apic sep mtrr pge mca cmov pat pse36 clflush dts acpi mmx fxsr sse sse2 ss ht tm pbe syscall nx pdpe1gb rdtscp lm constant_tsc art arch_perfmon pebs bts rep_good nopl xtopology nonstop_tsc cpuid aperfmperf tsc_known_freq pni pclmulqdq dtes64 monitor ds_cpl vmx est tm2 ssse3 sdbg fma cx16 xtpr pdcm pcid sse4_1 sse4_2 x2apic movbe popcnt tsc_deadline_timer aes xsave avx f16c rdrand lahf_lm abm 3dnowprefetch cpuid_fault epb invpcid_single pti ssbd ibrs ibpb stibp tpr_shadow vnmi flexpriority ept vpid fsgsbase tsc_adjust bmi1 avx2 smep bmi2 erms invpcid mpx rdseed adx smap clflushopt intel_pt xsaveopt xsavec xgetbv1 xsaves dtherm ida arat pln pts hwp hwp_notify hwp_act_window hwp_epp flush_l1d
bugs		: cpu_meltdown spectre_v1 spectre_v2 spec_store_bypass l1tf
bogomips	: 5424.00
clflush size	: 64
cache_alignment	: 64
address sizes	: 39 bits physical, 48 bits virtual
power management:



Memory: 4k page, physical 8046520k(143384k free), swap 2097148k(991168k free)

vm_info: Java HotSpot(TM) 64-Bit Server VM (25.211-b12) for linux-amd64 JRE (1.8.0_211-b12), built on Apr  1 2019 20:39:34 by "java_re" with gcc 7.3.0

time: Mon May  6 16:31:03 2019
timezone: CEST
elapsed time: 473 seconds (0d 0h 7m 53s)

