#
# A fatal error has been detected by the Java Runtime Environment:
#
#  SIGSEGV (0xb) at pc=0x00007f931901c234, pid=31294, tid=0x00007f92d21f7700
#
# JRE version: Java(TM) SE Runtime Environment (8.0_211-b12) (build 1.8.0_211-b12)
# Java VM: Java HotSpot(TM) 64-Bit Server VM (25.211-b12 mixed mode linux-amd64 compressed oops)
# Problematic frame:
# j  webec.Module_$$_jvst866_3.addTo(Ljava/lang/String;Ljava/lang/Object;)Lwebec/Module;+18
#
# Failed to write core dump. Core dumps have been disabled. To enable core dumping, try "ulimit -c unlimited" before starting Java again
#
# If you would like to submit a bug report, please visit:
#   http://bugreport.java.com/bugreport/crash.jsp
#

---------------  T H R E A D  ---------------

Current thread (0x00007f93298e0800):  JavaThread "http-nio-8080-exec-6" daemon [_thread_in_Java, id=31332, stack(0x00007f92d20f7000,0x00007f92d21f8000)]

siginfo: si_signo: 11 (SIGSEGV), si_code: 1 (SEGV_MAPERR), si_addr: 0x00007f9200001fa8

Registers:
RAX=0x00007f9200001fa0, RBX=0x0000000000000000, RCX=0x0000000000000000, RDX=0x00000000f797a170
RSP=0x00007f92d21f05c0, RBP=0x00007f92d21f0640, RSI=0xfffffffffffffff8, RDI=0x00007f93298e0800
R8 =0x0000000000000000, R9 =0x0000000000000001, R10=0x00007f932faceba0, R11=0x0000000000000004
R12=0x0000000000000000, R13=0x00007f92d350f9b0, R14=0x00007f92d21f0668, R15=0x00007f93298e0800
RIP=0x00007f931901c234, EFLAGS=0x0000000000010206, CSGSFS=0x002b000000000033, ERR=0x0000000000000004
  TRAPNO=0x000000000000000e

Top of Stack: (sp=0x00007f92d21f05c0)
0x00007f92d21f05c0:   00007f9200001fa0 0000000000000000
0x00007f92d21f05d0:   00000000f797a170 00000000f797a170
0x00007f92d21f05e0:   00000000d3632d78 00000000d3632e40
0x00007f92d21f05f0:   00007f92d350f9c0 0000000000000000
0x00007f92d21f0600:   00007f92d21f0600 00007f92d350f9aa
0x00007f92d21f0610:   00007f92d21f0668 00007f92d3516168
0x00007f92d21f0620:   0000000000000000 00007f92d350f9c0
0x00007f92d21f0630:   0000000000000000 00007f92d21f0658
0x00007f92d21f0640:   00007f92d21f06c0 00007f93190007a7
0x00007f92d21f0650:   00000000d361d998 00000000f7919628
0x00007f92d21f0660:   00007f9200001fa0 00007f92d350f9c0
0x00007f92d21f0670:   00007f92d21f0890 00007f92d21f0760
0x00007f92d21f0680:   00007f93298e0800 00007f93298e0800
0x00007f92d21f0690:   00007f92d21f0760 00007f92d21f0888
0x00007f92d21f06a0:   00007f920000000c 00007f92d350f9c0
0x00007f92d21f06b0:   00007f9319013600 00007f92d21f0898
0x00007f92d21f06c0:   00007f92d21f07d0 00007f932f17a42b
0x00007f92d21f06d0:   0000000000000001 00007f93298e0800
0x00007f92d21f06e0:   00007f92d21f0700 00007f93298e0800
0x00007f92d21f06f0:   00007f92d21f0720 00007f930000000c
0x00007f92d21f0700:   000000000000000c 00007f9319013600
0x00007f92d21f0710:   00007f93298e1570 00007f92d21f0880
0x00007f92d21f0720:   00007f93298e0800 00007f93298e14d0
0x00007f92d21f0730:   00007f93298e1510 00007f93298e1588
0x00007f92d21f0740:   00007f93298e15f8 00000000000000d8
0x00007f92d21f0750:   00007f92d21f14f0 000000a960aff103
0x00007f92d21f0760:   00007f93298e0800 00007f92a000bf20
0x00007f92d21f0770:   00007f92d350f9c0 00000000f7919628
0x00007f92d21f0780:   00007f92d21f0af0 00007f93195afe37
0x00007f92d21f0790:   0000000000000000 00007f92d21f0880
0x00007f92d21f07a0:   00007f920000004a 00007f92d21f0880
0x00007f92d21f07b0:   00007f92d350f9c0 00007f932faaf3e9 

Instructions: (pc=0x00007f931901c234)
0x00007f931901c214:   8b 4c 24 08 48 8b 54 24 10 48 63 c9 3b 4a 0c 8b
0x00007f931901c224:   d9 0f 83 35 6f ff ff 48 85 c0 0f 84 32 01 00 00
0x00007f931901c234:   8b 58 08 48 c1 e3 03 8b 42 08 48 c1 e0 03 48 8b
0x00007f931901c244:   80 e8 00 00 00 48 8d 54 8a 10 48 8b 4d e0 48 85 

Register to memory mapping:

RAX=0x00007f9200001fa0 is an unknown value
RBX=0x0000000000000000 is an unknown value
RCX=0x0000000000000000 is an unknown value
RDX=0x00000000f797a170 is an oop
[Ljava.lang.Object; 
 - klass: 'java/lang/Object'[]
 - length: 2
RSP=0x00007f92d21f05c0 is pointing into the stack for thread: 0x00007f93298e0800
RBP=0x00007f92d21f0640 is pointing into the stack for thread: 0x00007f93298e0800
RSI=0xfffffffffffffff8 is an unknown value
RDI=0x00007f93298e0800 is a thread
R8 =0x0000000000000000 is an unknown value
R9 =0x0000000000000001 is an unknown value
R10=0x00007f932faceba0: <offset 0xfdcba0> in /usr/lib/jvm/jdk1.8.0_211/jre/lib/amd64/server/libjvm.so at 0x00007f932eaf2000
R11=0x0000000000000004 is an unknown value
R12=0x0000000000000000 is an unknown value
R13=0x00007f92d350f9b0 is pointing into metadata
R14=0x00007f92d21f0668 is pointing into the stack for thread: 0x00007f93298e0800
R15=0x00007f93298e0800 is a thread


Stack: [0x00007f92d20f7000,0x00007f92d21f8000],  sp=0x00007f92d21f05c0,  free space=997k
Native frames: (J=compiled Java code, j=interpreted, Vv=VM code, C=native code)
j  webec.Module_$$_jvst866_3.addTo(Ljava/lang/String;Ljava/lang/Object;)Lwebec/Module;+18
v  ~StubRoutines::call_stub
V  [libjvm.so+0x68842b]  JavaCalls::call_helper(JavaValue*, methodHandle*, JavaCallArguments*, Thread*)+0xddb
V  [libjvm.so+0x999e55]  Reflection::invoke(instanceKlassHandle, methodHandle, Handle, bool, objArrayHandle, BasicType, objArrayHandle, bool, Thread*)+0xb65
V  [libjvm.so+0x99b796]  Reflection::invoke_method(oopDesc*, Handle, objArrayHandle, Thread*)+0x126
V  [libjvm.so+0x6fd472]  JVM_InvokeMethod+0x102
J 2071  sun.reflect.NativeMethodAccessorImpl.invoke0(Ljava/lang/reflect/Method;Ljava/lang/Object;[Ljava/lang/Object;)Ljava/lang/Object; (0 bytes) @ 0x00007f93195afead [0x00007f93195afdc0+0xed]
J 2070 C1 sun.reflect.NativeMethodAccessorImpl.invoke(Ljava/lang/Object;[Ljava/lang/Object;)Ljava/lang/Object; (104 bytes) @ 0x00007f93195b0554 [0x00007f93195b01e0+0x374]
J 797 C1 sun.reflect.DelegatingMethodAccessorImpl.invoke(Ljava/lang/Object;[Ljava/lang/Object;)Ljava/lang/Object; (10 bytes) @ 0x00007f93193946c4 [0x00007f9319394680+0x44]
J 796 C1 java.lang.reflect.Method.invoke(Ljava/lang/Object;[Ljava/lang/Object;)Ljava/lang/Object; (62 bytes) @ 0x00007f93193942d4 [0x00007f93193941e0+0xf4]
J 1929 C1 org.springsource.loaded.ri.ReflectiveInterceptor.jlrMethodInvoke(Ljava/lang/reflect/Method;Ljava/lang/Object;[Ljava/lang/Object;)Ljava/lang/Object; (2214 bytes) @ 0x00007f9319560b94 [0x00007f931955f560+0x1634]
J 3626 C1 org.codehaus.groovy.reflection.CachedMethod.invoke(Ljava/lang/Object;[Ljava/lang/Object;)Ljava/lang/Object; (70 bytes) @ 0x00007f93198c90b4 [0x00007f93198c9080+0x34]
J 1955 C1 groovy.lang.MetaMethod.doMethodInvoke(Ljava/lang/Object;[Ljava/lang/Object;)Ljava/lang/Object; (22 bytes) @ 0x00007f931957b2d4 [0x00007f931957b260+0x74]
J 3611 C1 groovy.lang.MetaClassImpl.getProperty(Ljava/lang/Class;Ljava/lang/Object;Ljava/lang/String;ZZ)Ljava/lang/Object; (396 bytes) @ 0x00007f93198bc404 [0x00007f93198bb720+0xce4]
j  groovy.lang.ExpandoMetaClass.getProperty(Ljava/lang/Class;Ljava/lang/Object;Ljava/lang/String;ZZ)Ljava/lang/Object;+67
J 3632 C1 groovy.lang.MetaClassImpl.getProperty(Ljava/lang/Object;Ljava/lang/String;)Ljava/lang/Object; (13 bytes) @ 0x00007f93198cd91c [0x00007f93198cd8c0+0x5c]
j  groovy.lang.ExpandoMetaClass.getProperty(Ljava/lang/Object;Ljava/lang/String;)Ljava/lang/Object;+39
j  org.codehaus.groovy.runtime.callsite.PogoMetaClassGetPropertySite.getProperty(Ljava/lang/Object;)Ljava/lang/Object;+9
J 3652 C1 org.codehaus.groovy.runtime.callsite.AbstractCallSite.callGetProperty(Ljava/lang/Object;)Ljava/lang/Object; (12 bytes) @ 0x00007f93198dbb64 [0x00007f93198dbb00+0x64]
j  home_mzh_mnt_data_00_fhnw_fs19_de_graded_exercise_mzhKU_grails_app_views_app_index_gsp$_run_closure2$_closure9.doCall(Ljava/lang/Object;)Ljava/lang/Object;+15
v  ~StubRoutines::call_stub
V  [libjvm.so+0x68842b]  JavaCalls::call_helper(JavaValue*, methodHandle*, JavaCallArguments*, Thread*)+0xddb
V  [libjvm.so+0x999e55]  Reflection::invoke(instanceKlassHandle, methodHandle, Handle, bool, objArrayHandle, BasicType, objArrayHandle, bool, Thread*)+0xb65
V  [libjvm.so+0x99b796]  Reflection::invoke_method(oopDesc*, Handle, objArrayHandle, Thread*)+0x126
V  [libjvm.so+0x6fd472]  JVM_InvokeMethod+0x102
J 2071  sun.reflect.NativeMethodAccessorImpl.invoke0(Ljava/lang/reflect/Method;Ljava/lang/Object;[Ljava/lang/Object;)Ljava/lang/Object; (0 bytes) @ 0x00007f93195afead [0x00007f93195afdc0+0xed]
J 2070 C1 sun.reflect.NativeMethodAccessorImpl.invoke(Ljava/lang/Object;[Ljava/lang/Object;)Ljava/lang/Object; (104 bytes) @ 0x00007f93195b0554 [0x00007f93195b01e0+0x374]
J 797 C1 sun.reflect.DelegatingMethodAccessorImpl.invoke(Ljava/lang/Object;[Ljava/lang/Object;)Ljava/lang/Object; (10 bytes) @ 0x00007f93193946c4 [0x00007f9319394680+0x44]
J 796 C1 java.lang.reflect.Method.invoke(Ljava/lang/Object;[Ljava/lang/Object;)Ljava/lang/Object; (62 bytes) @ 0x00007f93193942d4 [0x00007f93193941e0+0xf4]
J 1929 C1 org.springsource.loaded.ri.ReflectiveInterceptor.jlrMethodInvoke(Ljava/lang/reflect/Method;Ljava/lang/Object;[Ljava/lang/Object;)Ljava/lang/Object; (2214 bytes) @ 0x00007f9319560ce4 [0x00007f931955f560+0x1784]
J 3626 C1 org.codehaus.groovy.reflection.CachedMethod.invoke(Ljava/lang/Object;[Ljava/lang/Object;)Ljava/lang/Object; (70 bytes) @ 0x00007f93198c90b4 [0x00007f93198c9080+0x34]
J 1955 C1 groovy.lang.MetaMethod.doMethodInvoke(Ljava/lang/Object;[Ljava/lang/Object;)Ljava/lang/Object; (22 bytes) @ 0x00007f931957b2d4 [0x00007f931957b260+0x74]
J 3552 C1 org.codehaus.groovy.runtime.metaclass.ClosureMetaClass.invokeMethod(Ljava/lang/Class;Ljava/lang/Object;Ljava/lang/String;[Ljava/lang/Object;ZZ)Ljava/lang/Object; (872 bytes) @ 0x00007f9319893c7c [0x00007f9319892aa0+0x11dc]
J 1928 C1 groovy.lang.MetaClassImpl.invokeMethod(Ljava/lang/Object;Ljava/lang/String;[Ljava/lang/Object;)Ljava/lang/Object; (14 bytes) @ 0x00007f931955e4dc [0x00007f931955e480+0x5c]
J 4152 C1 groovy.lang.Closure.call([Ljava/lang/Object;)Ljava/lang/Object; (30 bytes) @ 0x00007f93199c68fc [0x00007f93199c6880+0x7c]
J 5541 C1 groovy.lang.Closure.call(Ljava/lang/Object;)Ljava/lang/Object; (13 bytes) @ 0x00007f9319c2d074 [0x00007f9319c2cf40+0x134]
j  org.grails.gsp.GroovyPage.evaluate(Ljava/lang/String;ILjava/lang/Object;Lgroovy/lang/Closure;)Ljava/lang/Object;+3
j  sun.reflect.GeneratedMethodAccessor120.invoke(Ljava/lang/Object;[Ljava/lang/Object;)Ljava/lang/Object;+138
J 797 C1 sun.reflect.DelegatingMethodAccessorImpl.invoke(Ljava/lang/Object;[Ljava/lang/Object;)Ljava/lang/Object; (10 bytes) @ 0x00007f93193946c4 [0x00007f9319394680+0x44]
J 796 C1 java.lang.reflect.Method.invoke(Ljava/lang/Object;[Ljava/lang/Object;)Ljava/lang/Object; (62 bytes) @ 0x00007f93193942d4 [0x00007f93193941e0+0xf4]
J 1929 C1 org.springsource.loaded.ri.ReflectiveInterceptor.jlrMethodInvoke(Ljava/lang/reflect/Method;Ljava/lang/Object;[Ljava/lang/Object;)Ljava/lang/Object; (2214 bytes) @ 0x00007f9319560ce4 [0x00007f931955f560+0x1784]
J 3626 C1 org.codehaus.groovy.reflection.CachedMethod.invoke(Ljava/lang/Object;[Ljava/lang/Object;)Ljava/lang/Object; (70 bytes) @ 0x00007f93198c90b4 [0x00007f93198c9080+0x34]
J 1955 C1 groovy.lang.MetaMethod.doMethodInvoke(Ljava/lang/Object;[Ljava/lang/Object;)Ljava/lang/Object; (22 bytes) @ 0x00007f931957b2d4 [0x00007f931957b260+0x74]
J 3552 C1 org.codehaus.groovy.runtime.metaclass.ClosureMetaClass.invokeMethod(Ljava/lang/Class;Ljava/lang/Object;Ljava/lang/String;[Ljava/lang/Object;ZZ)Ljava/lang/Object; (872 bytes) @ 0x00007f9319893c44 [0x00007f9319892aa0+0x11a4]
J 1928 C1 groovy.lang.MetaClassImpl.invokeMethod(Ljava/lang/Object;Ljava/lang/String;[Ljava/lang/Object;)Ljava/lang/Object; (14 bytes) @ 0x00007f931955e4dc [0x00007f931955e480+0x5c]
J 6529 C1 org.codehaus.groovy.runtime.callsite.PogoMetaClassSite.callCurrent(Lgroovy/lang/GroovyObject;[Ljava/lang/Object;)Ljava/lang/Object; (92 bytes) @ 0x00007f9319e13a0c [0x00007f9319e13900+0x10c]
J 7841 C1 org.codehaus.groovy.runtime.callsite.AbstractCallSite.callCurrent(Lgroovy/lang/GroovyObject;Ljava/lang/Object;Ljava/lang/Object;Ljava/lang/Object;Ljava/lang/Object;)Ljava/lang/Object; (50 bytes) @ 0x00007f9319dfa194 [0x00007f9319df9ee0+0x2b4]
j  home_mzh_mnt_data_00_fhnw_fs19_de_graded_exercise_mzhKU_grails_app_views_app_index_gsp$_run_closure2.doCall()Ljava/lang/Object;+242
v  ~StubRoutines::call_stub
V  [libjvm.so+0x68842b]  JavaCalls::call_helper(JavaValue*, methodHandle*, JavaCallArguments*, Thread*)+0xddb
V  [libjvm.so+0x999e55]  Reflection::invoke(instanceKlassHandle, methodHandle, Handle, bool, objArrayHandle, BasicType, objArrayHandle, bool, Thread*)+0xb65
V  [libjvm.so+0x99b796]  Reflection::invoke_method(oopDesc*, Handle, objArrayHandle, Thread*)+0x126
V  [libjvm.so+0x6fd472]  JVM_InvokeMethod+0x102
J 2071  sun.reflect.NativeMethodAccessorImpl.invoke0(Ljava/lang/reflect/Method;Ljava/lang/Object;[Ljava/lang/Object;)Ljava/lang/Object; (0 bytes) @ 0x00007f93195afead [0x00007f93195afdc0+0xed]
J 2070 C1 sun.reflect.NativeMethodAccessorImpl.invoke(Ljava/lang/Object;[Ljava/lang/Object;)Ljava/lang/Object; (104 bytes) @ 0x00007f93195b0554 [0x00007f93195b01e0+0x374]
J 797 C1 sun.reflect.DelegatingMethodAccessorImpl.invoke(Ljava/lang/Object;[Ljava/lang/Object;)Ljava/lang/Object; (10 bytes) @ 0x00007f93193946c4 [0x00007f9319394680+0x44]
J 796 C1 java.lang.reflect.Method.invoke(Ljava/lang/Object;[Ljava/lang/Object;)Ljava/lang/Object; (62 bytes) @ 0x00007f93193942d4 [0x00007f93193941e0+0xf4]
J 1929 C1 org.springsource.loaded.ri.ReflectiveInterceptor.jlrMethodInvoke(Ljava/lang/reflect/Method;Ljava/lang/Object;[Ljava/lang/Object;)Ljava/lang/Object; (2214 bytes) @ 0x00007f9319560ce4 [0x00007f931955f560+0x1784]
J 3626 C1 org.codehaus.groovy.reflection.CachedMethod.invoke(Ljava/lang/Object;[Ljava/lang/Object;)Ljava/lang/Object; (70 bytes) @ 0x00007f93198c90b4 [0x00007f93198c9080+0x34]
J 1955 C1 groovy.lang.MetaMethod.doMethodInvoke(Ljava/lang/Object;[Ljava/lang/Object;)Ljava/lang/Object; (22 bytes) @ 0x00007f931957b2d4 [0x00007f931957b260+0x74]
J 3552 C1 org.codehaus.groovy.runtime.metaclass.ClosureMetaClass.invokeMethod(Ljava/lang/Class;Ljava/lang/Object;Ljava/lang/String;[Ljava/lang/Object;ZZ)Ljava/lang/Object; (872 bytes) @ 0x00007f9319893c7c [0x00007f9319892aa0+0x11dc]
J 1928 C1 groovy.lang.MetaClassImpl.invokeMethod(Ljava/lang/Object;Ljava/lang/String;[Ljava/lang/Object;)Ljava/lang/Object; (14 bytes) @ 0x00007f931955e4dc [0x00007f931955e480+0x5c]
J 4152 C1 groovy.lang.Closure.call([Ljava/lang/Object;)Ljava/lang/Object; (30 bytes) @ 0x00007f93199c68fc [0x00007f93199c6880+0x7c]
j  groovy.lang.Closure.call()Ljava/lang/Object;+6
j  org.grails.taglib.TagBodyClosure.executeClosure(Ljava/lang/Object;)Ljava/lang/Object;+27
j  org.grails.taglib.TagBodyClosure.captureClosureOutput(Ljava/lang/Object;Z)Ljava/lang/Object;+81
j  org.grails.taglib.TagBodyClosure.call()Ljava/lang/Object;+3
j  org.grails.plugins.web.taglib.SitemeshTagLib.captureTagContent(Lorg/grails/buffer/GrailsPrintWriter;Ljava/lang/String;Ljava/util/Map;Ljava/lang/Object;Z)Ljava/lang/Object;+43
j  org.grails.plugins.web.taglib.SitemeshTagLib.captureTagContent(Lorg/grails/buffer/GrailsPrintWriter;Ljava/lang/String;Ljava/util/Map;Ljava/lang/Object;)Ljava/lang/Object;+25
j  org.grails.plugins.web.taglib.SitemeshTagLib$_closure3.doCall(Ljava/util/Map;Ljava/lang/Object;)Ljava/lang/Object;+37
j  sun.reflect.GeneratedMethodAccessor283.invoke(Ljava/lang/Object;[Ljava/lang/Object;)Ljava/lang/Object;+48
J 797 C1 sun.reflect.DelegatingMethodAccessorImpl.invoke(Ljava/lang/Object;[Ljava/lang/Object;)Ljava/lang/Object; (10 bytes) @ 0x00007f93193946c4 [0x00007f9319394680+0x44]
J 796 C1 java.lang.reflect.Method.invoke(Ljava/lang/Object;[Ljava/lang/Object;)Ljava/lang/Object; (62 bytes) @ 0x00007f93193942d4 [0x00007f93193941e0+0xf4]
J 1929 C1 org.springsource.loaded.ri.ReflectiveInterceptor.jlrMethodInvoke(Ljava/lang/reflect/Method;Ljava/lang/Object;[Ljava/lang/Object;)Ljava/lang/Object; (2214 bytes) @ 0x00007f9319560ce4 [0x00007f931955f560+0x1784]
J 3626 C1 org.codehaus.groovy.reflection.CachedMethod.invoke(Ljava/lang/Object;[Ljava/lang/Object;)Ljava/lang/Object; (70 bytes) @ 0x00007f93198c90b4 [0x00007f93198c9080+0x34]
J 1955 C1 groovy.lang.MetaMethod.doMethodInvoke(Ljava/lang/Object;[Ljava/lang/Object;)Ljava/lang/Object; (22 bytes) @ 0x00007f931957b2d4 [0x00007f931957b260+0x74]
J 3552 C1 org.codehaus.groovy.runtime.metaclass.ClosureMetaClass.invokeMethod(Ljava/lang/Class;Ljava/lang/Object;Ljava/lang/String;[Ljava/lang/Object;ZZ)Ljava/lang/Object; (872 bytes) @ 0x00007f9319893c7c [0x00007f9319892aa0+0x11dc]
J 1928 C1 groovy.lang.MetaClassImpl.invokeMethod(Ljava/lang/Object;Ljava/lang/String;[Ljava/lang/Object;)Ljava/lang/Object; (14 bytes) @ 0x00007f931955e4dc [0x00007f931955e480+0x5c]
J 4152 C1 groovy.lang.Closure.call([Ljava/lang/Object;)Ljava/lang/Object; (30 bytes) @ 0x00007f93199c68fc [0x00007f93199c6880+0x7c]
j  org.grails.gsp.GroovyPage.invokeTagLibClosure(Ljava/lang/String;Ljava/lang/String;Lgroovy/lang/Closure;Ljava/util/Map;Lgroovy/lang/Closure;ZLjava/util/Map;)V+193
j  org.grails.gsp.GroovyPage.invokeTag(Ljava/lang/String;Ljava/lang/String;ILjava/util/Map;I)V+258
j  org.grails.gsp.GroovyPage$invokeTag$4.callCurrent(Lgroovy/lang/GroovyObject;[Ljava/lang/Object;)Ljava/lang/Object;+43
j  home_mzh_mnt_data_00_fhnw_fs19_de_graded_exercise_mzhKU_grails_app_views_app_index_gsp.run()Ljava/lang/Object;+206
j  org.grails.gsp.GroovyPageWritable.doWriteTo(Lorg/grails/taglib/encoder/OutputContext;Ljava/io/Writer;)Ljava/io/Writer;+373
j  org.grails.gsp.GroovyPageWritable.writeTo(Ljava/io/Writer;)Ljava/io/Writer;+13
j  org.grails.web.servlet.view.GroovyPageView.renderTemplate(Ljava/util/Map;Lorg/grails/web/servlet/mvc/GrailsWebRequest;Ljavax/servlet/http/HttpServletRequest;Ljavax/servlet/http/HttpServletResponse;)V+64
j  org.grails.web.servlet.view.AbstractGrailsView.renderWithinGrailsWebRequest(Ljava/util/Map;Ljavax/servlet/http/HttpServletRequest;Ljavax/servlet/http/HttpServletResponse;)V+54
j  org.grails.web.servlet.view.AbstractGrailsView.renderMergedOutputModel(Ljava/util/Map;Ljavax/servlet/http/HttpServletRequest;Ljavax/servlet/http/HttpServletResponse;)V+10
j  org.springframework.web.servlet.view.AbstractView.render(Ljava/util/Map;Ljavax/servlet/http/HttpServletRequest;Ljavax/servlet/http/HttpServletResponse;)V+88
j  org.grails.web.sitemesh.GrailsLayoutView.renderInnerView(Ljava/util/Map;Lorg/grails/web/servlet/mvc/GrailsWebRequest;Ljavax/servlet/http/HttpServletRequest;Ljavax/servlet/http/HttpServletResponse;Lorg/grails/web/sitemesh/GrailsContentBufferingResponse;)V+30
j  org.grails.web.sitemesh.GrailsLayoutView.obtainContent(Ljava/util/Map;Lorg/grails/web/servlet/mvc/GrailsWebRequest;Ljavax/servlet/http/HttpServletRequest;Ljavax/servlet/http/HttpServletResponse;)Lcom/opensymphony/sitemesh/Content;+86
j  org.grails.web.sitemesh.GrailsLayoutView.renderTemplate(Ljava/util/Map;Lorg/grails/web/servlet/mvc/GrailsWebRequest;Ljavax/servlet/http/HttpServletRequest;Ljavax/servlet/http/HttpServletResponse;)V+47
j  org.grails.web.servlet.view.AbstractGrailsView.renderWithinGrailsWebRequest(Ljava/util/Map;Ljavax/servlet/http/HttpServletRequest;Ljavax/servlet/http/HttpServletResponse;)V+54
j  org.grails.web.servlet.view.AbstractGrailsView.renderMergedOutputModel(Ljava/util/Map;Ljavax/servlet/http/HttpServletRequest;Ljavax/servlet/http/HttpServletResponse;)V+10
j  org.springframework.web.servlet.view.AbstractView.render(Ljava/util/Map;Ljavax/servlet/http/HttpServletRequest;Ljavax/servlet/http/HttpServletResponse;)V+88
j  org.springframework.web.servlet.DispatcherServlet.render(Lorg/springframework/web/servlet/ModelAndView;Ljavax/servlet/http/HttpServletRequest;Ljavax/servlet/http/HttpServletResponse;)V+246
j  org.springframework.web.servlet.DispatcherServlet.processDispatchResult(Ljavax/servlet/http/HttpServletRequest;Ljavax/servlet/http/HttpServletResponse;Lorg/springframework/web/servlet/HandlerExecutionChain;Lorg/springframework/web/servlet/ModelAndView;Ljava/lang/Exception;)V+99
j  org.springframework.web.servlet.DispatcherServlet.doDispatch(Ljavax/servlet/http/HttpServletRequest;Ljavax/servlet/http/HttpServletResponse;)V+424
j  org.springframework.web.servlet.DispatcherServlet.doService(Ljavax/servlet/http/HttpServletRequest;Ljavax/servlet/http/HttpServletResponse;)V+307
j  org.springframework.web.servlet.FrameworkServlet.processRequest(Ljavax/servlet/http/HttpServletRequest;Ljavax/servlet/http/HttpServletResponse;)V+71
...<more frames>...


---------------  P R O C E S S  ---------------

Java Threads: ( => current thread )
  0x00007f9328017800 JavaThread "DestroyJavaVM" [_thread_blocked, id=31295, stack(0x00007f9330615000,0x00007f9330715000)]
  0x00007f9329941800 JavaThread "Thread-6" daemon [_thread_blocked, id=31343, stack(0x00007f92d13ec000,0x00007f92d14ed000)]
  0x00007f9329940800 JavaThread "Thread-8" [_thread_blocked, id=31342, stack(0x00007f92d14ed000,0x00007f92d15ee000)]
  0x00007f9329939800 JavaThread "Thread-7" daemon [_thread_in_native, id=31341, stack(0x00007f92d15ee000,0x00007f92d16ef000)]
  0x00007f9329922800 JavaThread "http-nio-8080-AsyncTimeout" daemon [_thread_blocked, id=31340, stack(0x00007f92d18ef000,0x00007f92d19f0000)]
  0x00007f9329921000 JavaThread "http-nio-8080-Acceptor-0" daemon [_thread_in_native, id=31339, stack(0x00007f92d19f0000,0x00007f92d1af1000)]
  0x00007f932991e800 JavaThread "http-nio-8080-ClientPoller-1" daemon [_thread_in_native, id=31338, stack(0x00007f92d1af1000,0x00007f92d1bf2000)]
  0x00007f9329904800 JavaThread "http-nio-8080-ClientPoller-0" daemon [_thread_in_native, id=31337, stack(0x00007f92d1bf2000,0x00007f92d1cf3000)]
  0x00007f93298e8800 JavaThread "http-nio-8080-exec-10" daemon [_thread_blocked, id=31336, stack(0x00007f92d1cf3000,0x00007f92d1df4000)]
  0x00007f93298e6800 JavaThread "http-nio-8080-exec-9" daemon [_thread_blocked, id=31335, stack(0x00007f92d1df4000,0x00007f92d1ef5000)]
  0x00007f93298e4800 JavaThread "http-nio-8080-exec-8" daemon [_thread_blocked, id=31334, stack(0x00007f92d1ef5000,0x00007f92d1ff6000)]
  0x00007f93298e2800 JavaThread "http-nio-8080-exec-7" daemon [_thread_blocked, id=31333, stack(0x00007f92d1ff6000,0x00007f92d20f7000)]
=>0x00007f93298e0800 JavaThread "http-nio-8080-exec-6" daemon [_thread_in_Java, id=31332, stack(0x00007f92d20f7000,0x00007f92d21f8000)]
  0x00007f93298de800 JavaThread "http-nio-8080-exec-5" daemon [_thread_blocked, id=31331, stack(0x00007f92d21f8000,0x00007f92d22f9000)]
  0x00007f93298dc800 JavaThread "http-nio-8080-exec-4" daemon [_thread_blocked, id=31330, stack(0x00007f92d22f9000,0x00007f92d23fa000)]
  0x00007f93298db000 JavaThread "http-nio-8080-exec-3" daemon [_thread_blocked, id=31329, stack(0x00007f92d23fa000,0x00007f92d24fb000)]
  0x00007f93298d9800 JavaThread "http-nio-8080-exec-2" daemon [_thread_blocked, id=31328, stack(0x00007f92d24fb000,0x00007f92d25fc000)]
  0x00007f93298d8000 JavaThread "http-nio-8080-exec-1" daemon [_thread_blocked, id=31327, stack(0x00007f92d25fc000,0x00007f92d26fd000)]
  0x00007f93298d6000 JavaThread "NioBlockingSelector.BlockPoller-1" daemon [_thread_in_native, id=31326, stack(0x00007f92d26fd000,0x00007f92d27fe000)]
  0x00007f9328646800 JavaThread "container-0" [_thread_blocked, id=31324, stack(0x00007f92d2bfe000,0x00007f92d2cff000)]
  0x00007f9328644800 JavaThread "ContainerBackgroundProcessor[StandardEngine[Tomcat]]" daemon [_thread_blocked, id=31323, stack(0x00007f92d2cff000,0x00007f92d2e00000)]
  0x00007f932822c800 JavaThread "Tomcat JDBC Pool Cleaner[414493378:1557130419831]" daemon [_thread_blocked, id=31318, stack(0x00007f931031b000,0x00007f931041c000)]
  0x00007f93287d8800 JavaThread "FileSystemWatcher: files=#24 cl=sun.misc.Launcher$AppClassLoader@18b4aac2" daemon [_thread_blocked, id=31314, stack(0x00007f931103d000,0x00007f931113e000)]
  0x00007f932875a800 JavaThread "Service Thread" daemon [_thread_blocked, id=31312, stack(0x00007f9311252000,0x00007f9311353000)]
  0x00007f9328742800 JavaThread "C1 CompilerThread2" daemon [_thread_blocked, id=31311, stack(0x00007f9311354000,0x00007f9311454000)]
  0x00007f9328732000 JavaThread "C2 CompilerThread1" daemon [_thread_blocked, id=31310, stack(0x00007f9311455000,0x00007f9311555000)]
  0x00007f9328739800 JavaThread "C2 CompilerThread0" daemon [_thread_blocked, id=31309, stack(0x00007f9311556000,0x00007f9311656000)]
  0x00007f932818c800 JavaThread "Signal Dispatcher" daemon [_thread_blocked, id=31308, stack(0x00007f931192c000,0x00007f9311a2d000)]
  0x00007f9328158800 JavaThread "Finalizer" daemon [_thread_blocked, id=31307, stack(0x00007f93123fc000,0x00007f93124fd000)]
  0x00007f9328156000 JavaThread "Reference Handler" daemon [_thread_blocked, id=31306, stack(0x00007f93124fd000,0x00007f93125fe000)]

Other Threads:
  0x00007f932814c800 VMThread [stack: 0x00007f93125ff000,0x00007f93126ff000] [id=31305]
  0x00007f932875d000 WatcherThread [stack: 0x00007f9311152000,0x00007f9311252000] [id=31313]

VM state:not at safepoint (normal execution)

VM Mutex/Monitor currently owned by a thread: None

heap address: 0x00000000d0000000, size: 768 MB, Compressed Oops mode: 32-bit
Narrow klass base: 0x0000000000000000, Narrow klass shift: 3
Compressed class space size: 1073741824 Address: 0x0000000100000000

Heap:
 PSYoungGen      total 206336K, used 152337K [0x00000000f0000000, 0x0000000100000000, 0x0000000100000000)
  eden space 178176K, 69% used [0x00000000f0000000,0x00000000f797b2b8,0x00000000fae00000)
  from space 28160K, 99% used [0x00000000fae00000,0x00000000fc9493c8,0x00000000fc980000)
  to   space 42496K, 0% used [0x00000000fd680000,0x00000000fd680000,0x0000000100000000)
 ParOldGen       total 524288K, used 82448K [0x00000000d0000000, 0x00000000f0000000, 0x00000000f0000000)
  object space 524288K, 15% used [0x00000000d0000000,0x00000000d50841c8,0x00000000f0000000)
 Metaspace       used 68875K, capacity 71972K, committed 72192K, reserved 1112064K
  class space    used 8747K, capacity 9644K, committed 9728K, reserved 1048576K

Card table byte_map: [0x00007f932cf64000,0x00007f932d0e5000] byte_map_base: 0x00007f932c8e4000

Marking Bits: (ParMarkBitMap*) 0x00007f932fabdd80
 Begin Bits: [0x00007f9312800000, 0x00007f9313400000)
 End Bits:   [0x00007f9313400000, 0x00007f9314000000)

Polling page: 0x00007f933072d000

CodeCache: size=245760Kb used=18954Kb max_used=18954Kb free=226805Kb
 bounds [0x00007f9319000000, 0x00007f931a290000, 0x00007f9328000000]
 total_blobs=9363 nmethods=8572 adapters=702
 compilation: enabled

Compilation events (10 events):
Event: 3712,439 Thread 0x00007f9328742800 nmethod 8775 0x00007f931a286a10 code [0x00007f931a286b80, 0x00007f931a286ca8]
Event: 3712,440 Thread 0x00007f9328742800 8776       1       org.h2.expression.Alias::getAlias (5 bytes)
Event: 3712,440 Thread 0x00007f9328742800 nmethod 8776 0x00007f931a286d50 code [0x00007f931a286ea0, 0x00007f931a286fb0]
Event: 3712,440 Thread 0x00007f9328742800 8777       1       org.hibernate.engine.spi.EntityKey::getIdentifier (5 bytes)
Event: 3712,440 Thread 0x00007f9328742800 nmethod 8777 0x00007f931a287010 code [0x00007f931a287160, 0x00007f931a287270]
Event: 3712,441 Thread 0x00007f9328742800 8778       1       org.hibernate.internal.CriteriaImpl::getResultTransformer (5 bytes)
Event: 3712,441 Thread 0x00007f9328742800 nmethod 8778 0x00007f931a2872d0 code [0x00007f931a287420, 0x00007f931a287530]
Event: 3712,443 Thread 0x00007f9328742800 8779       1       org.grails.taglib.GroovyPageTagWriter::<init> (8 bytes)
Event: 3712,444 Thread 0x00007f9328742800 nmethod 8779 0x00007f931a287590 code [0x00007f931a287720, 0x00007f931a287928]
Event: 3712,444 Thread 0x00007f9328742800 8780       1       org.grails.buffer.FastStringWriter::<init> (22 bytes)

GC Heap History (10 events):
Event: 1403,872 GC heap before
{Heap before GC invocations=28 (full 3):
 PSYoungGen      total 216064K, used 186642K [0x00000000f0000000, 0x0000000100000000, 0x0000000100000000)
  eden space 167424K, 100% used [0x00000000f0000000,0x00000000fa380000,0x00000000fa380000)
  from space 48640K, 39% used [0x00000000fd080000,0x00000000fe344a88,0x0000000100000000)
  to   space 46080K, 0% used [0x00000000fa380000,0x00000000fa380000,0x00000000fd080000)
 ParOldGen       total 524288K, used 82408K [0x00000000d0000000, 0x00000000f0000000, 0x00000000f0000000)
  object space 524288K, 15% used [0x00000000d0000000,0x00000000d507a1c8,0x00000000f0000000)
 Metaspace       used 65894K, capacity 68174K, committed 68480K, reserved 1107968K
  class space    used 8466K, capacity 9256K, committed 9344K, reserved 1048576K
Event: 1403,887 GC heap after
Heap after GC invocations=28 (full 3):
 PSYoungGen      total 213504K, used 17292K [0x00000000f0000000, 0x0000000100000000, 0x0000000100000000)
  eden space 167424K, 0% used [0x00000000f0000000,0x00000000f0000000,0x00000000fa380000)
  from space 46080K, 37% used [0x00000000fa380000,0x00000000fb463258,0x00000000fd080000)
  to   space 44032K, 0% used [0x00000000fd500000,0x00000000fd500000,0x0000000100000000)
 ParOldGen       total 524288K, used 82416K [0x00000000d0000000, 0x00000000f0000000, 0x00000000f0000000)
  object space 524288K, 15% used [0x00000000d0000000,0x00000000d507c1c8,0x00000000f0000000)
 Metaspace       used 65894K, capacity 68174K, committed 68480K, reserved 1107968K
  class space    used 8466K, capacity 9256K, committed 9344K, reserved 1048576K
}
Event: 2310,638 GC heap before
{Heap before GC invocations=29 (full 3):
 PSYoungGen      total 213504K, used 184716K [0x00000000f0000000, 0x0000000100000000, 0x0000000100000000)
  eden space 167424K, 100% used [0x00000000f0000000,0x00000000fa380000,0x00000000fa380000)
  from space 46080K, 37% used [0x00000000fa380000,0x00000000fb463258,0x00000000fd080000)
  to   space 44032K, 0% used [0x00000000fd500000,0x00000000fd500000,0x0000000100000000)
 ParOldGen       total 524288K, used 82416K [0x00000000d0000000, 0x00000000f0000000, 0x00000000f0000000)
  object space 524288K, 15% used [0x00000000d0000000,0x00000000d507c1c8,0x00000000f0000000)
 Metaspace       used 66489K, capacity 69034K, committed 69376K, reserved 1110016K
  class space    used 8537K, capacity 9357K, committed 9472K, reserved 1048576K
Event: 2310,663 GC heap after
Heap after GC invocations=29 (full 3):
 PSYoungGen      total 220672K, used 18842K [0x00000000f0000000, 0x0000000100000000, 0x0000000100000000)
  eden space 176640K, 0% used [0x00000000f0000000,0x00000000f0000000,0x00000000fac80000)
  from space 44032K, 42% used [0x00000000fd500000,0x00000000fe766b30,0x0000000100000000)
  to   space 41472K, 0% used [0x00000000fac80000,0x00000000fac80000,0x00000000fd500000)
 ParOldGen       total 524288K, used 82424K [0x00000000d0000000, 0x00000000f0000000, 0x00000000f0000000)
  object space 524288K, 15% used [0x00000000d0000000,0x00000000d507e1c8,0x00000000f0000000)
 Metaspace       used 66489K, capacity 69034K, committed 69376K, reserved 1110016K
  class space    used 8537K, capacity 9357K, committed 9472K, reserved 1048576K
}
Event: 3157,603 GC heap before
{Heap before GC invocations=30 (full 3):
 PSYoungGen      total 220672K, used 195482K [0x00000000f0000000, 0x0000000100000000, 0x0000000100000000)
  eden space 176640K, 100% used [0x00000000f0000000,0x00000000fac80000,0x00000000fac80000)
  from space 44032K, 42% used [0x00000000fd500000,0x00000000fe766b30,0x0000000100000000)
  to   space 41472K, 0% used [0x00000000fac80000,0x00000000fac80000,0x00000000fd500000)
 ParOldGen       total 524288K, used 82424K [0x00000000d0000000, 0x00000000f0000000, 0x00000000f0000000)
  object space 524288K, 15% used [0x00000000d0000000,0x00000000d507e1c8,0x00000000f0000000)
 Metaspace       used 67259K, capacity 69944K, committed 70144K, reserved 1110016K
  class space    used 8614K, capacity 9422K, committed 9472K, reserved 1048576K
Event: 3157,630 GC heap after
Heap after GC invocations=30 (full 3):
 PSYoungGen      total 218112K, used 26845K [0x00000000f0000000, 0x0000000100000000, 0x0000000100000000)
  eden space 176640K, 0% used [0x00000000f0000000,0x00000000f0000000,0x00000000fac80000)
  from space 41472K, 64% used [0x00000000fac80000,0x00000000fc6b74b8,0x00000000fd500000)
  to   space 41984K, 0% used [0x00000000fd700000,0x00000000fd700000,0x0000000100000000)
 ParOldGen       total 524288K, used 82432K [0x00000000d0000000, 0x00000000f0000000, 0x00000000f0000000)
  object space 524288K, 15% used [0x00000000d0000000,0x00000000d50801c8,0x00000000f0000000)
 Metaspace       used 67259K, capacity 69944K, committed 70144K, reserved 1110016K
  class space    used 8614K, capacity 9422K, committed 9472K, reserved 1048576K
}
Event: 3204,460 GC heap before
{Heap before GC invocations=31 (full 3):
 PSYoungGen      total 218112K, used 203485K [0x00000000f0000000, 0x0000000100000000, 0x0000000100000000)
  eden space 176640K, 100% used [0x00000000f0000000,0x00000000fac80000,0x00000000fac80000)
  from space 41472K, 64% used [0x00000000fac80000,0x00000000fc6b74b8,0x00000000fd500000)
  to   space 41984K, 0% used [0x00000000fd700000,0x00000000fd700000,0x0000000100000000)
 ParOldGen       total 524288K, used 82432K [0x00000000d0000000, 0x00000000f0000000, 0x00000000f0000000)
  object space 524288K, 15% used [0x00000000d0000000,0x00000000d50801c8,0x00000000f0000000)
 Metaspace       used 67795K, capacity 70520K, committed 70784K, reserved 1110016K
  class space    used 8661K, capacity 9514K, committed 9600K, reserved 1048576K
Event: 3204,478 GC heap after
Heap after GC invocations=31 (full 3):
 PSYoungGen      total 220160K, used 25914K [0x00000000f0000000, 0x0000000100000000, 0x0000000100000000)
  eden space 178176K, 0% used [0x00000000f0000000,0x00000000f0000000,0x00000000fae00000)
  from space 41984K, 61% used [0x00000000fd700000,0x00000000ff04ea08,0x0000000100000000)
  to   space 41984K, 0% used [0x00000000fae00000,0x00000000fae00000,0x00000000fd700000)
 ParOldGen       total 524288K, used 82440K [0x00000000d0000000, 0x00000000f0000000, 0x00000000f0000000)
  object space 524288K, 15% used [0x00000000d0000000,0x00000000d50821c8,0x00000000f0000000)
 Metaspace       used 67795K, capacity 70520K, committed 70784K, reserved 1110016K
  class space    used 8661K, capacity 9514K, committed 9600K, reserved 1048576K
}
Event: 3609,917 GC heap before
{Heap before GC invocations=32 (full 3):
 PSYoungGen      total 220160K, used 204090K [0x00000000f0000000, 0x0000000100000000, 0x0000000100000000)
  eden space 178176K, 100% used [0x00000000f0000000,0x00000000fae00000,0x00000000fae00000)
  from space 41984K, 61% used [0x00000000fd700000,0x00000000ff04ea08,0x0000000100000000)
  to   space 41984K, 0% used [0x00000000fae00000,0x00000000fae00000,0x00000000fd700000)
 ParOldGen       total 524288K, used 82440K [0x00000000d0000000, 0x00000000f0000000, 0x00000000f0000000)
  object space 524288K, 15% used [0x00000000d0000000,0x00000000d50821c8,0x00000000f0000000)
 Metaspace       used 68340K, capacity 71324K, committed 71552K, reserved 1112064K
  class space    used 8711K, capacity 9583K, committed 9600K, reserved 1048576K
Event: 3609,962 GC heap after
Heap after GC invocations=32 (full 3):
 PSYoungGen      total 206336K, used 27940K [0x00000000f0000000, 0x0000000100000000, 0x0000000100000000)
  eden space 178176K, 0% used [0x00000000f0000000,0x00000000f0000000,0x00000000fae00000)
  from space 28160K, 99% used [0x00000000fae00000,0x00000000fc9493c8,0x00000000fc980000)
  to   space 42496K, 0% used [0x00000000fd680000,0x00000000fd680000,0x0000000100000000)
 ParOldGen       total 524288K, used 82448K [0x00000000d0000000, 0x00000000f0000000, 0x00000000f0000000)
  object space 524288K, 15% used [0x00000000d0000000,0x00000000d50841c8,0x00000000f0000000)
 Metaspace       used 68340K, capacity 71324K, committed 71552K, reserved 1112064K
  class space    used 8711K, capacity 9583K, committed 9600K, reserved 1048576K
}

Deoptimization events (0 events):
No events

Classes redefined (0 events):
No events

Internal exceptions (10 events):
Event: 3712,412 Thread 0x00007f93298e0800 Exception <a 'java/lang/ClassNotFoundException': org/grails/compiler/web/converters/RenderConverterTraitCustomizer> (0x00000000f75d4980) thrown at [/HUDSON/workspace/8-2-build-linux-amd64/jdk8u211/12973/hotspot/src/share/vm/classfile/systemDictionary.cpp,
Event: 3712,412 Thread 0x00007f93298e0800 Exception <a 'java/lang/ClassNotFoundException': grails/artefact/controller/RestResponder$Trait$FieldHelperCustomizer> (0x00000000f76047d8) thrown at [/HUDSON/workspace/8-2-build-linux-amd64/jdk8u211/12973/hotspot/src/share/vm/classfile/systemDictionary.c
Event: 3712,413 Thread 0x00007f93298e0800 Exception <a 'java/lang/ClassNotFoundException': grails/artefact/gsp/TagLibraryInvoker$Trait$FieldHelperCustomizer> (0x00000000f76345d0) thrown at [/HUDSON/workspace/8-2-build-linux-amd64/jdk8u211/12973/hotspot/src/share/vm/classfile/systemDictionary.cpp,
Event: 3712,414 Thread 0x00007f93298e0800 Exception <a 'java/lang/ClassNotFoundException': grails/web/api/WebAttributes$Trait$FieldHelperCustomizer> (0x00000000f765fa70) thrown at [/HUDSON/workspace/8-2-build-linux-amd64/jdk8u211/12973/hotspot/src/share/vm/classfile/systemDictionary.cpp, line 210
Event: 3712,415 Thread 0x00007f93298e0800 Exception <a 'java/lang/ClassNotFoundException': grails/artefact/Controller$Trait$FieldHelperCustomizer> (0x00000000f7688f98) thrown at [/HUDSON/workspace/8-2-build-linux-amd64/jdk8u211/12973/hotspot/src/share/vm/classfile/systemDictionary.cpp, line 210]
Event: 3712,416 Thread 0x00007f93298e0800 Exception <a 'java/lang/ClassNotFoundException': grails/web/api/ServletAttributes$Trait$FieldHelperCustomizer> (0x00000000f76b5330) thrown at [/HUDSON/workspace/8-2-build-linux-amd64/jdk8u211/12973/hotspot/src/share/vm/classfile/systemDictionary.cpp, line
Event: 3712,417 Thread 0x00007f93298e0800 Exception <a 'java/lang/ClassNotFoundException': grails/artefact/controller/support/RequestForwarder$Trait$FieldHelperCustomizer> (0x00000000f76ebe58) thrown at [/HUDSON/workspace/8-2-build-linux-amd64/jdk8u211/12973/hotspot/src/share/vm/classfile/systemD
Event: 3712,418 Thread 0x00007f93298e0800 Exception <a 'java/lang/ClassNotFoundException': grails/artefact/controller/support/ResponseRedirector$Trait$FieldHelperCustomizer> (0x00000000f7723d00) thrown at [/HUDSON/workspace/8-2-build-linux-amd64/jdk8u211/12973/hotspot/src/share/vm/classfile/syste
Event: 3712,418 Thread 0x00007f93298e0800 Exception <a 'java/lang/ClassNotFoundException': grails/artefact/controller/support/ResponseRenderer$Trait$FieldHelperCustomizer> (0x00000000f775db60) thrown at [/HUDSON/workspace/8-2-build-linux-amd64/jdk8u211/12973/hotspot/src/share/vm/classfile/systemD
Event: 3712,419 Thread 0x00007f93298e0800 Exception <a 'java/lang/ClassNotFoundException': groovy/lang/GroovyObjectCustomizer> (0x00000000f7782d50) thrown at [/HUDSON/workspace/8-2-build-linux-amd64/jdk8u211/12973/hotspot/src/share/vm/classfile/systemDictionary.cpp, line 210]

Events (10 events):
Event: 3712,429 loading class org/hibernate/event/spi/LoadEvent
Event: 3712,429 loading class org/hibernate/event/spi/LoadEvent done
Event: 3712,430 loading class org/hibernate/event/spi/LoadEvent$1
Event: 3712,430 loading class org/hibernate/event/spi/LoadEvent$1 done
Event: 3712,433 loading class org/hibernate/internal/util/collections/ConcurrentReferenceHashMap$WeakValueReference
Event: 3712,433 loading class org/hibernate/internal/util/collections/ConcurrentReferenceHashMap$WeakValueReference done
Event: 3712,434 loading class org/hibernate/internal/util/collections/ConcurrentReferenceHashMap$KeyReference
Event: 3712,434 loading class org/hibernate/internal/util/collections/ConcurrentReferenceHashMap$KeyReference done
Event: 3712,435 loading class org/hibernate/UnresolvableObjectException
Event: 3712,435 loading class org/hibernate/UnresolvableObjectException done


Dynamic libraries:
00400000-00401000 r-xp 00000000 103:02 1182106                           /usr/lib/jvm/jdk1.8.0_211/bin/java
00600000-00601000 r--p 00000000 103:02 1182106                           /usr/lib/jvm/jdk1.8.0_211/bin/java
00601000-00602000 rw-p 00001000 103:02 1182106                           /usr/lib/jvm/jdk1.8.0_211/bin/java
00c57000-00c99000 rw-p 00000000 00:00 0                                  [heap]
d0000000-100980000 rw-p 00000000 00:00 0 
100980000-140000000 ---p 00000000 00:00 0 
7f9290000000-7f9290021000 rw-p 00000000 00:00 0 
7f9290021000-7f9294000000 ---p 00000000 00:00 0 
7f9298000000-7f9298021000 rw-p 00000000 00:00 0 
7f9298021000-7f929c000000 ---p 00000000 00:00 0 
7f929c000000-7f929c0a4000 rw-p 00000000 00:00 0 
7f929c0a4000-7f92a0000000 ---p 00000000 00:00 0 
7f92a0000000-7f92a030e000 rw-p 00000000 00:00 0 
7f92a030e000-7f92a4000000 ---p 00000000 00:00 0 
7f92a4000000-7f92a40e9000 rw-p 00000000 00:00 0 
7f92a40e9000-7f92a8000000 ---p 00000000 00:00 0 
7f92a8000000-7f92a80ff000 rw-p 00000000 00:00 0 
7f92a80ff000-7f92ac000000 ---p 00000000 00:00 0 
7f92ac000000-7f92ac021000 rw-p 00000000 00:00 0 
7f92ac021000-7f92b0000000 ---p 00000000 00:00 0 
7f92b0000000-7f92b0021000 rw-p 00000000 00:00 0 
7f92b0021000-7f92b4000000 ---p 00000000 00:00 0 
7f92b4000000-7f92b4035000 rw-p 00000000 00:00 0 
7f92b4035000-7f92b8000000 ---p 00000000 00:00 0 
7f92b8000000-7f92b8021000 rw-p 00000000 00:00 0 
7f92b8021000-7f92bc000000 ---p 00000000 00:00 0 
7f92bc000000-7f92bc141000 rw-p 00000000 00:00 0 
7f92bc141000-7f92c0000000 ---p 00000000 00:00 0 
7f92c0000000-7f92c0021000 rw-p 00000000 00:00 0 
7f92c0021000-7f92c4000000 ---p 00000000 00:00 0 
7f92c4000000-7f92c4021000 rw-p 00000000 00:00 0 
7f92c4021000-7f92c8000000 ---p 00000000 00:00 0 
7f92c8000000-7f92c8068000 rw-p 00000000 00:00 0 
7f92c8068000-7f92cc000000 ---p 00000000 00:00 0 
7f92cc000000-7f92cc03f000 rw-p 00000000 00:00 0 
7f92cc03f000-7f92d0000000 ---p 00000000 00:00 0 
7f92d0bec000-7f92d0cec000 rw-p 00000000 00:00 0 
7f92d0cec000-7f92d0dec000 ---p 00000000 00:00 0 
7f92d0dec000-7f92d0fec000 rw-p 00000000 00:00 0 
7f92d0fec000-7f92d11ec000 rw-p 00000000 00:00 0 
7f92d11ec000-7f92d13ec000 rw-p 00000000 00:00 0 
7f92d13ec000-7f92d13ef000 ---p 00000000 00:00 0 
7f92d13ef000-7f92d14ed000 rw-p 00000000 00:00 0 
7f92d14ed000-7f92d14f0000 ---p 00000000 00:00 0 
7f92d14f0000-7f92d15ee000 rw-p 00000000 00:00 0 
7f92d15ee000-7f92d15f1000 ---p 00000000 00:00 0 
7f92d15f1000-7f92d18ef000 rw-p 00000000 00:00 0 
7f92d18ef000-7f92d18f2000 ---p 00000000 00:00 0 
7f92d18f2000-7f92d19f0000 rw-p 00000000 00:00 0 
7f92d19f0000-7f92d19f3000 ---p 00000000 00:00 0 
7f92d19f3000-7f92d1af1000 rw-p 00000000 00:00 0 
7f92d1af1000-7f92d1af4000 ---p 00000000 00:00 0 
7f92d1af4000-7f92d1bf2000 rw-p 00000000 00:00 0 
7f92d1bf2000-7f92d1bf5000 ---p 00000000 00:00 0 
7f92d1bf5000-7f92d1cf3000 rw-p 00000000 00:00 0 
7f92d1cf3000-7f92d1cf6000 ---p 00000000 00:00 0 
7f92d1cf6000-7f92d1df4000 rw-p 00000000 00:00 0 
7f92d1df4000-7f92d1df7000 ---p 00000000 00:00 0 
7f92d1df7000-7f92d1ef5000 rw-p 00000000 00:00 0 
7f92d1ef5000-7f92d1ef8000 ---p 00000000 00:00 0 
7f92d1ef8000-7f92d1ff6000 rw-p 00000000 00:00 0 
7f92d1ff6000-7f92d1ff9000 ---p 00000000 00:00 0 
7f92d1ff9000-7f92d20f7000 rw-p 00000000 00:00 0 
7f92d20f7000-7f92d20fa000 ---p 00000000 00:00 0 
7f92d20fa000-7f92d21f8000 rw-p 00000000 00:00 0 
7f92d21f8000-7f92d21fb000 ---p 00000000 00:00 0 
7f92d21fb000-7f92d22f9000 rw-p 00000000 00:00 0 
7f92d22f9000-7f92d22fc000 ---p 00000000 00:00 0 
7f92d22fc000-7f92d23fa000 rw-p 00000000 00:00 0 
7f92d23fa000-7f92d23fd000 ---p 00000000 00:00 0 
7f92d23fd000-7f92d24fb000 rw-p 00000000 00:00 0 
7f92d24fb000-7f92d24fe000 ---p 00000000 00:00 0 
7f92d24fe000-7f92d25fc000 rw-p 00000000 00:00 0 
7f92d25fc000-7f92d25ff000 ---p 00000000 00:00 0 
7f92d25ff000-7f92d26fd000 rw-p 00000000 00:00 0 
7f92d26fd000-7f92d2700000 ---p 00000000 00:00 0 
7f92d2700000-7f92d29fe000 rw-p 00000000 00:00 0 
7f92d29fe000-7f92d2bfe000 rw-p 00000000 00:00 0 
7f92d2bfe000-7f92d2c01000 ---p 00000000 00:00 0 
7f92d2c01000-7f92d2cff000 rw-p 00000000 00:00 0 
7f92d2cff000-7f92d2d02000 ---p 00000000 00:00 0 
7f92d2d02000-7f92d3000000 rw-p 00000000 00:00 0 
7f92d3000000-7f92d3200000 rw-p 00000000 00:00 0 
7f92d3200000-7f92d3400000 rw-p 00000000 00:00 0 
7f92d3400000-7f92d3600000 rw-p 00000000 00:00 0 
7f92d3600000-7f92d3800000 rw-p 00000000 00:00 0 
7f92d3800000-7f92d3a00000 rw-p 00000000 00:00 0 
7f92d3a00000-7f92d3c00000 rw-p 00000000 00:00 0 
7f92d3c00000-7f92d3e00000 rw-p 00000000 00:00 0 
7f92d3e00000-7f92d4000000 rw-p 00000000 00:00 0 
7f92d4000000-7f92d42b7000 rw-p 00000000 00:00 0 
7f92d42b7000-7f92d8000000 ---p 00000000 00:00 0 
7f92d8000000-7f92d81cb000 rw-p 00000000 00:00 0 
7f92d81cb000-7f92dc000000 ---p 00000000 00:00 0 
7f92dc000000-7f92dc021000 rw-p 00000000 00:00 0 
7f92dc021000-7f92e0000000 ---p 00000000 00:00 0 
7f92e0000000-7f92e0021000 rw-p 00000000 00:00 0 
7f92e0021000-7f92e4000000 ---p 00000000 00:00 0 
7f92e4000000-7f92e4021000 rw-p 00000000 00:00 0 
7f92e4021000-7f92e8000000 ---p 00000000 00:00 0 
7f92e8000000-7f92e8de2000 rw-p 00000000 00:00 0 
7f92e8de2000-7f92ec000000 ---p 00000000 00:00 0 
7f92ec000000-7f92ec021000 rw-p 00000000 00:00 0 
7f92ec021000-7f92f0000000 ---p 00000000 00:00 0 
7f92f0000000-7f92f004e000 rw-p 00000000 00:00 0 
7f92f004e000-7f92f4000000 ---p 00000000 00:00 0 
7f92f4000000-7f92f4021000 rw-p 00000000 00:00 0 
7f92f4021000-7f92f8000000 ---p 00000000 00:00 0 
7f92f8000000-7f92f8021000 rw-p 00000000 00:00 0 
7f92f8021000-7f92fc000000 ---p 00000000 00:00 0 
7f92fc000000-7f92fc03b000 rw-p 00000000 00:00 0 
7f92fc03b000-7f9300000000 ---p 00000000 00:00 0 
7f9300000000-7f9300032000 rw-p 00000000 00:00 0 
7f9300032000-7f9304000000 ---p 00000000 00:00 0 
7f9304000000-7f9304028000 rw-p 00000000 00:00 0 
7f9304028000-7f9308000000 ---p 00000000 00:00 0 
7f9308057000-7f930805a000 ---p 00000000 00:00 0 
7f930805a000-7f9308358000 rw-p 00000000 00:00 0 
7f9308358000-7f9308558000 rw-p 00000000 00:00 0 
7f9308558000-7f93085ed000 r--s 01112000 103:02 1443690                   /usr/lib/jvm/jdk1.8.0_211/jre/lib/ext/jfxrt.jar
7f93085ed000-7f93085fe000 r-xp 00000000 103:02 1443773                   /usr/lib/jvm/jdk1.8.0_211/jre/lib/amd64/libnio.so
7f93085fe000-7f93087fd000 ---p 00011000 103:02 1443773                   /usr/lib/jvm/jdk1.8.0_211/jre/lib/amd64/libnio.so
7f93087fd000-7f93087fe000 r--p 00010000 103:02 1443773                   /usr/lib/jvm/jdk1.8.0_211/jre/lib/amd64/libnio.so
7f93087fe000-7f93087ff000 rw-p 00011000 103:02 1443773                   /usr/lib/jvm/jdk1.8.0_211/jre/lib/amd64/libnio.so
7f93087ff000-7f93089ff000 rw-p 00000000 00:00 0 
7f93089ff000-7f9308bff000 rw-p 00000000 00:00 0 
7f9308bff000-7f9308dff000 rw-p 00000000 00:00 0 
7f9308dff000-7f9308fff000 rw-p 00000000 00:00 0 
7f9308fff000-7f930c000000 rw-p 00000000 00:00 0 
7f930c000000-7f930c021000 rw-p 00000000 00:00 0 
7f930c021000-7f9310000000 ---p 00000000 00:00 0 
7f9310010000-7f9310015000 r--s 002f9000 103:02 1182164                   /usr/lib/jvm/jdk1.8.0_211/jre/lib/charsets.jar
7f9310015000-7f9310018000 ---p 00000000 00:00 0 
7f9310018000-7f9310316000 rw-p 00000000 00:00 0 
7f9310316000-7f931031b000 r--s 000a3000 103:02 1182214                   /usr/lib/jvm/jdk1.8.0_211/jre/lib/jsse.jar
7f931031b000-7f931031e000 ---p 00000000 00:00 0 
7f931031e000-7f931041c000 rw-p 00000000 00:00 0 
7f931041c000-7f9310425000 r-xp 00000000 103:02 1443714                   /usr/lib/jvm/jdk1.8.0_211/jre/lib/amd64/libmanagement.so
7f9310425000-7f9310624000 ---p 00009000 103:02 1443714                   /usr/lib/jvm/jdk1.8.0_211/jre/lib/amd64/libmanagement.so
7f9310624000-7f9310625000 r--p 00008000 103:02 1443714                   /usr/lib/jvm/jdk1.8.0_211/jre/lib/amd64/libmanagement.so
7f9310625000-7f9310626000 rw-p 00009000 103:02 1443714                   /usr/lib/jvm/jdk1.8.0_211/jre/lib/amd64/libmanagement.so
7f9310626000-7f9310826000 rw-p 00000000 00:00 0 
7f9310826000-7f9310a26000 rw-p 00000000 00:00 0 
7f9310a26000-7f9310c26000 rw-p 00000000 00:00 0 
7f9310c26000-7f9310e26000 rw-p 00000000 00:00 0 
7f9310e26000-7f9310e3c000 r-xp 00000000 103:02 1443713                   /usr/lib/jvm/jdk1.8.0_211/jre/lib/amd64/libnet.so
7f9310e3c000-7f931103b000 ---p 00016000 103:02 1443713                   /usr/lib/jvm/jdk1.8.0_211/jre/lib/amd64/libnet.so
7f931103b000-7f931103c000 r--p 00015000 103:02 1443713                   /usr/lib/jvm/jdk1.8.0_211/jre/lib/amd64/libnet.so
7f931103c000-7f931103d000 rw-p 00016000 103:02 1443713                   /usr/lib/jvm/jdk1.8.0_211/jre/lib/amd64/libnet.so
7f931103d000-7f9311040000 ---p 00000000 00:00 0 
7f9311040000-7f931113e000 rw-p 00000000 00:00 0 
7f931113e000-7f9311151000 r--s 00345000 103:02 1182206                   /usr/lib/jvm/jdk1.8.0_211/jre/lib/resources.jar
7f9311151000-7f9311152000 ---p 00000000 00:00 0 
7f9311152000-7f9311252000 rw-p 00000000 00:00 0 
7f9311252000-7f9311255000 ---p 00000000 00:00 0 
7f9311255000-7f9311353000 rw-p 00000000 00:00 0 
7f9311353000-7f9311354000 ---p 00000000 00:00 0 
7f9311354000-7f9311357000 ---p 00000000 00:00 0 
7f9311357000-7f9311454000 rw-p 00000000 00:00 0 
7f9311454000-7f9311455000 ---p 00000000 00:00 0 
7f9311455000-7f9311458000 ---p 00000000 00:00 0 
7f9311458000-7f9311555000 rw-p 00000000 00:00 0 
7f9311555000-7f9311556000 ---p 00000000 00:00 0 
7f9311556000-7f9311559000 ---p 00000000 00:00 0 
7f9311559000-7f9311656000 rw-p 00000000 00:00 0 
7f9311656000-7f931165d000 r--s 00065000 103:02 129580                    /home/mzh/.gradle/caches/modules-2/files-2.1/org.springframework/springloaded/1.2.8.RELEASE/b60bac05b0451cdc1863bfec617f39aa0dcaaa43/springloaded-1.2.8.RELEASE.jar
7f931165d000-7f9311696000 r--s 00382000 103:02 129496                    /home/mzh/.gradle/caches/modules-2/files-2.1/com.google.javascript/closure-compiler-unshaded/v20160713/7df7b683e16c93f65361a15356283599ba012c78/closure-compiler-unshaded-v20160713.jar
7f9311696000-7f93116a3000 r--s 00109000 103:02 129495                    /home/mzh/.gradle/caches/modules-2/files-2.1/org.mozilla/rhino/1.7R4/e982f2136574b9a423186fbaeaaa98dc3e5a5288/rhino-1.7R4.jar
7f93116a3000-7f93116b0000 r--s 00083000 103:02 129555                    /home/mzh/.gradle/caches/modules-2/files-2.1/commons-collections/commons-collections/3.2.2/8ad72fe39fa8c91eaaf12aadb21e0c3661fe26d5/commons-collections-3.2.2.jar
7f93116b0000-7f93116b7000 r--s 0003f000 103:02 1714632                   /home/mzh/.m2/repository/commons-codec/commons-codec/1.10/commons-codec-1.10.jar
7f93116b7000-7f93116bb000 r--s 0000c000 103:02 129545                    /home/mzh/.gradle/caches/modules-2/files-2.1/javax.validation/validation-api/1.1.0.Final/8613ae82954779d518631e05daa73a6a954817d5/validation-api-1.1.0.Final.jar
7f93116bb000-7f93116be000 r--s 00029000 103:02 129554                    /home/mzh/.gradle/caches/modules-2/files-2.1/commons-validator/commons-validator/1.5.1/86d05a46e8f064b300657f751b5a98c62807e2a0/commons-validator-1.5.1.jar
7f93116be000-7f93116c4000 r--s 00027000 103:02 129762                    /home/mzh/.gradle/caches/modules-2/files-2.1/opensymphony/sitemesh/2.4/fa84c82cce30a9a632c08dd2277d63993d972cf5/sitemesh-2.4.jar
7f93116c4000-7f93116c6000 r--s 00007000 103:02 129706                    /home/mzh/.gradle/caches/modules-2/files-2.1/org.grails/grails-web-taglib/3.3.1/ca323146797a4ff2bb4f630890f4c400a0860395/grails-web-taglib-3.3.1.jar
7f93116c6000-7f93116c9000 r--s 00015000 103:02 129712                    /home/mzh/.gradle/caches/modules-2/files-2.1/org.grails/grails-taglib/3.3.1/772e8b5f992f6602cab07c7a58ab2924f97eed02/grails-taglib-3.3.1.jar
7f93116c9000-7f93116cc000 r--s 0001d000 103:02 129450                    /home/mzh/.gradle/caches/modules-2/files-2.1/org.codehaus.groovy/groovy-json/2.4.15/f6f6890181821246398cd44ba1fdf74f55717697/groovy-json-2.4.15.jar
7f93116cc000-7f93116d0000 r--s 00042000 103:02 129761                    /home/mzh/.gradle/caches/modules-2/files-2.1/com.fasterxml.jackson.core/jackson-core/2.8.11/876ead1db19f0c9e79c9789273a3ef8c6fd6c29b/jackson-core-2.8.11.jar
7f93116d0000-7f93116d3000 r--s 0000b000 103:02 129760                    /home/mzh/.gradle/caches/modules-2/files-2.1/com.fasterxml.jackson.core/jackson-annotations/2.8.0/45b426f7796b741035581a176744d91090e2e6fb/jackson-annotations-2.8.0.jar
7f93116d3000-7f93116d4000 r--s 00005000 103:02 129727                    /home/mzh/.gradle/caches/modules-2/files-2.1/org.grails/grails-codecs/3.3.8/f4e7982847a92749a25f31adf972c61b38ed87f8/grails-codecs-3.3.8.jar
7f93116d4000-7f93116dd000 r--s 0002d000 103:02 129759                    /home/mzh/.gradle/caches/modules-2/files-2.1/xml-apis/xml-apis/1.4.01/3789d9fada2d3d458c4ba2de349d48780f381ee3/xml-apis-1.4.01.jar
7f93116dd000-7f93116df000 r--s 00008000 103:02 129494                    /home/mzh/.gradle/caches/modules-2/files-2.1/javax.el/javax.el-api/2.2.4/1287562cc3f0ff5439ded6f2949e73ce1c0edaab/javax.el-api-2.2.4.jar
7f93116df000-7f93116f0000 r--s 000a1000 103:02 129747                    /home/mzh/.gradle/caches/modules-2/files-2.1/org.hibernate/hibernate-validator/5.3.6.Final/4c730be8bf55a8e9a61e79a2f2c079abf48b718/hibernate-validator-5.3.6.Final.jar
7f93116f0000-7f93116f8000 r--s 0005f000 103:02 129457                    /home/mzh/.gradle/caches/modules-2/files-2.1/org.grails/grails-datastore-gorm-hibernate-core/6.1.10.RELEASE/f9399493d6803451b6380b9b782e6435f7fb9971/grails-datastore-gorm-hibernate-core-6.1.10.RELEASE.jar
7f93116f8000-7f931170a000 r--s 000b9000 103:02 129492                    /home/mzh/.gradle/caches/modules-2/files-2.1/org.springframework/spring-web/4.3.18.RELEASE/e41042a70a7d80da52261c1dfc569c7518b70dce/spring-web-4.3.18.RELEASE.jar
7f931170a000-7f931170f000 r--s 00026000 103:02 129758                    /home/mzh/.gradle/caches/modules-2/files-2.1/org.grails/scaffolding-core/1.1.1/c79e9bd310896f3afbba331170c54fa2ce7f9a5d/scaffolding-core-1.1.1.jar
7f931170f000-7f9311712000 r--s 00016000 103:02 129459                    /home/mzh/.gradle/caches/modules-2/files-2.1/org.grails/grails-datastore-gorm-validation/6.1.10.RELEASE/75d8a598a9dbe80069146fdd844efe2a9cd6c35f/grails-datastore-gorm-validation-6.1.10.RELEASE.jar
7f9311712000-7f9311714000 r--s 00014000 103:02 129757                    /home/mzh/.gradle/caches/modules-2/files-2.1/org.apache.tomcat.embed/tomcat-embed-logging-log4j/8.5.2/53bdd1eebc7393713261d178ac096a742423f940/tomcat-embed-logging-log4j-8.5.2.jar
7f9311714000-7f9311725000 r--s 000d0000 103:02 129458                    /home/mzh/.gradle/caches/modules-2/files-2.1/org.grails/grails-datastore-gorm/6.1.10.RELEASE/e748f1a1100aca901b280e37991d822364c01378/grails-datastore-gorm-6.1.10.RELEASE.jar
7f9311725000-7f9311728000 r--s 00012000 103:02 129734                    /home/mzh/.gradle/caches/modules-2/files-2.1/org.codehaus.groovy/groovy-sql/2.4.15/591ed2582868cb47fcac04eb50923faf52bfd231/groovy-sql-2.4.15.jar
7f9311728000-7f9311732000 r--s 00060000 103:02 129497                    /home/mzh/.gradle/caches/modules-2/files-2.1/org.springframework/spring-jdbc/4.3.18.RELEASE/816bc40759cd07ec50b86b1472aa021813387114/spring-jdbc-4.3.18.RELEASE.jar
7f9311732000-7f9311734000 r--s 00006000 103:02 129709                    /home/mzh/.gradle/caches/modules-2/files-2.1/org.grails/grails-plugin-domain-class/3.3.8/ed5b2131d09e557784bc454274ddaa3faf848c03/grails-plugin-domain-class-3.3.8.jar
7f9311734000-7f9311735000 r--s 00004000 103:02 129697                    /home/mzh/.gradle/caches/modules-2/files-2.1/org.grails/grails-plugin-validation/3.3.8/b52a0d5ec7d75703677c24d9c759b51ccb4291b5/grails-plugin-validation-3.3.8.jar
7f9311735000-7f9311737000 r--s 00009000 103:02 129696                    /home/mzh/.gradle/caches/modules-2/files-2.1/org.grails/grails-plugin-mimetypes/3.3.8/6efd7478161e84cd8c08b80465da3df5bbd0b1d3/grails-plugin-mimetypes-3.3.8.jar
7f9311737000-7f9311739000 r--s 0000b000 103:02 129704                    /home/mzh/.gradle/caches/modules-2/files-2.1/org.grails/grails-web-sitemesh/3.3.1/d639808f26ff1e16e32cb86129fd847961575abe/grails-web-sitemesh-3.3.1.jar
7f9311739000-7f931173b000 r--s 00011000 103:02 129703                    /home/mzh/.gradle/caches/modules-2/files-2.1/org.grails/grails-web-gsp/3.3.1/5670ed8376f739528fdb21de0514d2cc22c5a276/grails-web-gsp-3.3.1.jar
7f931173b000-7f931173c000 r--s 00005000 103:02 129702                    /home/mzh/.gradle/caches/modules-2/files-2.1/org.grails/grails-web-mvc/3.3.8/425ab101208d3865e9722ae79583bf2d933d6714/grails-web-mvc-3.3.8.jar
7f931173c000-7f931173f000 r--s 0002a000 103:02 129705                    /home/mzh/.gradle/caches/modules-2/files-2.1/org.grails/grails-web-url-mappings/3.3.8/eeb5dc5408de15afb394a69b3e9f766c45d51a34/grails-web-url-mappings-3.3.8.jar
7f931173f000-7f9311742000 r--s 00014000 103:02 129701                    /home/mzh/.gradle/caches/modules-2/files-2.1/org.grails/grails-web-databinding/3.3.8/3c852dd8c191eeffbe0c760bda80d97bc67dc5aa/grails-web-databinding-3.3.8.jar
7f9311742000-7f9311747000 r--s 00029000 103:02 129736                    /home/mzh/.gradle/caches/modules-2/files-2.1/org.springframework/spring-context-support/4.3.18.RELEASE/d14d5b7c7fd060e345d5aebbe151e27d2c69ba6a/spring-context-support-4.3.18.RELEASE.jar
7f9311747000-7f9311758000 r--s 000d0000 103:02 129735                    /home/mzh/.gradle/caches/modules-2/files-2.1/org.springframework/spring-webmvc/4.3.18.RELEASE/67ad7f59830df97ab73f8c7ab53ea33ae7dcb68/spring-webmvc-4.3.18.RELEASE.jar
7f9311758000-7f931175b000 r--s 00027000 103:02 129711                    /home/mzh/.gradle/caches/modules-2/files-2.1/org.grails/grails-gsp/3.3.1/88115473871aeb898b590958ef2ba8a9cbd7dbb0/grails-gsp-3.3.1.jar
7f931175b000-7f9311760000 r--s 00029000 103:02 129713                    /home/mzh/.gradle/caches/modules-2/files-2.1/org.grails/grails-encoder/3.3.8/abe512a81f4e5369bc88c8c4259e39576a6565b4/grails-encoder-3.3.8.jar
7f9311760000-7f9311763000 r--s 0000f000 103:02 129726                    /home/mzh/.gradle/caches/modules-2/files-2.1/org.grails/grails-databinding/3.3.8/e3a1cdca8521b71d1e07645ec2bfe34493930c42/grails-databinding-3.3.8.jar
7f9311763000-7f9311765000 r--s 00002000 103:02 129756                    /home/mzh/.gradle/caches/modules-2/files-2.1/org.apache.tomcat/tomcat-annotations-api/8.5.32/bc805a49362036d2705bbe051053f11120869fd/tomcat-annotations-api-8.5.32.jar
7f9311765000-7f9311777000 r--s 0011f000 103:02 129755                    /home/mzh/.gradle/caches/modules-2/files-2.1/com.fasterxml.jackson.core/jackson-databind/2.8.11.2/2c5051e8e84d2c16316b758ebf746f9e90bef5a4/jackson-databind-2.8.11.2.jar
7f9311777000-7f9311778000 r--s 00003000 103:02 129546                    /home/mzh/.gradle/caches/modules-2/files-2.1/javax.transaction/jta/1.1/2ca09f0b36ca7d71b762e14ea2ff09d5eac57558/jta-1.1.jar
7f9311778000-7f931177e000 r--s 0003d000 103:02 1321579                   /home/mzh/.m2/repository/org/yaml/snakeyaml/1.17/snakeyaml-1.17.jar
7f931177e000-7f9311781000 r--s 00016000 103:02 129454                    /home/mzh/.gradle/caches/modules-2/files-2.1/org.codehaus.groovy/groovy-templates/2.4.15/b5cbe971f2950452c1d431ea0135dd8de2d5f58e/groovy-templates-2.4.15.jar
7f9311781000-7f9311785000 r--s 00031000 103:02 129455                    /home/mzh/.gradle/caches/modules-2/files-2.1/org.codehaus.groovy/groovy-xml/2.4.15/40865f59469e6b0808c9c304bd17038997220c72/groovy-xml-2.4.15.jar
7f9311785000-7f931178b000 r--s 0003e000 103:02 129738                    /home/mzh/.gradle/caches/modules-2/files-2.1/org.springframework/spring-expression/4.3.18.RELEASE/64f2270bfd9d615c8c3b9d94995867f39391ed30/spring-expression-4.3.18.RELEASE.jar
7f931178b000-7f9311794000 r--s 00054000 103:02 129737                    /home/mzh/.gradle/caches/modules-2/files-2.1/org.springframework/spring-aop/4.3.18.RELEASE/dd930265a504563d76de79864ae3196f6e9035e0/spring-aop-4.3.18.RELEASE.jar
7f9311794000-7f9311796000 r--s 0000e000 103:02 1321614                   /home/mzh/.m2/repository/commons-logging/commons-logging/1.2/commons-logging-1.2.jar
7f9311796000-7f93117a1000 r--s 0006a000 103:02 129754                    /home/mzh/.gradle/caches/modules-2/files-2.1/ch.qos.logback/logback-core/1.1.11/88b8df40340eed549fb07e2613879bf6b006704d/logback-core-1.1.11.jar
7f93117a1000-7f93117a5000 r--s 00049000 103:02 129472                    /home/mzh/.gradle/caches/modules-2/files-2.1/com.bertramlabs.plugins/asset-pipeline-core/2.14.8/4e1c17bbfb623fc66df7e5577a0be11973749cd7/asset-pipeline-core-2.14.8.jar
7f93117a5000-7f93117a7000 r--s 0000b000 103:02 129752                    /home/mzh/.gradle/caches/modules-2/files-2.1/org.apache.tomcat/tomcat-juli/8.5.32/c659f0c0bc6e1124bf3461ca51b25724a2335cf6/tomcat-juli-8.5.32.jar
7f93117a7000-7f93117a9000 r--s 00007000 103:02 129751                    /home/mzh/.gradle/caches/modules-2/files-2.1/javax.el/el-api/2.1.2-b03/1ac087d9d1a632d2ff82fa1e8b6610aca025ff2a/el-api-2.1.2-b03.jar
7f93117a9000-7f93117ab000 r--s 0001f000 103:02 129700                    /home/mzh/.gradle/caches/modules-2/files-2.1/org.grails/grails-web-jsp/3.3.1/e45c3adb5f6fc6c7761227457d09114ec41c55fe/grails-web-jsp-3.3.1.jar
7f93117ab000-7f93117ac000 r--s 00004000 103:02 129695                    /home/mzh/.gradle/caches/modules-2/files-2.1/org.grails/grails-plugin-codecs/3.3.8/55f4d0afad4134069100cdb952fb156129ad1af1/grails-plugin-codecs-3.3.8.jar
7f93117ac000-7f93117b1000 r--s 00041000 103:02 129750                    /home/mzh/.gradle/caches/modules-2/files-2.1/commons-lang/commons-lang/2.6/ce1edb914c94ebc388f086c6827e8bdeec71ac2/commons-lang-2.6.jar
7f93117b1000-7f93117b3000 r--s 0000b000 103:02 129699                    /home/mzh/.gradle/caches/modules-2/files-2.1/org.grails/grails-web-gsp-taglib/3.3.1/28e0c0776c9f5c6109b79a89860161db3369fe81/grails-web-gsp-taglib-3.3.1.jar
7f93117b3000-7f93117b6000 r--s 00010000 103:02 129482                    /home/mzh/.gradle/caches/modules-2/files-2.1/org.hibernate.common/hibernate-commons-annotations/5.0.1.Final/71e1cff3fcb20d3b3af4f3363c3ddb24d33c6879/hibernate-commons-annotations-5.0.1.Final.jar
7f93117b6000-7f93117bb000 r--s 00048000 103:02 129491                    /home/mzh/.gradle/caches/modules-2/files-2.1/dom4j/dom4j/1.6.1/5d3ccc056b6f056dbf0dddfdf43894b9065a8f94/dom4j-1.6.1.jar
7f93117bb000-7f93117bd000 r--s 0000e000 103:02 129749                    /home/mzh/.gradle/caches/modules-2/files-2.1/com.fasterxml/classmate/1.3.4/3d5f48f10bbe4eb7bd862f10c0583be2e0053c6/classmate-1.3.4.jar
7f93117bd000-7f93117c0000 r--s 0002b000 103:02 129489                    /home/mzh/.gradle/caches/modules-2/files-2.1/org.jboss/jandex/2.0.3.Final/bfc4d6257dbff7a33a357f0de116be6ff951d849/jandex-2.0.3.Final.jar
7f93117c0000-7f93117c1000 r--s 00003000 103:02 129488                    /home/mzh/.gradle/caches/modules-2/files-2.1/org.apache.geronimo.specs/geronimo-jta_1.1_spec/1.1.1/aabab3165b8ea936b9360abbf448459c0d04a5a4/geronimo-jta_1.1_spec-1.1.1.jar
7f93117c1000-7f93117c6000 r--s 00068000 103:02 129487                    /home/mzh/.gradle/caches/modules-2/files-2.1/antlr/antlr/2.7.7/83cd2cd674a217ade95a4bb83a8a14f351f48bd0/antlr-2.7.7.jar
7f93117c6000-7f93117c8000 r--s 0000f000 103:02 129748                    /home/mzh/.gradle/caches/modules-2/files-2.1/org.jboss.logging/jboss-logging/3.3.2.Final/3789d00e859632e6c6206adc0c71625559e6e3b0/jboss-logging-3.3.2.Final.jar
7f93117c8000-7f93117d2000 r--s 0006b000 103:02 129471                    /home/mzh/.gradle/caches/modules-2/files-2.1/org.springframework/spring-orm/4.3.18.RELEASE/f5f7cef67e9729f0f96a89441ae24980c7339da8/spring-orm-4.3.18.RELEASE.jar
7f93117d2000-7f93117d6000 r--s 00039000 103:02 129456                    /home/mzh/.gradle/caches/modules-2/files-2.1/org.grails/grails-datastore-gorm-hibernate5/6.1.10.RELEASE/e936dddf7b76f8d21d21ae1e4b995bd1f0e02ddf/grails-datastore-gorm-hibernate5-6.1.10.RELEASE.jar
7f93117d6000-7f93117d9000 r--s 00012000 103:02 129446                    /home/mzh/.gradle/caches/modules-2/files-2.1/org.grails/grails-datastore-gorm-support/6.1.10.RELEASE/2bb769978840f8ac440252c03ae5dd6e472cc07e/grails-datastore-gorm-support-6.1.10.RELEASE.jar
7f93117d9000-7f93117da000 r--s 00002000 103:02 129448                    /home/mzh/.gradle/caches/modules-2/files-2.1/org.grails/grails-datastore-web/6.1.10.RELEASE/699f0312c2f584da0d5cc71fcf9f04410fbedec5/grails-datastore-web-6.1.10.RELEASE.jar
7f93117da000-7f93117dc000 r--s 00003000 103:02 129724                    /home/mzh/.gradle/caches/modules-2/files-2.1/org.grails/grails-events-compat/3.3.2/1250482ac83841a19c75b150777a2d2c28592d33/grails-events-compat-3.3.2.jar
7f93117dc000-7f93117de000 r--s 0000b000 103:02 129733                    /home/mzh/.gradle/caches/modules-2/files-2.1/org.grails/grails-events/3.3.2/a4c70fc8c391d8060d715ea68bfe4ff87761fd02/grails-events-3.3.2.jar
7f93117de000-7f93117e0000 r--s 00020000 103:02 129744                    /home/mzh/.gradle/caches/modules-2/files-2.1/org.grails.plugins/fields/2.2.8/bfb21b4e1c05db9f105159d12bcac0389b1ac464/fields-2.2.8.jar
7f93117e0000-7f93117e3000 r--s 0000e000 103:02 129732                    /home/mzh/.gradle/caches/modules-2/files-2.1/org.grails/grails-async/3.3.2/df2d4d6d96161b1105298a951c6fff31dd52e1e9/grails-async-3.3.2.jar
7f93117e3000-7f93117ed000 r--s 000aa000 103:02 129486                    /home/mzh/.gradle/caches/modules-2/files-2.1/org.javassist/javassist/3.21.0-GA/598244f595db5c5fb713731eddbb1c91a58d959b/javassist-3.21.0-GA.jar
7f93117ed000-7f93117f0000 r--s 00016000 103:02 129710                    /home/mzh/.gradle/caches/modules-2/files-2.1/org.grails/grails-validation/3.3.8/ea17d94d6f6943742cc56ecc4614ff5ce1b05d27/grails-validation-3.3.8.jar
7f93117f0000-7f93117f4000 r--s 0001e000 103:02 129743                    /home/mzh/.gradle/caches/modules-2/files-2.1/org.grails.plugins/converters/3.3.1/afc1ea5fa7d7d52e83017856fa5a651d38145048/converters-3.3.1.jar
7f93117f4000-7f93117f7000 r--s 00019000 103:02 129692                    /home/mzh/.gradle/caches/modules-2/files-2.1/org.grails/grails-plugin-controllers/3.3.8/7f0c6309c03c0b844e83161451f59ddda2079f48/grails-plugin-controllers-3.3.8.jar
7f93117f7000-7f93117fb000 r--s 00028000 103:02 129707                    /home/mzh/.gradle/caches/modules-2/files-2.1/org.grails/grails-web-common/3.3.8/b31f5b9ea65cdb0640cecf0b7ae6e20de617aad7/grails-web-common-3.3.8.jar
7f93117fb000-7f9311800000 r--s 0003a000 103:02 129740                    /home/mzh/.gradle/caches/modules-2/files-2.1/org.apache.tomcat.embed/tomcat-embed-websocket/8.5.32/ea5302e378f1449d4e5dda79e8d810c1e7931f91/tomcat-embed-websocket-8.5.32.jar
7f9311800000-7f9311805000 r--s 00037000 103:02 129742                    /home/mzh/.gradle/caches/modules-2/files-2.1/org.apache.tomcat.embed/tomcat-embed-el/8.5.32/e4fd0ee015d83fa1c5ec93ff1d05bdaf9a4480c5/tomcat-embed-el-8.5.32.jar
7f9311805000-7f931182e000 r--s 002d3000 103:02 129741                    /home/mzh/.gradle/caches/modules-2/files-2.1/org.apache.tomcat.embed/tomcat-embed-core/8.5.32/6bc6896200146010cc4666bdc6b9b0cbb453ee22/tomcat-embed-core-8.5.32.jar
7f931182e000-7f931183e000 r--s 00079000 103:02 129682                    /home/mzh/.gradle/caches/modules-2/files-2.1/org.springframework.boot/spring-boot-actuator/1.5.15.RELEASE/85be178d2300533b477127614a18fdba0929fa24/spring-boot-actuator-1.5.15.RELEASE.jar
7f931183e000-7f931184c000 r--s 00081000 103:02 129460                    /home/mzh/.gradle/caches/modules-2/files-2.1/org.grails/grails-datastore-core/6.1.10.RELEASE/b4d509cb463f0d945773cbc27d4be2dc2cc943e3/grails-datastore-core-6.1.10.RELEASE.jar
7f931184c000-7f9311865000 r--s 000fe000 103:02 129493                    /home/mzh/.gradle/caches/modules-2/files-2.1/org.springframework/spring-context/4.3.18.RELEASE/d302953b509e6d380856e245bf80c29770c08c98/spring-context-4.3.18.RELEASE.jar
7f9311865000-7f9311873000 r--s 000ad000 103:02 129499                    /home/mzh/.gradle/caches/modules-2/files-2.1/org.springframework/spring-beans/4.3.18.RELEASE/27460686b16b3ffee60bb3365cd56bba6ed860ff/spring-beans-4.3.18.RELEASE.jar
7f9311873000-7f93118c0000 r--s 0042b000 103:02 129462                    /home/mzh/.gradle/caches/modules-2/files-2.1/org.codehaus.groovy/groovy/2.4.15/74b7e0b99526c569e3a59cb84dbcc6204d601ee6/groovy-2.4.15.jar
7f93118c0000-7f931192c000 r--s 0050a000 103:02 129718                    /home/mzh/.gradle/caches/modules-2/files-2.1/org.hibernate/hibernate-core/5.1.5.Final/28366d161d448e82370e5bbd871eb2835ba0fb7b/hibernate-core-5.1.5.Final.jar
7f931192c000-7f931192f000 ---p 00000000 00:00 0 
7f931192f000-7f9311a2d000 rw-p 00000000 00:00 0 
7f9311a2d000-7f93123fc000 r--p 00000000 103:02 20321                     /usr/lib/locale/locale-archive
7f93123fc000-7f93123ff000 ---p 00000000 00:00 0 
7f93123ff000-7f93124fd000 rw-p 00000000 00:00 0 
7f93124fd000-7f9312500000 ---p 00000000 00:00 0 
7f9312500000-7f93125fe000 rw-p 00000000 00:00 0 
7f93125fe000-7f93125ff000 ---p 00000000 00:00 0 
7f93125ff000-7f9314000000 rw-p 00000000 00:00 0 
7f9314000000-7f9314021000 rw-p 00000000 00:00 0 
7f9314021000-7f9318000000 ---p 00000000 00:00 0 
7f9318000000-7f9318001000 r--s 00007000 103:02 129725                    /home/mzh/.gradle/caches/modules-2/files-2.1/org.grails/grails-events-transform/3.3.2/645c93ccb03ea27a23d6ac25265b01e5a63b9525/grails-events-transform-3.3.2.jar
7f9318001000-7f9318018000 r--s 000fe000 103:02 129501                    /home/mzh/.gradle/caches/modules-2/files-2.1/org.springframework/spring-core/4.3.18.RELEASE/4acbce682c3dfe38181d57b7e0792e2cc21e4f77/spring-core-4.3.18.RELEASE.jar
7f9318018000-7f9318e26000 rw-p 00000000 00:00 0 
7f9318e26000-7f9319000000 r--s 03d6d000 103:02 1182165                   /usr/lib/jvm/jdk1.8.0_211/jre/lib/rt.jar
7f9319000000-7f931a290000 rwxp 00000000 00:00 0 
7f931a290000-7f9328000000 ---p 00000000 00:00 0 
7f9328000000-7f932995e000 rw-p 00000000 00:00 0 
7f932995e000-7f932c000000 ---p 00000000 00:00 0 
7f932c000000-7f932c002000 r--s 00005000 103:02 129708                    /home/mzh/.gradle/caches/modules-2/files-2.1/org.grails/grails-plugin-datasource/3.3.8/a95588e21436d6d3b1baa8cedae2a06c52a7bf0c/grails-plugin-datasource-3.3.8.jar
7f932c002000-7f932c003000 r--s 00005000 103:02 129698                    /home/mzh/.gradle/caches/modules-2/files-2.1/org.grails/grails-web/3.3.8/4aa794850b39b2359652e1ae0cbe151c25ed48c/grails-web-3.3.8.jar
7f932c003000-7f932c004000 r--s 00000000 103:02 129680                    /home/mzh/.gradle/caches/modules-2/files-2.1/org.springframework.boot/spring-boot-starter/1.5.15.RELEASE/5b4419f4c8960eafba0b4f588b27dbbde9ea9abd/spring-boot-starter-1.5.15.RELEASE.jar
7f932c004000-7f932c008000 r--s 00040000 103:02 129739                    /home/mzh/.gradle/caches/modules-2/files-2.1/xalan/serializer/2.7.2/24247f3bb052ee068971393bdb83e04512bb1c3c/serializer-2.7.2.jar
7f932c008000-7f932c009000 r--s 00009000 103:02 129728                    /home/mzh/.gradle/caches/modules-2/files-2.1/org.grails/grails-spring/3.3.8/651f0a45cbc62c9c17afb25607e6335c715a41d5/grails-spring-3.3.8.jar
7f932c009000-7f932c00d000 r--s 0003a000 103:02 1321571                   /home/mzh/.m2/repository/org/grails/grails-bootstrap/3.3.8/grails-bootstrap-3.3.8.jar
7f932c00d000-7f932c015000 r--s 0003a000 103:02 129498                    /home/mzh/.gradle/caches/modules-2/files-2.1/org.springframework/spring-tx/4.3.18.RELEASE/b6b7938f7d8ba412b6663a8b950592557c2d996e/spring-tx-4.3.18.RELEASE.jar
7f932c015000-7f932c019000 r--s 00019000 103:02 129544                    /home/mzh/.gradle/caches/modules-2/files-2.1/com.googlecode.concurrentlinkedhashmap/concurrentlinkedhashmap-lru/1.4.2/2eaf3d3c9746d526ff7e5b93931d482c3887e6ac/concurrentlinkedhashmap-lru-1.4.2.jar
7f932c019000-7f932c01e000 r--s 00017000 103:02 129485                    /home/mzh/.gradle/caches/modules-2/files-2.1/org.hibernate.javax.persistence/hibernate-jpa-2.1-api/1.0.0.Final/5e731d961297e5a07290bfaf3db1fbc8bbbf405a/hibernate-jpa-2.1-api-1.0.0.Final.jar
7f932c01e000-7f932c020000 r--s 00009000 103:02 129465                    /home/mzh/.gradle/caches/modules-2/files-2.1/org.slf4j/slf4j-api/1.7.25/da76ca59f6a57ee3102f8f9bd9cee742973efa8a/slf4j-api-1.7.25.jar
7f932c020000-7f932c030000 r--s 00097000 103:02 129731                    /home/mzh/.gradle/caches/modules-2/files-2.1/org.springframework.boot/spring-boot/1.5.15.RELEASE/79126cdbd541d1fd9a1497efddb00848bf7b201/spring-boot-1.5.15.RELEASE.jar
7f932c030000-7f932c032000 r--s 00004000 103:02 129730                    /home/mzh/.gradle/caches/modules-2/files-2.1/org.slf4j/log4j-over-slf4j/1.7.25/a87bb47468f47ee7aabbd54f93e133d4215769c3/log4j-over-slf4j-1.7.25.jar
7f932c032000-7f932c034000 r--s 00000000 103:02 129729                    /home/mzh/.gradle/caches/modules-2/files-2.1/org.slf4j/jul-to-slf4j/1.7.25/af5364cd6679bfffb114f0dec8a157aaa283b76/jul-to-slf4j-1.7.25.jar
7f932c034000-7f932c036000 r--s 00003000 103:02 129463                    /home/mzh/.gradle/caches/modules-2/files-2.1/org.slf4j/jcl-over-slf4j/1.7.25/f8c32b13ff142a513eeb5b6330b1588dcb2c0461/jcl-over-slf4j-1.7.25.jar
7f932c036000-7f932c03d000 r--s 00045000 103:02 129723                    /home/mzh/.gradle/caches/modules-2/files-2.1/ch.qos.logback/logback-classic/1.1.11/ccedfbacef4a6515d2983e3f89ed753d5d4fb665/logback-classic-1.1.11.jar
7f932c03d000-7f932c03f000 r--s 0001e000 103:02 129722                    /home/mzh/.gradle/caches/modules-2/files-2.1/com.bertramlabs.plugins/asset-pipeline-grails/2.14.8/b7a8bc6c1a6d7c499cd1a001d6d886365062b9e7/asset-pipeline-grails-2.14.8.jar
7f932c03f000-7f932c042000 r--s 00022000 103:02 129721                    /home/mzh/.gradle/caches/modules-2/files-2.1/org.apache.tomcat/tomcat-jdbc/8.5.32/9d2bf02f75c1f72b5346b60263d44b1a1ab8da43/tomcat-jdbc-8.5.32.jar
7f932c042000-7f932c052000 r--s 001c7000 103:02 129720                    /home/mzh/.gradle/caches/modules-2/files-2.1/com.h2database/h2/1.4.197/bb391050048ca8ae3e32451b5a3714ecd3596a46/h2-1.4.197.jar
7f932c052000-7f932c055000 r--s 00018000 103:02 129719                    /home/mzh/.gradle/caches/modules-2/files-2.1/org.glassfish.web/el-impl/2.1.2-b03/6bab1211b6e6b191fdbf06067bd05d2f75a62ac0/el-impl-2.1.2-b03.jar
7f932c055000-7f932c05a000 r--s 0004b000 103:02 129694                    /home/mzh/.gradle/caches/modules-2/files-2.1/org.grails.plugins/gsp/3.3.1/7b40598abe73d8535b2dd4503467d5c0c415b7b5/gsp-3.3.1.jar
7f932c05a000-7f932c05b000 r--s 00006000 103:02 129445                    /home/mzh/.gradle/caches/modules-2/files-2.1/org.grails.plugins/hibernate5/6.1.10/6929b4844ceaa1f933a1cf74e32cca9c007d2bb8/hibernate5-6.1.10.jar
7f932c05b000-7f932c05d000 r--s 00006000 103:02 129717                    /home/mzh/.gradle/caches/modules-2/files-2.1/org.grails.plugins/scaffolding/3.4.1/3794a2154aa473fd2281e1e36de398815a63e740/scaffolding-3.4.1.jar
7f932c05d000-7f932c060000 r--s 0000c000 103:02 129686                    /home/mzh/.gradle/caches/modules-2/files-2.1/org.grails.plugins/async/3.3.2/849be6dcabfba176078915404451c4b4479c6d49/async-3.3.2.jar
7f932c060000-7f932c062000 r--s 00011000 103:02 129716                    /home/mzh/.gradle/caches/modules-2/files-2.1/org.grails.plugins/cache/4.0.0/72be24e2f8b3e5407048f5cc5186dcd32e8de841/cache-4.0.0.jar
7f932c062000-7f932c070000 r--s 000b0000 103:02 129714                    /home/mzh/.gradle/caches/modules-2/files-2.1/org.grails/grails-core/3.3.8/d535a1f07ed1a1ce388bc18c8b63a3f3abd1aeee/grails-core-3.3.8.jar
7f932c070000-7f932c091000 r--s 000e6000 103:02 129764                    /home/mzh/.gradle/caches/modules-2/files-2.1/org.springframework.boot/spring-boot-autoconfigure/1.5.15.RELEASE/9cb093e335fc58e61581edcb959813b62731ef8e/spring-boot-autoconfigure-1.5.15.RELEASE.jar
7f932c091000-7f932ca60000 rw-p 00000000 00:00 0 
7f932ca60000-7f932ca61000 ---p 00000000 00:00 0 
7f932ca61000-7f932cb61000 rw-p 00000000 00:00 0 
7f932cb61000-7f932cb62000 ---p 00000000 00:00 0 
7f932cb62000-7f932cc62000 rw-p 00000000 00:00 0 
7f932cc62000-7f932cc63000 ---p 00000000 00:00 0 
7f932cc63000-7f932cd63000 rw-p 00000000 00:00 0 
7f932cd63000-7f932cd64000 ---p 00000000 00:00 0 
7f932cd64000-7f932d130000 rw-p 00000000 00:00 0 
7f932d130000-7f932d4a5000 ---p 00000000 00:00 0 
7f932d4a5000-7f932d4c0000 r-xp 00000000 103:02 1443736                   /usr/lib/jvm/jdk1.8.0_211/jre/lib/amd64/libzip.so
7f932d4c0000-7f932d6bf000 ---p 0001b000 103:02 1443736                   /usr/lib/jvm/jdk1.8.0_211/jre/lib/amd64/libzip.so
7f932d6bf000-7f932d6c0000 r--p 0001a000 103:02 1443736                   /usr/lib/jvm/jdk1.8.0_211/jre/lib/amd64/libzip.so
7f932d6c0000-7f932d6c1000 rw-p 0001b000 103:02 1443736                   /usr/lib/jvm/jdk1.8.0_211/jre/lib/amd64/libzip.so
7f932d6c1000-7f932d6cc000 r-xp 00000000 103:02 12803                     /lib/x86_64-linux-gnu/libnss_files-2.27.so
7f932d6cc000-7f932d8cb000 ---p 0000b000 103:02 12803                     /lib/x86_64-linux-gnu/libnss_files-2.27.so
7f932d8cb000-7f932d8cc000 r--p 0000a000 103:02 12803                     /lib/x86_64-linux-gnu/libnss_files-2.27.so
7f932d8cc000-7f932d8cd000 rw-p 0000b000 103:02 12803                     /lib/x86_64-linux-gnu/libnss_files-2.27.so
7f932d8cd000-7f932d8d3000 rw-p 00000000 00:00 0 
7f932d8d3000-7f932d8ea000 r-xp 00000000 103:02 12797                     /lib/x86_64-linux-gnu/libnsl-2.27.so
7f932d8ea000-7f932dae9000 ---p 00017000 103:02 12797                     /lib/x86_64-linux-gnu/libnsl-2.27.so
7f932dae9000-7f932daea000 r--p 00016000 103:02 12797                     /lib/x86_64-linux-gnu/libnsl-2.27.so
7f932daea000-7f932daeb000 rw-p 00017000 103:02 12797                     /lib/x86_64-linux-gnu/libnsl-2.27.so
7f932daeb000-7f932daed000 rw-p 00000000 00:00 0 
7f932daed000-7f932daf8000 r-xp 00000000 103:02 12814                     /lib/x86_64-linux-gnu/libnss_nis-2.27.so
7f932daf8000-7f932dcf7000 ---p 0000b000 103:02 12814                     /lib/x86_64-linux-gnu/libnss_nis-2.27.so
7f932dcf7000-7f932dcf8000 r--p 0000a000 103:02 12814                     /lib/x86_64-linux-gnu/libnss_nis-2.27.so
7f932dcf8000-7f932dcf9000 rw-p 0000b000 103:02 12814                     /lib/x86_64-linux-gnu/libnss_nis-2.27.so
7f932dcf9000-7f932dd01000 r-xp 00000000 103:02 12799                     /lib/x86_64-linux-gnu/libnss_compat-2.27.so
7f932dd01000-7f932df01000 ---p 00008000 103:02 12799                     /lib/x86_64-linux-gnu/libnss_compat-2.27.so
7f932df01000-7f932df02000 r--p 00008000 103:02 12799                     /lib/x86_64-linux-gnu/libnss_compat-2.27.so
7f932df02000-7f932df03000 rw-p 00009000 103:02 12799                     /lib/x86_64-linux-gnu/libnss_compat-2.27.so
7f932df03000-7f932df0d000 r-xp 00000000 103:02 1443738                   /usr/lib/jvm/jdk1.8.0_211/jre/lib/amd64/libinstrument.so
7f932df0d000-7f932e10c000 ---p 0000a000 103:02 1443738                   /usr/lib/jvm/jdk1.8.0_211/jre/lib/amd64/libinstrument.so
7f932e10c000-7f932e10d000 r--p 00009000 103:02 1443738                   /usr/lib/jvm/jdk1.8.0_211/jre/lib/amd64/libinstrument.so
7f932e10d000-7f932e10e000 rw-p 0000a000 103:02 1443738                   /usr/lib/jvm/jdk1.8.0_211/jre/lib/amd64/libinstrument.so
7f932e10e000-7f932e13a000 r-xp 00000000 103:02 1443727                   /usr/lib/jvm/jdk1.8.0_211/jre/lib/amd64/libjava.so
7f932e13a000-7f932e33a000 ---p 0002c000 103:02 1443727                   /usr/lib/jvm/jdk1.8.0_211/jre/lib/amd64/libjava.so
7f932e33a000-7f932e33b000 r--p 0002c000 103:02 1443727                   /usr/lib/jvm/jdk1.8.0_211/jre/lib/amd64/libjava.so
7f932e33b000-7f932e33d000 rw-p 0002d000 103:02 1443727                   /usr/lib/jvm/jdk1.8.0_211/jre/lib/amd64/libjava.so
7f932e33d000-7f932e34a000 r-xp 00000000 103:02 1443718                   /usr/lib/jvm/jdk1.8.0_211/jre/lib/amd64/libverify.so
7f932e34a000-7f932e549000 ---p 0000d000 103:02 1443718                   /usr/lib/jvm/jdk1.8.0_211/jre/lib/amd64/libverify.so
7f932e549000-7f932e54b000 r--p 0000c000 103:02 1443718                   /usr/lib/jvm/jdk1.8.0_211/jre/lib/amd64/libverify.so
7f932e54b000-7f932e54c000 rw-p 0000e000 103:02 1443718                   /usr/lib/jvm/jdk1.8.0_211/jre/lib/amd64/libverify.so
7f932e54c000-7f932e553000 r-xp 00000000 103:02 12852                     /lib/x86_64-linux-gnu/librt-2.27.so
7f932e553000-7f932e752000 ---p 00007000 103:02 12852                     /lib/x86_64-linux-gnu/librt-2.27.so
7f932e752000-7f932e753000 r--p 00006000 103:02 12852                     /lib/x86_64-linux-gnu/librt-2.27.so
7f932e753000-7f932e754000 rw-p 00007000 103:02 12852                     /lib/x86_64-linux-gnu/librt-2.27.so
7f932e754000-7f932e8f1000 r-xp 00000000 103:02 12776                     /lib/x86_64-linux-gnu/libm-2.27.so
7f932e8f1000-7f932eaf0000 ---p 0019d000 103:02 12776                     /lib/x86_64-linux-gnu/libm-2.27.so
7f932eaf0000-7f932eaf1000 r--p 0019c000 103:02 12776                     /lib/x86_64-linux-gnu/libm-2.27.so
7f932eaf1000-7f932eaf2000 rw-p 0019d000 103:02 12776                     /lib/x86_64-linux-gnu/libm-2.27.so
7f932eaf2000-7f932f7da000 r-xp 00000000 103:02 1443734                   /usr/lib/jvm/jdk1.8.0_211/jre/lib/amd64/server/libjvm.so
7f932f7da000-7f932f9d9000 ---p 00ce8000 103:02 1443734                   /usr/lib/jvm/jdk1.8.0_211/jre/lib/amd64/server/libjvm.so
7f932f9d9000-7f932fa6f000 r--p 00ce7000 103:02 1443734                   /usr/lib/jvm/jdk1.8.0_211/jre/lib/amd64/server/libjvm.so
7f932fa6f000-7f932faa0000 rw-p 00d7d000 103:02 1443734                   /usr/lib/jvm/jdk1.8.0_211/jre/lib/amd64/server/libjvm.so
7f932faa0000-7f932fadb000 rw-p 00000000 00:00 0 
7f932fadb000-7f932fcc2000 r-xp 00000000 103:02 12723                     /lib/x86_64-linux-gnu/libc-2.27.so
7f932fcc2000-7f932fec2000 ---p 001e7000 103:02 12723                     /lib/x86_64-linux-gnu/libc-2.27.so
7f932fec2000-7f932fec6000 r--p 001e7000 103:02 12723                     /lib/x86_64-linux-gnu/libc-2.27.so
7f932fec6000-7f932fec8000 rw-p 001eb000 103:02 12723                     /lib/x86_64-linux-gnu/libc-2.27.so
7f932fec8000-7f932fecc000 rw-p 00000000 00:00 0 
7f932fecc000-7f932fecf000 r-xp 00000000 103:02 12740                     /lib/x86_64-linux-gnu/libdl-2.27.so
7f932fecf000-7f93300ce000 ---p 00003000 103:02 12740                     /lib/x86_64-linux-gnu/libdl-2.27.so
7f93300ce000-7f93300cf000 r--p 00002000 103:02 12740                     /lib/x86_64-linux-gnu/libdl-2.27.so
7f93300cf000-7f93300d0000 rw-p 00003000 103:02 12740                     /lib/x86_64-linux-gnu/libdl-2.27.so
7f93300d0000-7f93300e7000 r-xp 00000000 103:02 1442856                   /usr/lib/jvm/jdk1.8.0_211/lib/amd64/jli/libjli.so
7f93300e7000-7f93302e6000 ---p 00017000 103:02 1442856                   /usr/lib/jvm/jdk1.8.0_211/lib/amd64/jli/libjli.so
7f93302e6000-7f93302e7000 r--p 00016000 103:02 1442856                   /usr/lib/jvm/jdk1.8.0_211/lib/amd64/jli/libjli.so
7f93302e7000-7f93302e8000 rw-p 00017000 103:02 1442856                   /usr/lib/jvm/jdk1.8.0_211/lib/amd64/jli/libjli.so
7f93302e8000-7f9330302000 r-xp 00000000 103:02 12846                     /lib/x86_64-linux-gnu/libpthread-2.27.so
7f9330302000-7f9330501000 ---p 0001a000 103:02 12846                     /lib/x86_64-linux-gnu/libpthread-2.27.so
7f9330501000-7f9330502000 r--p 00019000 103:02 12846                     /lib/x86_64-linux-gnu/libpthread-2.27.so
7f9330502000-7f9330503000 rw-p 0001a000 103:02 12846                     /lib/x86_64-linux-gnu/libpthread-2.27.so
7f9330503000-7f9330507000 rw-p 00000000 00:00 0 
7f9330507000-7f933052e000 r-xp 00000000 103:02 12695                     /lib/x86_64-linux-gnu/ld-2.27.so
7f933052e000-7f933052f000 r--s 00001000 103:02 129688                    /home/mzh/.gradle/caches/modules-2/files-2.1/org.grails.plugins/events/3.3.2/c43aed0886464bc62b8ef2c4963ea1bedeb19e6/events-3.3.2.jar
7f933052f000-7f9330530000 r--s 00008000 103:02 129690                    /home/mzh/.gradle/caches/modules-2/files-2.1/org.grails/grails-plugin-interceptors/3.3.8/4230f5e53d8c50415f70e84cfc283bbe4a3e73b1/grails-plugin-interceptors-3.3.8.jar
7f9330530000-7f9330532000 r--s 00004000 103:02 129691                    /home/mzh/.gradle/caches/modules-2/files-2.1/org.grails/grails-plugin-url-mappings/3.3.8/4f5727cb0224d23640a9483503c837c1cfeb7e5e/grails-plugin-url-mappings-3.3.8.jar
7f9330532000-7f9330534000 r--s 00003000 103:02 129685                    /home/mzh/.gradle/caches/modules-2/files-2.1/org.grails/grails-plugin-services/3.3.8/3cb9c7dfc54107346e6deaffcb144f3019096cfa/grails-plugin-services-3.3.8.jar
7f9330534000-7f9330614000 rw-p 00000000 00:00 0 
7f9330614000-7f9330615000 ---p 00000000 00:00 0 
7f9330615000-7f9330618000 ---p 00000000 00:00 0 
7f9330618000-7f9330719000 rw-p 00000000 00:00 0 
7f9330719000-7f933071a000 r--s 00003000 103:02 129693                    /home/mzh/.gradle/caches/modules-2/files-2.1/org.grails/grails-plugin-i18n/3.3.8/a01c648c61520a89dcbe57b57656ed8d98995852/grails-plugin-i18n-3.3.8.jar
7f933071a000-7f933071b000 r--s 00004000 103:02 129684                    /home/mzh/.gradle/caches/modules-2/files-2.1/org.grails/grails-plugin-databinding/3.3.8/5dfc9e914c81c413ebf432e1c5459794ce673291/grails-plugin-databinding-3.3.8.jar
7f933071b000-7f933071f000 r--s 00031000 103:02 129689                    /home/mzh/.gradle/caches/modules-2/files-2.1/org.grails/grails-plugin-rest/3.3.8/8c6bc7985e3941e60336443e9f833b29ec573451/grails-plugin-rest-3.3.8.jar
7f933071f000-7f9330720000 r--s 00000000 103:02 129683                    /home/mzh/.gradle/caches/modules-2/files-2.1/org.grails/grails-logging/3.3.8/2c8647c42d85b7708d239ba3b2c2b422514f4fe9/grails-logging-3.3.8.jar
7f9330720000-7f9330721000 r--s 00001000 103:02 129687                    /home/mzh/.gradle/caches/modules-2/files-2.1/org.grails/grails-web-boot/3.3.8/173becb00d5a1d7cb1f1a44533d9ca8efd9843a/grails-web-boot-3.3.8.jar
7f9330721000-7f9330722000 r--s 00000000 103:02 129715                    /home/mzh/.gradle/caches/modules-2/files-2.1/org.springframework.boot/spring-boot-starter-tomcat/1.5.15.RELEASE/4e1bf3cd8480137b32c61d6f0fb54a4b81406a80/spring-boot-starter-tomcat-1.5.15.RELEASE.jar
7f9330722000-7f9330723000 r--s 00000000 103:02 129679                    /home/mzh/.gradle/caches/modules-2/files-2.1/org.springframework.boot/spring-boot-starter-actuator/1.5.15.RELEASE/2f2e793c6c4592d99e58cf0668d1fcf2a84247f2/spring-boot-starter-actuator-1.5.15.RELEASE.jar
7f9330723000-7f9330724000 r--s 00000000 103:02 129681                    /home/mzh/.gradle/caches/modules-2/files-2.1/org.springframework.boot/spring-boot-starter-logging/1.5.15.RELEASE/3a0d1b63705bb75ac54884c6c169b1e1908f1375/spring-boot-starter-logging-1.5.15.RELEASE.jar
7f9330724000-7f933072c000 rw-s 00000000 103:02 131094                    /tmp/hsperfdata_mzh/31294
7f933072c000-7f933072d000 rw-p 00000000 00:00 0 
7f933072d000-7f933072e000 r--p 00000000 00:00 0 
7f933072e000-7f933072f000 r--p 00027000 103:02 12695                     /lib/x86_64-linux-gnu/ld-2.27.so
7f933072f000-7f9330730000 rw-p 00028000 103:02 12695                     /lib/x86_64-linux-gnu/ld-2.27.so
7f9330730000-7f9330731000 rw-p 00000000 00:00 0 
7ffe24296000-7ffe242bc000 rw-p 00000000 00:00 0                          [stack]
7ffe24352000-7ffe24355000 r--p 00000000 00:00 0                          [vvar]
7ffe24355000-7ffe24357000 r-xp 00000000 00:00 0                          [vdso]
ffffffffff600000-ffffffffff601000 r-xp 00000000 00:00 0                  [vsyscall]

VM Arguments:
jvm_args: -Dendpoints.shutdown.enabled=true -Denv=development -Dfull.stacktrace=true -Dgrails.env=development -Dgrails.full.stacktrace=true -Dinfo.app.grailsVersion=3.3.8 -Dinfo.app.name=fs19-de-graded-exercise-mzhKU -Dinfo.app.version=0.1 -Djdk.reflect.allowGetCallerClass=true -Drun.active=true -Dshow.stacktrace=true -Dspring.output.ansi.enabled=always -Dspring.profiles.active -Dspringloaded=inclusions=grails.plugins..*;synchronize=true;allowSplitPackages=true;cacheDir=/home/mzh/mnt-data/00_fhnw/fs19-de-graded-exercise-mzhKU/build/springloaded -Dverbose=false -XX:+TieredCompilation -XX:TieredStopAtLevel=1 -XX:CICompilerCount=3 -javaagent:/home/mzh/.gradle/caches/modules-2/files-2.1/org.springframework/springloaded/1.2.8.RELEASE/b60bac05b0451cdc1863bfec617f39aa0dcaaa43/springloaded-1.2.8.RELEASE.jar -Xverify:none -Xms768m -Xmx768m -Dfile.encoding=UTF-8 -Duser.country=US -Duser.language=en -Duser.variant 
java_command: webec.Application
java_class_path (initial): /home/mzh/mnt-data/00_fhnw/fs19-de-graded-exercise-mzhKU/src/main/resources:/home/mzh/mnt-data/00_fhnw/fs19-de-graded-exercise-mzhKU/grails-app/views:/home/mzh/mnt-data/00_fhnw/fs19-de-graded-exercise-mzhKU/grails-app/i18n:/home/mzh/mnt-data/00_fhnw/fs19-de-graded-exercise-mzhKU/grails-app/conf:/home/mzh/mnt-data/00_fhnw/fs19-de-graded-exercise-mzhKU/build/classes/main:/home/mzh/mnt-data/00_fhnw/fs19-de-graded-exercise-mzhKU/build/resources/main:/home/mzh/mnt-data/00_fhnw/fs19-de-graded-exercise-mzhKU/gsp-classes:/home/mzh/.gradle/caches/modules-2/files-2.1/org.springframework.boot/spring-boot-starter-logging/1.5.15.RELEASE/3a0d1b63705bb75ac54884c6c169b1e1908f1375/spring-boot-starter-logging-1.5.15.RELEASE.jar:/home/mzh/.gradle/caches/modules-2/files-2.1/org.springframework.boot/spring-boot-autoconfigure/1.5.15.RELEASE/9cb093e335fc58e61581edcb959813b62731ef8e/spring-boot-autoconfigure-1.5.15.RELEASE.jar:/home/mzh/.gradle/caches/modules-2/files-2.1/org.grails/grails-core/3.3.8/d535a1f07ed1a1ce388bc18c8b63a3f3abd1aeee/grails-core-3.3.8.jar:/home/mzh/.gradle/caches/modules-2/files-2.1/org.springframework.boot/spring-boot-starter-actuator/1.5.15.RELEASE/2f2e793c6c4592d99e58cf0668d1fcf2a84247f2/spring-boot-starter-actuator-1.5.15.RELEASE.jar:/home/mzh/.gradle/caches/modules-2/files-2.1/org.springframework.boot/spring-boot-starter-tomcat/1.5.15.RELEASE/4e1bf3cd8480137b32c61d6f0fb54a4b81406a80/spring-boot-starter-tomcat-1.5.15.RELEASE.jar:/home/mzh/.gradle/caches/modules-2/files-2.1/org.grails/grails-web-boot/3.3.8/173becb00d5a1d7cb1f1a44533d9ca8efd9843a/grails-web-boot-3.3.8.jar:/home/mzh/.gradle/caches/modules-2/files-2.1/org.grails/grails-logging/3.3.8/2c8647c42d85b7708d239ba3b2c2b422514f4fe9/grails-logging-3.3.8.jar:/home/mzh/.gradle/caches/modules-2/files-2.1/org.grails/grails-plugin-rest/3.3.8/8c6bc7985e3941e60336443e9f833b29ec573451/grails-plugin-rest-3.3.8.jar:/home/mzh/.gradle/caches/modules-2/files-2.1/org.grails/grails-plugin-databin
Launcher Type: SUN_STANDARD

Environment Variables:
PATH=/home/mzh/.local/bin:/usr/local/sbin:/usr/local/bin:/usr/sbin:/usr/bin:/sbin:/bin:/usr/games:/usr/local/games:/snap/bin
USERNAME=mzh
SHELL=/bin/bash
DISPLAY=:0

Signal Handlers:
SIGSEGV: [libjvm.so+0xad3d90], sa_mask[0]=11111111011111111101111111111110, sa_flags=SA_RESTART|SA_SIGINFO
SIGBUS: [libjvm.so+0xad3d90], sa_mask[0]=11111111011111111101111111111110, sa_flags=SA_RESTART|SA_SIGINFO
SIGFPE: [libjvm.so+0x90b8b0], sa_mask[0]=11111111011111111101111111111110, sa_flags=SA_RESTART|SA_SIGINFO
SIGPIPE: [libjvm.so+0x90b8b0], sa_mask[0]=11111111011111111101111111111110, sa_flags=SA_RESTART|SA_SIGINFO
SIGXFSZ: [libjvm.so+0x90b8b0], sa_mask[0]=11111111011111111101111111111110, sa_flags=SA_RESTART|SA_SIGINFO
SIGILL: [libjvm.so+0x90b8b0], sa_mask[0]=11111111011111111101111111111110, sa_flags=SA_RESTART|SA_SIGINFO
SIGUSR1: SIG_DFL, sa_mask[0]=00000000000000000000000000000000, sa_flags=none
SIGUSR2: [libjvm.so+0x90b780], sa_mask[0]=00100000000000000000000000000000, sa_flags=SA_RESTART|SA_SIGINFO
SIGHUP: SIG_IGN, sa_mask[0]=00000000000000000000000000000000, sa_flags=none
SIGINT: [libjvm.so+0x90bda0], sa_mask[0]=11111111011111111101111111111110, sa_flags=SA_RESTART|SA_SIGINFO
SIGTERM: [libjvm.so+0x90bda0], sa_mask[0]=11111111011111111101111111111110, sa_flags=SA_RESTART|SA_SIGINFO
SIGQUIT: [libjvm.so+0x90bda0], sa_mask[0]=11111111011111111101111111111110, sa_flags=SA_RESTART|SA_SIGINFO


---------------  S Y S T E M  ---------------

OS:DISTRIB_ID=Ubuntu
DISTRIB_RELEASE=18.04
DISTRIB_CODENAME=bionic
DISTRIB_DESCRIPTION="Ubuntu 18.04.2 LTS"

uname:Linux 4.18.0-17-generic #18~18.04.1-Ubuntu SMP Fri Mar 15 15:27:12 UTC 2019 x86_64
libc:glibc 2.27 NPTL 2.27 
rlimit: STACK 8192k, CORE 0k, NPROC 30015, NOFILE 1048576, AS infinity
load average:1,05 0,90 1,04

/proc/meminfo:
MemTotal:        8046520 kB
MemFree:          148948 kB
MemAvailable:     515304 kB
Buffers:           51932 kB
Cached:          1056508 kB
SwapCached:        26676 kB
Active:          6249288 kB
Inactive:        1219156 kB
Active(anon):    5991400 kB
Inactive(anon):   927256 kB
Active(file):     257888 kB
Inactive(file):   291900 kB
Unevictable:         104 kB
Mlocked:             104 kB
SwapTotal:       2097148 kB
SwapFree:        1507416 kB
Dirty:              1936 kB
Writeback:             0 kB
AnonPages:       6348968 kB
Mapped:           437096 kB
Shmem:            558636 kB
Slab:             214368 kB
SReclaimable:      83536 kB
SUnreclaim:       130832 kB
KernelStack:       18960 kB
PageTables:        80384 kB
NFS_Unstable:          0 kB
Bounce:                0 kB
WritebackTmp:          0 kB
CommitLimit:     6120408 kB
Committed_AS:   15120576 kB
VmallocTotal:   34359738367 kB
VmallocUsed:           0 kB
VmallocChunk:          0 kB
HardwareCorrupted:     0 kB
AnonHugePages:         0 kB
ShmemHugePages:        0 kB
ShmemPmdMapped:        0 kB
CmaTotal:              0 kB
CmaFree:               0 kB
HugePages_Total:       0
HugePages_Free:        0
HugePages_Rsvd:        0
HugePages_Surp:        0
Hugepagesize:       2048 kB
Hugetlb:               0 kB
DirectMap4k:      654964 kB
DirectMap2M:     7612416 kB
DirectMap1G:           0 kB

container (cgroup) information:
container_type: cgroupv1
cpu_cpuset_cpus: 0-3
cpu_memory_nodes: 0
active_processor_count: 4
cpu_quota: -1
cpu_period: 100000
cpu_shares: -1
memory_limit_in_bytes: -1
memory_and_swap_limit_in_bytes: -2
memory_soft_limit_in_bytes: -1
memory_usage_in_bytes: 7647526912
memory_max_usage_in_bytes: 7826128896


CPU:total 4 (initial active 4) (2 cores per cpu, 2 threads per core) family 6 model 142 stepping 9, cmov, cx8, fxsr, mmx, sse, sse2, sse3, ssse3, sse4.1, sse4.2, popcnt, avx, avx2, aes, clmul, erms, 3dnowpref, lzcnt, ht, tsc, tscinvbit, bmi1, bmi2, adx

/proc/cpuinfo:
processor	: 0
vendor_id	: GenuineIntel
cpu family	: 6
model		: 142
model name	: Intel(R) Core(TM) i5-7200U CPU @ 2.50GHz
stepping	: 9
microcode	: 0x8e
cpu MHz		: 824.951
cache size	: 3072 KB
physical id	: 0
siblings	: 4
core id		: 0
cpu cores	: 2
apicid		: 0
initial apicid	: 0
fpu		: yes
fpu_exception	: yes
cpuid level	: 22
wp		: yes
flags		: fpu vme de pse tsc msr pae mce cx8 apic sep mtrr pge mca cmov pat pse36 clflush dts acpi mmx fxsr sse sse2 ss ht tm pbe syscall nx pdpe1gb rdtscp lm constant_tsc art arch_perfmon pebs bts rep_good nopl xtopology nonstop_tsc cpuid aperfmperf tsc_known_freq pni pclmulqdq dtes64 monitor ds_cpl vmx est tm2 ssse3 sdbg fma cx16 xtpr pdcm pcid sse4_1 sse4_2 x2apic movbe popcnt tsc_deadline_timer aes xsave avx f16c rdrand lahf_lm abm 3dnowprefetch cpuid_fault epb invpcid_single pti ssbd ibrs ibpb stibp tpr_shadow vnmi flexpriority ept vpid fsgsbase tsc_adjust bmi1 avx2 smep bmi2 erms invpcid mpx rdseed adx smap clflushopt intel_pt xsaveopt xsavec xgetbv1 xsaves dtherm ida arat pln pts hwp hwp_notify hwp_act_window hwp_epp flush_l1d
bugs		: cpu_meltdown spectre_v1 spectre_v2 spec_store_bypass l1tf
bogomips	: 5424.00
clflush size	: 64
cache_alignment	: 64
address sizes	: 39 bits physical, 48 bits virtual
power management:

processor	: 1
vendor_id	: GenuineIntel
cpu family	: 6
model		: 142
model name	: Intel(R) Core(TM) i5-7200U CPU @ 2.50GHz
stepping	: 9
microcode	: 0x8e
cpu MHz		: 743.789
cache size	: 3072 KB
physical id	: 0
siblings	: 4
core id		: 1
cpu cores	: 2
apicid		: 2
initial apicid	: 2
fpu		: yes
fpu_exception	: yes
cpuid level	: 22
wp		: yes
flags		: fpu vme de pse tsc msr pae mce cx8 apic sep mtrr pge mca cmov pat pse36 clflush dts acpi mmx fxsr sse sse2 ss ht tm pbe syscall nx pdpe1gb rdtscp lm constant_tsc art arch_perfmon pebs bts rep_good nopl xtopology nonstop_tsc cpuid aperfmperf tsc_known_freq pni pclmulqdq dtes64 monitor ds_cpl vmx est tm2 ssse3 sdbg fma cx16 xtpr pdcm pcid sse4_1 sse4_2 x2apic movbe popcnt tsc_deadline_timer aes xsave avx f16c rdrand lahf_lm abm 3dnowprefetch cpuid_fault epb invpcid_single pti tpr_shadow vnmi flexpriority ept vpid fsgsbase tsc_adjust bmi1 avx2 smep bmi2 erms invpcid mpx rdseed adx smap clflushopt intel_pt xsaveopt xsavec xgetbv1 xsaves dtherm ida arat pln pts hwp hwp_notify hwp_act_window hwp_epp
bugs		: cpu_meltdown spectre_v1 spectre_v2 spec_store_bypass l1tf
bogomips	: 5424.00
clflush size	: 64
cache_alignment	: 64
address sizes	: 39 bits physical, 48 bits virtual
power management:

processor	: 2
vendor_id	: GenuineIntel
cpu family	: 6
model		: 142
model name	: Intel(R) Core(TM) i5-7200U CPU @ 2.50GHz
stepping	: 9
microcode	: 0x8e
cpu MHz		: 759.734
cache size	: 3072 KB
physical id	: 0
siblings	: 4
core id		: 0
cpu cores	: 2
apicid		: 1
initial apicid	: 1
fpu		: yes
fpu_exception	: yes
cpuid level	: 22
wp		: yes
flags		: fpu vme de pse tsc msr pae mce cx8 apic sep mtrr pge mca cmov pat pse36 clflush dts acpi mmx fxsr sse sse2 ss ht tm pbe syscall nx pdpe1gb rdtscp lm constant_tsc art arch_perfmon pebs bts rep_good nopl xtopology nonstop_tsc cpuid aperfmperf tsc_known_freq pni pclmulqdq dtes64 monitor ds_cpl vmx est tm2 ssse3 sdbg fma cx16 xtpr pdcm pcid sse4_1 sse4_2 x2apic movbe popcnt tsc_deadline_timer aes xsave avx f16c rdrand lahf_lm abm 3dnowprefetch cpuid_fault epb invpcid_single pti ssbd ibrs ibpb stibp tpr_shadow vnmi flexpriority ept vpid fsgsbase tsc_adjust bmi1 avx2 smep bmi2 erms invpcid mpx rdseed adx smap clflushopt intel_pt xsaveopt xsavec xgetbv1 xsaves dtherm ida arat pln pts hwp hwp_notify hwp_act_window hwp_epp flush_l1d
bugs		: cpu_meltdown spectre_v1 spectre_v2 spec_store_bypass l1tf
bogomips	: 5424.00
clflush size	: 64
cache_alignment	: 64
address sizes	: 39 bits physical, 48 bits virtual
power management:

processor	: 3
vendor_id	: GenuineIntel
cpu family	: 6
model		: 142
model name	: Intel(R) Core(TM) i5-7200U CPU @ 2.50GHz
stepping	: 9
microcode	: 0x8e
cpu MHz		: 749.118
cache size	: 3072 KB
physical id	: 0
siblings	: 4
core id		: 1
cpu cores	: 2
apicid		: 3
initial apicid	: 3
fpu		: yes
fpu_exception	: yes
cpuid level	: 22
wp		: yes
flags		: fpu vme de pse tsc msr pae mce cx8 apic sep mtrr pge mca cmov pat pse36 clflush dts acpi mmx fxsr sse sse2 ss ht tm pbe syscall nx pdpe1gb rdtscp lm constant_tsc art arch_perfmon pebs bts rep_good nopl xtopology nonstop_tsc cpuid aperfmperf tsc_known_freq pni pclmulqdq dtes64 monitor ds_cpl vmx est tm2 ssse3 sdbg fma cx16 xtpr pdcm pcid sse4_1 sse4_2 x2apic movbe popcnt tsc_deadline_timer aes xsave avx f16c rdrand lahf_lm abm 3dnowprefetch cpuid_fault epb invpcid_single pti ssbd ibrs ibpb stibp tpr_shadow vnmi flexpriority ept vpid fsgsbase tsc_adjust bmi1 avx2 smep bmi2 erms invpcid mpx rdseed adx smap clflushopt intel_pt xsaveopt xsavec xgetbv1 xsaves dtherm ida arat pln pts hwp hwp_notify hwp_act_window hwp_epp flush_l1d
bugs		: cpu_meltdown spectre_v1 spectre_v2 spec_store_bypass l1tf
bogomips	: 5424.00
clflush size	: 64
cache_alignment	: 64
address sizes	: 39 bits physical, 48 bits virtual
power management:



Memory: 4k page, physical 8046520k(148948k free), swap 2097148k(1507416k free)

vm_info: Java HotSpot(TM) 64-Bit Server VM (25.211-b12) for linux-amd64 JRE (1.8.0_211-b12), built on Apr  1 2019 20:39:34 by "java_re" with gcc 7.3.0

time: Mon May  6 11:15:18 2019
timezone: CEST
elapsed time: 3712 seconds (0d 1h 1m 52s)

