#
# A fatal error has been detected by the Java Runtime Environment:
#
#  SIGSEGV (0xb) at pc=0x00007f8b29023fe9, pid=15889, tid=0x00007f8ae1ae6700
#
# JRE version: Java(TM) SE Runtime Environment (8.0_211-b12) (build 1.8.0_211-b12)
# Java VM: Java HotSpot(TM) 64-Bit Server VM (25.211-b12 mixed mode linux-amd64 compressed oops)
# Problematic frame:
# j  webec.Student_$$_jvst866_2.isDirty(Ljava/lang/String;)Z+0
#
# Failed to write core dump. Core dumps have been disabled. To enable core dumping, try "ulimit -c unlimited" before starting Java again
#
# If you would like to submit a bug report, please visit:
#   http://bugreport.java.com/bugreport/crash.jsp
#

---------------  T H R E A D  ---------------

Current thread (0x00007f8b39909800):  JavaThread "http-nio-8080-exec-4" daemon [_thread_in_Java, id=15931, stack(0x00007f8ae19e6000,0x00007f8ae1ae7000)]

siginfo: si_signo: 11 (SIGSEGV), si_code: 1 (SEGV_MAPERR), si_addr: 0x00007f8a00001fa0

Registers:
RAX=0x0000000084000000, RBX=0x000000000000002c, RCX=0x00007f8a00001fa0, RDX=0x0000000000000004
RSP=0x00007f8ae1adde50, RBP=0x00007f8ae1adde90, RSI=0x00000000000000a0, RDI=0x0000000000000014
R8 =0x00007f8b3990a390, R9 =0x00007f8ae2ce5790, R10=0x00007f8b3f27fba0, R11=0x00007f8b2900071f
R12=0x0000000000000000, R13=0x00007f8ae2ce576d, R14=0x00007f8ae1addeb0, R15=0x00007f8b39909800
RIP=0x00007f8b29023fe9, EFLAGS=0x0000000000010246, CSGSFS=0x002b000000000033, ERR=0x0000000000000004
  TRAPNO=0x000000000000000e

Top of Stack: (sp=0x00007f8ae1adde50)
0x00007f8ae1adde50:   00007f8ae1adde50 00007f8ae2ce5768
0x00007f8ae1adde60:   00007f8ae1addeb0 00007f8ae2ce9198
0x00007f8ae1adde70:   0000000000000000 00007f8ae2ce5790
0x00007f8ae1adde80:   0000000000000000 00007f8ae1addea8
0x00007f8ae1adde90:   00007f8ae1addf10 00007f8b290007a7
0x00007f8ae1addea0:   00000000d31b9718 00000000f79ea918
0x00007f8ae1addeb0:   00007f8a00001fa0 00007f8ae2ce5790
0x00007f8ae1addec0:   00007f8ae1ade0e0 00007f8ae1addfb0
0x00007f8ae1added0:   00007f8b39909800 00007f8b39909800
0x00007f8ae1addee0:   00007f8ae1addfb0 00007f8ae1ade0d8
0x00007f8ae1addef0:   00007f8a0000000c 00007f8ae2ce5790
0x00007f8ae1addf00:   00007f8b29013600 00007f8ae1ade0e8
0x00007f8ae1addf10:   00007f8ae1ade020 00007f8b3e92b42b
0x00007f8ae1addf20:   0000000000000001 00007f8b39909800
0x00007f8ae1addf30:   00007f8ae1f1eed0 0000000000000000
0x00007f8ae1addf40:   00007f8ae1addf70 00007f8b0000000c
0x00007f8ae1addf50:   00007f8a0000000c 00007f8b29013600
0x00007f8ae1addf60:   00007f8b3990a310 00007f8ae1ade0d0
0x00007f8ae1addf70:   00007f8b39909800 00007f8b3990a260
0x00007f8ae1addf80:   00007f8b3990a2a0 00007f8b3990a328
0x00007f8ae1addf90:   00007f8b3990a388 00000000000000d8
0x00007f8ae1addfa0:   00007f8ae1ae0030 00007f8b39909800
0x00007f8ae1addfb0:   00007f8b39909800 00007f8ab8002fa0
0x00007f8ae1addfc0:   00007f8ae2ce5790 00000000f79ea918
0x00007f8ae1addfd0:   00007f8ae1ade340 00007f8b295a3e77
0x00007f8ae1addfe0:   0000000000000000 00007f8ae1ade0d0
0x00007f8ae1addff0:   00007f8ae1ade0e0 00007f8ae1ade0d0
0x00007f8ae1ade000:   00007f8ae2ce5790 00007f8b3f2603e9
0x00007f8ae1ade010:   00000001002d6630 00007f8b39909800
0x00007f8ae1ade020:   00007f8ae1ade210 00007f8b3ec3ce55
0x00007f8ae1ade030:   0000000000000000 00000000d2476b78
0x00007f8ae1ade040:   00007f8ae1ade060 00007f8ae1ade160 

Instructions: (pc=0x00007f8b29023fe9)
0x00007f8b29023fc9:   ff 4c 8b 6d c8 4c 8b 75 d0 c3 41 0f b7 55 01 48
0x00007f8b29023fd9:   8b 4d d8 c1 e2 02 48 8b 5c d1 20 8b 44 d1 28 59
0x00007f8b29023fe9:   48 3b 01 c1 e8 1c 83 e0 0f 0f 85 13 00 00 00 0f
0x00007f8b29023ff9:   be 04 19 50 b9 cc 00 00 00 41 88 4d 00 e9 e9 00 

Register to memory mapping:

RAX=0x0000000084000000 is an unknown value
RBX=0x000000000000002c is an unknown value
RCX=0x00007f8a00001fa0 is an unknown value
RDX=0x0000000000000004 is an unknown value
RSP=0x00007f8ae1adde50 is pointing into the stack for thread: 0x00007f8b39909800
RBP=0x00007f8ae1adde90 is pointing into the stack for thread: 0x00007f8b39909800
RSI=0x00000000000000a0 is an unknown value
RDI=0x0000000000000014 is an unknown value
R8 =0x00007f8b3990a390 is an unknown value
R9 ={method} {0x00007f8ae2ce5790} 'isDirty' '(Ljava/lang/String;)Z' in 'webec/Student_$$_jvst866_2'
R10=0x00007f8b3f27fba0: <offset 0xfdcba0> in /usr/lib/jvm/jdk1.8.0_211/jre/lib/amd64/server/libjvm.so at 0x00007f8b3e2a3000
R11=0x00007f8b2900071f is at begin+0 in a stub
StubRoutines::call_stub [0x00007f8b2900071f, 0x00007f8b29000807[ (232 bytes)
R12=0x0000000000000000 is an unknown value
R13=0x00007f8ae2ce576d is pointing into metadata
R14=0x00007f8ae1addeb0 is pointing into the stack for thread: 0x00007f8b39909800
R15=0x00007f8b39909800 is a thread


Stack: [0x00007f8ae19e6000,0x00007f8ae1ae7000],  sp=0x00007f8ae1adde50,  free space=991k
Native frames: (J=compiled Java code, j=interpreted, Vv=VM code, C=native code)
j  webec.Student_$$_jvst866_2.isDirty(Ljava/lang/String;)Z+0
v  ~StubRoutines::call_stub
V  [libjvm.so+0x68842b]  JavaCalls::call_helper(JavaValue*, methodHandle*, JavaCallArguments*, Thread*)+0xddb
V  [libjvm.so+0x999e55]  Reflection::invoke(instanceKlassHandle, methodHandle, Handle, bool, objArrayHandle, BasicType, objArrayHandle, bool, Thread*)+0xb65
V  [libjvm.so+0x99b796]  Reflection::invoke_method(oopDesc*, Handle, objArrayHandle, Thread*)+0x126
V  [libjvm.so+0x6fd472]  JVM_InvokeMethod+0x102
J 2062  sun.reflect.NativeMethodAccessorImpl.invoke0(Ljava/lang/reflect/Method;Ljava/lang/Object;[Ljava/lang/Object;)Ljava/lang/Object; (0 bytes) @ 0x00007f8b295a3eed [0x00007f8b295a3e00+0xed]
J 2061 C1 sun.reflect.NativeMethodAccessorImpl.invoke(Ljava/lang/Object;[Ljava/lang/Object;)Ljava/lang/Object; (104 bytes) @ 0x00007f8b295a4594 [0x00007f8b295a4220+0x374]
J 787 C1 sun.reflect.DelegatingMethodAccessorImpl.invoke(Ljava/lang/Object;[Ljava/lang/Object;)Ljava/lang/Object; (10 bytes) @ 0x00007f8b2938e444 [0x00007f8b2938e400+0x44]
J 786 C1 java.lang.reflect.Method.invoke(Ljava/lang/Object;[Ljava/lang/Object;)Ljava/lang/Object; (62 bytes) @ 0x00007f8b2938e054 [0x00007f8b2938df60+0xf4]
J 1918 C1 org.springsource.loaded.ri.ReflectiveInterceptor.jlrMethodInvoke(Ljava/lang/reflect/Method;Ljava/lang/Object;[Ljava/lang/Object;)Ljava/lang/Object; (2214 bytes) @ 0x00007f8b29557014 [0x00007f8b295559e0+0x1634]
J 3647 C1 org.codehaus.groovy.reflection.CachedMethod.invoke(Ljava/lang/Object;[Ljava/lang/Object;)Ljava/lang/Object; (70 bytes) @ 0x00007f8b298eb4b4 [0x00007f8b298eb480+0x34]
J 3305 C1 groovy.lang.MetaMethod.doMethodInvoke(Ljava/lang/Object;[Ljava/lang/Object;)Ljava/lang/Object; (22 bytes) @ 0x00007f8b2981ea14 [0x00007f8b2981e9a0+0x74]
J 3631 C1 groovy.lang.MetaClassImpl.getProperty(Ljava/lang/Class;Ljava/lang/Object;Ljava/lang/String;ZZ)Ljava/lang/Object; (396 bytes) @ 0x00007f8b298d5644 [0x00007f8b298d4960+0xce4]
J 7635 C1 groovy.lang.ExpandoMetaClass.getProperty(Ljava/lang/Class;Ljava/lang/Object;Ljava/lang/String;ZZ)Ljava/lang/Object; (71 bytes) @ 0x00007f8b2a05cb1c [0x00007f8b2a05c9a0+0x17c]
J 7845 C1 groovy.lang.ExpandoMetaClass.getProperty(Ljava/lang/Object;Ljava/lang/String;)Ljava/lang/Object; (43 bytes) @ 0x00007f8b2a0db8cc [0x00007f8b2a0db7c0+0x10c]
J 7969 C1 org.codehaus.groovy.runtime.callsite.PogoMetaClassGetPropertySite.getProperty(Ljava/lang/Object;)Ljava/lang/Object; (21 bytes) @ 0x00007f8b2a11c344 [0x00007f8b2a11c300+0x44]
J 7674 C1 org.codehaus.groovy.runtime.callsite.GetEffectivePogoPropertySite.callGetProperty(Ljava/lang/Object;)Ljava/lang/Object; (56 bytes) @ 0x00007f8b2a06a1c4 [0x00007f8b2a069f60+0x264]
j  webec.Rating.toString()Ljava/lang/String;+163
J 3386 C1 org.codehaus.groovy.runtime.InvokerHelper.format(Ljava/lang/Object;ZI)Ljava/lang/String; (284 bytes) @ 0x00007f8b29843684 [0x00007f8b298430c0+0x5c4]
j  org.codehaus.groovy.runtime.InvokerHelper.formatList(Ljava/util/Collection;ZIZ)Ljava/lang/String;+115
J 3384 C1 org.codehaus.groovy.runtime.InvokerHelper.toString(Ljava/lang/Object;)Ljava/lang/String; (54 bytes) @ 0x00007f8b29842734 [0x00007f8b29842540+0x1f4]
J 6430 C1 org.codehaus.groovy.runtime.DefaultGroovyMethods.toString(Ljava/lang/Object;)Ljava/lang/String; (5 bytes) @ 0x00007f8b29b287d4 [0x00007f8b29b287c0+0x14]
j  org.codehaus.groovy.runtime.dgm$708.invoke(Ljava/lang/Object;[Ljava/lang/Object;)Ljava/lang/Object;+1
J 5530 C1 org.codehaus.groovy.runtime.callsite.PojoMetaMethodSite$PojoMetaMethodSiteNoUnwrapNoCoerce.invoke(Ljava/lang/Object;[Ljava/lang/Object;)Ljava/lang/Object; (16 bytes) @ 0x00007f8b29c2ad84 [0x00007f8b29c2ad40+0x44]
J 4140 C1 org.codehaus.groovy.runtime.callsite.PojoMetaMethodSite.call(Ljava/lang/Object;[Ljava/lang/Object;)Ljava/lang/Object; (23 bytes) @ 0x00007f8b299de61c [0x00007f8b299de5a0+0x7c]
J 5949 C1 org.codehaus.groovy.runtime.callsite.CallSiteArray.defaultCall(Lorg/codehaus/groovy/runtime/callsite/CallSite;Ljava/lang/Object;[Ljava/lang/Object;)Ljava/lang/Object; (14 bytes) @ 0x00007f8b29cf6a4c [0x00007f8b29cf6a00+0x4c]
j  webec.Student$toString$1.call(Ljava/lang/Object;)Ljava/lang/Object;+45
J 8040 C1 org.codehaus.groovy.runtime.callsite.AbstractCallSite.callSafe(Ljava/lang/Object;)Ljava/lang/Object; (12 bytes) @ 0x00007f8b2a13ce5c [0x00007f8b2a13ce00+0x5c]
j  grails.plugin.formfields.FormFieldsTagLib.resolvePageScopeVariable(Ljava/lang/Object;)Ljava/lang/Object;+10
j  sun.reflect.GeneratedMethodAccessor293.invoke(Ljava/lang/Object;[Ljava/lang/Object;)Ljava/lang/Object;+40
J 787 C1 sun.reflect.DelegatingMethodAccessorImpl.invoke(Ljava/lang/Object;[Ljava/lang/Object;)Ljava/lang/Object; (10 bytes) @ 0x00007f8b2938e444 [0x00007f8b2938e400+0x44]
J 786 C1 java.lang.reflect.Method.invoke(Ljava/lang/Object;[Ljava/lang/Object;)Ljava/lang/Object; (62 bytes) @ 0x00007f8b2938e054 [0x00007f8b2938df60+0xf4]
J 1918 C1 org.springsource.loaded.ri.ReflectiveInterceptor.jlrMethodInvoke(Ljava/lang/reflect/Method;Ljava/lang/Object;[Ljava/lang/Object;)Ljava/lang/Object; (2214 bytes) @ 0x00007f8b29557164 [0x00007f8b295559e0+0x1784]
J 6607 C1 org.codehaus.groovy.runtime.callsite.PogoMetaMethodSite$PogoCachedMethodSiteNoUnwrapNoCoerce.invoke(Ljava/lang/Object;[Ljava/lang/Object;)Ljava/lang/Object; (37 bytes) @ 0x00007f8b29e52c94 [0x00007f8b29e52c60+0x34]
J 6641 C1 org.codehaus.groovy.runtime.callsite.PogoMetaMethodSite.callCurrent(Lgroovy/lang/GroovyObject;[Ljava/lang/Object;)Ljava/lang/Object; (29 bytes) @ 0x00007f8b29e6267c [0x00007f8b29e625c0+0xbc]
J 6641 C1 org.codehaus.groovy.runtime.callsite.PogoMetaMethodSite.callCurrent(Lgroovy/lang/GroovyObject;[Ljava/lang/Object;)Ljava/lang/Object; (29 bytes) @ 0x00007f8b29e626d4 [0x00007f8b29e625c0+0x114]
J 6582 C1 org.codehaus.groovy.runtime.callsite.AbstractCallSite.callCurrent(Lgroovy/lang/GroovyObject;Ljava/lang/Object;)Ljava/lang/Object; (37 bytes) @ 0x00007f8b29e475e4 [0x00007f8b29e47460+0x184]
j  grails.plugin.formfields.FormFieldsTagLib.resolveBean(Ljava/lang/Object;)Ljava/lang/Object;+11
j  sun.reflect.GeneratedMethodAccessor325.invoke(Ljava/lang/Object;[Ljava/lang/Object;)Ljava/lang/Object;+40
J 787 C1 sun.reflect.DelegatingMethodAccessorImpl.invoke(Ljava/lang/Object;[Ljava/lang/Object;)Ljava/lang/Object; (10 bytes) @ 0x00007f8b2938e444 [0x00007f8b2938e400+0x44]
J 786 C1 java.lang.reflect.Method.invoke(Ljava/lang/Object;[Ljava/lang/Object;)Ljava/lang/Object; (62 bytes) @ 0x00007f8b2938e054 [0x00007f8b2938df60+0xf4]
J 1918 C1 org.springsource.loaded.ri.ReflectiveInterceptor.jlrMethodInvoke(Ljava/lang/reflect/Method;Ljava/lang/Object;[Ljava/lang/Object;)Ljava/lang/Object; (2214 bytes) @ 0x00007f8b29557164 [0x00007f8b295559e0+0x1784]
J 3647 C1 org.codehaus.groovy.reflection.CachedMethod.invoke(Ljava/lang/Object;[Ljava/lang/Object;)Ljava/lang/Object; (70 bytes) @ 0x00007f8b298eb4b4 [0x00007f8b298eb480+0x34]
J 3305 C1 groovy.lang.MetaMethod.doMethodInvoke(Ljava/lang/Object;[Ljava/lang/Object;)Ljava/lang/Object; (22 bytes) @ 0x00007f8b2981ea14 [0x00007f8b2981e9a0+0x74]
J 3633 C1 org.codehaus.groovy.runtime.metaclass.ClosureMetaClass.invokeMethod(Ljava/lang/Class;Ljava/lang/Object;Ljava/lang/String;[Ljava/lang/Object;ZZ)Ljava/lang/Object; (872 bytes) @ 0x00007f8b298d9274 [0x00007f8b298d8100+0x1174]
J 1917 C1 groovy.lang.MetaClassImpl.invokeMethod(Ljava/lang/Object;Ljava/lang/String;[Ljava/lang/Object;)Ljava/lang/Object; (14 bytes) @ 0x00007f8b2955495c [0x00007f8b29554900+0x5c]
J 6954 C1 org.codehaus.groovy.runtime.callsite.PogoMetaClassSite.callCurrent(Lgroovy/lang/GroovyObject;[Ljava/lang/Object;)Ljava/lang/Object; (92 bytes) @ 0x00007f8b29f0aa4c [0x00007f8b29f0a940+0x10c]
J 6582 C1 org.codehaus.groovy.runtime.callsite.AbstractCallSite.callCurrent(Lgroovy/lang/GroovyObject;Ljava/lang/Object;)Ljava/lang/Object; (37 bytes) @ 0x00007f8b29e475e4 [0x00007f8b29e47460+0x184]
j  grails.plugin.formfields.FormFieldsTagLib$_closure4.doCall(Ljava/lang/Object;Ljava/lang/Object;)Ljava/lang/Object;+37
v  ~StubRoutines::call_stub
V  [libjvm.so+0x68842b]  JavaCalls::call_helper(JavaValue*, methodHandle*, JavaCallArguments*, Thread*)+0xddb
V  [libjvm.so+0x999e55]  Reflection::invoke(instanceKlassHandle, methodHandle, Handle, bool, objArrayHandle, BasicType, objArrayHandle, bool, Thread*)+0xb65
V  [libjvm.so+0x99b796]  Reflection::invoke_method(oopDesc*, Handle, objArrayHandle, Thread*)+0x126
V  [libjvm.so+0x6fd472]  JVM_InvokeMethod+0x102
J 2062  sun.reflect.NativeMethodAccessorImpl.invoke0(Ljava/lang/reflect/Method;Ljava/lang/Object;[Ljava/lang/Object;)Ljava/lang/Object; (0 bytes) @ 0x00007f8b295a3eed [0x00007f8b295a3e00+0xed]
J 2061 C1 sun.reflect.NativeMethodAccessorImpl.invoke(Ljava/lang/Object;[Ljava/lang/Object;)Ljava/lang/Object; (104 bytes) @ 0x00007f8b295a4594 [0x00007f8b295a4220+0x374]
J 787 C1 sun.reflect.DelegatingMethodAccessorImpl.invoke(Ljava/lang/Object;[Ljava/lang/Object;)Ljava/lang/Object; (10 bytes) @ 0x00007f8b2938e444 [0x00007f8b2938e400+0x44]
J 786 C1 java.lang.reflect.Method.invoke(Ljava/lang/Object;[Ljava/lang/Object;)Ljava/lang/Object; (62 bytes) @ 0x00007f8b2938e054 [0x00007f8b2938df60+0xf4]
J 1918 C1 org.springsource.loaded.ri.ReflectiveInterceptor.jlrMethodInvoke(Ljava/lang/reflect/Method;Ljava/lang/Object;[Ljava/lang/Object;)Ljava/lang/Object; (2214 bytes) @ 0x00007f8b29557164 [0x00007f8b295559e0+0x1784]
J 3647 C1 org.codehaus.groovy.reflection.CachedMethod.invoke(Ljava/lang/Object;[Ljava/lang/Object;)Ljava/lang/Object; (70 bytes) @ 0x00007f8b298eb4b4 [0x00007f8b298eb480+0x34]
J 3305 C1 groovy.lang.MetaMethod.doMethodInvoke(Ljava/lang/Object;[Ljava/lang/Object;)Ljava/lang/Object; (22 bytes) @ 0x00007f8b2981ea14 [0x00007f8b2981e9a0+0x74]
J 3633 C1 org.codehaus.groovy.runtime.metaclass.ClosureMetaClass.invokeMethod(Ljava/lang/Class;Ljava/lang/Object;Ljava/lang/String;[Ljava/lang/Object;ZZ)Ljava/lang/Object; (872 bytes) @ 0x00007f8b298d92ac [0x00007f8b298d8100+0x11ac]
J 1917 C1 groovy.lang.MetaClassImpl.invokeMethod(Ljava/lang/Object;Ljava/lang/String;[Ljava/lang/Object;)Ljava/lang/Object; (14 bytes) @ 0x00007f8b2955495c [0x00007f8b29554900+0x5c]
J 4171 C1 groovy.lang.Closure.call([Ljava/lang/Object;)Ljava/lang/Object; (30 bytes) @ 0x00007f8b299e7c3c [0x00007f8b299e7bc0+0x7c]
J 8722 C1 org.grails.gsp.GroovyPage.invokeTagLibClosure(Ljava/lang/String;Ljava/lang/String;Lgroovy/lang/Closure;Ljava/util/Map;Lgroovy/lang/Closure;ZLjava/util/Map;)V (239 bytes) @ 0x00007f8b2a2b83ac [0x00007f8b2a2b7d60+0x64c]
J 8156 C1 org.grails.gsp.GroovyPage.invokeTag(Ljava/lang/String;Ljava/lang/String;ILjava/util/Map;I)V (791 bytes) @ 0x00007f8b2a1988d4 [0x00007f8b2a197ec0+0xa14]
J 8729 C1 sun.reflect.GeneratedMethodAccessor124.invoke(Ljava/lang/Object;[Ljava/lang/Object;)Ljava/lang/Object; (246 bytes) @ 0x00007f8b2a2bcb24 [0x00007f8b2a2bc5e0+0x544]
J 787 C1 sun.reflect.DelegatingMethodAccessorImpl.invoke(Ljava/lang/Object;[Ljava/lang/Object;)Ljava/lang/Object; (10 bytes) @ 0x00007f8b2938e444 [0x00007f8b2938e400+0x44]
J 786 C1 java.lang.reflect.Method.invoke(Ljava/lang/Object;[Ljava/lang/Object;)Ljava/lang/Object; (62 bytes) @ 0x00007f8b2938e054 [0x00007f8b2938df60+0xf4]
J 1918 C1 org.springsource.loaded.ri.ReflectiveInterceptor.jlrMethodInvoke(Ljava/lang/reflect/Method;Ljava/lang/Object;[Ljava/lang/Object;)Ljava/lang/Object; (2214 bytes) @ 0x00007f8b29557164 [0x00007f8b295559e0+0x1784]
J 3647 C1 org.codehaus.groovy.reflection.CachedMethod.invoke(Ljava/lang/Object;[Ljava/lang/Object;)Ljava/lang/Object; (70 bytes) @ 0x00007f8b298eb4b4 [0x00007f8b298eb480+0x34]
J 3305 C1 groovy.lang.MetaMethod.doMethodInvoke(Ljava/lang/Object;[Ljava/lang/Object;)Ljava/lang/Object; (22 bytes) @ 0x00007f8b2981ea14 [0x00007f8b2981e9a0+0x74]
J 3633 C1 org.codehaus.groovy.runtime.metaclass.ClosureMetaClass.invokeMethod(Ljava/lang/Class;Ljava/lang/Object;Ljava/lang/String;[Ljava/lang/Object;ZZ)Ljava/lang/Object; (872 bytes) @ 0x00007f8b298d9274 [0x00007f8b298d8100+0x1174]
J 1917 C1 groovy.lang.MetaClassImpl.invokeMethod(Ljava/lang/Object;Ljava/lang/String;[Ljava/lang/Object;)Ljava/lang/Object; (14 bytes) @ 0x00007f8b2955495c [0x00007f8b29554900+0x5c]
J 6954 C1 org.codehaus.groovy.runtime.callsite.PogoMetaClassSite.callCurrent(Lgroovy/lang/GroovyObject;[Ljava/lang/Object;)Ljava/lang/Object; (92 bytes) @ 0x00007f8b29f0aa4c [0x00007f8b29f0a940+0x10c]
j  Byte_array_resource__view_____rating_index_$_run_closure2.doCall()Ljava/lang/Object;+865
v  ~StubRoutines::call_stub
V  [libjvm.so+0x68842b]  JavaCalls::call_helper(JavaValue*, methodHandle*, JavaCallArguments*, Thread*)+0xddb
V  [libjvm.so+0x999e55]  Reflection::invoke(instanceKlassHandle, methodHandle, Handle, bool, objArrayHandle, BasicType, objArrayHandle, bool, Thread*)+0xb65
V  [libjvm.so+0x99b796]  Reflection::invoke_method(oopDesc*, Handle, objArrayHandle, Thread*)+0x126
V  [libjvm.so+0x6fd472]  JVM_InvokeMethod+0x102
J 2062  sun.reflect.NativeMethodAccessorImpl.invoke0(Ljava/lang/reflect/Method;Ljava/lang/Object;[Ljava/lang/Object;)Ljava/lang/Object; (0 bytes) @ 0x00007f8b295a3eed [0x00007f8b295a3e00+0xed]
J 2061 C1 sun.reflect.NativeMethodAccessorImpl.invoke(Ljava/lang/Object;[Ljava/lang/Object;)Ljava/lang/Object; (104 bytes) @ 0x00007f8b295a4594 [0x00007f8b295a4220+0x374]
J 787 C1 sun.reflect.DelegatingMethodAccessorImpl.invoke(Ljava/lang/Object;[Ljava/lang/Object;)Ljava/lang/Object; (10 bytes) @ 0x00007f8b2938e444 [0x00007f8b2938e400+0x44]
J 786 C1 java.lang.reflect.Method.invoke(Ljava/lang/Object;[Ljava/lang/Object;)Ljava/lang/Object; (62 bytes) @ 0x00007f8b2938e054 [0x00007f8b2938df60+0xf4]
J 1918 C1 org.springsource.loaded.ri.ReflectiveInterceptor.jlrMethodInvoke(Ljava/lang/reflect/Method;Ljava/lang/Object;[Ljava/lang/Object;)Ljava/lang/Object; (2214 bytes) @ 0x00007f8b29557164 [0x00007f8b295559e0+0x1784]
J 3647 C1 org.codehaus.groovy.reflection.CachedMethod.invoke(Ljava/lang/Object;[Ljava/lang/Object;)Ljava/lang/Object; (70 bytes) @ 0x00007f8b298eb4b4 [0x00007f8b298eb480+0x34]
J 3305 C1 groovy.lang.MetaMethod.doMethodInvoke(Ljava/lang/Object;[Ljava/lang/Object;)Ljava/lang/Object; (22 bytes) @ 0x00007f8b2981ea14 [0x00007f8b2981e9a0+0x74]
J 3633 C1 org.codehaus.groovy.runtime.metaclass.ClosureMetaClass.invokeMethod(Ljava/lang/Class;Ljava/lang/Object;Ljava/lang/String;[Ljava/lang/Object;ZZ)Ljava/lang/Object; (872 bytes) @ 0x00007f8b298d92ac [0x00007f8b298d8100+0x11ac]
J 1917 C1 groovy.lang.MetaClassImpl.invokeMethod(Ljava/lang/Object;Ljava/lang/String;[Ljava/lang/Object;)Ljava/lang/Object; (14 bytes) @ 0x00007f8b2955495c [0x00007f8b29554900+0x5c]
J 4171 C1 groovy.lang.Closure.call([Ljava/lang/Object;)Ljava/lang/Object; (30 bytes) @ 0x00007f8b299e7c3c [0x00007f8b299e7bc0+0x7c]
J 8062 C1 groovy.lang.Closure.call()Ljava/lang/Object; (10 bytes) @ 0x00007f8b2a146f8c [0x00007f8b2a146f40+0x4c]
j  org.grails.taglib.TagBodyClosure.executeClosure(Ljava/lang/Object;)Ljava/lang/Object;+27
j  org.grails.taglib.TagBodyClosure.captureClosureOutput(Ljava/lang/Object;Z)Ljava/lang/Object;+81
j  org.grails.taglib.TagBodyClosure.call()Ljava/lang/Object;+3
j  org.grails.plugins.web.taglib.SitemeshTagLib.captureTagContent(Lorg/grails/buffer/GrailsPrintWriter;Ljava/lang/String;Ljava/util/Map;Ljava/lang/Object;Z)Ljava/lang/Object;+43
j  org.grails.plugins.web.taglib.SitemeshTagLib.captureTagContent(Lorg/grails/buffer/GrailsPrintWriter;Ljava/lang/String;Ljava/util/Map;Ljava/lang/Object;)Ljava/lang/Object;+25
j  org.grails.plugins.web.taglib.SitemeshTagLib$_closure3.doCall(Ljava/util/Map;Ljava/lang/Object;)Ljava/lang/Object;+37
j  sun.reflect.GeneratedMethodAccessor386.invoke(Ljava/lang/Object;[Ljava/lang/Object;)Ljava/lang/Object;+48
...<more frames>...


---------------  P R O C E S S  ---------------

Java Threads: ( => current thread )
  0x00007f8aa8006000 JavaThread "Thread-9" daemon [_thread_blocked, id=16071, stack(0x00007f8ae26ed000,0x00007f8ae27ee000)]
  0x00007f8b38017800 JavaThread "DestroyJavaVM" [_thread_blocked, id=15891, stack(0x00007f8b3fdc6000,0x00007f8b3fec6000)]
  0x00007f8b3996e800 JavaThread "Thread-6" daemon [_thread_blocked, id=15944, stack(0x00007f8ae0ad9000,0x00007f8ae0bda000)]
  0x00007f8b3996d000 JavaThread "Thread-8" [_thread_blocked, id=15943, stack(0x00007f8ae0bda000,0x00007f8ae0cdb000)]
  0x00007f8b39966800 JavaThread "Thread-7" daemon [_thread_in_native, id=15942, stack(0x00007f8ae0cdb000,0x00007f8ae0ddc000)]
  0x00007f8b3994f800 JavaThread "http-nio-8080-AsyncTimeout" daemon [_thread_blocked, id=15941, stack(0x00007f8ae0fdc000,0x00007f8ae10dd000)]
  0x00007f8b3994d800 JavaThread "http-nio-8080-Acceptor-0" daemon [_thread_in_native, id=15940, stack(0x00007f8ae10dd000,0x00007f8ae11de000)]
  0x00007f8b3994b800 JavaThread "http-nio-8080-ClientPoller-1" daemon [_thread_in_native, id=15939, stack(0x00007f8ae11de000,0x00007f8ae12df000)]
  0x00007f8b39931000 JavaThread "http-nio-8080-ClientPoller-0" daemon [_thread_in_native, id=15938, stack(0x00007f8ae12df000,0x00007f8ae13e0000)]
  0x00007f8b39915000 JavaThread "http-nio-8080-exec-10" daemon [_thread_blocked, id=15937, stack(0x00007f8ae13e0000,0x00007f8ae14e1000)]
  0x00007f8b39913000 JavaThread "http-nio-8080-exec-9" daemon [_thread_blocked, id=15936, stack(0x00007f8ae14e1000,0x00007f8ae15e2000)]
  0x00007f8b39911000 JavaThread "http-nio-8080-exec-8" daemon [_thread_blocked, id=15935, stack(0x00007f8ae15e2000,0x00007f8ae16e3000)]
  0x00007f8b3990f800 JavaThread "http-nio-8080-exec-7" daemon [_thread_blocked, id=15934, stack(0x00007f8ae16e3000,0x00007f8ae17e4000)]
  0x00007f8b3990d800 JavaThread "http-nio-8080-exec-6" daemon [_thread_blocked, id=15933, stack(0x00007f8ae17e4000,0x00007f8ae18e5000)]
  0x00007f8b3990b800 JavaThread "http-nio-8080-exec-5" daemon [_thread_blocked, id=15932, stack(0x00007f8ae18e5000,0x00007f8ae19e6000)]
=>0x00007f8b39909800 JavaThread "http-nio-8080-exec-4" daemon [_thread_in_Java, id=15931, stack(0x00007f8ae19e6000,0x00007f8ae1ae7000)]
  0x00007f8b39907800 JavaThread "http-nio-8080-exec-3" daemon [_thread_blocked, id=15930, stack(0x00007f8ae1ae7000,0x00007f8ae1be8000)]
  0x00007f8b39906000 JavaThread "http-nio-8080-exec-2" daemon [_thread_blocked, id=15929, stack(0x00007f8ae1be8000,0x00007f8ae1ce9000)]
  0x00007f8b39905000 JavaThread "http-nio-8080-exec-1" daemon [_thread_blocked, id=15928, stack(0x00007f8ae1ce9000,0x00007f8ae1dea000)]
  0x00007f8b39903000 JavaThread "NioBlockingSelector.BlockPoller-1" daemon [_thread_in_native, id=15927, stack(0x00007f8ae1dea000,0x00007f8ae1eeb000)]
  0x00007f8b3970c000 JavaThread "container-0" [_thread_blocked, id=15926, stack(0x00007f8ae22eb000,0x00007f8ae23ec000)]
  0x00007f8b3970a000 JavaThread "ContainerBackgroundProcessor[StandardEngine[Tomcat]]" daemon [_thread_blocked, id=15925, stack(0x00007f8ae23ec000,0x00007f8ae24ed000)]
  0x00007f8b38467000 JavaThread "Tomcat JDBC Pool Cleaner[414493378:1556993663716]" daemon [_thread_blocked, id=15917, stack(0x00007f8b240d6000,0x00007f8b241d7000)]
  0x00007f8b387d0800 JavaThread "FileSystemWatcher: files=#24 cl=sun.misc.Launcher$AppClassLoader@18b4aac2" daemon [_thread_blocked, id=15909, stack(0x00007f8b247ee000,0x00007f8b248ef000)]
  0x00007f8b38762800 JavaThread "Service Thread" daemon [_thread_blocked, id=15907, stack(0x00007f8b24a03000,0x00007f8b24b04000)]
  0x00007f8b38742800 JavaThread "C1 CompilerThread2" daemon [_thread_blocked, id=15906, stack(0x00007f8b24b05000,0x00007f8b24c05000)]
  0x00007f8b38732000 JavaThread "C2 CompilerThread1" daemon [_thread_blocked, id=15905, stack(0x00007f8b24c06000,0x00007f8b24d06000)]
  0x00007f8b38739800 JavaThread "C2 CompilerThread0" daemon [_thread_blocked, id=15904, stack(0x00007f8b24d07000,0x00007f8b24e07000)]
  0x00007f8b3818c800 JavaThread "Signal Dispatcher" daemon [_thread_blocked, id=15903, stack(0x00007f8b25144000,0x00007f8b25245000)]
  0x00007f8b38158800 JavaThread "Finalizer" daemon [_thread_blocked, id=15902, stack(0x00007f8b25c14000,0x00007f8b25d15000)]
  0x00007f8b38156000 JavaThread "Reference Handler" daemon [_thread_blocked, id=15901, stack(0x00007f8b25d15000,0x00007f8b25e16000)]

Other Threads:
  0x00007f8b3814c800 VMThread [stack: 0x00007f8b25e17000,0x00007f8b25f17000] [id=15900]
  0x00007f8b38765000 WatcherThread [stack: 0x00007f8b24903000,0x00007f8b24a03000] [id=15908]

VM state:not at safepoint (normal execution)

VM Mutex/Monitor currently owned by a thread: None

heap address: 0x00000000d0000000, size: 768 MB, Compressed Oops mode: 32-bit
Narrow klass base: 0x0000000000000000, Narrow klass shift: 3
Compressed class space size: 1073741824 Address: 0x0000000100000000

Heap:
 PSYoungGen      total 227328K, used 160065K [0x00000000f0000000, 0x0000000100000000, 0x0000000100000000)
  eden space 192512K, 65% used [0x00000000f0000000,0x00000000f7a90920,0x00000000fbc00000)
  from space 34816K, 99% used [0x00000000fbc00000,0x00000000fddbfd78,0x00000000fde00000)
  to   space 34816K, 0% used [0x00000000fde00000,0x00000000fde00000,0x0000000100000000)
 ParOldGen       total 524288K, used 82613K [0x00000000d0000000, 0x00000000f0000000, 0x00000000f0000000)
  object space 524288K, 15% used [0x00000000d0000000,0x00000000d50ad638,0x00000000f0000000)
 Metaspace       used 69245K, capacity 73190K, committed 73368K, reserved 1112064K
  class space    used 9205K, capacity 10411K, committed 10416K, reserved 1048576K

Card table byte_map: [0x00007f8b3c715000,0x00007f8b3c896000] byte_map_base: 0x00007f8b3c095000

Marking Bits: (ParMarkBitMap*) 0x00007f8b3f26ed80
 Begin Bits: [0x00007f8b27800000, 0x00007f8b28400000)
 End Bits:   [0x00007f8b28400000, 0x00007f8b29000000)

Polling page: 0x00007f8b3fede000

CodeCache: size=245760Kb used=20370Kb max_used=20370Kb free=225389Kb
 bounds [0x00007f8b29000000, 0x00007f8b2a3f0000, 0x00007f8b38000000]
 total_blobs=9858 nmethods=9064 adapters=705
 compilation: enabled

Compilation events (10 events):
Event: 202,855 Thread 0x00007f8b38742800 nmethod 9224 0x00007f8b2a3e5a90 code [0x00007f8b2a3e5be0, 0x00007f8b2a3e5cf0]
Event: 202,855 Thread 0x00007f8b38742800 9226       1       org.h2.mvstore.MVStore::getAutoCommitDelay (5 bytes)
Event: 202,855 Thread 0x00007f8b38742800 nmethod 9226 0x00007f8b2a3e5d50 code [0x00007f8b2a3e5ea0, 0x00007f8b2a3e5fb0]
Event: 202,856 Thread 0x00007f8b38742800 9227       1       org.h2.engine.Database::createRow (10 bytes)
Event: 202,857 Thread 0x00007f8b38742800 nmethod 9227 0x00007f8b2a3e6010 code [0x00007f8b2a3e6180, 0x00007f8b2a3e62c8]
Event: 202,857 Thread 0x00007f8b38742800 9228       1       org.h2.result.RowFactory$DefaultRowFactory::createRow (10 bytes)
Event: 202,857 Thread 0x00007f8b38742800 nmethod 9228 0x00007f8b2a3e6350 code [0x00007f8b2a3e64a0, 0x00007f8b2a3e6630]
Event: 202,857 Thread 0x00007f8b38742800 9229       1       org.h2.result.RowImpl::<init> (15 bytes)
Event: 202,857 Thread 0x00007f8b38742800 nmethod 9229 0x00007f8b2a3e66d0 code [0x00007f8b2a3e6820, 0x00007f8b2a3e6950]
Event: 202,857 Thread 0x00007f8b38742800 9230       1       org.grails.datastore.gorm.events.ConfigurableApplicationContextEventPublisher::publishEvent (13 bytes)

GC Heap History (10 events):
Event: 55,083 GC heap before
{Heap before GC invocations=26 (full 3):
 PSYoungGen      total 225792K, used 198177K [0x00000000f0000000, 0x0000000100000000, 0x0000000100000000)
  eden space 188928K, 100% used [0x00000000f0000000,0x00000000fb880000,0x00000000fb880000)
  from space 36864K, 25% used [0x00000000fdc00000,0x00000000fe508500,0x0000000100000000)
  to   space 36352K, 0% used [0x00000000fb880000,0x00000000fb880000,0x00000000fdc00000)
 ParOldGen       total 524288K, used 82573K [0x00000000d0000000, 0x00000000f0000000, 0x00000000f0000000)
  object space 524288K, 15% used [0x00000000d0000000,0x00000000d50a3638,0x00000000f0000000)
 Metaspace       used 64703K, capacity 66882K, committed 66968K, reserved 1107968K
  class space    used 8350K, capacity 9103K, committed 9136K, reserved 1048576K
Event: 55,104 GC heap after
Heap after GC invocations=26 (full 3):
 PSYoungGen      total 225280K, used 14871K [0x00000000f0000000, 0x0000000100000000, 0x0000000100000000)
  eden space 188928K, 0% used [0x00000000f0000000,0x00000000f0000000,0x00000000fb880000)
  from space 36352K, 40% used [0x00000000fb880000,0x00000000fc705e20,0x00000000fdc00000)
  to   space 35328K, 0% used [0x00000000fdd80000,0x00000000fdd80000,0x0000000100000000)
 ParOldGen       total 524288K, used 82581K [0x00000000d0000000, 0x00000000f0000000, 0x00000000f0000000)
  object space 524288K, 15% used [0x00000000d0000000,0x00000000d50a5638,0x00000000f0000000)
 Metaspace       used 64703K, capacity 66882K, committed 66968K, reserved 1107968K
  class space    used 8350K, capacity 9103K, committed 9136K, reserved 1048576K
}
Event: 73,352 GC heap before
{Heap before GC invocations=27 (full 3):
 PSYoungGen      total 225280K, used 203799K [0x00000000f0000000, 0x0000000100000000, 0x0000000100000000)
  eden space 188928K, 100% used [0x00000000f0000000,0x00000000fb880000,0x00000000fb880000)
  from space 36352K, 40% used [0x00000000fb880000,0x00000000fc705e20,0x00000000fdc00000)
  to   space 35328K, 0% used [0x00000000fdd80000,0x00000000fdd80000,0x0000000100000000)
 ParOldGen       total 524288K, used 82581K [0x00000000d0000000, 0x00000000f0000000, 0x00000000f0000000)
  object space 524288K, 15% used [0x00000000d0000000,0x00000000d50a5638,0x00000000f0000000)
 Metaspace       used 65736K, capacity 68320K, committed 68632K, reserved 1107968K
  class space    used 8548K, capacity 9409K, committed 9520K, reserved 1048576K
Event: 73,371 GC heap after
Heap after GC invocations=27 (full 3):
 PSYoungGen      total 228352K, used 18513K [0x00000000f0000000, 0x0000000100000000, 0x0000000100000000)
  eden space 193024K, 0% used [0x00000000f0000000,0x00000000f0000000,0x00000000fbc80000)
  from space 35328K, 52% used [0x00000000fdd80000,0x00000000fef94540,0x0000000100000000)
  to   space 33792K, 0% used [0x00000000fbc80000,0x00000000fbc80000,0x00000000fdd80000)
 ParOldGen       total 524288K, used 82589K [0x00000000d0000000, 0x00000000f0000000, 0x00000000f0000000)
  object space 524288K, 15% used [0x00000000d0000000,0x00000000d50a7638,0x00000000f0000000)
 Metaspace       used 65736K, capacity 68320K, committed 68632K, reserved 1107968K
  class space    used 8548K, capacity 9409K, committed 9520K, reserved 1048576K
}
Event: 88,545 GC heap before
{Heap before GC invocations=28 (full 3):
 PSYoungGen      total 228352K, used 211537K [0x00000000f0000000, 0x0000000100000000, 0x0000000100000000)
  eden space 193024K, 100% used [0x00000000f0000000,0x00000000fbc80000,0x00000000fbc80000)
  from space 35328K, 52% used [0x00000000fdd80000,0x00000000fef94540,0x0000000100000000)
  to   space 33792K, 0% used [0x00000000fbc80000,0x00000000fbc80000,0x00000000fdd80000)
 ParOldGen       total 524288K, used 82589K [0x00000000d0000000, 0x00000000f0000000, 0x00000000f0000000)
  object space 524288K, 15% used [0x00000000d0000000,0x00000000d50a7638,0x00000000f0000000)
 Metaspace       used 66314K, capacity 69254K, committed 69400K, reserved 1110016K
  class space    used 8687K, capacity 9653K, committed 9776K, reserved 1048576K
Event: 88,567 GC heap after
Heap after GC invocations=28 (full 3):
 PSYoungGen      total 226816K, used 21269K [0x00000000f0000000, 0x0000000100000000, 0x0000000100000000)
  eden space 193024K, 0% used [0x00000000f0000000,0x00000000f0000000,0x00000000fbc80000)
  from space 33792K, 62% used [0x00000000fbc80000,0x00000000fd145528,0x00000000fdd80000)
  to   space 33792K, 0% used [0x00000000fdf00000,0x00000000fdf00000,0x0000000100000000)
 ParOldGen       total 524288K, used 82597K [0x00000000d0000000, 0x00000000f0000000, 0x00000000f0000000)
  object space 524288K, 15% used [0x00000000d0000000,0x00000000d50a9638,0x00000000f0000000)
 Metaspace       used 66314K, capacity 69254K, committed 69400K, reserved 1110016K
  class space    used 8687K, capacity 9653K, committed 9776K, reserved 1048576K
}
Event: 168,469 GC heap before
{Heap before GC invocations=29 (full 3):
 PSYoungGen      total 226816K, used 214293K [0x00000000f0000000, 0x0000000100000000, 0x0000000100000000)
  eden space 193024K, 100% used [0x00000000f0000000,0x00000000fbc80000,0x00000000fbc80000)
  from space 33792K, 62% used [0x00000000fbc80000,0x00000000fd145528,0x00000000fdd80000)
  to   space 33792K, 0% used [0x00000000fdf00000,0x00000000fdf00000,0x0000000100000000)
 ParOldGen       total 524288K, used 82597K [0x00000000d0000000, 0x00000000f0000000, 0x00000000f0000000)
  object space 524288K, 15% used [0x00000000d0000000,0x00000000d50a9638,0x00000000f0000000)
 Metaspace       used 67460K, capacity 70986K, committed 71192K, reserved 1110016K
  class space    used 8898K, capacity 9921K, committed 10032K, reserved 1048576K
Event: 168,713 GC heap after
Heap after GC invocations=29 (full 3):
 PSYoungGen      total 226304K, used 26040K [0x00000000f0000000, 0x0000000100000000, 0x0000000100000000)
  eden space 192512K, 0% used [0x00000000f0000000,0x00000000f0000000,0x00000000fbc00000)
  from space 33792K, 77% used [0x00000000fdf00000,0x00000000ff86e290,0x0000000100000000)
  to   space 34816K, 0% used [0x00000000fbc00000,0x00000000fbc00000,0x00000000fde00000)
 ParOldGen       total 524288K, used 82605K [0x00000000d0000000, 0x00000000f0000000, 0x00000000f0000000)
  object space 524288K, 15% used [0x00000000d0000000,0x00000000d50ab638,0x00000000f0000000)
 Metaspace       used 67460K, capacity 70986K, committed 71192K, reserved 1110016K
  class space    used 8898K, capacity 9921K, committed 10032K, reserved 1048576K
}
Event: 186,059 GC heap before
{Heap before GC invocations=30 (full 3):
 PSYoungGen      total 226304K, used 218552K [0x00000000f0000000, 0x0000000100000000, 0x0000000100000000)
  eden space 192512K, 100% used [0x00000000f0000000,0x00000000fbc00000,0x00000000fbc00000)
  from space 33792K, 77% used [0x00000000fdf00000,0x00000000ff86e290,0x0000000100000000)
  to   space 34816K, 0% used [0x00000000fbc00000,0x00000000fbc00000,0x00000000fde00000)
 ParOldGen       total 524288K, used 82605K [0x00000000d0000000, 0x00000000f0000000, 0x00000000f0000000)
  object space 524288K, 15% used [0x00000000d0000000,0x00000000d50ab638,0x00000000f0000000)
 Metaspace       used 68695K, capacity 72522K, committed 72728K, reserved 1112064K
  class space    used 9083K, capacity 10226K, committed 10288K, reserved 1048576K
Event: 186,131 GC heap after
Heap after GC invocations=30 (full 3):
 PSYoungGen      total 227328K, used 34559K [0x00000000f0000000, 0x0000000100000000, 0x0000000100000000)
  eden space 192512K, 0% used [0x00000000f0000000,0x00000000f0000000,0x00000000fbc00000)
  from space 34816K, 99% used [0x00000000fbc00000,0x00000000fddbfd78,0x00000000fde00000)
  to   space 34816K, 0% used [0x00000000fde00000,0x00000000fde00000,0x0000000100000000)
 ParOldGen       total 524288K, used 82613K [0x00000000d0000000, 0x00000000f0000000, 0x00000000f0000000)
  object space 524288K, 15% used [0x00000000d0000000,0x00000000d50ad638,0x00000000f0000000)
 Metaspace       used 68695K, capacity 72522K, committed 72728K, reserved 1112064K
  class space    used 9083K, capacity 10226K, committed 10288K, reserved 1048576K
}

Deoptimization events (0 events):
No events

Classes redefined (0 events):
No events

Internal exceptions (10 events):
Event: 190,914 Thread 0x00007f8b39906000 Exception <a 'java/lang/ClassCastException'> (0x00000000f4581598) thrown at [/HUDSON/workspace/8-2-build-linux-amd64/jdk8u211/12973/hotspot/src/share/vm/runtime/sharedRuntime.cpp, line 605]
Event: 190,914 Thread 0x00007f8b39906000 Exception <a 'java/lang/ClassCastException'> (0x00000000f45824c0) thrown at [/HUDSON/workspace/8-2-build-linux-amd64/jdk8u211/12973/hotspot/src/share/vm/runtime/sharedRuntime.cpp, line 605]
Event: 190,914 Thread 0x00007f8b39906000 Exception <a 'java/lang/ClassCastException'> (0x00000000f45835d8) thrown at [/HUDSON/workspace/8-2-build-linux-amd64/jdk8u211/12973/hotspot/src/share/vm/runtime/sharedRuntime.cpp, line 605]
Event: 190,915 Thread 0x00007f8b39906000 Exception <a 'java/lang/ClassCastException'> (0x00000000f4586b78) thrown at [/HUDSON/workspace/8-2-build-linux-amd64/jdk8u211/12973/hotspot/src/share/vm/runtime/sharedRuntime.cpp, line 605]
Event: 190,915 Thread 0x00007f8b39906000 Exception <a 'java/lang/ClassCastException'> (0x00000000f4587c00) thrown at [/HUDSON/workspace/8-2-build-linux-amd64/jdk8u211/12973/hotspot/src/share/vm/runtime/sharedRuntime.cpp, line 605]
Event: 190,915 Thread 0x00007f8b39906000 Exception <a 'java/lang/ClassCastException'> (0x00000000f4588ce8) thrown at [/HUDSON/workspace/8-2-build-linux-amd64/jdk8u211/12973/hotspot/src/share/vm/runtime/sharedRuntime.cpp, line 605]
Event: 190,937 Thread 0x00007f8b39906000 Exception <a 'java/lang/ClassCastException'> (0x00000000f47cdaf8) thrown at [/HUDSON/workspace/8-2-build-linux-amd64/jdk8u211/12973/hotspot/src/share/vm/runtime/sharedRuntime.cpp, line 605]
Event: 190,937 Thread 0x00007f8b39906000 Exception <a 'java/lang/ClassCastException'> (0x00000000f47ce630) thrown at [/HUDSON/workspace/8-2-build-linux-amd64/jdk8u211/12973/hotspot/src/share/vm/runtime/sharedRuntime.cpp, line 605]
Event: 193,309 Thread 0x00007f8b3990f800 Exception <a 'java/lang/ClassCastException'> (0x00000000f5a7be48) thrown at [/HUDSON/workspace/8-2-build-linux-amd64/jdk8u211/12973/hotspot/src/share/vm/runtime/sharedRuntime.cpp, line 605]
Event: 202,854 Thread 0x00007f8b39909800 Exception <a 'java/lang/ClassCastException'> (0x00000000f7a821c8) thrown at [/HUDSON/workspace/8-2-build-linux-amd64/jdk8u211/12973/hotspot/src/share/vm/runtime/sharedRuntime.cpp, line 605]

Events (10 events):
Event: 190,955 loading class groovy/runtime/metaclass/Byte_array_resource__view_____student_show_$_run_closure2$_closure26$_closure33$_closure40MetaClass
Event: 190,955 loading class groovy/runtime/metaclass/Byte_array_resource__view_____student_show_$_run_closure2$_closure26$_closure33$_closure40MetaClass done
Event: 190,958 loading class groovy/runtime/metaclass/Byte_array_resource__view_____student_show_$_run_closure2$_closure26$_closure37MetaClass
Event: 190,958 loading class groovy/runtime/metaclass/Byte_array_resource__view_____student_show_$_run_closure2$_closure26$_closure37MetaClass done
Event: 190,960 loading class groovy/runtime/metaclass/Byte_array_resource__view_____student_show_$_run_closure2$_closure26$_closure38MetaClass
Event: 190,960 loading class groovy/runtime/metaclass/Byte_array_resource__view_____student_show_$_run_closure2$_closure26$_closure38MetaClass done
Event: 193,301 Executing VM operation: RevokeBias
Event: 193,301 Executing VM operation: RevokeBias done
Event: 202,852 Executing VM operation: RevokeBias
Event: 202,853 Executing VM operation: RevokeBias done


Dynamic libraries:
00400000-00401000 r-xp 00000000 103:02 1182106                           /usr/lib/jvm/jdk1.8.0_211/bin/java
00600000-00601000 r--p 00000000 103:02 1182106                           /usr/lib/jvm/jdk1.8.0_211/bin/java
00601000-00602000 rw-p 00001000 103:02 1182106                           /usr/lib/jvm/jdk1.8.0_211/bin/java
01981000-019c3000 rw-p 00000000 00:00 0                                  [heap]
d0000000-100a2c000 rw-p 00000000 00:00 0 
100a2c000-140000000 ---p 00000000 00:00 0 
7f8aa0000000-7f8aa0121000 rw-p 00000000 00:00 0 
7f8aa0121000-7f8aa4000000 ---p 00000000 00:00 0 
7f8aa8000000-7f8aa813e000 rw-p 00000000 00:00 0 
7f8aa813e000-7f8aac000000 ---p 00000000 00:00 0 
7f8aac000000-7f8aac029000 rw-p 00000000 00:00 0 
7f8aac029000-7f8ab0000000 ---p 00000000 00:00 0 
7f8ab0000000-7f8ab0443000 rw-p 00000000 00:00 0 
7f8ab0443000-7f8ab4000000 ---p 00000000 00:00 0 
7f8ab4000000-7f8ab419d000 rw-p 00000000 00:00 0 
7f8ab419d000-7f8ab8000000 ---p 00000000 00:00 0 
7f8ab8000000-7f8ab82c0000 rw-p 00000000 00:00 0 
7f8ab82c0000-7f8abc000000 ---p 00000000 00:00 0 
7f8abc000000-7f8abc053000 rw-p 00000000 00:00 0 
7f8abc053000-7f8ac0000000 ---p 00000000 00:00 0 
7f8ac0000000-7f8ac0050000 rw-p 00000000 00:00 0 
7f8ac0050000-7f8ac4000000 ---p 00000000 00:00 0 
7f8ac4000000-7f8ac40ad000 rw-p 00000000 00:00 0 
7f8ac40ad000-7f8ac8000000 ---p 00000000 00:00 0 
7f8ac8000000-7f8ac8021000 rw-p 00000000 00:00 0 
7f8ac8021000-7f8acc000000 ---p 00000000 00:00 0 
7f8acc000000-7f8acc152000 rw-p 00000000 00:00 0 
7f8acc152000-7f8ad0000000 ---p 00000000 00:00 0 
7f8ad0000000-7f8ad0021000 rw-p 00000000 00:00 0 
7f8ad0021000-7f8ad4000000 ---p 00000000 00:00 0 
7f8ad4000000-7f8ad4021000 rw-p 00000000 00:00 0 
7f8ad4021000-7f8ad8000000 ---p 00000000 00:00 0 
7f8ad8000000-7f8ad806a000 rw-p 00000000 00:00 0 
7f8ad806a000-7f8adc000000 ---p 00000000 00:00 0 
7f8adc000000-7f8adc047000 rw-p 00000000 00:00 0 
7f8adc047000-7f8ae0000000 ---p 00000000 00:00 0 
7f8ae02d9000-7f8ae0459000 rw-p 00000000 00:00 0 
7f8ae0459000-7f8ae04d9000 ---p 00000000 00:00 0 
7f8ae04d9000-7f8ae06d9000 rw-p 00000000 00:00 0 
7f8ae06d9000-7f8ae08d9000 rw-p 00000000 00:00 0 
7f8ae08d9000-7f8ae0ad9000 rw-p 00000000 00:00 0 
7f8ae0ad9000-7f8ae0adc000 ---p 00000000 00:00 0 
7f8ae0adc000-7f8ae0bda000 rw-p 00000000 00:00 0 
7f8ae0bda000-7f8ae0bdd000 ---p 00000000 00:00 0 
7f8ae0bdd000-7f8ae0cdb000 rw-p 00000000 00:00 0 
7f8ae0cdb000-7f8ae0cde000 ---p 00000000 00:00 0 
7f8ae0cde000-7f8ae0fdc000 rw-p 00000000 00:00 0 
7f8ae0fdc000-7f8ae0fdf000 ---p 00000000 00:00 0 
7f8ae0fdf000-7f8ae10dd000 rw-p 00000000 00:00 0 
7f8ae10dd000-7f8ae10e0000 ---p 00000000 00:00 0 
7f8ae10e0000-7f8ae11de000 rw-p 00000000 00:00 0 
7f8ae11de000-7f8ae11e1000 ---p 00000000 00:00 0 
7f8ae11e1000-7f8ae12df000 rw-p 00000000 00:00 0 
7f8ae12df000-7f8ae12e2000 ---p 00000000 00:00 0 
7f8ae12e2000-7f8ae13e0000 rw-p 00000000 00:00 0 
7f8ae13e0000-7f8ae13e3000 ---p 00000000 00:00 0 
7f8ae13e3000-7f8ae14e1000 rw-p 00000000 00:00 0 
7f8ae14e1000-7f8ae14e4000 ---p 00000000 00:00 0 
7f8ae14e4000-7f8ae15e2000 rw-p 00000000 00:00 0 
7f8ae15e2000-7f8ae15e5000 ---p 00000000 00:00 0 
7f8ae15e5000-7f8ae16e3000 rw-p 00000000 00:00 0 
7f8ae16e3000-7f8ae16e6000 ---p 00000000 00:00 0 
7f8ae16e6000-7f8ae17e4000 rw-p 00000000 00:00 0 
7f8ae17e4000-7f8ae17e7000 ---p 00000000 00:00 0 
7f8ae17e7000-7f8ae18e5000 rw-p 00000000 00:00 0 
7f8ae18e5000-7f8ae18e8000 ---p 00000000 00:00 0 
7f8ae18e8000-7f8ae19e6000 rw-p 00000000 00:00 0 
7f8ae19e6000-7f8ae19e9000 ---p 00000000 00:00 0 
7f8ae19e9000-7f8ae1ae7000 rw-p 00000000 00:00 0 
7f8ae1ae7000-7f8ae1aea000 ---p 00000000 00:00 0 
7f8ae1aea000-7f8ae1be8000 rw-p 00000000 00:00 0 
7f8ae1be8000-7f8ae1beb000 ---p 00000000 00:00 0 
7f8ae1beb000-7f8ae1ce9000 rw-p 00000000 00:00 0 
7f8ae1ce9000-7f8ae1cec000 ---p 00000000 00:00 0 
7f8ae1cec000-7f8ae1dea000 rw-p 00000000 00:00 0 
7f8ae1dea000-7f8ae1ded000 ---p 00000000 00:00 0 
7f8ae1ded000-7f8ae20e5000 rw-p 00000000 00:00 0 
7f8ae20e5000-7f8ae20eb000 ---p 00000000 00:00 0 
7f8ae20eb000-7f8ae22eb000 rw-p 00000000 00:00 0 
7f8ae22eb000-7f8ae22ee000 ---p 00000000 00:00 0 
7f8ae22ee000-7f8ae23ec000 rw-p 00000000 00:00 0 
7f8ae23ec000-7f8ae23ef000 ---p 00000000 00:00 0 
7f8ae23ef000-7f8ae26ed000 rw-p 00000000 00:00 0 
7f8ae26ed000-7f8ae26f0000 ---p 00000000 00:00 0 
7f8ae26f0000-7f8ae29ee000 rw-p 00000000 00:00 0 
7f8ae29ee000-7f8ae2bee000 rw-p 00000000 00:00 0 
7f8ae2bee000-7f8ae2dee000 rw-p 00000000 00:00 0 
7f8ae2dee000-7f8ae2fee000 rw-p 00000000 00:00 0 
7f8ae2fee000-7f8ae31ee000 rw-p 00000000 00:00 0 
7f8ae31ee000-7f8ae33ee000 rw-p 00000000 00:00 0 
7f8ae33ee000-7f8ae35ee000 rw-p 00000000 00:00 0 
7f8ae35ee000-7f8ae37ee000 rw-p 00000000 00:00 0 
7f8ae37ee000-7f8ae39ee000 rw-p 00000000 00:00 0 
7f8ae39ee000-7f8ae3bee000 rw-p 00000000 00:00 0 
7f8ae3bee000-7f8ae3bff000 r-xp 00000000 103:02 1443773                   /usr/lib/jvm/jdk1.8.0_211/jre/lib/amd64/libnio.so
7f8ae3bff000-7f8ae3dfe000 ---p 00011000 103:02 1443773                   /usr/lib/jvm/jdk1.8.0_211/jre/lib/amd64/libnio.so
7f8ae3dfe000-7f8ae3dff000 r--p 00010000 103:02 1443773                   /usr/lib/jvm/jdk1.8.0_211/jre/lib/amd64/libnio.so
7f8ae3dff000-7f8ae3e00000 rw-p 00011000 103:02 1443773                   /usr/lib/jvm/jdk1.8.0_211/jre/lib/amd64/libnio.so
7f8ae3e00000-7f8ae4000000 rw-p 00000000 00:00 0 
7f8ae4000000-7f8ae41c4000 rw-p 00000000 00:00 0 
7f8ae41c4000-7f8ae8000000 ---p 00000000 00:00 0 
7f8ae8000000-7f8ae8043000 rw-p 00000000 00:00 0 
7f8ae8043000-7f8aec000000 ---p 00000000 00:00 0 
7f8aec0f4000-7f8aec2f4000 rw-p 00000000 00:00 0 
7f8aec2f4000-7f8aec4f4000 rw-p 00000000 00:00 0 
7f8aec4f4000-7f8aec6f4000 rw-p 00000000 00:00 0 
7f8aec6f4000-7f8aec6f7000 ---p 00000000 00:00 0 
7f8aec6f7000-7f8aec9f5000 rw-p 00000000 00:00 0 
7f8aec9f5000-7f8aec9fe000 r-xp 00000000 103:02 1443714                   /usr/lib/jvm/jdk1.8.0_211/jre/lib/amd64/libmanagement.so
7f8aec9fe000-7f8aecbfd000 ---p 00009000 103:02 1443714                   /usr/lib/jvm/jdk1.8.0_211/jre/lib/amd64/libmanagement.so
7f8aecbfd000-7f8aecbfe000 r--p 00008000 103:02 1443714                   /usr/lib/jvm/jdk1.8.0_211/jre/lib/amd64/libmanagement.so
7f8aecbfe000-7f8aecbff000 rw-p 00009000 103:02 1443714                   /usr/lib/jvm/jdk1.8.0_211/jre/lib/amd64/libmanagement.so
7f8aecbff000-7f8aecdff000 rw-p 00000000 00:00 0 
7f8aecdff000-7f8aecfff000 rw-p 00000000 00:00 0 
7f8aecfff000-7f8af0000000 rw-p 00000000 00:00 0 
7f8af0000000-7f8af0021000 rw-p 00000000 00:00 0 
7f8af0021000-7f8af4000000 ---p 00000000 00:00 0 
7f8af4000000-7f8af4021000 rw-p 00000000 00:00 0 
7f8af4021000-7f8af8000000 ---p 00000000 00:00 0 
7f8af8000000-7f8af8021000 rw-p 00000000 00:00 0 
7f8af8021000-7f8afc000000 ---p 00000000 00:00 0 
7f8afc000000-7f8afce32000 rw-p 00000000 00:00 0 
7f8afce32000-7f8b00000000 ---p 00000000 00:00 0 
7f8b00000000-7f8b00021000 rw-p 00000000 00:00 0 
7f8b00021000-7f8b04000000 ---p 00000000 00:00 0 
7f8b04000000-7f8b0408e000 rw-p 00000000 00:00 0 
7f8b0408e000-7f8b08000000 ---p 00000000 00:00 0 
7f8b08000000-7f8b08021000 rw-p 00000000 00:00 0 
7f8b08021000-7f8b0c000000 ---p 00000000 00:00 0 
7f8b0c000000-7f8b0c021000 rw-p 00000000 00:00 0 
7f8b0c021000-7f8b10000000 ---p 00000000 00:00 0 
7f8b10000000-7f8b10021000 rw-p 00000000 00:00 0 
7f8b10021000-7f8b14000000 ---p 00000000 00:00 0 
7f8b14000000-7f8b14037000 rw-p 00000000 00:00 0 
7f8b14037000-7f8b18000000 ---p 00000000 00:00 0 
7f8b18000000-7f8b1802c000 rw-p 00000000 00:00 0 
7f8b1802c000-7f8b1c000000 ---p 00000000 00:00 0 
7f8b1c000000-7f8b1c05a000 rw-p 00000000 00:00 0 
7f8b1c05a000-7f8b20000000 ---p 00000000 00:00 0 
7f8b20000000-7f8b20021000 rw-p 00000000 00:00 0 
7f8b20021000-7f8b24000000 ---p 00000000 00:00 0 
7f8b24037000-7f8b2403c000 r--s 002f9000 103:02 1182164                   /usr/lib/jvm/jdk1.8.0_211/jre/lib/charsets.jar
7f8b2403c000-7f8b240d1000 r--s 01112000 103:02 1443690                   /usr/lib/jvm/jdk1.8.0_211/jre/lib/ext/jfxrt.jar
7f8b240d1000-7f8b240d6000 r--s 000a3000 103:02 1182214                   /usr/lib/jvm/jdk1.8.0_211/jre/lib/jsse.jar
7f8b240d6000-7f8b240d9000 ---p 00000000 00:00 0 
7f8b240d9000-7f8b243d7000 rw-p 00000000 00:00 0 
7f8b243d7000-7f8b245d7000 rw-p 00000000 00:00 0 
7f8b245d7000-7f8b245ed000 r-xp 00000000 103:02 1443713                   /usr/lib/jvm/jdk1.8.0_211/jre/lib/amd64/libnet.so
7f8b245ed000-7f8b247ec000 ---p 00016000 103:02 1443713                   /usr/lib/jvm/jdk1.8.0_211/jre/lib/amd64/libnet.so
7f8b247ec000-7f8b247ed000 r--p 00015000 103:02 1443713                   /usr/lib/jvm/jdk1.8.0_211/jre/lib/amd64/libnet.so
7f8b247ed000-7f8b247ee000 rw-p 00016000 103:02 1443713                   /usr/lib/jvm/jdk1.8.0_211/jre/lib/amd64/libnet.so
7f8b247ee000-7f8b247f1000 ---p 00000000 00:00 0 
7f8b247f1000-7f8b248ef000 rw-p 00000000 00:00 0 
7f8b248ef000-7f8b24902000 r--s 00345000 103:02 1182206                   /usr/lib/jvm/jdk1.8.0_211/jre/lib/resources.jar
7f8b24902000-7f8b24903000 ---p 00000000 00:00 0 
7f8b24903000-7f8b24a03000 rw-p 00000000 00:00 0 
7f8b24a03000-7f8b24a06000 ---p 00000000 00:00 0 
7f8b24a06000-7f8b24b04000 rw-p 00000000 00:00 0 
7f8b24b04000-7f8b24b05000 ---p 00000000 00:00 0 
7f8b24b05000-7f8b24b08000 ---p 00000000 00:00 0 
7f8b24b08000-7f8b24c05000 rw-p 00000000 00:00 0 
7f8b24c05000-7f8b24c06000 ---p 00000000 00:00 0 
7f8b24c06000-7f8b24c09000 ---p 00000000 00:00 0 
7f8b24c09000-7f8b24d06000 rw-p 00000000 00:00 0 
7f8b24d06000-7f8b24d07000 ---p 00000000 00:00 0 
7f8b24d07000-7f8b24d0a000 ---p 00000000 00:00 0 
7f8b24d0a000-7f8b24e07000 rw-p 00000000 00:00 0 
7f8b24e07000-7f8b24e0e000 r--s 00065000 103:02 129580                    /home/mzh/.gradle/caches/modules-2/files-2.1/org.springframework/springloaded/1.2.8.RELEASE/b60bac05b0451cdc1863bfec617f39aa0dcaaa43/springloaded-1.2.8.RELEASE.jar
7f8b24e0e000-7f8b24e47000 r--s 00382000 103:02 129496                    /home/mzh/.gradle/caches/modules-2/files-2.1/com.google.javascript/closure-compiler-unshaded/v20160713/7df7b683e16c93f65361a15356283599ba012c78/closure-compiler-unshaded-v20160713.jar
7f8b24e47000-7f8b24e54000 r--s 00109000 103:02 129495                    /home/mzh/.gradle/caches/modules-2/files-2.1/org.mozilla/rhino/1.7R4/e982f2136574b9a423186fbaeaaa98dc3e5a5288/rhino-1.7R4.jar
7f8b24e54000-7f8b24e61000 r--s 00083000 103:02 129555                    /home/mzh/.gradle/caches/modules-2/files-2.1/commons-collections/commons-collections/3.2.2/8ad72fe39fa8c91eaaf12aadb21e0c3661fe26d5/commons-collections-3.2.2.jar
7f8b24e61000-7f8b24e68000 r--s 0003f000 103:02 1714632                   /home/mzh/.m2/repository/commons-codec/commons-codec/1.10/commons-codec-1.10.jar
7f8b24e68000-7f8b24e6c000 r--s 0000c000 103:02 129545                    /home/mzh/.gradle/caches/modules-2/files-2.1/javax.validation/validation-api/1.1.0.Final/8613ae82954779d518631e05daa73a6a954817d5/validation-api-1.1.0.Final.jar
7f8b24e6c000-7f8b24e6f000 r--s 00029000 103:02 129554                    /home/mzh/.gradle/caches/modules-2/files-2.1/commons-validator/commons-validator/1.5.1/86d05a46e8f064b300657f751b5a98c62807e2a0/commons-validator-1.5.1.jar
7f8b24e6f000-7f8b24e75000 r--s 00027000 103:02 129762                    /home/mzh/.gradle/caches/modules-2/files-2.1/opensymphony/sitemesh/2.4/fa84c82cce30a9a632c08dd2277d63993d972cf5/sitemesh-2.4.jar
7f8b24e75000-7f8b24e77000 r--s 00007000 103:02 129706                    /home/mzh/.gradle/caches/modules-2/files-2.1/org.grails/grails-web-taglib/3.3.1/ca323146797a4ff2bb4f630890f4c400a0860395/grails-web-taglib-3.3.1.jar
7f8b24e77000-7f8b24e7a000 r--s 00015000 103:02 129712                    /home/mzh/.gradle/caches/modules-2/files-2.1/org.grails/grails-taglib/3.3.1/772e8b5f992f6602cab07c7a58ab2924f97eed02/grails-taglib-3.3.1.jar
7f8b24e7a000-7f8b24e7d000 r--s 0001d000 103:02 129450                    /home/mzh/.gradle/caches/modules-2/files-2.1/org.codehaus.groovy/groovy-json/2.4.15/f6f6890181821246398cd44ba1fdf74f55717697/groovy-json-2.4.15.jar
7f8b24e7d000-7f8b24e81000 r--s 00042000 103:02 129761                    /home/mzh/.gradle/caches/modules-2/files-2.1/com.fasterxml.jackson.core/jackson-core/2.8.11/876ead1db19f0c9e79c9789273a3ef8c6fd6c29b/jackson-core-2.8.11.jar
7f8b24e81000-7f8b24e84000 r--s 0000b000 103:02 129760                    /home/mzh/.gradle/caches/modules-2/files-2.1/com.fasterxml.jackson.core/jackson-annotations/2.8.0/45b426f7796b741035581a176744d91090e2e6fb/jackson-annotations-2.8.0.jar
7f8b24e84000-7f8b24e85000 r--s 00005000 103:02 129727                    /home/mzh/.gradle/caches/modules-2/files-2.1/org.grails/grails-codecs/3.3.8/f4e7982847a92749a25f31adf972c61b38ed87f8/grails-codecs-3.3.8.jar
7f8b24e85000-7f8b24e8e000 r--s 0002d000 103:02 129759                    /home/mzh/.gradle/caches/modules-2/files-2.1/xml-apis/xml-apis/1.4.01/3789d9fada2d3d458c4ba2de349d48780f381ee3/xml-apis-1.4.01.jar
7f8b24e8e000-7f8b24e90000 r--s 00008000 103:02 129494                    /home/mzh/.gradle/caches/modules-2/files-2.1/javax.el/javax.el-api/2.2.4/1287562cc3f0ff5439ded6f2949e73ce1c0edaab/javax.el-api-2.2.4.jar
7f8b24e90000-7f8b24ea1000 r--s 000a1000 103:02 129747                    /home/mzh/.gradle/caches/modules-2/files-2.1/org.hibernate/hibernate-validator/5.3.6.Final/4c730be8bf55a8e9a61e79a2f2c079abf48b718/hibernate-validator-5.3.6.Final.jar
7f8b24ea1000-7f8b24ea9000 r--s 0005f000 103:02 129457                    /home/mzh/.gradle/caches/modules-2/files-2.1/org.grails/grails-datastore-gorm-hibernate-core/6.1.10.RELEASE/f9399493d6803451b6380b9b782e6435f7fb9971/grails-datastore-gorm-hibernate-core-6.1.10.RELEASE.jar
7f8b24ea9000-7f8b24ebb000 r--s 000b9000 103:02 129492                    /home/mzh/.gradle/caches/modules-2/files-2.1/org.springframework/spring-web/4.3.18.RELEASE/e41042a70a7d80da52261c1dfc569c7518b70dce/spring-web-4.3.18.RELEASE.jar
7f8b24ebb000-7f8b24ec0000 r--s 00026000 103:02 129758                    /home/mzh/.gradle/caches/modules-2/files-2.1/org.grails/scaffolding-core/1.1.1/c79e9bd310896f3afbba331170c54fa2ce7f9a5d/scaffolding-core-1.1.1.jar
7f8b24ec0000-7f8b24ec3000 r--s 00016000 103:02 129459                    /home/mzh/.gradle/caches/modules-2/files-2.1/org.grails/grails-datastore-gorm-validation/6.1.10.RELEASE/75d8a598a9dbe80069146fdd844efe2a9cd6c35f/grails-datastore-gorm-validation-6.1.10.RELEASE.jar
7f8b24ec3000-7f8b24ec5000 r--s 00014000 103:02 129757                    /home/mzh/.gradle/caches/modules-2/files-2.1/org.apache.tomcat.embed/tomcat-embed-logging-log4j/8.5.2/53bdd1eebc7393713261d178ac096a742423f940/tomcat-embed-logging-log4j-8.5.2.jar
7f8b24ec5000-7f8b24ed6000 r--s 000d0000 103:02 129458                    /home/mzh/.gradle/caches/modules-2/files-2.1/org.grails/grails-datastore-gorm/6.1.10.RELEASE/e748f1a1100aca901b280e37991d822364c01378/grails-datastore-gorm-6.1.10.RELEASE.jar
7f8b24ed6000-7f8b24ed9000 r--s 00012000 103:02 129734                    /home/mzh/.gradle/caches/modules-2/files-2.1/org.codehaus.groovy/groovy-sql/2.4.15/591ed2582868cb47fcac04eb50923faf52bfd231/groovy-sql-2.4.15.jar
7f8b24ed9000-7f8b24ee3000 r--s 00060000 103:02 129497                    /home/mzh/.gradle/caches/modules-2/files-2.1/org.springframework/spring-jdbc/4.3.18.RELEASE/816bc40759cd07ec50b86b1472aa021813387114/spring-jdbc-4.3.18.RELEASE.jar
7f8b24ee3000-7f8b24ee5000 r--s 00006000 103:02 129709                    /home/mzh/.gradle/caches/modules-2/files-2.1/org.grails/grails-plugin-domain-class/3.3.8/ed5b2131d09e557784bc454274ddaa3faf848c03/grails-plugin-domain-class-3.3.8.jar
7f8b24ee5000-7f8b24ee6000 r--s 00004000 103:02 129697                    /home/mzh/.gradle/caches/modules-2/files-2.1/org.grails/grails-plugin-validation/3.3.8/b52a0d5ec7d75703677c24d9c759b51ccb4291b5/grails-plugin-validation-3.3.8.jar
7f8b24ee6000-7f8b24ee8000 r--s 00009000 103:02 129696                    /home/mzh/.gradle/caches/modules-2/files-2.1/org.grails/grails-plugin-mimetypes/3.3.8/6efd7478161e84cd8c08b80465da3df5bbd0b1d3/grails-plugin-mimetypes-3.3.8.jar
7f8b24ee8000-7f8b24eea000 r--s 0000b000 103:02 129704                    /home/mzh/.gradle/caches/modules-2/files-2.1/org.grails/grails-web-sitemesh/3.3.1/d639808f26ff1e16e32cb86129fd847961575abe/grails-web-sitemesh-3.3.1.jar
7f8b24eea000-7f8b24eec000 r--s 00011000 103:02 129703                    /home/mzh/.gradle/caches/modules-2/files-2.1/org.grails/grails-web-gsp/3.3.1/5670ed8376f739528fdb21de0514d2cc22c5a276/grails-web-gsp-3.3.1.jar
7f8b24eec000-7f8b24eed000 r--s 00005000 103:02 129702                    /home/mzh/.gradle/caches/modules-2/files-2.1/org.grails/grails-web-mvc/3.3.8/425ab101208d3865e9722ae79583bf2d933d6714/grails-web-mvc-3.3.8.jar
7f8b24eed000-7f8b24ef0000 r--s 0002a000 103:02 129705                    /home/mzh/.gradle/caches/modules-2/files-2.1/org.grails/grails-web-url-mappings/3.3.8/eeb5dc5408de15afb394a69b3e9f766c45d51a34/grails-web-url-mappings-3.3.8.jar
7f8b24ef0000-7f8b24ef3000 r--s 00014000 103:02 129701                    /home/mzh/.gradle/caches/modules-2/files-2.1/org.grails/grails-web-databinding/3.3.8/3c852dd8c191eeffbe0c760bda80d97bc67dc5aa/grails-web-databinding-3.3.8.jar
7f8b24ef3000-7f8b24ef8000 r--s 00029000 103:02 129736                    /home/mzh/.gradle/caches/modules-2/files-2.1/org.springframework/spring-context-support/4.3.18.RELEASE/d14d5b7c7fd060e345d5aebbe151e27d2c69ba6a/spring-context-support-4.3.18.RELEASE.jar
7f8b24ef8000-7f8b24f09000 r--s 000d0000 103:02 129735                    /home/mzh/.gradle/caches/modules-2/files-2.1/org.springframework/spring-webmvc/4.3.18.RELEASE/67ad7f59830df97ab73f8c7ab53ea33ae7dcb68/spring-webmvc-4.3.18.RELEASE.jar
7f8b24f09000-7f8b24f0c000 r--s 00027000 103:02 129711                    /home/mzh/.gradle/caches/modules-2/files-2.1/org.grails/grails-gsp/3.3.1/88115473871aeb898b590958ef2ba8a9cbd7dbb0/grails-gsp-3.3.1.jar
7f8b24f0c000-7f8b24f11000 r--s 00029000 103:02 129713                    /home/mzh/.gradle/caches/modules-2/files-2.1/org.grails/grails-encoder/3.3.8/abe512a81f4e5369bc88c8c4259e39576a6565b4/grails-encoder-3.3.8.jar
7f8b24f11000-7f8b24f14000 r--s 0000f000 103:02 129726                    /home/mzh/.gradle/caches/modules-2/files-2.1/org.grails/grails-databinding/3.3.8/e3a1cdca8521b71d1e07645ec2bfe34493930c42/grails-databinding-3.3.8.jar
7f8b24f14000-7f8b24f16000 r--s 00002000 103:02 129756                    /home/mzh/.gradle/caches/modules-2/files-2.1/org.apache.tomcat/tomcat-annotations-api/8.5.32/bc805a49362036d2705bbe051053f11120869fd/tomcat-annotations-api-8.5.32.jar
7f8b24f16000-7f8b24f28000 r--s 0011f000 103:02 129755                    /home/mzh/.gradle/caches/modules-2/files-2.1/com.fasterxml.jackson.core/jackson-databind/2.8.11.2/2c5051e8e84d2c16316b758ebf746f9e90bef5a4/jackson-databind-2.8.11.2.jar
7f8b24f28000-7f8b24f29000 r--s 00003000 103:02 129546                    /home/mzh/.gradle/caches/modules-2/files-2.1/javax.transaction/jta/1.1/2ca09f0b36ca7d71b762e14ea2ff09d5eac57558/jta-1.1.jar
7f8b24f29000-7f8b24f2f000 r--s 0003d000 103:02 1321579                   /home/mzh/.m2/repository/org/yaml/snakeyaml/1.17/snakeyaml-1.17.jar
7f8b24f2f000-7f8b24f32000 r--s 00016000 103:02 129454                    /home/mzh/.gradle/caches/modules-2/files-2.1/org.codehaus.groovy/groovy-templates/2.4.15/b5cbe971f2950452c1d431ea0135dd8de2d5f58e/groovy-templates-2.4.15.jar
7f8b24f32000-7f8b24f36000 r--s 00031000 103:02 129455                    /home/mzh/.gradle/caches/modules-2/files-2.1/org.codehaus.groovy/groovy-xml/2.4.15/40865f59469e6b0808c9c304bd17038997220c72/groovy-xml-2.4.15.jar
7f8b24f36000-7f8b24f3c000 r--s 0003e000 103:02 129738                    /home/mzh/.gradle/caches/modules-2/files-2.1/org.springframework/spring-expression/4.3.18.RELEASE/64f2270bfd9d615c8c3b9d94995867f39391ed30/spring-expression-4.3.18.RELEASE.jar
7f8b24f3c000-7f8b24f45000 r--s 00054000 103:02 129737                    /home/mzh/.gradle/caches/modules-2/files-2.1/org.springframework/spring-aop/4.3.18.RELEASE/dd930265a504563d76de79864ae3196f6e9035e0/spring-aop-4.3.18.RELEASE.jar
7f8b24f45000-7f8b24f47000 r--s 0000e000 103:02 1321614                   /home/mzh/.m2/repository/commons-logging/commons-logging/1.2/commons-logging-1.2.jar
7f8b24f47000-7f8b24f52000 r--s 0006a000 103:02 129754                    /home/mzh/.gradle/caches/modules-2/files-2.1/ch.qos.logback/logback-core/1.1.11/88b8df40340eed549fb07e2613879bf6b006704d/logback-core-1.1.11.jar
7f8b24f52000-7f8b24f56000 r--s 00049000 103:02 129472                    /home/mzh/.gradle/caches/modules-2/files-2.1/com.bertramlabs.plugins/asset-pipeline-core/2.14.8/4e1c17bbfb623fc66df7e5577a0be11973749cd7/asset-pipeline-core-2.14.8.jar
7f8b24f56000-7f8b24f58000 r--s 0000b000 103:02 129752                    /home/mzh/.gradle/caches/modules-2/files-2.1/org.apache.tomcat/tomcat-juli/8.5.32/c659f0c0bc6e1124bf3461ca51b25724a2335cf6/tomcat-juli-8.5.32.jar
7f8b24f58000-7f8b24f5a000 r--s 00007000 103:02 129751                    /home/mzh/.gradle/caches/modules-2/files-2.1/javax.el/el-api/2.1.2-b03/1ac087d9d1a632d2ff82fa1e8b6610aca025ff2a/el-api-2.1.2-b03.jar
7f8b24f5a000-7f8b24f5c000 r--s 0001f000 103:02 129700                    /home/mzh/.gradle/caches/modules-2/files-2.1/org.grails/grails-web-jsp/3.3.1/e45c3adb5f6fc6c7761227457d09114ec41c55fe/grails-web-jsp-3.3.1.jar
7f8b24f5c000-7f8b24f5d000 r--s 00004000 103:02 129695                    /home/mzh/.gradle/caches/modules-2/files-2.1/org.grails/grails-plugin-codecs/3.3.8/55f4d0afad4134069100cdb952fb156129ad1af1/grails-plugin-codecs-3.3.8.jar
7f8b24f5d000-7f8b24f62000 r--s 00041000 103:02 129750                    /home/mzh/.gradle/caches/modules-2/files-2.1/commons-lang/commons-lang/2.6/ce1edb914c94ebc388f086c6827e8bdeec71ac2/commons-lang-2.6.jar
7f8b24f62000-7f8b24f64000 r--s 0000b000 103:02 129699                    /home/mzh/.gradle/caches/modules-2/files-2.1/org.grails/grails-web-gsp-taglib/3.3.1/28e0c0776c9f5c6109b79a89860161db3369fe81/grails-web-gsp-taglib-3.3.1.jar
7f8b24f64000-7f8b24f67000 r--s 00010000 103:02 129482                    /home/mzh/.gradle/caches/modules-2/files-2.1/org.hibernate.common/hibernate-commons-annotations/5.0.1.Final/71e1cff3fcb20d3b3af4f3363c3ddb24d33c6879/hibernate-commons-annotations-5.0.1.Final.jar
7f8b24f67000-7f8b24f6c000 r--s 00048000 103:02 129491                    /home/mzh/.gradle/caches/modules-2/files-2.1/dom4j/dom4j/1.6.1/5d3ccc056b6f056dbf0dddfdf43894b9065a8f94/dom4j-1.6.1.jar
7f8b24f6c000-7f8b24f6e000 r--s 0000e000 103:02 129749                    /home/mzh/.gradle/caches/modules-2/files-2.1/com.fasterxml/classmate/1.3.4/3d5f48f10bbe4eb7bd862f10c0583be2e0053c6/classmate-1.3.4.jar
7f8b24f6e000-7f8b24f71000 r--s 0002b000 103:02 129489                    /home/mzh/.gradle/caches/modules-2/files-2.1/org.jboss/jandex/2.0.3.Final/bfc4d6257dbff7a33a357f0de116be6ff951d849/jandex-2.0.3.Final.jar
7f8b24f71000-7f8b24f72000 r--s 00003000 103:02 129488                    /home/mzh/.gradle/caches/modules-2/files-2.1/org.apache.geronimo.specs/geronimo-jta_1.1_spec/1.1.1/aabab3165b8ea936b9360abbf448459c0d04a5a4/geronimo-jta_1.1_spec-1.1.1.jar
7f8b24f72000-7f8b24f77000 r--s 00068000 103:02 129487                    /home/mzh/.gradle/caches/modules-2/files-2.1/antlr/antlr/2.7.7/83cd2cd674a217ade95a4bb83a8a14f351f48bd0/antlr-2.7.7.jar
7f8b24f77000-7f8b24f79000 r--s 0000f000 103:02 129748                    /home/mzh/.gradle/caches/modules-2/files-2.1/org.jboss.logging/jboss-logging/3.3.2.Final/3789d00e859632e6c6206adc0c71625559e6e3b0/jboss-logging-3.3.2.Final.jar
7f8b24f79000-7f8b24f83000 r--s 0006b000 103:02 129471                    /home/mzh/.gradle/caches/modules-2/files-2.1/org.springframework/spring-orm/4.3.18.RELEASE/f5f7cef67e9729f0f96a89441ae24980c7339da8/spring-orm-4.3.18.RELEASE.jar
7f8b24f83000-7f8b24f87000 r--s 00039000 103:02 129456                    /home/mzh/.gradle/caches/modules-2/files-2.1/org.grails/grails-datastore-gorm-hibernate5/6.1.10.RELEASE/e936dddf7b76f8d21d21ae1e4b995bd1f0e02ddf/grails-datastore-gorm-hibernate5-6.1.10.RELEASE.jar
7f8b24f87000-7f8b24f8a000 r--s 00012000 103:02 129446                    /home/mzh/.gradle/caches/modules-2/files-2.1/org.grails/grails-datastore-gorm-support/6.1.10.RELEASE/2bb769978840f8ac440252c03ae5dd6e472cc07e/grails-datastore-gorm-support-6.1.10.RELEASE.jar
7f8b24f8a000-7f8b24f8b000 r--s 00002000 103:02 129448                    /home/mzh/.gradle/caches/modules-2/files-2.1/org.grails/grails-datastore-web/6.1.10.RELEASE/699f0312c2f584da0d5cc71fcf9f04410fbedec5/grails-datastore-web-6.1.10.RELEASE.jar
7f8b24f8b000-7f8b24f8d000 r--s 00003000 103:02 129724                    /home/mzh/.gradle/caches/modules-2/files-2.1/org.grails/grails-events-compat/3.3.2/1250482ac83841a19c75b150777a2d2c28592d33/grails-events-compat-3.3.2.jar
7f8b24f8d000-7f8b24f8e000 r--s 00007000 103:02 129725                    /home/mzh/.gradle/caches/modules-2/files-2.1/org.grails/grails-events-transform/3.3.2/645c93ccb03ea27a23d6ac25265b01e5a63b9525/grails-events-transform-3.3.2.jar
7f8b24f8e000-7f8b24f90000 r--s 0000b000 103:02 129733                    /home/mzh/.gradle/caches/modules-2/files-2.1/org.grails/grails-events/3.3.2/a4c70fc8c391d8060d715ea68bfe4ff87761fd02/grails-events-3.3.2.jar
7f8b24f90000-7f8b24f92000 r--s 00020000 103:02 129744                    /home/mzh/.gradle/caches/modules-2/files-2.1/org.grails.plugins/fields/2.2.8/bfb21b4e1c05db9f105159d12bcac0389b1ac464/fields-2.2.8.jar
7f8b24f92000-7f8b24f95000 r--s 0000e000 103:02 129732                    /home/mzh/.gradle/caches/modules-2/files-2.1/org.grails/grails-async/3.3.2/df2d4d6d96161b1105298a951c6fff31dd52e1e9/grails-async-3.3.2.jar
7f8b24f95000-7f8b24f9f000 r--s 000aa000 103:02 129486                    /home/mzh/.gradle/caches/modules-2/files-2.1/org.javassist/javassist/3.21.0-GA/598244f595db5c5fb713731eddbb1c91a58d959b/javassist-3.21.0-GA.jar
7f8b24f9f000-7f8b24fa2000 r--s 00016000 103:02 129710                    /home/mzh/.gradle/caches/modules-2/files-2.1/org.grails/grails-validation/3.3.8/ea17d94d6f6943742cc56ecc4614ff5ce1b05d27/grails-validation-3.3.8.jar
7f8b24fa2000-7f8b24fa6000 r--s 0001e000 103:02 129743                    /home/mzh/.gradle/caches/modules-2/files-2.1/org.grails.plugins/converters/3.3.1/afc1ea5fa7d7d52e83017856fa5a651d38145048/converters-3.3.1.jar
7f8b24fa6000-7f8b24fa8000 r--s 00005000 103:02 129708                    /home/mzh/.gradle/caches/modules-2/files-2.1/org.grails/grails-plugin-datasource/3.3.8/a95588e21436d6d3b1baa8cedae2a06c52a7bf0c/grails-plugin-datasource-3.3.8.jar
7f8b24fa8000-7f8b24fab000 r--s 00019000 103:02 129692                    /home/mzh/.gradle/caches/modules-2/files-2.1/org.grails/grails-plugin-controllers/3.3.8/7f0c6309c03c0b844e83161451f59ddda2079f48/grails-plugin-controllers-3.3.8.jar
7f8b24fab000-7f8b24fac000 r--s 00005000 103:02 129698                    /home/mzh/.gradle/caches/modules-2/files-2.1/org.grails/grails-web/3.3.8/4aa794850b39b2359652e1ae0cbe151c25ed48c/grails-web-3.3.8.jar
7f8b24fac000-7f8b24fb0000 r--s 00028000 103:02 129707                    /home/mzh/.gradle/caches/modules-2/files-2.1/org.grails/grails-web-common/3.3.8/b31f5b9ea65cdb0640cecf0b7ae6e20de617aad7/grails-web-common-3.3.8.jar
7f8b24fb0000-7f8b24fb5000 r--s 0003a000 103:02 129740                    /home/mzh/.gradle/caches/modules-2/files-2.1/org.apache.tomcat.embed/tomcat-embed-websocket/8.5.32/ea5302e378f1449d4e5dda79e8d810c1e7931f91/tomcat-embed-websocket-8.5.32.jar
7f8b24fb5000-7f8b24fba000 r--s 00037000 103:02 129742                    /home/mzh/.gradle/caches/modules-2/files-2.1/org.apache.tomcat.embed/tomcat-embed-el/8.5.32/e4fd0ee015d83fa1c5ec93ff1d05bdaf9a4480c5/tomcat-embed-el-8.5.32.jar
7f8b24fba000-7f8b24fe3000 r--s 002d3000 103:02 129741                    /home/mzh/.gradle/caches/modules-2/files-2.1/org.apache.tomcat.embed/tomcat-embed-core/8.5.32/6bc6896200146010cc4666bdc6b9b0cbb453ee22/tomcat-embed-core-8.5.32.jar
7f8b24fe3000-7f8b24ff3000 r--s 00079000 103:02 129682                    /home/mzh/.gradle/caches/modules-2/files-2.1/org.springframework.boot/spring-boot-actuator/1.5.15.RELEASE/85be178d2300533b477127614a18fdba0929fa24/spring-boot-actuator-1.5.15.RELEASE.jar
7f8b24ff3000-7f8b24ff4000 r--s 00000000 103:02 129680                    /home/mzh/.gradle/caches/modules-2/files-2.1/org.springframework.boot/spring-boot-starter/1.5.15.RELEASE/5b4419f4c8960eafba0b4f588b27dbbde9ea9abd/spring-boot-starter-1.5.15.RELEASE.jar
7f8b24ff4000-7f8b24ff8000 r--s 00040000 103:02 129739                    /home/mzh/.gradle/caches/modules-2/files-2.1/xalan/serializer/2.7.2/24247f3bb052ee068971393bdb83e04512bb1c3c/serializer-2.7.2.jar
7f8b24ff8000-7f8b25006000 r--s 00081000 103:02 129460                    /home/mzh/.gradle/caches/modules-2/files-2.1/org.grails/grails-datastore-core/6.1.10.RELEASE/b4d509cb463f0d945773cbc27d4be2dc2cc943e3/grails-datastore-core-6.1.10.RELEASE.jar
7f8b25006000-7f8b25007000 r--s 00009000 103:02 129728                    /home/mzh/.gradle/caches/modules-2/files-2.1/org.grails/grails-spring/3.3.8/651f0a45cbc62c9c17afb25607e6335c715a41d5/grails-spring-3.3.8.jar
7f8b25007000-7f8b2500b000 r--s 0003a000 103:02 1321571                   /home/mzh/.m2/repository/org/grails/grails-bootstrap/3.3.8/grails-bootstrap-3.3.8.jar
7f8b2500b000-7f8b25024000 r--s 000fe000 103:02 129493                    /home/mzh/.gradle/caches/modules-2/files-2.1/org.springframework/spring-context/4.3.18.RELEASE/d302953b509e6d380856e245bf80c29770c08c98/spring-context-4.3.18.RELEASE.jar
7f8b25024000-7f8b25032000 r--s 000ad000 103:02 129499                    /home/mzh/.gradle/caches/modules-2/files-2.1/org.springframework/spring-beans/4.3.18.RELEASE/27460686b16b3ffee60bb3365cd56bba6ed860ff/spring-beans-4.3.18.RELEASE.jar
7f8b25032000-7f8b2503a000 r--s 0003a000 103:02 129498                    /home/mzh/.gradle/caches/modules-2/files-2.1/org.springframework/spring-tx/4.3.18.RELEASE/b6b7938f7d8ba412b6663a8b950592557c2d996e/spring-tx-4.3.18.RELEASE.jar
7f8b2503a000-7f8b25051000 r--s 000fe000 103:02 129501                    /home/mzh/.gradle/caches/modules-2/files-2.1/org.springframework/spring-core/4.3.18.RELEASE/4acbce682c3dfe38181d57b7e0792e2cc21e4f77/spring-core-4.3.18.RELEASE.jar
7f8b25051000-7f8b25055000 r--s 00019000 103:02 129544                    /home/mzh/.gradle/caches/modules-2/files-2.1/com.googlecode.concurrentlinkedhashmap/concurrentlinkedhashmap-lru/1.4.2/2eaf3d3c9746d526ff7e5b93931d482c3887e6ac/concurrentlinkedhashmap-lru-1.4.2.jar
7f8b25055000-7f8b2505a000 r--s 00017000 103:02 129485                    /home/mzh/.gradle/caches/modules-2/files-2.1/org.hibernate.javax.persistence/hibernate-jpa-2.1-api/1.0.0.Final/5e731d961297e5a07290bfaf3db1fbc8bbbf405a/hibernate-jpa-2.1-api-1.0.0.Final.jar
7f8b2505a000-7f8b2505c000 r--s 00009000 103:02 129465                    /home/mzh/.gradle/caches/modules-2/files-2.1/org.slf4j/slf4j-api/1.7.25/da76ca59f6a57ee3102f8f9bd9cee742973efa8a/slf4j-api-1.7.25.jar
7f8b2505c000-7f8b250a9000 r--s 0042b000 103:02 129462                    /home/mzh/.gradle/caches/modules-2/files-2.1/org.codehaus.groovy/groovy/2.4.15/74b7e0b99526c569e3a59cb84dbcc6204d601ee6/groovy-2.4.15.jar
7f8b250a9000-7f8b250b9000 r--s 00097000 103:02 129731                    /home/mzh/.gradle/caches/modules-2/files-2.1/org.springframework.boot/spring-boot/1.5.15.RELEASE/79126cdbd541d1fd9a1497efddb00848bf7b201/spring-boot-1.5.15.RELEASE.jar
7f8b250b9000-7f8b250bb000 r--s 00004000 103:02 129730                    /home/mzh/.gradle/caches/modules-2/files-2.1/org.slf4j/log4j-over-slf4j/1.7.25/a87bb47468f47ee7aabbd54f93e133d4215769c3/log4j-over-slf4j-1.7.25.jar
7f8b250bb000-7f8b250bd000 r--s 00000000 103:02 129729                    /home/mzh/.gradle/caches/modules-2/files-2.1/org.slf4j/jul-to-slf4j/1.7.25/af5364cd6679bfffb114f0dec8a157aaa283b76/jul-to-slf4j-1.7.25.jar
7f8b250bd000-7f8b250bf000 r--s 00003000 103:02 129463                    /home/mzh/.gradle/caches/modules-2/files-2.1/org.slf4j/jcl-over-slf4j/1.7.25/f8c32b13ff142a513eeb5b6330b1588dcb2c0461/jcl-over-slf4j-1.7.25.jar
7f8b250bf000-7f8b250c6000 r--s 00045000 103:02 129723                    /home/mzh/.gradle/caches/modules-2/files-2.1/ch.qos.logback/logback-classic/1.1.11/ccedfbacef4a6515d2983e3f89ed753d5d4fb665/logback-classic-1.1.11.jar
7f8b250c6000-7f8b250c8000 r--s 0001e000 103:02 129722                    /home/mzh/.gradle/caches/modules-2/files-2.1/com.bertramlabs.plugins/asset-pipeline-grails/2.14.8/b7a8bc6c1a6d7c499cd1a001d6d886365062b9e7/asset-pipeline-grails-2.14.8.jar
7f8b250c8000-7f8b250d8000 r--s 001c7000 103:02 129720                    /home/mzh/.gradle/caches/modules-2/files-2.1/com.h2database/h2/1.4.197/bb391050048ca8ae3e32451b5a3714ecd3596a46/h2-1.4.197.jar
7f8b250d8000-7f8b25144000 r--s 0050a000 103:02 129718                    /home/mzh/.gradle/caches/modules-2/files-2.1/org.hibernate/hibernate-core/5.1.5.Final/28366d161d448e82370e5bbd871eb2835ba0fb7b/hibernate-core-5.1.5.Final.jar
7f8b25144000-7f8b25147000 ---p 00000000 00:00 0 
7f8b25147000-7f8b25245000 rw-p 00000000 00:00 0 
7f8b25245000-7f8b25c14000 r--p 00000000 103:02 20321                     /usr/lib/locale/locale-archive
7f8b25c14000-7f8b25c17000 ---p 00000000 00:00 0 
7f8b25c17000-7f8b25d15000 rw-p 00000000 00:00 0 
7f8b25d15000-7f8b25d18000 ---p 00000000 00:00 0 
7f8b25d18000-7f8b25e16000 rw-p 00000000 00:00 0 
7f8b25e16000-7f8b25e17000 ---p 00000000 00:00 0 
7f8b25e17000-7f8b26e26000 rw-p 00000000 00:00 0 
7f8b26e26000-7f8b27000000 r--s 03d6d000 103:02 1182165                   /usr/lib/jvm/jdk1.8.0_211/jre/lib/rt.jar
7f8b27000000-7f8b29000000 rw-p 00000000 00:00 0 
7f8b29000000-7f8b2a3f0000 rwxp 00000000 00:00 0 
7f8b2a3f0000-7f8b38000000 ---p 00000000 00:00 0 
7f8b38000000-7f8b3998c000 rw-p 00000000 00:00 0 
7f8b3998c000-7f8b3c000000 ---p 00000000 00:00 0 
7f8b3c000000-7f8b3c003000 r--s 00022000 103:02 129721                    /home/mzh/.gradle/caches/modules-2/files-2.1/org.apache.tomcat/tomcat-jdbc/8.5.32/9d2bf02f75c1f72b5346b60263d44b1a1ab8da43/tomcat-jdbc-8.5.32.jar
7f8b3c003000-7f8b3c006000 r--s 00018000 103:02 129719                    /home/mzh/.gradle/caches/modules-2/files-2.1/org.glassfish.web/el-impl/2.1.2-b03/6bab1211b6e6b191fdbf06067bd05d2f75a62ac0/el-impl-2.1.2-b03.jar
7f8b3c006000-7f8b3c00b000 r--s 0004b000 103:02 129694                    /home/mzh/.gradle/caches/modules-2/files-2.1/org.grails.plugins/gsp/3.3.1/7b40598abe73d8535b2dd4503467d5c0c415b7b5/gsp-3.3.1.jar
7f8b3c00b000-7f8b3c00c000 r--s 00006000 103:02 129445                    /home/mzh/.gradle/caches/modules-2/files-2.1/org.grails.plugins/hibernate5/6.1.10/6929b4844ceaa1f933a1cf74e32cca9c007d2bb8/hibernate5-6.1.10.jar
7f8b3c00c000-7f8b3c00e000 r--s 00006000 103:02 129717                    /home/mzh/.gradle/caches/modules-2/files-2.1/org.grails.plugins/scaffolding/3.4.1/3794a2154aa473fd2281e1e36de398815a63e740/scaffolding-3.4.1.jar
7f8b3c00e000-7f8b3c011000 r--s 0000c000 103:02 129686                    /home/mzh/.gradle/caches/modules-2/files-2.1/org.grails.plugins/async/3.3.2/849be6dcabfba176078915404451c4b4479c6d49/async-3.3.2.jar
7f8b3c011000-7f8b3c013000 r--s 00011000 103:02 129716                    /home/mzh/.gradle/caches/modules-2/files-2.1/org.grails.plugins/cache/4.0.0/72be24e2f8b3e5407048f5cc5186dcd32e8de841/cache-4.0.0.jar
7f8b3c013000-7f8b3c021000 r--s 000b0000 103:02 129714                    /home/mzh/.gradle/caches/modules-2/files-2.1/org.grails/grails-core/3.3.8/d535a1f07ed1a1ce388bc18c8b63a3f3abd1aeee/grails-core-3.3.8.jar
7f8b3c021000-7f8b3c042000 r--s 000e6000 103:02 129764                    /home/mzh/.gradle/caches/modules-2/files-2.1/org.springframework.boot/spring-boot-autoconfigure/1.5.15.RELEASE/9cb093e335fc58e61581edcb959813b62731ef8e/spring-boot-autoconfigure-1.5.15.RELEASE.jar
7f8b3c042000-7f8b3c211000 rw-p 00000000 00:00 0 
7f8b3c211000-7f8b3c212000 ---p 00000000 00:00 0 
7f8b3c212000-7f8b3c312000 rw-p 00000000 00:00 0 
7f8b3c312000-7f8b3c313000 ---p 00000000 00:00 0 
7f8b3c313000-7f8b3c413000 rw-p 00000000 00:00 0 
7f8b3c413000-7f8b3c414000 ---p 00000000 00:00 0 
7f8b3c414000-7f8b3c514000 rw-p 00000000 00:00 0 
7f8b3c514000-7f8b3c515000 ---p 00000000 00:00 0 
7f8b3c515000-7f8b3c8e6000 rw-p 00000000 00:00 0 
7f8b3c8e6000-7f8b3cc56000 ---p 00000000 00:00 0 
7f8b3cc56000-7f8b3cc71000 r-xp 00000000 103:02 1443736                   /usr/lib/jvm/jdk1.8.0_211/jre/lib/amd64/libzip.so
7f8b3cc71000-7f8b3ce70000 ---p 0001b000 103:02 1443736                   /usr/lib/jvm/jdk1.8.0_211/jre/lib/amd64/libzip.so
7f8b3ce70000-7f8b3ce71000 r--p 0001a000 103:02 1443736                   /usr/lib/jvm/jdk1.8.0_211/jre/lib/amd64/libzip.so
7f8b3ce71000-7f8b3ce72000 rw-p 0001b000 103:02 1443736                   /usr/lib/jvm/jdk1.8.0_211/jre/lib/amd64/libzip.so
7f8b3ce72000-7f8b3ce7d000 r-xp 00000000 103:02 12803                     /lib/x86_64-linux-gnu/libnss_files-2.27.so
7f8b3ce7d000-7f8b3d07c000 ---p 0000b000 103:02 12803                     /lib/x86_64-linux-gnu/libnss_files-2.27.so
7f8b3d07c000-7f8b3d07d000 r--p 0000a000 103:02 12803                     /lib/x86_64-linux-gnu/libnss_files-2.27.so
7f8b3d07d000-7f8b3d07e000 rw-p 0000b000 103:02 12803                     /lib/x86_64-linux-gnu/libnss_files-2.27.so
7f8b3d07e000-7f8b3d084000 rw-p 00000000 00:00 0 
7f8b3d084000-7f8b3d09b000 r-xp 00000000 103:02 12797                     /lib/x86_64-linux-gnu/libnsl-2.27.so
7f8b3d09b000-7f8b3d29a000 ---p 00017000 103:02 12797                     /lib/x86_64-linux-gnu/libnsl-2.27.so
7f8b3d29a000-7f8b3d29b000 r--p 00016000 103:02 12797                     /lib/x86_64-linux-gnu/libnsl-2.27.so
7f8b3d29b000-7f8b3d29c000 rw-p 00017000 103:02 12797                     /lib/x86_64-linux-gnu/libnsl-2.27.so
7f8b3d29c000-7f8b3d29e000 rw-p 00000000 00:00 0 
7f8b3d29e000-7f8b3d2a9000 r-xp 00000000 103:02 12814                     /lib/x86_64-linux-gnu/libnss_nis-2.27.so
7f8b3d2a9000-7f8b3d4a8000 ---p 0000b000 103:02 12814                     /lib/x86_64-linux-gnu/libnss_nis-2.27.so
7f8b3d4a8000-7f8b3d4a9000 r--p 0000a000 103:02 12814                     /lib/x86_64-linux-gnu/libnss_nis-2.27.so
7f8b3d4a9000-7f8b3d4aa000 rw-p 0000b000 103:02 12814                     /lib/x86_64-linux-gnu/libnss_nis-2.27.so
7f8b3d4aa000-7f8b3d4b2000 r-xp 00000000 103:02 12799                     /lib/x86_64-linux-gnu/libnss_compat-2.27.so
7f8b3d4b2000-7f8b3d6b2000 ---p 00008000 103:02 12799                     /lib/x86_64-linux-gnu/libnss_compat-2.27.so
7f8b3d6b2000-7f8b3d6b3000 r--p 00008000 103:02 12799                     /lib/x86_64-linux-gnu/libnss_compat-2.27.so
7f8b3d6b3000-7f8b3d6b4000 rw-p 00009000 103:02 12799                     /lib/x86_64-linux-gnu/libnss_compat-2.27.so
7f8b3d6b4000-7f8b3d6be000 r-xp 00000000 103:02 1443738                   /usr/lib/jvm/jdk1.8.0_211/jre/lib/amd64/libinstrument.so
7f8b3d6be000-7f8b3d8bd000 ---p 0000a000 103:02 1443738                   /usr/lib/jvm/jdk1.8.0_211/jre/lib/amd64/libinstrument.so
7f8b3d8bd000-7f8b3d8be000 r--p 00009000 103:02 1443738                   /usr/lib/jvm/jdk1.8.0_211/jre/lib/amd64/libinstrument.so
7f8b3d8be000-7f8b3d8bf000 rw-p 0000a000 103:02 1443738                   /usr/lib/jvm/jdk1.8.0_211/jre/lib/amd64/libinstrument.so
7f8b3d8bf000-7f8b3d8eb000 r-xp 00000000 103:02 1443727                   /usr/lib/jvm/jdk1.8.0_211/jre/lib/amd64/libjava.so
7f8b3d8eb000-7f8b3daeb000 ---p 0002c000 103:02 1443727                   /usr/lib/jvm/jdk1.8.0_211/jre/lib/amd64/libjava.so
7f8b3daeb000-7f8b3daec000 r--p 0002c000 103:02 1443727                   /usr/lib/jvm/jdk1.8.0_211/jre/lib/amd64/libjava.so
7f8b3daec000-7f8b3daee000 rw-p 0002d000 103:02 1443727                   /usr/lib/jvm/jdk1.8.0_211/jre/lib/amd64/libjava.so
7f8b3daee000-7f8b3dafb000 r-xp 00000000 103:02 1443718                   /usr/lib/jvm/jdk1.8.0_211/jre/lib/amd64/libverify.so
7f8b3dafb000-7f8b3dcfa000 ---p 0000d000 103:02 1443718                   /usr/lib/jvm/jdk1.8.0_211/jre/lib/amd64/libverify.so
7f8b3dcfa000-7f8b3dcfc000 r--p 0000c000 103:02 1443718                   /usr/lib/jvm/jdk1.8.0_211/jre/lib/amd64/libverify.so
7f8b3dcfc000-7f8b3dcfd000 rw-p 0000e000 103:02 1443718                   /usr/lib/jvm/jdk1.8.0_211/jre/lib/amd64/libverify.so
7f8b3dcfd000-7f8b3dd04000 r-xp 00000000 103:02 12852                     /lib/x86_64-linux-gnu/librt-2.27.so
7f8b3dd04000-7f8b3df03000 ---p 00007000 103:02 12852                     /lib/x86_64-linux-gnu/librt-2.27.so
7f8b3df03000-7f8b3df04000 r--p 00006000 103:02 12852                     /lib/x86_64-linux-gnu/librt-2.27.so
7f8b3df04000-7f8b3df05000 rw-p 00007000 103:02 12852                     /lib/x86_64-linux-gnu/librt-2.27.so
7f8b3df05000-7f8b3e0a2000 r-xp 00000000 103:02 12776                     /lib/x86_64-linux-gnu/libm-2.27.so
7f8b3e0a2000-7f8b3e2a1000 ---p 0019d000 103:02 12776                     /lib/x86_64-linux-gnu/libm-2.27.so
7f8b3e2a1000-7f8b3e2a2000 r--p 0019c000 103:02 12776                     /lib/x86_64-linux-gnu/libm-2.27.so
7f8b3e2a2000-7f8b3e2a3000 rw-p 0019d000 103:02 12776                     /lib/x86_64-linux-gnu/libm-2.27.so
7f8b3e2a3000-7f8b3ef8b000 r-xp 00000000 103:02 1443734                   /usr/lib/jvm/jdk1.8.0_211/jre/lib/amd64/server/libjvm.so
7f8b3ef8b000-7f8b3f18a000 ---p 00ce8000 103:02 1443734                   /usr/lib/jvm/jdk1.8.0_211/jre/lib/amd64/server/libjvm.so
7f8b3f18a000-7f8b3f220000 r--p 00ce7000 103:02 1443734                   /usr/lib/jvm/jdk1.8.0_211/jre/lib/amd64/server/libjvm.so
7f8b3f220000-7f8b3f251000 rw-p 00d7d000 103:02 1443734                   /usr/lib/jvm/jdk1.8.0_211/jre/lib/amd64/server/libjvm.so
7f8b3f251000-7f8b3f28c000 rw-p 00000000 00:00 0 
7f8b3f28c000-7f8b3f473000 r-xp 00000000 103:02 12723                     /lib/x86_64-linux-gnu/libc-2.27.so
7f8b3f473000-7f8b3f673000 ---p 001e7000 103:02 12723                     /lib/x86_64-linux-gnu/libc-2.27.so
7f8b3f673000-7f8b3f677000 r--p 001e7000 103:02 12723                     /lib/x86_64-linux-gnu/libc-2.27.so
7f8b3f677000-7f8b3f679000 rw-p 001eb000 103:02 12723                     /lib/x86_64-linux-gnu/libc-2.27.so
7f8b3f679000-7f8b3f67d000 rw-p 00000000 00:00 0 
7f8b3f67d000-7f8b3f680000 r-xp 00000000 103:02 12740                     /lib/x86_64-linux-gnu/libdl-2.27.so
7f8b3f680000-7f8b3f87f000 ---p 00003000 103:02 12740                     /lib/x86_64-linux-gnu/libdl-2.27.so
7f8b3f87f000-7f8b3f880000 r--p 00002000 103:02 12740                     /lib/x86_64-linux-gnu/libdl-2.27.so
7f8b3f880000-7f8b3f881000 rw-p 00003000 103:02 12740                     /lib/x86_64-linux-gnu/libdl-2.27.so
7f8b3f881000-7f8b3f898000 r-xp 00000000 103:02 1442856                   /usr/lib/jvm/jdk1.8.0_211/lib/amd64/jli/libjli.so
7f8b3f898000-7f8b3fa97000 ---p 00017000 103:02 1442856                   /usr/lib/jvm/jdk1.8.0_211/lib/amd64/jli/libjli.so
7f8b3fa97000-7f8b3fa98000 r--p 00016000 103:02 1442856                   /usr/lib/jvm/jdk1.8.0_211/lib/amd64/jli/libjli.so
7f8b3fa98000-7f8b3fa99000 rw-p 00017000 103:02 1442856                   /usr/lib/jvm/jdk1.8.0_211/lib/amd64/jli/libjli.so
7f8b3fa99000-7f8b3fab3000 r-xp 00000000 103:02 12846                     /lib/x86_64-linux-gnu/libpthread-2.27.so
7f8b3fab3000-7f8b3fcb2000 ---p 0001a000 103:02 12846                     /lib/x86_64-linux-gnu/libpthread-2.27.so
7f8b3fcb2000-7f8b3fcb3000 r--p 00019000 103:02 12846                     /lib/x86_64-linux-gnu/libpthread-2.27.so
7f8b3fcb3000-7f8b3fcb4000 rw-p 0001a000 103:02 12846                     /lib/x86_64-linux-gnu/libpthread-2.27.so
7f8b3fcb4000-7f8b3fcb8000 rw-p 00000000 00:00 0 
7f8b3fcb8000-7f8b3fcdf000 r-xp 00000000 103:02 12695                     /lib/x86_64-linux-gnu/ld-2.27.so
7f8b3fcdf000-7f8b3fce0000 r--s 00001000 103:02 129688                    /home/mzh/.gradle/caches/modules-2/files-2.1/org.grails.plugins/events/3.3.2/c43aed0886464bc62b8ef2c4963ea1bedeb19e6/events-3.3.2.jar
7f8b3fce0000-7f8b3fce1000 r--s 00008000 103:02 129690                    /home/mzh/.gradle/caches/modules-2/files-2.1/org.grails/grails-plugin-interceptors/3.3.8/4230f5e53d8c50415f70e84cfc283bbe4a3e73b1/grails-plugin-interceptors-3.3.8.jar
7f8b3fce1000-7f8b3fce3000 r--s 00004000 103:02 129691                    /home/mzh/.gradle/caches/modules-2/files-2.1/org.grails/grails-plugin-url-mappings/3.3.8/4f5727cb0224d23640a9483503c837c1cfeb7e5e/grails-plugin-url-mappings-3.3.8.jar
7f8b3fce3000-7f8b3fce5000 r--s 00003000 103:02 129685                    /home/mzh/.gradle/caches/modules-2/files-2.1/org.grails/grails-plugin-services/3.3.8/3cb9c7dfc54107346e6deaffcb144f3019096cfa/grails-plugin-services-3.3.8.jar
7f8b3fce5000-7f8b3fdc5000 rw-p 00000000 00:00 0 
7f8b3fdc5000-7f8b3fdc6000 ---p 00000000 00:00 0 
7f8b3fdc6000-7f8b3fdc9000 ---p 00000000 00:00 0 
7f8b3fdc9000-7f8b3feca000 rw-p 00000000 00:00 0 
7f8b3feca000-7f8b3fecb000 r--s 00003000 103:02 129693                    /home/mzh/.gradle/caches/modules-2/files-2.1/org.grails/grails-plugin-i18n/3.3.8/a01c648c61520a89dcbe57b57656ed8d98995852/grails-plugin-i18n-3.3.8.jar
7f8b3fecb000-7f8b3fecc000 r--s 00004000 103:02 129684                    /home/mzh/.gradle/caches/modules-2/files-2.1/org.grails/grails-plugin-databinding/3.3.8/5dfc9e914c81c413ebf432e1c5459794ce673291/grails-plugin-databinding-3.3.8.jar
7f8b3fecc000-7f8b3fed0000 r--s 00031000 103:02 129689                    /home/mzh/.gradle/caches/modules-2/files-2.1/org.grails/grails-plugin-rest/3.3.8/8c6bc7985e3941e60336443e9f833b29ec573451/grails-plugin-rest-3.3.8.jar
7f8b3fed0000-7f8b3fed1000 r--s 00000000 103:02 129683                    /home/mzh/.gradle/caches/modules-2/files-2.1/org.grails/grails-logging/3.3.8/2c8647c42d85b7708d239ba3b2c2b422514f4fe9/grails-logging-3.3.8.jar
7f8b3fed1000-7f8b3fed2000 r--s 00001000 103:02 129687                    /home/mzh/.gradle/caches/modules-2/files-2.1/org.grails/grails-web-boot/3.3.8/173becb00d5a1d7cb1f1a44533d9ca8efd9843a/grails-web-boot-3.3.8.jar
7f8b3fed2000-7f8b3fed3000 r--s 00000000 103:02 129715                    /home/mzh/.gradle/caches/modules-2/files-2.1/org.springframework.boot/spring-boot-starter-tomcat/1.5.15.RELEASE/4e1bf3cd8480137b32c61d6f0fb54a4b81406a80/spring-boot-starter-tomcat-1.5.15.RELEASE.jar
7f8b3fed3000-7f8b3fed4000 r--s 00000000 103:02 129679                    /home/mzh/.gradle/caches/modules-2/files-2.1/org.springframework.boot/spring-boot-starter-actuator/1.5.15.RELEASE/2f2e793c6c4592d99e58cf0668d1fcf2a84247f2/spring-boot-starter-actuator-1.5.15.RELEASE.jar
7f8b3fed4000-7f8b3fed5000 r--s 00000000 103:02 129681                    /home/mzh/.gradle/caches/modules-2/files-2.1/org.springframework.boot/spring-boot-starter-logging/1.5.15.RELEASE/3a0d1b63705bb75ac54884c6c169b1e1908f1375/spring-boot-starter-logging-1.5.15.RELEASE.jar
7f8b3fed5000-7f8b3fedd000 rw-s 00000000 103:02 131231                    /tmp/hsperfdata_mzh/15889
7f8b3fedd000-7f8b3fede000 rw-p 00000000 00:00 0 
7f8b3fede000-7f8b3fedf000 r--p 00000000 00:00 0 
7f8b3fedf000-7f8b3fee0000 r--p 00027000 103:02 12695                     /lib/x86_64-linux-gnu/ld-2.27.so
7f8b3fee0000-7f8b3fee1000 rw-p 00028000 103:02 12695                     /lib/x86_64-linux-gnu/ld-2.27.so
7f8b3fee1000-7f8b3fee2000 rw-p 00000000 00:00 0 
7ffcc572f000-7ffcc5755000 rw-p 00000000 00:00 0                          [stack]
7ffcc57a3000-7ffcc57a6000 r--p 00000000 00:00 0                          [vvar]
7ffcc57a6000-7ffcc57a8000 r-xp 00000000 00:00 0                          [vdso]
ffffffffff600000-ffffffffff601000 r-xp 00000000 00:00 0                  [vsyscall]

VM Arguments:
jvm_args: -Dendpoints.shutdown.enabled=true -Denv=development -Dfull.stacktrace=true -Dgrails.env=development -Dgrails.full.stacktrace=true -Dinfo.app.grailsVersion=3.3.8 -Dinfo.app.name=fs19-de-graded-exercise-mzhKU -Dinfo.app.version=0.1 -Djdk.reflect.allowGetCallerClass=true -Drun.active=true -Dshow.stacktrace=true -Dspring.output.ansi.enabled=always -Dspring.profiles.active -Dspringloaded=inclusions=grails.plugins..*;synchronize=true;allowSplitPackages=true;cacheDir=/home/mzh/mnt-data/00_fhnw/fs19-de-graded-exercise-mzhKU/build/springloaded -Dverbose=false -XX:+TieredCompilation -XX:TieredStopAtLevel=1 -XX:CICompilerCount=3 -javaagent:/home/mzh/.gradle/caches/modules-2/files-2.1/org.springframework/springloaded/1.2.8.RELEASE/b60bac05b0451cdc1863bfec617f39aa0dcaaa43/springloaded-1.2.8.RELEASE.jar -Xverify:none -Xms768m -Xmx768m -Dfile.encoding=UTF-8 -Duser.country=US -Duser.language=en -Duser.variant 
java_command: webec.Application
java_class_path (initial): /home/mzh/mnt-data/00_fhnw/fs19-de-graded-exercise-mzhKU/src/main/resources:/home/mzh/mnt-data/00_fhnw/fs19-de-graded-exercise-mzhKU/grails-app/views:/home/mzh/mnt-data/00_fhnw/fs19-de-graded-exercise-mzhKU/grails-app/i18n:/home/mzh/mnt-data/00_fhnw/fs19-de-graded-exercise-mzhKU/grails-app/conf:/home/mzh/mnt-data/00_fhnw/fs19-de-graded-exercise-mzhKU/build/classes/main:/home/mzh/mnt-data/00_fhnw/fs19-de-graded-exercise-mzhKU/build/resources/main:/home/mzh/mnt-data/00_fhnw/fs19-de-graded-exercise-mzhKU/gsp-classes:/home/mzh/.gradle/caches/modules-2/files-2.1/org.springframework.boot/spring-boot-starter-logging/1.5.15.RELEASE/3a0d1b63705bb75ac54884c6c169b1e1908f1375/spring-boot-starter-logging-1.5.15.RELEASE.jar:/home/mzh/.gradle/caches/modules-2/files-2.1/org.springframework.boot/spring-boot-autoconfigure/1.5.15.RELEASE/9cb093e335fc58e61581edcb959813b62731ef8e/spring-boot-autoconfigure-1.5.15.RELEASE.jar:/home/mzh/.gradle/caches/modules-2/files-2.1/org.grails/grails-core/3.3.8/d535a1f07ed1a1ce388bc18c8b63a3f3abd1aeee/grails-core-3.3.8.jar:/home/mzh/.gradle/caches/modules-2/files-2.1/org.springframework.boot/spring-boot-starter-actuator/1.5.15.RELEASE/2f2e793c6c4592d99e58cf0668d1fcf2a84247f2/spring-boot-starter-actuator-1.5.15.RELEASE.jar:/home/mzh/.gradle/caches/modules-2/files-2.1/org.springframework.boot/spring-boot-starter-tomcat/1.5.15.RELEASE/4e1bf3cd8480137b32c61d6f0fb54a4b81406a80/spring-boot-starter-tomcat-1.5.15.RELEASE.jar:/home/mzh/.gradle/caches/modules-2/files-2.1/org.grails/grails-web-boot/3.3.8/173becb00d5a1d7cb1f1a44533d9ca8efd9843a/grails-web-boot-3.3.8.jar:/home/mzh/.gradle/caches/modules-2/files-2.1/org.grails/grails-logging/3.3.8/2c8647c42d85b7708d239ba3b2c2b422514f4fe9/grails-logging-3.3.8.jar:/home/mzh/.gradle/caches/modules-2/files-2.1/org.grails/grails-plugin-rest/3.3.8/8c6bc7985e3941e60336443e9f833b29ec573451/grails-plugin-rest-3.3.8.jar:/home/mzh/.gradle/caches/modules-2/files-2.1/org.grails/grails-plugin-databin
Launcher Type: SUN_STANDARD

Environment Variables:
PATH=/home/mzh/.local/bin:/usr/local/sbin:/usr/local/bin:/usr/sbin:/usr/bin:/sbin:/bin:/usr/games:/usr/local/games:/snap/bin
USERNAME=mzh
SHELL=/bin/bash
DISPLAY=:0

Signal Handlers:
SIGSEGV: [libjvm.so+0xad3d90], sa_mask[0]=11111111011111111101111111111110, sa_flags=SA_RESTART|SA_SIGINFO
SIGBUS: [libjvm.so+0xad3d90], sa_mask[0]=11111111011111111101111111111110, sa_flags=SA_RESTART|SA_SIGINFO
SIGFPE: [libjvm.so+0x90b8b0], sa_mask[0]=11111111011111111101111111111110, sa_flags=SA_RESTART|SA_SIGINFO
SIGPIPE: [libjvm.so+0x90b8b0], sa_mask[0]=11111111011111111101111111111110, sa_flags=SA_RESTART|SA_SIGINFO
SIGXFSZ: [libjvm.so+0x90b8b0], sa_mask[0]=11111111011111111101111111111110, sa_flags=SA_RESTART|SA_SIGINFO
SIGILL: [libjvm.so+0x90b8b0], sa_mask[0]=11111111011111111101111111111110, sa_flags=SA_RESTART|SA_SIGINFO
SIGUSR1: SIG_DFL, sa_mask[0]=00000000000000000000000000000000, sa_flags=none
SIGUSR2: [libjvm.so+0x90b780], sa_mask[0]=00100000000000000000000000000000, sa_flags=SA_RESTART|SA_SIGINFO
SIGHUP: SIG_IGN, sa_mask[0]=00000000000000000000000000000000, sa_flags=none
SIGINT: [libjvm.so+0x90bda0], sa_mask[0]=11111111011111111101111111111110, sa_flags=SA_RESTART|SA_SIGINFO
SIGTERM: [libjvm.so+0x90bda0], sa_mask[0]=11111111011111111101111111111110, sa_flags=SA_RESTART|SA_SIGINFO
SIGQUIT: [libjvm.so+0x90bda0], sa_mask[0]=11111111011111111101111111111110, sa_flags=SA_RESTART|SA_SIGINFO


---------------  S Y S T E M  ---------------

OS:DISTRIB_ID=Ubuntu
DISTRIB_RELEASE=18.04
DISTRIB_CODENAME=bionic
DISTRIB_DESCRIPTION="Ubuntu 18.04.2 LTS"

uname:Linux 4.18.0-17-generic #18~18.04.1-Ubuntu SMP Fri Mar 15 15:27:12 UTC 2019 x86_64
libc:glibc 2.27 NPTL 2.27 
rlimit: STACK 8192k, CORE 0k, NPROC 30015, NOFILE 1048576, AS infinity
load average:2,71 2,12 1,30

/proc/meminfo:
MemTotal:        8046520 kB
MemFree:          197740 kB
MemAvailable:    1663320 kB
Buffers:          341416 kB
Cached:          1717736 kB
SwapCached:         1984 kB
Active:          5653808 kB
Inactive:        1772652 kB
Active(anon):    4930232 kB
Inactive(anon):   877780 kB
Active(file):     723576 kB
Inactive(file):   894872 kB
Unevictable:         104 kB
Mlocked:             104 kB
SwapTotal:       2097148 kB
SwapFree:        1923824 kB
Dirty:             24640 kB
Writeback:             0 kB
AnonPages:       5366900 kB
Mapped:           513148 kB
Shmem:            440636 kB
Slab:             261016 kB
SReclaimable:     144020 kB
SUnreclaim:       116996 kB
KernelStack:       14576 kB
PageTables:        62424 kB
NFS_Unstable:          0 kB
Bounce:                0 kB
WritebackTmp:          0 kB
CommitLimit:     6120408 kB
Committed_AS:   11800932 kB
VmallocTotal:   34359738367 kB
VmallocUsed:           0 kB
VmallocChunk:          0 kB
HardwareCorrupted:     0 kB
AnonHugePages:         0 kB
ShmemHugePages:        0 kB
ShmemPmdMapped:        0 kB
CmaTotal:              0 kB
CmaFree:               0 kB
HugePages_Total:       0
HugePages_Free:        0
HugePages_Rsvd:        0
HugePages_Surp:        0
Hugepagesize:       2048 kB
Hugetlb:               0 kB
DirectMap4k:      358004 kB
DirectMap2M:     7909376 kB
DirectMap1G:           0 kB

container (cgroup) information:
container_type: cgroupv1
cpu_cpuset_cpus: 0-3
cpu_memory_nodes: 0
active_processor_count: 4
cpu_quota: -1
cpu_period: 100000
cpu_shares: -1
memory_limit_in_bytes: -1
memory_and_swap_limit_in_bytes: -2
memory_soft_limit_in_bytes: -1
memory_usage_in_bytes: 7227265024
memory_max_usage_in_bytes: 7470641152


CPU:total 4 (initial active 4) (2 cores per cpu, 2 threads per core) family 6 model 142 stepping 9, cmov, cx8, fxsr, mmx, sse, sse2, sse3, ssse3, sse4.1, sse4.2, popcnt, avx, avx2, aes, clmul, erms, 3dnowpref, lzcnt, ht, tsc, tscinvbit, bmi1, bmi2, adx

/proc/cpuinfo:
processor	: 0
vendor_id	: GenuineIntel
cpu family	: 6
model		: 142
model name	: Intel(R) Core(TM) i5-7200U CPU @ 2.50GHz
stepping	: 9
microcode	: 0x8e
cpu MHz		: 498.144
cache size	: 3072 KB
physical id	: 0
siblings	: 4
core id		: 0
cpu cores	: 2
apicid		: 0
initial apicid	: 0
fpu		: yes
fpu_exception	: yes
cpuid level	: 22
wp		: yes
flags		: fpu vme de pse tsc msr pae mce cx8 apic sep mtrr pge mca cmov pat pse36 clflush dts acpi mmx fxsr sse sse2 ss ht tm pbe syscall nx pdpe1gb rdtscp lm constant_tsc art arch_perfmon pebs bts rep_good nopl xtopology nonstop_tsc cpuid aperfmperf tsc_known_freq pni pclmulqdq dtes64 monitor ds_cpl vmx est tm2 ssse3 sdbg fma cx16 xtpr pdcm pcid sse4_1 sse4_2 x2apic movbe popcnt tsc_deadline_timer aes xsave avx f16c rdrand lahf_lm abm 3dnowprefetch cpuid_fault epb invpcid_single pti ssbd ibrs ibpb stibp tpr_shadow vnmi flexpriority ept vpid fsgsbase tsc_adjust bmi1 avx2 smep bmi2 erms invpcid mpx rdseed adx smap clflushopt intel_pt xsaveopt xsavec xgetbv1 xsaves dtherm ida arat pln pts hwp hwp_notify hwp_act_window hwp_epp flush_l1d
bugs		: cpu_meltdown spectre_v1 spectre_v2 spec_store_bypass l1tf
bogomips	: 5424.00
clflush size	: 64
cache_alignment	: 64
address sizes	: 39 bits physical, 48 bits virtual
power management:

processor	: 1
vendor_id	: GenuineIntel
cpu family	: 6
model		: 142
model name	: Intel(R) Core(TM) i5-7200U CPU @ 2.50GHz
stepping	: 9
microcode	: 0x8e
cpu MHz		: 471.475
cache size	: 3072 KB
physical id	: 0
siblings	: 4
core id		: 1
cpu cores	: 2
apicid		: 2
initial apicid	: 2
fpu		: yes
fpu_exception	: yes
cpuid level	: 22
wp		: yes
flags		: fpu vme de pse tsc msr pae mce cx8 apic sep mtrr pge mca cmov pat pse36 clflush dts acpi mmx fxsr sse sse2 ss ht tm pbe syscall nx pdpe1gb rdtscp lm constant_tsc art arch_perfmon pebs bts rep_good nopl xtopology nonstop_tsc cpuid aperfmperf tsc_known_freq pni pclmulqdq dtes64 monitor ds_cpl vmx est tm2 ssse3 sdbg fma cx16 xtpr pdcm pcid sse4_1 sse4_2 x2apic movbe popcnt tsc_deadline_timer aes xsave avx f16c rdrand lahf_lm abm 3dnowprefetch cpuid_fault epb invpcid_single pti tpr_shadow vnmi flexpriority ept vpid fsgsbase tsc_adjust bmi1 avx2 smep bmi2 erms invpcid mpx rdseed adx smap clflushopt intel_pt xsaveopt xsavec xgetbv1 xsaves dtherm ida arat pln pts hwp hwp_notify hwp_act_window hwp_epp
bugs		: cpu_meltdown spectre_v1 spectre_v2 spec_store_bypass l1tf
bogomips	: 5424.00
clflush size	: 64
cache_alignment	: 64
address sizes	: 39 bits physical, 48 bits virtual
power management:

processor	: 2
vendor_id	: GenuineIntel
cpu family	: 6
model		: 142
model name	: Intel(R) Core(TM) i5-7200U CPU @ 2.50GHz
stepping	: 9
microcode	: 0x8e
cpu MHz		: 454.221
cache size	: 3072 KB
physical id	: 0
siblings	: 4
core id		: 0
cpu cores	: 2
apicid		: 1
initial apicid	: 1
fpu		: yes
fpu_exception	: yes
cpuid level	: 22
wp		: yes
flags		: fpu vme de pse tsc msr pae mce cx8 apic sep mtrr pge mca cmov pat pse36 clflush dts acpi mmx fxsr sse sse2 ss ht tm pbe syscall nx pdpe1gb rdtscp lm constant_tsc art arch_perfmon pebs bts rep_good nopl xtopology nonstop_tsc cpuid aperfmperf tsc_known_freq pni pclmulqdq dtes64 monitor ds_cpl vmx est tm2 ssse3 sdbg fma cx16 xtpr pdcm pcid sse4_1 sse4_2 x2apic movbe popcnt tsc_deadline_timer aes xsave avx f16c rdrand lahf_lm abm 3dnowprefetch cpuid_fault epb invpcid_single pti ssbd ibrs ibpb stibp tpr_shadow vnmi flexpriority ept vpid fsgsbase tsc_adjust bmi1 avx2 smep bmi2 erms invpcid mpx rdseed adx smap clflushopt intel_pt xsaveopt xsavec xgetbv1 xsaves dtherm ida arat pln pts hwp hwp_notify hwp_act_window hwp_epp flush_l1d
bugs		: cpu_meltdown spectre_v1 spectre_v2 spec_store_bypass l1tf
bogomips	: 5424.00
clflush size	: 64
cache_alignment	: 64
address sizes	: 39 bits physical, 48 bits virtual
power management:

processor	: 3
vendor_id	: GenuineIntel
cpu family	: 6
model		: 142
model name	: Intel(R) Core(TM) i5-7200U CPU @ 2.50GHz
stepping	: 9
microcode	: 0x8e
cpu MHz		: 453.730
cache size	: 3072 KB
physical id	: 0
siblings	: 4
core id		: 1
cpu cores	: 2
apicid		: 3
initial apicid	: 3
fpu		: yes
fpu_exception	: yes
cpuid level	: 22
wp		: yes
flags		: fpu vme de pse tsc msr pae mce cx8 apic sep mtrr pge mca cmov pat pse36 clflush dts acpi mmx fxsr sse sse2 ss ht tm pbe syscall nx pdpe1gb rdtscp lm constant_tsc art arch_perfmon pebs bts rep_good nopl xtopology nonstop_tsc cpuid aperfmperf tsc_known_freq pni pclmulqdq dtes64 monitor ds_cpl vmx est tm2 ssse3 sdbg fma cx16 xtpr pdcm pcid sse4_1 sse4_2 x2apic movbe popcnt tsc_deadline_timer aes xsave avx f16c rdrand lahf_lm abm 3dnowprefetch cpuid_fault epb invpcid_single pti ssbd ibrs ibpb stibp tpr_shadow vnmi flexpriority ept vpid fsgsbase tsc_adjust bmi1 avx2 smep bmi2 erms invpcid mpx rdseed adx smap clflushopt intel_pt xsaveopt xsavec xgetbv1 xsaves dtherm ida arat pln pts hwp hwp_notify hwp_act_window hwp_epp flush_l1d
bugs		: cpu_meltdown spectre_v1 spectre_v2 spec_store_bypass l1tf
bogomips	: 5424.00
clflush size	: 64
cache_alignment	: 64
address sizes	: 39 bits physical, 48 bits virtual
power management:



Memory: 4k page, physical 8046520k(197616k free), swap 2097148k(1923824k free)

vm_info: Java HotSpot(TM) 64-Bit Server VM (25.211-b12) for linux-amd64 JRE (1.8.0_211-b12), built on Apr  1 2019 20:39:34 by "java_re" with gcc 7.3.0

time: Sat May  4 20:17:25 2019
timezone: CEST
elapsed time: 203 seconds (0d 0h 3m 23s)

